<?xml version="1.0" encoding="UTF-8"?>
<!-- Generated by org.testng.reporters.JUnitXMLReporter -->
<testsuite hostname="PC273975" name="EngProd" tests="41" failures="3" timestamp="4 Aug 2015 09:39:39 GMT" time="2416.868" errors="0">
  <testcase name="@AfterMethod afterMethod" time="0.0" classname="com.charter.test.Login">
    <failure type="org.openqa.selenium.remote.SessionNotFoundException" message="The FirefoxDriver cannot be used after quit() was called.
Build info: version: &amp;apos;2.45.0&amp;apos;, revision: &amp;apos;5017cb8e7ca8e37638dc3091b2440b90a1d8686f&amp;apos;, time: &amp;apos;2015-02-27 09:10:26&amp;apos;
System info: host: &amp;apos;PC273975&amp;apos;, ip: &amp;apos;10.249.11.67&amp;apos;, os.name: &amp;apos;Windows 7&amp;apos;, os.arch: &amp;apos;x86&amp;apos;, os.version: &amp;apos;6.1&amp;apos;, java.version: &amp;apos;1.7.0&amp;apos;
Driver info: driver.version: RemoteWebDriver">
      <![CDATA[org.openqa.selenium.remote.SessionNotFoundException: The FirefoxDriver cannot be used after quit() was called.
Build info: version: '2.45.0', revision: '5017cb8e7ca8e37638dc3091b2440b90a1d8686f', time: '2015-02-27 09:10:26'
System info: host: 'PC273975', ip: '10.249.11.67', os.name: 'Windows 7', os.arch: 'x86', os.version: '6.1', java.version: '1.7.0'
Driver info: driver.version: RemoteWebDriver
	at org.openqa.selenium.firefox.FirefoxDriver$LazyCommandExecutor.execute(FirefoxDriver.java:359)
	at org.openqa.selenium.remote.RemoteWebDriver.execute(RemoteWebDriver.java:572)
	at org.openqa.selenium.remote.RemoteWebDriver.execute(RemoteWebDriver.java:622)
	at org.openqa.selenium.remote.RemoteWebDriver$RemoteWebDriverOptions.deleteAllCookies(RemoteWebDriver.java:693)
	at com.charter.test.Login.afterMethod(Login.java:42)
... Removed 35 stack frames]]>
    </failure>
  </testcase> <!-- @AfterMethod afterMethod -->
  <testcase name="TE01_Validate_Navigation_from_charterDotCom_with_Login_option_and_Verify_CreateIDbutton_inLoginpage" time="85.927" classname="com.charter.test.CharterDotCom">
    <failure type="com.cognizant.framework.exception.BrowserBotException" message="Bot encountered a timeout while waiting for a condition,  Timed out after 40 seconds waiting for visibility of all elements located by By.xpath: //h1[contains(text(),&amp;apos;Username Creation&amp;apos;)]
Build info: version: &amp;apos;2.45.0&amp;apos;, revision: &amp;apos;5017cb8e7ca8e37638dc3091b2440b90a1d8686f&amp;apos;, time: &amp;apos;2015-02-27 09:10:26&amp;apos;
System info: host: &amp;apos;PC273975&amp;apos;, ip: &amp;apos;10.249.11.67&amp;apos;, os.name: &amp;apos;Windows 7&amp;apos;, os.arch: &amp;apos;x86&amp;apos;, os.version: &amp;apos;6.1&amp;apos;, java.version: &amp;apos;1.7.0&amp;apos;
Driver info: driver.version: unknown">
      <![CDATA[com.cognizant.framework.exception.BrowserBotException: Bot encountered a timeout while waiting for a condition,  Timed out after 40 seconds waiting for visibility of all elements located by By.xpath: //h1[contains(text(),'Username Creation')]
Build info: version: '2.45.0', revision: '5017cb8e7ca8e37638dc3091b2440b90a1d8686f', time: '2015-02-27 09:10:26'
System info: host: 'PC273975', ip: '10.249.11.67', os.name: 'Windows 7', os.arch: 'x86', os.version: '6.1', java.version: '1.7.0'
Driver info: driver.version: unknown
	at com.cognizant.framework.core.WebDriverBase.wait(WebDriverBase.java:76)
	at com.charter.page.BasicAuthenticaion.Basic_CreateID(BasicAuthenticaion.java:59)
	at com.charter.test.CharterDotCom.TE01_Validate_Navigation_from_charterDotCom_with_Login_option_and_Verify_CreateIDbutton_inLoginpage(CharterDotCom.java:17)
... Removed 33 stack frames]]>
    </failure>
  </testcase> <!-- TE01_Validate_Navigation_from_charterDotCom_with_Login_option_and_Verify_CreateIDbutton_inLoginpage -->
  <testcase name="TE02_Validate_Navigation_from_charterDotCom_with_Login_option_and_Verify_ForgotUsername_Link_inLoginpage" time="31.74" classname="com.charter.test.CharterDotCom"/>
  <testcase name="TE03_Validate_Navigation_from_charterDotCom_with_Login_option_and_Verify_ForgotPassword_Link_inLoginpage" time="28.805" classname="com.charter.test.CharterDotCom"/>
  <testcase name="TE04_Validate_CharterDotCom_SignUpOption" time="70.639" classname="com.charter.test.CharterDotCom">
    <failure type="com.cognizant.framework.exception.BrowserBotException" message="Bot encountered a timeout while waiting for a condition,  Timed out after 40 seconds waiting for visibility of all elements located by By.xpath: //h1[contains(text(),&amp;apos;Username Creation&amp;apos;)]
Build info: version: &amp;apos;2.45.0&amp;apos;, revision: &amp;apos;5017cb8e7ca8e37638dc3091b2440b90a1d8686f&amp;apos;, time: &amp;apos;2015-02-27 09:10:26&amp;apos;
System info: host: &amp;apos;PC273975&amp;apos;, ip: &amp;apos;10.249.11.67&amp;apos;, os.name: &amp;apos;Windows 7&amp;apos;, os.arch: &amp;apos;x86&amp;apos;, os.version: &amp;apos;6.1&amp;apos;, java.version: &amp;apos;1.7.0&amp;apos;
Driver info: driver.version: unknown">
      <![CDATA[com.cognizant.framework.exception.BrowserBotException: Bot encountered a timeout while waiting for a condition,  Timed out after 40 seconds waiting for visibility of all elements located by By.xpath: //h1[contains(text(),'Username Creation')]
Build info: version: '2.45.0', revision: '5017cb8e7ca8e37638dc3091b2440b90a1d8686f', time: '2015-02-27 09:10:26'
System info: host: 'PC273975', ip: '10.249.11.67', os.name: 'Windows 7', os.arch: 'x86', os.version: '6.1', java.version: '1.7.0'
Driver info: driver.version: unknown
	at com.cognizant.framework.core.WebDriverBase.wait(WebDriverBase.java:76)
	at com.charter.page.BasicAuthenticaion.SignUp_button(BasicAuthenticaion.java:126)
	at com.charter.test.CharterDotCom.TE04_Validate_CharterDotCom_SignUpOption(CharterDotCom.java:43)
... Removed 33 stack frames]]>
    </failure>
  </testcase> <!-- TE04_Validate_CharterDotCom_SignUpOption -->
  <testcase name="TE05_Validate_CharterDotCom_LoginOption" time="22.634" classname="com.charter.test.CharterDotCom"/>
  <testcase name="TE06_Validate_Navigation_from_charterDotCom_with_Login_option_and_Verify_Business_Customers_Link_inLoginpage" time="69.912" classname="com.charter.test.CharterDotCom"/>
  <testcase name="TH07_Validate_WatchAnywhere_LiveTVTab_HOHuser" time="34.884" classname="com.charter.test.Home"/>
  <testcase name="TH08_Validate_WatchAnywhere_OnDemandTab_HOHuser" time="24.197" classname="com.charter.test.Home"/>
  <testcase name="TH09_Validate_WatchAnywhere_NetworkTab_HOHuser" time="32.145" classname="com.charter.test.Home"/>
  <testcase name="TH12_Validate_HomePage_EmailIcon_HOHuser" time="35.265" classname="com.charter.test.Home"/>
  <testcase name="TH13_Validate_HomePage_VoicemailIcon_HOHuser" time="41.644" classname="com.charter.test.Home"/>
  <testcase name="TH17_Validate_WatchTV_NavigateTo_WatchTVOverviewPage_HOHUser" time="27.631" classname="com.charter.test.Home"/>
  <testcase name="TH18_Validate_MyAccount_NavigateTo_OverviewPage_HOHUser" time="28.937" classname="com.charter.test.Home"/>
  <testcase name="TH19_Validate_Support_NavigateTo_SupportPage_HOHUser" time="30.353" classname="com.charter.test.Home"/>
  <testcase name="TH20_Validate_HomePage_StaticBanner_HOHuser" time="29.27" classname="com.charter.test.Home"/>
  <testcase name="TH22_Validate_HomePage_Without_Login" time="6.206" classname="com.charter.test.Home"/>
  <testcase name="TD03_Validate_MyServicesPage_TVNonSubscribedUser_AbleToView_BannerAndSupportVideo" time="52.461" classname="com.charter.test.MyServices"/>
  <testcase name="TD06_Validate_MyServices_TV_Page_UpdateNickname" time="41.338" classname="com.charter.test.MyServices"/>
  <testcase name="TD13_Validate_MyServicesPage_InternetNonSubscribedUser_AbleToView_BannerAndSupportVideo" time="47.393" classname="com.charter.test.MyServices"/>
  <testcase name="TD14_Validate_MyServicesPage_ChaterEmail_NavigateTo_EmailInbox" time="47.749" classname="com.charter.test.MyServices"/>
  <testcase name="TD16_Validate_MyservicesPage_SecuritySuite_NavigateTo_ChaterSecuritySuite" time="40.583" classname="com.charter.test.MyServices"/>
  <testcase name="TD22_Validate_MyServicesPage_VoiceNonSubscribedUser_AbleToView_BannerAndSupportVideo" time="50.605" classname="com.charter.test.MyServices"/>
  <testcase name="TD23_Validate_MyServicesPage_CharterPhoneLink_NavigateTo_PhoneOnlineManagerPage" time="36.677" classname="com.charter.test.MyServices"/>
  <testcase name="TD25_Validate_MyServicesPage_LinksWithLogin" time="50.654" classname="com.charter.test.MyServices"/>
  <testcase name="TD26_Validate_MyServicesPage_LinksWithOutLogin" time="23.021" classname="com.charter.test.MyServices"/>
  <testcase name="TC39_Validate_BillingAndTransactionPage_AskCharterWidget_HOHUser" time="51.157" classname="com.charter.test.MyAccount"/>
  <testcase name="TC43_Validate_TVServicesPage_AskCharterWidget_HOHUser" time="43.613" classname="com.charter.test.MyAccount"/>
  <testcase name="TC49_Validate_InternetServicesPage_AskCharterWidget_HOHUser" time="46.282" classname="com.charter.test.MyAccount"/>
  <testcase name="TC51_Validate_InternetServicesPage_CharterEmailLink_NavigateTo_ChaterEmail_HOHUser" time="49.006" classname="com.charter.test.MyAccount"/>
  <testcase name="TC52_Validate_InternetServicesPage_CharterSecurityLink_NavigateTo_CharterSecurityPage_HOHUser" time="41.968" classname="com.charter.test.MyAccount"/>
  <testcase name="TC54_Validate_VoiceServicesPage_Navigation_AndVerifyHeaderLinks" time="276.813" classname="com.charter.test.MyAccount">
    <failure type="java.lang.AssertionError" message="Voice Services Headers are -Not Present -Failed expected [true] but found [false]">
      <![CDATA[java.lang.AssertionError: Voice Services Headers are -Not Present -Failed expected [true] but found [false]
	at com.charter.test.MyAccount.TC54_Validate_VoiceServicesPage_Navigation_AndVerifyHeaderLinks(MyAccount.java:1026)
... Removed 36 stack frames]]>
    </failure>
  </testcase> <!-- TC54_Validate_VoiceServicesPage_Navigation_AndVerifyHeaderLinks -->
  <testcase name="TC57_Validate_VoiceServicesPage_AskCharterWidget_HOHUser" time="60.478" classname="com.charter.test.MyAccount"/>
  <testcase name="TC01_Validate_OverviewPageHeaders_HOHUser" time="52.787" classname="com.charter.test.MyAccount"/>
  <testcase name="TC02_Validate_BillingandTransactionSection_HOHUser" time="47.596" classname="com.charter.test.MyAccount"/>
  <testcase name="TC03_Validate_AskCharterWidget_HOHUser" time="41.976" classname="com.charter.test.MyAccount"/>
  <testcase name="TC13_Validate_OverviewPage_AvatarImagesViewProfile_HOHUser" time="48.281" classname="com.charter.test.MyAccount"/>
  <testcase name="TC14_Validate_OverviewPage_NickNameLink_NavigationTo_TVServices" time="44.852" classname="com.charter.test.MyAccount"/>
  <testcase name="TC16_Validate_OverviewPage_CheckEmailLink_NavigationTo_Webmail" time="36.966" classname="com.charter.test.MyAccount"/>
  <testcase name="TC18_Validate_OverviewPage_ServiceEquipmentPanel_Stduser" time="79.745" classname="com.charter.test.MyAccount"/>
  <testcase name="TA49_Validate_ChaterInvalidLogin" time="33.781" classname="com.charter.test.Login"/>
  <testcase name="TA48_Validate_ChaterValidLogin" time="20.694" classname="com.charter.test.Login"/>
</testsuite> <!-- EngProd -->
