<?xml version="1.0" encoding="UTF-8"?>
<!-- Generated by org.testng.reporters.JUnitXMLReporter -->
<testsuite hostname="PC273975" name="Stage" tests="55" failures="5" timestamp="3 Feb 2016 06:10:44 GMT" time="3405.526" errors="0">
  <testcase name="TA52_Validate_ForgotPassword_Non_Converted_MS_Login" time="58.647" classname="com.charter.test.ForgotPassword"/>
  <testcase name="TA53_Validate_ForgotPassword_Non_Converted_CharterID" time="32.355" classname="com.charter.test.ForgotPassword"/>
  <testcase name="TA54_Validate_ForgotPassword_Converted_CharterID" time="34.751" classname="com.charter.test.ForgotPassword"/>
  <testcase name="TA35_Validate_RetrievingPassword_HOHuser" time="525.371" classname="com.charter.test.ForgotPassword">
    <failure type="com.cognizant.framework.exception.BrowserBotException" message="Bot encountered a timeout while waiting for a condition,  Timed out after 40 seconds waiting for visibility of element located by By.xpath: // button[contains(@id,&amp;apos;logout&amp;apos;) and contains(text(),&amp;apos;Sign Out&amp;apos;)]
Build info: version: &amp;apos;2.45.0&amp;apos;, revision: &amp;apos;5017cb8e7ca8e37638dc3091b2440b90a1d8686f&amp;apos;, time: &amp;apos;2015-02-27 09:10:26&amp;apos;
System info: host: &amp;apos;PC273975&amp;apos;, ip: &amp;apos;10.249.11.67&amp;apos;, os.name: &amp;apos;Windows 7&amp;apos;, os.arch: &amp;apos;x86&amp;apos;, os.version: &amp;apos;6.1&amp;apos;, java.version: &amp;apos;1.8.0_66&amp;apos;
Driver info: driver.version: unknown">
      <![CDATA[com.cognizant.framework.exception.BrowserBotException: Bot encountered a timeout while waiting for a condition,  Timed out after 40 seconds waiting for visibility of element located by By.xpath: // button[contains(@id,'logout') and contains(text(),'Sign Out')]
Build info: version: '2.45.0', revision: '5017cb8e7ca8e37638dc3091b2440b90a1d8686f', time: '2015-02-27 09:10:26'
System info: host: 'PC273975', ip: '10.249.11.67', os.name: 'Windows 7', os.arch: 'x86', os.version: '6.1', java.version: '1.8.0_66'
Driver info: driver.version: unknown
	at com.cognizant.framework.core.WebDriverBase.wait(WebDriverBase.java:76)
	at com.charter.page.HomePage.logoutApplication(HomePage.java:282)
	at com.charter.page.AuthenticationPage.fp_ValidE2E_HOH(AuthenticationPage.java:297)
	at com.charter.test.ForgotPassword.TA35_Validate_RetrievingPassword_HOHuser(ForgotPassword.java:35)
... Removed 33 stack frames]]>
    </failure>
  </testcase> <!-- TA35_Validate_RetrievingPassword_HOHuser -->
  <testcase name="TA37_Validate_RetrievingPassword_AdminUser" time="33.886" classname="com.charter.test.ForgotPassword"/>
  <testcase name="TA38_Validate_RetrievingPassword_StandardUser" time="31.851" classname="com.charter.test.ForgotPassword"/>
  <testcase name="TA50_Validate_ForgotUsername_Non_Converted_MS_Login" time="20.639" classname="com.charter.test.ForgotUsername"/>
  <testcase name="TA051_Validate_ForgotUsername_Non_Converted_CharterID" time="22.076" classname="com.charter.test.ForgotUsername"/>
  <testcase name="TA20_Validate_RetrievingChaterID_HOHuser" time="29.304" classname="com.charter.test.ForgotUsername"/>
  <testcase name="TA21_Validate_RetrievingChaterID_AdminUser" time="27.556" classname="com.charter.test.ForgotUsername"/>
  <testcase name="TA22_Validate_RetrievingChaterID_StandardUser" time="21.939" classname="com.charter.test.ForgotUsername"/>
  <testcase name="TE01_Validate_Navigation_from_charterDotCom_with_Login_option_and_Verify_CreateIDbutton_inLoginpage" time="27.096" classname="com.charter.test.CharterDotCom"/>
  <testcase name="TE02_Validate_Navigation_from_charterDotCom_with_Login_option_and_Verify_ForgotUsername_Link_inLoginpage" time="21.969" classname="com.charter.test.CharterDotCom"/>
  <testcase name="TE03_Validate_Navigation_from_charterDotCom_with_Login_option_and_Verify_ForgotPassword_Link_inLoginpage" time="21.913" classname="com.charter.test.CharterDotCom"/>
  <testcase name="TE05_Validate_CharterDotCom_LoginOption" time="21.674" classname="com.charter.test.CharterDotCom"/>
  <testcase name="TE06_Validate_Navigation_from_charterDotCom_with_Login_option_and_Verify_Business_Customers_Link_inLoginpage" time="40.96" classname="com.charter.test.CharterDotCom">
    <failure type="org.openqa.selenium.NoSuchElementException" message="no such element: Unable to locate element: {&amp;quot;method&amp;quot;:&amp;quot;xpath&amp;quot;,&amp;quot;selector&amp;quot;:&amp;quot;/html/body/div[2]/main/div/div/div[1]/div/div/div[2]/div/a&amp;quot;}
  (Session info: chrome=46.0.2490.71)
  (Driver info: chromedriver=2.19.346078 (6f1f0cde889532d48ce8242342d0b84f94b114a1),platform=Windows NT 6.1 SP1 x86) (WARNING: The server did not provide any stacktrace information)
Command duration or timeout: 20.05 seconds
For documentation on this error, please visit: http://seleniumhq.org/exceptions/no_such_element.html
Build info: version: &amp;apos;2.45.0&amp;apos;, revision: &amp;apos;5017cb8e7ca8e37638dc3091b2440b90a1d8686f&amp;apos;, time: &amp;apos;2015-02-27 09:10:26&amp;apos;
System info: host: &amp;apos;PC273975&amp;apos;, ip: &amp;apos;10.249.11.67&amp;apos;, os.name: &amp;apos;Windows 7&amp;apos;, os.arch: &amp;apos;x86&amp;apos;, os.version: &amp;apos;6.1&amp;apos;, java.version: &amp;apos;1.8.0_66&amp;apos;
Driver info: org.openqa.selenium.chrome.ChromeDriver
Capabilities [{applicationCacheEnabled=false, rotatable=false, mobileEmulationEnabled=false, chrome={userDataDir=C:\Users\401508\AppData\Local\Temp\scoped_dir11312_31923}, takesHeapSnapshot=true, databaseEnabled=false, handlesAlerts=true, hasTouchScreen=false, version=46.0.2490.71, platform=XP, browserConnectionEnabled=false, nativeEvents=true, acceptSslCerts=true, locationContextEnabled=true, webStorageEnabled=true, browserName=chrome, takesScreenshot=true, javascriptEnabled=true, cssSelectorsEnabled=true}]
Session ID: 19a435df21783e1fbd26814e224db7de
*** Element info: {Using=xpath, value=/html/body/div[2]/main/div/div/div[1]/div/div/div[2]/div/a}">
      <![CDATA[org.openqa.selenium.NoSuchElementException: no such element: Unable to locate element: {"method":"xpath","selector":"/html/body/div[2]/main/div/div/div[1]/div/div/div[2]/div/a"}
  (Session info: chrome=46.0.2490.71)
  (Driver info: chromedriver=2.19.346078 (6f1f0cde889532d48ce8242342d0b84f94b114a1),platform=Windows NT 6.1 SP1 x86) (WARNING: The server did not provide any stacktrace information)
Command duration or timeout: 20.05 seconds
For documentation on this error, please visit: http://seleniumhq.org/exceptions/no_such_element.html
Build info: version: '2.45.0', revision: '5017cb8e7ca8e37638dc3091b2440b90a1d8686f', time: '2015-02-27 09:10:26'
System info: host: 'PC273975', ip: '10.249.11.67', os.name: 'Windows 7', os.arch: 'x86', os.version: '6.1', java.version: '1.8.0_66'
Driver info: org.openqa.selenium.chrome.ChromeDriver
Capabilities [{applicationCacheEnabled=false, rotatable=false, mobileEmulationEnabled=false, chrome={userDataDir=C:\Users\401508\AppData\Local\Temp\scoped_dir11312_31923}, takesHeapSnapshot=true, databaseEnabled=false, handlesAlerts=true, hasTouchScreen=false, version=46.0.2490.71, platform=XP, browserConnectionEnabled=false, nativeEvents=true, acceptSslCerts=true, locationContextEnabled=true, webStorageEnabled=true, browserName=chrome, takesScreenshot=true, javascriptEnabled=true, cssSelectorsEnabled=true}]
Session ID: 19a435df21783e1fbd26814e224db7de
*** Element info: {Using=xpath, value=/html/body/div[2]/main/div/div/div[1]/div/div/div[2]/div/a}
	at org.openqa.selenium.remote.ErrorHandler.createThrowable(ErrorHandler.java:204)
	at org.openqa.selenium.remote.ErrorHandler.throwIfResponseFailed(ErrorHandler.java:156)
	at org.openqa.selenium.remote.RemoteWebDriver.execute(RemoteWebDriver.java:599)
	at org.openqa.selenium.remote.RemoteWebDriver.findElement(RemoteWebDriver.java:352)
	at org.openqa.selenium.remote.RemoteWebDriver.findElementByXPath(RemoteWebDriver.java:449)
	at org.openqa.selenium.By$ByXPath.findElement(By.java:357)
	at org.openqa.selenium.remote.RemoteWebDriver.findElement(RemoteWebDriver.java:344)
	at com.charter.page.BasicAuthenticaion.Business_Customers_Link(BasicAuthenticaion.java:181)
	at com.charter.test.CharterDotCom.TE06_Validate_Navigation_from_charterDotCom_with_Login_option_and_Verify_Business_Customers_Link_inLoginpage(CharterDotCom.java:65)
... Removed 37 stack frames]]>
    </failure>
  </testcase> <!-- TE06_Validate_Navigation_from_charterDotCom_with_Login_option_and_Verify_Business_Customers_Link_inLoginpage -->
  <testcase name="TH03_Validate_TVGuideLink_NavigateTo_GuidePage_StandardUser" time="27.335" classname="com.charter.test.Home"/>
  <testcase name="TH04_Validate_OnDemandLink_NavigateTo_OnDemandPage_StandardUser" time="30.897" classname="com.charter.test.Home"/>
  <testcase name="TH05_Validate_GetSupportLink_NavigateTo_GetSupportPage_HOHuser" time="41.991" classname="com.charter.test.Home"/>
  <testcase name="TH06_Validate_FindACharterStoreLink_NavigateTo_LocationPage_HOHuser" time="260.984" classname="com.charter.test.Home">
    <failure type="com.cognizant.framework.exception.BrowserBotException" message="Bot encountered a timeout while waiting for a condition,  Timed out after 40 seconds waiting for element to be clickable: By.xpath: //a[contains(@class,&amp;apos;text&amp;apos;)]/h4[contains(text(),&amp;apos;Charter Locations&amp;apos;)]
Build info: version: &amp;apos;2.45.0&amp;apos;, revision: &amp;apos;5017cb8e7ca8e37638dc3091b2440b90a1d8686f&amp;apos;, time: &amp;apos;2015-02-27 09:10:26&amp;apos;
System info: host: &amp;apos;PC273975&amp;apos;, ip: &amp;apos;10.249.11.67&amp;apos;, os.name: &amp;apos;Windows 7&amp;apos;, os.arch: &amp;apos;x86&amp;apos;, os.version: &amp;apos;6.1&amp;apos;, java.version: &amp;apos;1.8.0_66&amp;apos;
Driver info: driver.version: unknown">
      <![CDATA[com.cognizant.framework.exception.BrowserBotException: Bot encountered a timeout while waiting for a condition,  Timed out after 40 seconds waiting for element to be clickable: By.xpath: //a[contains(@class,'text')]/h4[contains(text(),'Charter Locations')]
Build info: version: '2.45.0', revision: '5017cb8e7ca8e37638dc3091b2440b90a1d8686f', time: '2015-02-27 09:10:26'
System info: host: 'PC273975', ip: '10.249.11.67', os.name: 'Windows 7', os.arch: 'x86', os.version: '6.1', java.version: '1.8.0_66'
Driver info: driver.version: unknown
	at com.cognizant.framework.core.WebDriverBase.wait(WebDriverBase.java:76)
	at com.charter.page.HomePage.FindCharterStore(HomePage.java:189)
	at com.charter.test.Home.TH06_Validate_FindACharterStoreLink_NavigateTo_LocationPage_HOHuser(Home.java:117)
... Removed 33 stack frames]]>
    </failure>
  </testcase> <!-- TH06_Validate_FindACharterStoreLink_NavigateTo_LocationPage_HOHuser -->
  <testcase name="TH07_Validate_WatchAnywhere_LiveTVTab_HOHuser" time="21.369" classname="com.charter.test.Home"/>
  <testcase name="TH08_Validate_WatchAnywhere_OnDemandTab_HOHuser" time="21.263" classname="com.charter.test.Home"/>
  <testcase name="TH09_Validate_WatchAnywhere_NetworkTab_HOHuser" time="20.543" classname="com.charter.test.Home"/>
  <testcase name="TH12_Validate_HomePage_EmailIcon_HOHuser" time="32.311" classname="com.charter.test.Home"/>
  <testcase name="TH13_Validate_HomePage_VoicemailIcon_HOHuser" time="20.464" classname="com.charter.test.Home"/>
  <testcase name="TH17_Validate_WatchTV_NavigateTo_WatchTVOverviewPage_HOHUser" time="36.823" classname="com.charter.test.Home"/>
  <testcase name="TH18_Validate_MyAccount_NavigateTo_OverviewPage_HOHUser" time="482.385" classname="com.charter.test.Home">
    <failure type="com.cognizant.framework.exception.BrowserBotException" message="Bot encountered a timeout while waiting for a condition,  Timed out after 40 seconds waiting for visibility of element located by By.xpath: // button[contains(@id,&amp;apos;logout&amp;apos;) and contains(text(),&amp;apos;Sign Out&amp;apos;)]
Build info: version: &amp;apos;2.45.0&amp;apos;, revision: &amp;apos;5017cb8e7ca8e37638dc3091b2440b90a1d8686f&amp;apos;, time: &amp;apos;2015-02-27 09:10:26&amp;apos;
System info: host: &amp;apos;PC273975&amp;apos;, ip: &amp;apos;10.249.11.67&amp;apos;, os.name: &amp;apos;Windows 7&amp;apos;, os.arch: &amp;apos;x86&amp;apos;, os.version: &amp;apos;6.1&amp;apos;, java.version: &amp;apos;1.8.0_66&amp;apos;
Driver info: driver.version: unknown">
      <![CDATA[com.cognizant.framework.exception.BrowserBotException: Bot encountered a timeout while waiting for a condition,  Timed out after 40 seconds waiting for visibility of element located by By.xpath: // button[contains(@id,'logout') and contains(text(),'Sign Out')]
Build info: version: '2.45.0', revision: '5017cb8e7ca8e37638dc3091b2440b90a1d8686f', time: '2015-02-27 09:10:26'
System info: host: 'PC273975', ip: '10.249.11.67', os.name: 'Windows 7', os.arch: 'x86', os.version: '6.1', java.version: '1.8.0_66'
Driver info: driver.version: unknown
	at com.cognizant.framework.core.WebDriverBase.wait(WebDriverBase.java:76)
	at com.charter.page.HomePage.logoutApplication(HomePage.java:282)
	at com.charter.test.Home.TH18_Validate_MyAccount_NavigateTo_OverviewPage_HOHUser(Home.java:316)
... Removed 33 stack frames]]>
    </failure>
  </testcase> <!-- TH18_Validate_MyAccount_NavigateTo_OverviewPage_HOHUser -->
  <testcase name="TH19_Validate_Support_NavigateTo_SupportPage_HOHUser" time="26.328" classname="com.charter.test.Home"/>
  <testcase name="TH20_Validate_HomePage_StaticBanner_HOHuser" time="22.642" classname="com.charter.test.Home"/>
  <testcase name="TH22_Validate_HomePage_Without_Login" time="3.518" classname="com.charter.test.Home"/>
  <testcase name="TD03_Validate_MyServicesPage_TVNonSubscribedUser_AbleToView_BannerAndSupportVideo" time="46.974" classname="com.charter.test.MyServices"/>
  <testcase name="TD06_Validate_MyServices_TV_Page_UpdateNickname" time="26.843" classname="com.charter.test.MyServices"/>
  <testcase name="TD13_Validate_MyServicesPage_InternetNonSubscribedUser_AbleToView_BannerAndSupportVideo" time="52.022" classname="com.charter.test.MyServices"/>
  <testcase name="TD14_Validate_MyServicesPage_ChaterEmail_NavigateTo_EmailInbox" time="31.42" classname="com.charter.test.MyServices"/>
  <testcase name="TD16_Validate_MyservicesPage_SecuritySuite_NavigateTo_ChaterSecuritySuite" time="28.295" classname="com.charter.test.MyServices"/>
  <testcase name="TD22_Validate_MyServicesPage_VoiceNonSubscribedUser_AbleToView_BannerAndSupportVideo" time="46.001" classname="com.charter.test.MyServices"/>
  <testcase name="TD23_Validate_MyServicesPage_CharterPhoneLink_NavigateTo_PhoneOnlineManagerPage" time="32.007" classname="com.charter.test.MyServices"/>
  <testcase name="TD25_Validate_MyServicesPage_LinksWithLogin" time="35.652" classname="com.charter.test.MyServices"/>
  <testcase name="TD26_Validate_MyServicesPage_LinksWithOutLogin" time="22.602" classname="com.charter.test.MyServices"/>
  <testcase name="TC39_Validate_BillingAndTransactionPage_AskCharterWidget_HOHUser" time="36.366" classname="com.charter.test.MyAccount"/>
  <testcase name="TC43_Validate_TVServicesPage_AskCharterWidget_HOHUser" time="31.352" classname="com.charter.test.MyAccount"/>
  <testcase name="TC49_Validate_InternetServicesPage_AskCharterWidget_HOHUser" time="29.972" classname="com.charter.test.MyAccount"/>
  <testcase name="TC51_Validate_InternetServicesPage_CharterEmailLink_NavigateTo_ChaterEmail_HOHUser" time="28.915" classname="com.charter.test.MyAccount"/>
  <testcase name="TC52_Validate_InternetServicesPage_CharterSecurityLink_NavigateTo_CharterSecurityPage_HOHUser" time="25.572" classname="com.charter.test.MyAccount"/>
  <testcase name="TC54_Validate_VoiceServicesPage_Navigation_AndVerifyHeaderLinks" time="32.41" classname="com.charter.test.MyAccount"/>
  <testcase name="TC57_Validate_VoiceServicesPage_AskCharterWidget_HOHUser" time="31.722" classname="com.charter.test.MyAccount"/>
  <testcase name="TC01_Validate_OverviewPageHeaders_HOHUser" time="27.586" classname="com.charter.test.MyAccount"/>
  <testcase name="TC02_Validate_BillingandTransactionSection_HOHUser" time="39.026" classname="com.charter.test.MyAccount"/>
  <testcase name="TC03_Validate_AskCharterWidget_HOHUser" time="32.126" classname="com.charter.test.MyAccount"/>
  <testcase name="TC13_Validate_OverviewPage_AvatarImagesViewProfile_HOHUser" time="37.832" classname="com.charter.test.MyAccount"/>
  <testcase name="TC14_Validate_OverviewPage_NickNameLink_NavigationTo_TVServices" time="42.077" classname="com.charter.test.MyAccount"/>
  <testcase name="TC16_Validate_OverviewPage_CheckEmailLink_NavigationTo_Webmail" time="28.705" classname="com.charter.test.MyAccount"/>
  <testcase name="TC18_Validate_OverviewPage_ServiceEquipmentPanel_Stduser" time="31.439" classname="com.charter.test.MyAccount"/>
  <testcase name="TL01_Validate_ChaterValidLogin" time="84.773" classname="com.charter.test.Login">
    <failure type="org.openqa.selenium.StaleElementReferenceException" message="stale element reference: element is not attached to the page document
  (Session info: chrome=46.0.2490.71)
  (Driver info: chromedriver=2.19.346078 (6f1f0cde889532d48ce8242342d0b84f94b114a1),platform=Windows NT 6.1 SP1 x86) (WARNING: The server did not provide any stacktrace information)
Command duration or timeout: 3.72 seconds
For documentation on this error, please visit: http://seleniumhq.org/exceptions/stale_element_reference.html
Build info: version: &amp;apos;2.45.0&amp;apos;, revision: &amp;apos;5017cb8e7ca8e37638dc3091b2440b90a1d8686f&amp;apos;, time: &amp;apos;2015-02-27 09:10:26&amp;apos;
System info: host: &amp;apos;PC273975&amp;apos;, ip: &amp;apos;10.249.11.67&amp;apos;, os.name: &amp;apos;Windows 7&amp;apos;, os.arch: &amp;apos;x86&amp;apos;, os.version: &amp;apos;6.1&amp;apos;, java.version: &amp;apos;1.8.0_66&amp;apos;
Driver info: org.openqa.selenium.chrome.ChromeDriver
Capabilities [{applicationCacheEnabled=false, rotatable=false, mobileEmulationEnabled=false, chrome={userDataDir=C:\Users\401508\AppData\Local\Temp\scoped_dir11444_2709}, takesHeapSnapshot=true, databaseEnabled=false, handlesAlerts=true, hasTouchScreen=false, version=46.0.2490.71, platform=XP, browserConnectionEnabled=false, nativeEvents=true, acceptSslCerts=true, locationContextEnabled=true, webStorageEnabled=true, browserName=chrome, takesScreenshot=true, javascriptEnabled=true, cssSelectorsEnabled=true}]
Session ID: 03920f76df4f3b2531f124bf4c8c1a0f">
      <![CDATA[org.openqa.selenium.StaleElementReferenceException: stale element reference: element is not attached to the page document
  (Session info: chrome=46.0.2490.71)
  (Driver info: chromedriver=2.19.346078 (6f1f0cde889532d48ce8242342d0b84f94b114a1),platform=Windows NT 6.1 SP1 x86) (WARNING: The server did not provide any stacktrace information)
Command duration or timeout: 3.72 seconds
For documentation on this error, please visit: http://seleniumhq.org/exceptions/stale_element_reference.html
Build info: version: '2.45.0', revision: '5017cb8e7ca8e37638dc3091b2440b90a1d8686f', time: '2015-02-27 09:10:26'
System info: host: 'PC273975', ip: '10.249.11.67', os.name: 'Windows 7', os.arch: 'x86', os.version: '6.1', java.version: '1.8.0_66'
Driver info: org.openqa.selenium.chrome.ChromeDriver
Capabilities [{applicationCacheEnabled=false, rotatable=false, mobileEmulationEnabled=false, chrome={userDataDir=C:\Users\401508\AppData\Local\Temp\scoped_dir11444_2709}, takesHeapSnapshot=true, databaseEnabled=false, handlesAlerts=true, hasTouchScreen=false, version=46.0.2490.71, platform=XP, browserConnectionEnabled=false, nativeEvents=true, acceptSslCerts=true, locationContextEnabled=true, webStorageEnabled=true, browserName=chrome, takesScreenshot=true, javascriptEnabled=true, cssSelectorsEnabled=true}]
Session ID: 03920f76df4f3b2531f124bf4c8c1a0f
	at org.openqa.selenium.remote.ErrorHandler.createThrowable(ErrorHandler.java:204)
	at org.openqa.selenium.remote.ErrorHandler.throwIfResponseFailed(ErrorHandler.java:156)
	at org.openqa.selenium.remote.RemoteWebDriver.execute(RemoteWebDriver.java:599)
	at org.openqa.selenium.remote.RemoteWebElement.execute(RemoteWebElement.java:268)
	at org.openqa.selenium.remote.RemoteWebElement.getText(RemoteWebElement.java:152)
	at com.charter.page.AuthenticationPage.ValidLogin(AuthenticationPage.java:1338)
	at com.charter.test.Login.TL01_Validate_ChaterValidLogin(Login.java:27)
... Removed 37 stack frames]]>
    </failure>
  </testcase> <!-- TL01_Validate_ChaterValidLogin -->
  <testcase name="TL02_Validate_ChaterInvalidLogin" time="33.031" classname="com.charter.test.Login"/>
</testsuite> <!-- Stage -->
