<html>
<head>
<title>TestNG:  Stage</title>
<link href="../testng.css" rel="stylesheet" type="text/css" />
<link href="../my-testng.css" rel="stylesheet" type="text/css" />

<style type="text/css">
.log { display: none;} 
.stack-trace { display: none;} 
</style>
<script type="text/javascript">
<!--
function flip(e) {
  current = e.style.display;
  if (current == 'block') {
    e.style.display = 'none';
    return 0;
  }
  else {
    e.style.display = 'block';
    return 1;
  }
}

function toggleBox(szDivId, elem, msg1, msg2)
{
  var res = -1;  if (document.getElementById) {
    res = flip(document.getElementById(szDivId));
  }
  else if (document.all) {
    // this is the way old msie versions work
    res = flip(document.all[szDivId]);
  }
  if(elem) {
    if(res == 0) elem.innerHTML = msg1; else elem.innerHTML = msg2;
  }

}

function toggleAllBoxes() {
  if (document.getElementsByTagName) {
    d = document.getElementsByTagName('div');
    for (i = 0; i < d.length; i++) {
      if (d[i].className == 'log') {
        flip(d[i]);
      }
    }
  }
}

// -->
</script>

</head>
<body>
<h2 align='center'>Stage</h2><table border='1' align="center">
<tr>
<td>Tests passed/Failed/Skipped:</td><td>50/5/0</td>
</tr><tr>
<td>Started on:</td><td>Wed Feb 03 10:43:58 IST 2016</td>
</tr>
<tr><td>Total time:</td><td>3405 seconds (3405526 ms)</td>
</tr><tr>
<td>Included groups:</td><td></td>
</tr><tr>
<td>Excluded groups:</td><td></td>
</tr>
</table><p/>
<small><i>(Hover the method name to see the test class name)</i></small><p/>
<table width='100%' border='1' class='invocation-failed'>
<tr><td colspan='4' align='center'><b>FAILED TESTS</b></td></tr>
<tr><td><b>Test method</b></td>
<td width="30%"><b>Exception</b></td>
<td width="10%"><b>Time (seconds)</b></td>
<td><b>Instance</b></td>
</tr>
<tr>
<td title='com.charter.test.ForgotPassword.TA35_Validate_RetrievingPassword_HOHuser()'><b>TA35_Validate_RetrievingPassword_HOHuser</b><br>Test class: com.charter.test.ForgotPassword<br>Parameters: {CardNumber=, mac_CID=, security_question=, zipcode_fID=, invalidLastname=, invalidPassword=, TestCaseId=TA35_Validate_RetrievingPassword_HOHuser, lastname_fp=, invalidZipcode=, password=, security_answer=red, lastname_CID=, fLinked_CharterID=, ExpDate=, UserID=, CardType=, invalidMAC=, UserID1=, address_fID=, CharterID_fp=e2erel3038, invalidAddress=, invalidEmail=, email=, AccountNumberVerify=, LegacySiteURL=, FutureDate=, UserPassword=Testing01, Mobilephone=, ACnumber=, hohuser=, charterID=, lastname=, lastname_fID=, Zipcode_fp=92307, firstname_CID=, zipcode_CID=, SelectDate=, mac_fID=, invalidSecurityAns=, ExpYear=, address_CID=}<br/>
<a href="#Output-5440817" onClick='toggleBox("Output-5440817", this, "Show output", "Hide output");'>Show output</a>

<a href="#Output-5440817" onClick="toggleAllBoxes();">Show all outputs</a>
<div class='log' id="Output-5440817">
<<<*** END: ForgotPassword.TA35_Validate_RetrievingPassword_HOHuser ***>>> <br/><br/>
=====================================================================================<br/><br/>
Test Failed :com.charter.test.ForgotPassword.TA35_Validate_RetrievingPassword_HOHuser, Took 525 seconds<br/><br/>
<a href='D:\Sanity Suite\sanity\target\surefire-reports\html\screenshots\TA35_Validate_RetrievingPassword_HOHuser-1-03Feb16_105614.png'><img src='D:\Sanity Suite\sanity\target\surefire-reports\html\screenshots\TA35_Validate_RetrievingPassword_HOHuser-1-03Feb16_105614.png' height='50' width='50'/><br></a><br/>
</div>
</td>
<td><div><pre>com.cognizant.framework.exception.BrowserBotException: Bot encountered a timeout while waiting for a condition,  Timed out after 40 seconds waiting for visibility of element located by By.xpath: // button[contains(@id,&apos;logout&apos;) and contains(text(),&apos;Sign Out&apos;)]
Build info: version: &apos;2.45.0&apos;, revision: &apos;5017cb8e7ca8e37638dc3091b2440b90a1d8686f&apos;, time: &apos;2015-02-27 09:10:26&apos;
System info: host: &apos;PC273975&apos;, ip: &apos;10.249.11.67&apos;, os.name: &apos;Windows 7&apos;, os.arch: &apos;x86&apos;, os.version: &apos;6.1&apos;, java.version: &apos;1.8.0_66&apos;
Driver info: driver.version: unknown
	at com.cognizant.framework.core.WebDriverBase.wait(WebDriverBase.java:76)
	at com.charter.page.HomePage.logoutApplication(HomePage.java:282)
	at com.charter.page.AuthenticationPage.fp_ValidE2E_HOH(AuthenticationPage.java:297)
	at com.charter.test.ForgotPassword.TA35_Validate_RetrievingPassword_HOHuser(ForgotPassword.java:35)
... Removed 33 stack frames</pre></div><a href='#' onClick='toggleBox("stack-trace5440817", this, "Click to show all stack frames", "Click to hide stack frames")'>Click to show all stack frames</a>
<div class='stack-trace' id='stack-trace5440817'><pre>com.cognizant.framework.exception.BrowserBotException: Bot encountered a timeout while waiting for a condition,  Timed out after 40 seconds waiting for visibility of element located by By.xpath: // button[contains(@id,&apos;logout&apos;) and contains(text(),&apos;Sign Out&apos;)]
Build info: version: &apos;2.45.0&apos;, revision: &apos;5017cb8e7ca8e37638dc3091b2440b90a1d8686f&apos;, time: &apos;2015-02-27 09:10:26&apos;
System info: host: &apos;PC273975&apos;, ip: &apos;10.249.11.67&apos;, os.name: &apos;Windows 7&apos;, os.arch: &apos;x86&apos;, os.version: &apos;6.1&apos;, java.version: &apos;1.8.0_66&apos;
Driver info: driver.version: unknown
	at com.cognizant.framework.core.WebDriverBase.wait(WebDriverBase.java:76)
	at com.charter.page.HomePage.logoutApplication(HomePage.java:282)
	at com.charter.page.AuthenticationPage.fp_ValidE2E_HOH(AuthenticationPage.java:297)
	at com.charter.test.ForgotPassword.TA35_Validate_RetrievingPassword_HOHuser(ForgotPassword.java:35)
	at sun.reflect.NativeMethodAccessorImpl.invoke0(Native Method)
	at sun.reflect.NativeMethodAccessorImpl.invoke(NativeMethodAccessorImpl.java:62)
	at sun.reflect.DelegatingMethodAccessorImpl.invoke(DelegatingMethodAccessorImpl.java:43)
	at java.lang.reflect.Method.invoke(Method.java:497)
	at org.testng.internal.MethodInvocationHelper.invokeMethod(MethodInvocationHelper.java:84)
	at org.testng.internal.Invoker.invokeMethod(Invoker.java:714)
	at org.testng.internal.Invoker.invokeTestMethod(Invoker.java:901)
	at org.testng.internal.Invoker.invokeTestMethods(Invoker.java:1231)
	at org.testng.internal.TestMethodWorker.invokeTestMethods(TestMethodWorker.java:127)
	at org.testng.internal.TestMethodWorker.run(TestMethodWorker.java:111)
	at org.testng.TestRunner.privateRun(TestRunner.java:767)
	at org.testng.TestRunner.run(TestRunner.java:617)
	at org.testng.SuiteRunner.runTest(SuiteRunner.java:348)
	at org.testng.SuiteRunner.runSequentially(SuiteRunner.java:343)
	at org.testng.SuiteRunner.privateRun(SuiteRunner.java:305)
	at org.testng.SuiteRunner.run(SuiteRunner.java:254)
	at org.testng.SuiteRunnerWorker.runSuite(SuiteRunnerWorker.java:52)
	at org.testng.SuiteRunnerWorker.run(SuiteRunnerWorker.java:86)
	at org.testng.TestNG.runSuitesSequentially(TestNG.java:1224)
	at org.testng.TestNG.runSuitesLocally(TestNG.java:1149)
	at org.testng.TestNG.run(TestNG.java:1057)
	at org.apache.maven.surefire.testng.TestNGExecutor.run(TestNGExecutor.java:122)
	at org.apache.maven.surefire.testng.TestNGXmlTestSuite.execute(TestNGXmlTestSuite.java:92)
	at org.apache.maven.surefire.testng.TestNGProvider.invoke(TestNGProvider.java:101)
	at sun.reflect.NativeMethodAccessorImpl.invoke0(Native Method)
	at sun.reflect.NativeMethodAccessorImpl.invoke(NativeMethodAccessorImpl.java:62)
	at sun.reflect.DelegatingMethodAccessorImpl.invoke(DelegatingMethodAccessorImpl.java:43)
	at java.lang.reflect.Method.invoke(Method.java:497)
	at org.apache.maven.surefire.util.ReflectionUtils.invokeMethodWithArray(ReflectionUtils.java:164)
	at org.apache.maven.surefire.booter.ProviderFactory$ProviderProxy.invoke(ProviderFactory.java:110)
	at org.apache.maven.surefire.booter.SurefireStarter.invokeProvider(SurefireStarter.java:172)
	at org.apache.maven.surefire.booter.SurefireStarter.runSuitesInProcessWhenForked(SurefireStarter.java:104)
	at org.apache.maven.surefire.booter.ForkedBooter.main(ForkedBooter.java:70)
</pre></div></td>
<td>525</td>
<td>com.charter.test.ForgotPassword@13fcdb0</td></tr>
<tr>
<td title='com.charter.test.CharterDotCom.TE06_Validate_Navigation_from_charterDotCom_with_Login_option_and_Verify_Business_Customers_Link_inLoginpage()'><b>TE06_Validate_Navigation_from_charterDotCom_with_Login_option_and_Verify_Business_Customers_Link_inLoginpage</b><br>Test class: com.charter.test.CharterDotCom<br>Parameters: {CardNumber=, mac_CID=, security_question=, Devicenickname=, zipcode_fID=, Account_Type=, invalidLastname=, invalidPassword=, SecurityQuestion=, lastname_fp=, filterbyPhone=, password=, security_answer=, Account_pom=, invalidMAC=, Zipcode=, Relogin_UserID=, Operatingsystem=, SecurityCode=3397, invalidEmail=, SecurityAnswer=, couponNumber=, NewRole=, UserPassword=Testing01, City=, selectUser=, PC_Unratedcontent=, ACnumber=, Relogin_Password=, charterID=, lastname=, lastname_fID=, Zipcode_fp=, BusinessCharterID=e2eadd600, filterbyRate=, State=, firstname_CID=, zipcode_CID=, ParentalControl_TV=, mac_fID=, invalidSecurityAns=, address_CID=, ParentalControl_Unratedcontent=, Message=, ParentalControl_Movie=, TestCaseId=TE06_Validate_Navigation_from_charterDotCom_with_Login_option_and_Verify_Business_Customers_Link_inLoginpage, PC_TV=, Password1=, searchkey=, invalidZipcode=, lastname_CID=, fLinked_CharterID=, ExpDate=, filterbyType=, UserID=, CardType=, UserID1=, address_fID=, CharterID_fp=, invalidAddress=, email=, AccountNumberVerify=, LegacySiteURL=https://www.charter.com, accountnumber=, FutureDate=, Statement=, Address2=, Mobilephone=, PC_Movie=, Account_DVRcontrol=, Address1=, hohuser=, ConfirmPassword=, routingnumber=, ContactEmail=, SelectDate=, ExpYear=, businessaccountNo=8353700530010058}<br/>
<a href="#Output-5589563" onClick='toggleBox("Output-5589563", this, "Show output", "Hide output");'>Show output</a>

<a href="#Output-5589563" onClick="toggleAllBoxes();">Show all outputs</a>
<div class='log' id="Output-5589563">
<<<*** END: CharterDotCom.TE06_Validate_Navigation_from_charterDotCom_with_Login_option_and_Verify_Business_Customers_Link_inLoginpage ***>>> <br/><br/>
=====================================================================================<br/><br/>
Test Failed :com.charter.test.CharterDotCom.TE06_Validate_Navigation_from_charterDotCom_with_Login_option_and_Verify_Business_Customers_Link_inLoginpage, Took 40 seconds<br/><br/>
<a href='D:\Sanity Suite\sanity\target\surefire-reports\html\screenshots\TE06_Validate_Navigation_from_charterDotCom_with_Login_option_and_Verify_Business_Customers_Link_inLoginpage-1-03Feb16_110326.png'><img src='D:\Sanity Suite\sanity\target\surefire-reports\html\screenshots\TE06_Validate_Navigation_from_charterDotCom_with_Login_option_and_Verify_Business_Customers_Link_inLoginpage-1-03Feb16_110326.png' height='50' width='50'/><br></a><br/>
</div>
</td>
<td><div><pre>org.openqa.selenium.NoSuchElementException: no such element: Unable to locate element: {&quot;method&quot;:&quot;xpath&quot;,&quot;selector&quot;:&quot;/html/body/div[2]/main/div/div/div[1]/div/div/div[2]/div/a&quot;}
  (Session info: chrome=46.0.2490.71)
  (Driver info: chromedriver=2.19.346078 (6f1f0cde889532d48ce8242342d0b84f94b114a1),platform=Windows NT 6.1 SP1 x86) (WARNING: The server did not provide any stacktrace information)
Command duration or timeout: 20.05 seconds
For documentation on this error, please visit: http://seleniumhq.org/exceptions/no_such_element.html
Build info: version: &apos;2.45.0&apos;, revision: &apos;5017cb8e7ca8e37638dc3091b2440b90a1d8686f&apos;, time: &apos;2015-02-27 09:10:26&apos;
System info: host: &apos;PC273975&apos;, ip: &apos;10.249.11.67&apos;, os.name: &apos;Windows 7&apos;, os.arch: &apos;x86&apos;, os.version: &apos;6.1&apos;, java.version: &apos;1.8.0_66&apos;
Driver info: org.openqa.selenium.chrome.ChromeDriver
Capabilities [{applicationCacheEnabled=false, rotatable=false, mobileEmulationEnabled=false, chrome={userDataDir=C:\Users\401508\AppData\Local\Temp\scoped_dir11312_31923}, takesHeapSnapshot=true, databaseEnabled=false, handlesAlerts=true, hasTouchScreen=false, version=46.0.2490.71, platform=XP, browserConnectionEnabled=false, nativeEvents=true, acceptSslCerts=true, locationContextEnabled=true, webStorageEnabled=true, browserName=chrome, takesScreenshot=true, javascriptEnabled=true, cssSelectorsEnabled=true}]
Session ID: 19a435df21783e1fbd26814e224db7de
*** Element info: {Using=xpath, value=/html/body/div[2]/main/div/div/div[1]/div/div/div[2]/div/a}
	at org.openqa.selenium.remote.ErrorHandler.createThrowable(ErrorHandler.java:204)
	at org.openqa.selenium.remote.ErrorHandler.throwIfResponseFailed(ErrorHandler.java:156)
	at org.openqa.selenium.remote.RemoteWebDriver.execute(RemoteWebDriver.java:599)
	at org.openqa.selenium.remote.RemoteWebDriver.findElement(RemoteWebDriver.java:352)
	at org.openqa.selenium.remote.RemoteWebDriver.findElementByXPath(RemoteWebDriver.java:449)
	at org.openqa.selenium.By$ByXPath.findElement(By.java:357)
	at org.openqa.selenium.remote.RemoteWebDriver.findElement(RemoteWebDriver.java:344)
	at com.charter.page.BasicAuthenticaion.Business_Customers_Link(BasicAuthenticaion.java:181)
	at com.charter.test.CharterDotCom.TE06_Validate_Navigation_from_charterDotCom_with_Login_option_and_Verify_Business_Customers_Link_inLoginpage(CharterDotCom.java:65)
... Removed 37 stack frames</pre></div><a href='#' onClick='toggleBox("stack-trace5589563", this, "Click to show all stack frames", "Click to hide stack frames")'>Click to show all stack frames</a>
<div class='stack-trace' id='stack-trace5589563'><pre>org.openqa.selenium.NoSuchElementException: no such element: Unable to locate element: {&quot;method&quot;:&quot;xpath&quot;,&quot;selector&quot;:&quot;/html/body/div[2]/main/div/div/div[1]/div/div/div[2]/div/a&quot;}
  (Session info: chrome=46.0.2490.71)
  (Driver info: chromedriver=2.19.346078 (6f1f0cde889532d48ce8242342d0b84f94b114a1),platform=Windows NT 6.1 SP1 x86) (WARNING: The server did not provide any stacktrace information)
Command duration or timeout: 20.05 seconds
For documentation on this error, please visit: http://seleniumhq.org/exceptions/no_such_element.html
Build info: version: &apos;2.45.0&apos;, revision: &apos;5017cb8e7ca8e37638dc3091b2440b90a1d8686f&apos;, time: &apos;2015-02-27 09:10:26&apos;
System info: host: &apos;PC273975&apos;, ip: &apos;10.249.11.67&apos;, os.name: &apos;Windows 7&apos;, os.arch: &apos;x86&apos;, os.version: &apos;6.1&apos;, java.version: &apos;1.8.0_66&apos;
Driver info: org.openqa.selenium.chrome.ChromeDriver
Capabilities [{applicationCacheEnabled=false, rotatable=false, mobileEmulationEnabled=false, chrome={userDataDir=C:\Users\401508\AppData\Local\Temp\scoped_dir11312_31923}, takesHeapSnapshot=true, databaseEnabled=false, handlesAlerts=true, hasTouchScreen=false, version=46.0.2490.71, platform=XP, browserConnectionEnabled=false, nativeEvents=true, acceptSslCerts=true, locationContextEnabled=true, webStorageEnabled=true, browserName=chrome, takesScreenshot=true, javascriptEnabled=true, cssSelectorsEnabled=true}]
Session ID: 19a435df21783e1fbd26814e224db7de
*** Element info: {Using=xpath, value=/html/body/div[2]/main/div/div/div[1]/div/div/div[2]/div/a}
	at sun.reflect.NativeConstructorAccessorImpl.newInstance0(Native Method)
	at sun.reflect.NativeConstructorAccessorImpl.newInstance(NativeConstructorAccessorImpl.java:62)
	at sun.reflect.DelegatingConstructorAccessorImpl.newInstance(DelegatingConstructorAccessorImpl.java:45)
	at java.lang.reflect.Constructor.newInstance(Constructor.java:422)
	at org.openqa.selenium.remote.ErrorHandler.createThrowable(ErrorHandler.java:204)
	at org.openqa.selenium.remote.ErrorHandler.throwIfResponseFailed(ErrorHandler.java:156)
	at org.openqa.selenium.remote.RemoteWebDriver.execute(RemoteWebDriver.java:599)
	at org.openqa.selenium.remote.RemoteWebDriver.findElement(RemoteWebDriver.java:352)
	at org.openqa.selenium.remote.RemoteWebDriver.findElementByXPath(RemoteWebDriver.java:449)
	at org.openqa.selenium.By$ByXPath.findElement(By.java:357)
	at org.openqa.selenium.remote.RemoteWebDriver.findElement(RemoteWebDriver.java:344)
	at com.charter.page.BasicAuthenticaion.Business_Customers_Link(BasicAuthenticaion.java:181)
	at com.charter.test.CharterDotCom.TE06_Validate_Navigation_from_charterDotCom_with_Login_option_and_Verify_Business_Customers_Link_inLoginpage(CharterDotCom.java:65)
	at sun.reflect.NativeMethodAccessorImpl.invoke0(Native Method)
	at sun.reflect.NativeMethodAccessorImpl.invoke(NativeMethodAccessorImpl.java:62)
	at sun.reflect.DelegatingMethodAccessorImpl.invoke(DelegatingMethodAccessorImpl.java:43)
	at java.lang.reflect.Method.invoke(Method.java:497)
	at org.testng.internal.MethodInvocationHelper.invokeMethod(MethodInvocationHelper.java:84)
	at org.testng.internal.Invoker.invokeMethod(Invoker.java:714)
	at org.testng.internal.Invoker.invokeTestMethod(Invoker.java:901)
	at org.testng.internal.Invoker.invokeTestMethods(Invoker.java:1231)
	at org.testng.internal.TestMethodWorker.invokeTestMethods(TestMethodWorker.java:127)
	at org.testng.internal.TestMethodWorker.run(TestMethodWorker.java:111)
	at org.testng.TestRunner.privateRun(TestRunner.java:767)
	at org.testng.TestRunner.run(TestRunner.java:617)
	at org.testng.SuiteRunner.runTest(SuiteRunner.java:348)
	at org.testng.SuiteRunner.runSequentially(SuiteRunner.java:343)
	at org.testng.SuiteRunner.privateRun(SuiteRunner.java:305)
	at org.testng.SuiteRunner.run(SuiteRunner.java:254)
	at org.testng.SuiteRunnerWorker.runSuite(SuiteRunnerWorker.java:52)
	at org.testng.SuiteRunnerWorker.run(SuiteRunnerWorker.java:86)
	at org.testng.TestNG.runSuitesSequentially(TestNG.java:1224)
	at org.testng.TestNG.runSuitesLocally(TestNG.java:1149)
	at org.testng.TestNG.run(TestNG.java:1057)
	at org.apache.maven.surefire.testng.TestNGExecutor.run(TestNGExecutor.java:122)
	at org.apache.maven.surefire.testng.TestNGXmlTestSuite.execute(TestNGXmlTestSuite.java:92)
	at org.apache.maven.surefire.testng.TestNGProvider.invoke(TestNGProvider.java:101)
	at sun.reflect.NativeMethodAccessorImpl.invoke0(Native Method)
	at sun.reflect.NativeMethodAccessorImpl.invoke(NativeMethodAccessorImpl.java:62)
	at sun.reflect.DelegatingMethodAccessorImpl.invoke(DelegatingMethodAccessorImpl.java:43)
	at java.lang.reflect.Method.invoke(Method.java:497)
	at org.apache.maven.surefire.util.ReflectionUtils.invokeMethodWithArray(ReflectionUtils.java:164)
	at org.apache.maven.surefire.booter.ProviderFactory$ProviderProxy.invoke(ProviderFactory.java:110)
	at org.apache.maven.surefire.booter.SurefireStarter.invokeProvider(SurefireStarter.java:172)
	at org.apache.maven.surefire.booter.SurefireStarter.runSuitesInProcessWhenForked(SurefireStarter.java:104)
	at org.apache.maven.surefire.booter.ForkedBooter.main(ForkedBooter.java:70)
</pre></div></td>
<td>40</td>
<td>com.charter.test.CharterDotCom@1dc67c2</td></tr>
<tr>
<td title='com.charter.test.Home.TH06_Validate_FindACharterStoreLink_NavigateTo_LocationPage_HOHuser()'><b>TH06_Validate_FindACharterStoreLink_NavigateTo_LocationPage_HOHuser</b><br>Test class: com.charter.test.Home<br>Parameters: {CardNumber=, mac_CID=, security_question=, Devicenickname=, zipcode_fID=, Account_Type=, invalidLastname=, invalidPassword=, SecurityQuestion=, lastname_fp=, password=, security_answer=, Account_pom=, invalidMAC=, Zipcode=, Relogin_UserID=, Operatingsystem=, invalidEmail=, SecurityAnswer=, couponNumber=, NewRole=, UserPassword=Testing01, City=, selectUser=, PC_Unratedcontent=, ACnumber=, Relogin_Password=, charterID=, lastname=, lastname_fID=, Zipcode_fp=, State=, firstname_CID=, zipcode_CID=, ParentalControl_TV=, mac_fID=, invalidSecurityAns=, address_CID=, ParentalControl_Unratedcontent=, Message=, ParentalControl_Movie=, TestCaseId=TH06_Validate_FindACharterStoreLink_NavigateTo_LocationPage_HOHuser, PC_TV=, Password1=, searchkey=, invalidZipcode=, lastname_CID=, fLinked_CharterID=, ExpDate=, UserID=e2e5002, CardType=, UserID1=, address_fID=, CharterID_fp=, invalidAddress=, email=, AccountNumberVerify=, LegacySiteURL=, accountnumber=, FutureDate=, Address2=, Mobilephone=, PC_Movie=, Account_DVRcontrol=, Address1=, hohuser=, ConfirmPassword=, routingnumber=, ContactEmail=, SelectDate=, ExpYear=}<br/>
<a href="#Output-31005642" onClick='toggleBox("Output-31005642", this, "Show output", "Hide output");'>Show output</a>

<a href="#Output-31005642" onClick="toggleAllBoxes();">Show all outputs</a>
<div class='log' id="Output-31005642">
<<<*** END: Home.TH06_Validate_FindACharterStoreLink_NavigateTo_LocationPage_HOHuser ***>>> <br/><br/>
=====================================================================================<br/><br/>
Test Failed :com.charter.test.Home.TH06_Validate_FindACharterStoreLink_NavigateTo_LocationPage_HOHuser, Took 260 seconds<br/><br/>
<a href='D:\Sanity Suite\sanity\target\surefire-reports\html\screenshots\TH06_Validate_FindACharterStoreLink_NavigateTo_LocationPage_HOHuser-1-03Feb16_110944.png'><img src='D:\Sanity Suite\sanity\target\surefire-reports\html\screenshots\TH06_Validate_FindACharterStoreLink_NavigateTo_LocationPage_HOHuser-1-03Feb16_110944.png' height='50' width='50'/><br></a><br/>
</div>
</td>
<td><div><pre>com.cognizant.framework.exception.BrowserBotException: Bot encountered a timeout while waiting for a condition,  Timed out after 40 seconds waiting for element to be clickable: By.xpath: //a[contains(@class,&apos;text&apos;)]/h4[contains(text(),&apos;Charter Locations&apos;)]
Build info: version: &apos;2.45.0&apos;, revision: &apos;5017cb8e7ca8e37638dc3091b2440b90a1d8686f&apos;, time: &apos;2015-02-27 09:10:26&apos;
System info: host: &apos;PC273975&apos;, ip: &apos;10.249.11.67&apos;, os.name: &apos;Windows 7&apos;, os.arch: &apos;x86&apos;, os.version: &apos;6.1&apos;, java.version: &apos;1.8.0_66&apos;
Driver info: driver.version: unknown
	at com.cognizant.framework.core.WebDriverBase.wait(WebDriverBase.java:76)
	at com.charter.page.HomePage.FindCharterStore(HomePage.java:189)
	at com.charter.test.Home.TH06_Validate_FindACharterStoreLink_NavigateTo_LocationPage_HOHuser(Home.java:117)
... Removed 33 stack frames</pre></div><a href='#' onClick='toggleBox("stack-trace31005642", this, "Click to show all stack frames", "Click to hide stack frames")'>Click to show all stack frames</a>
<div class='stack-trace' id='stack-trace31005642'><pre>com.cognizant.framework.exception.BrowserBotException: Bot encountered a timeout while waiting for a condition,  Timed out after 40 seconds waiting for element to be clickable: By.xpath: //a[contains(@class,&apos;text&apos;)]/h4[contains(text(),&apos;Charter Locations&apos;)]
Build info: version: &apos;2.45.0&apos;, revision: &apos;5017cb8e7ca8e37638dc3091b2440b90a1d8686f&apos;, time: &apos;2015-02-27 09:10:26&apos;
System info: host: &apos;PC273975&apos;, ip: &apos;10.249.11.67&apos;, os.name: &apos;Windows 7&apos;, os.arch: &apos;x86&apos;, os.version: &apos;6.1&apos;, java.version: &apos;1.8.0_66&apos;
Driver info: driver.version: unknown
	at com.cognizant.framework.core.WebDriverBase.wait(WebDriverBase.java:76)
	at com.charter.page.HomePage.FindCharterStore(HomePage.java:189)
	at com.charter.test.Home.TH06_Validate_FindACharterStoreLink_NavigateTo_LocationPage_HOHuser(Home.java:117)
	at sun.reflect.NativeMethodAccessorImpl.invoke0(Native Method)
	at sun.reflect.NativeMethodAccessorImpl.invoke(NativeMethodAccessorImpl.java:62)
	at sun.reflect.DelegatingMethodAccessorImpl.invoke(DelegatingMethodAccessorImpl.java:43)
	at java.lang.reflect.Method.invoke(Method.java:497)
	at org.testng.internal.MethodInvocationHelper.invokeMethod(MethodInvocationHelper.java:84)
	at org.testng.internal.Invoker.invokeMethod(Invoker.java:714)
	at org.testng.internal.Invoker.invokeTestMethod(Invoker.java:901)
	at org.testng.internal.Invoker.invokeTestMethods(Invoker.java:1231)
	at org.testng.internal.TestMethodWorker.invokeTestMethods(TestMethodWorker.java:127)
	at org.testng.internal.TestMethodWorker.run(TestMethodWorker.java:111)
	at org.testng.TestRunner.privateRun(TestRunner.java:767)
	at org.testng.TestRunner.run(TestRunner.java:617)
	at org.testng.SuiteRunner.runTest(SuiteRunner.java:348)
	at org.testng.SuiteRunner.runSequentially(SuiteRunner.java:343)
	at org.testng.SuiteRunner.privateRun(SuiteRunner.java:305)
	at org.testng.SuiteRunner.run(SuiteRunner.java:254)
	at org.testng.SuiteRunnerWorker.runSuite(SuiteRunnerWorker.java:52)
	at org.testng.SuiteRunnerWorker.run(SuiteRunnerWorker.java:86)
	at org.testng.TestNG.runSuitesSequentially(TestNG.java:1224)
	at org.testng.TestNG.runSuitesLocally(TestNG.java:1149)
	at org.testng.TestNG.run(TestNG.java:1057)
	at org.apache.maven.surefire.testng.TestNGExecutor.run(TestNGExecutor.java:122)
	at org.apache.maven.surefire.testng.TestNGXmlTestSuite.execute(TestNGXmlTestSuite.java:92)
	at org.apache.maven.surefire.testng.TestNGProvider.invoke(TestNGProvider.java:101)
	at sun.reflect.NativeMethodAccessorImpl.invoke0(Native Method)
	at sun.reflect.NativeMethodAccessorImpl.invoke(NativeMethodAccessorImpl.java:62)
	at sun.reflect.DelegatingMethodAccessorImpl.invoke(DelegatingMethodAccessorImpl.java:43)
	at java.lang.reflect.Method.invoke(Method.java:497)
	at org.apache.maven.surefire.util.ReflectionUtils.invokeMethodWithArray(ReflectionUtils.java:164)
	at org.apache.maven.surefire.booter.ProviderFactory$ProviderProxy.invoke(ProviderFactory.java:110)
	at org.apache.maven.surefire.booter.SurefireStarter.invokeProvider(SurefireStarter.java:172)
	at org.apache.maven.surefire.booter.SurefireStarter.runSuitesInProcessWhenForked(SurefireStarter.java:104)
	at org.apache.maven.surefire.booter.ForkedBooter.main(ForkedBooter.java:70)
</pre></div></td>
<td>260</td>
<td>com.charter.test.Home@a50da</td></tr>
<tr>
<td title='com.charter.test.Home.TH18_Validate_MyAccount_NavigateTo_OverviewPage_HOHUser()'><b>TH18_Validate_MyAccount_NavigateTo_OverviewPage_HOHUser</b><br>Test class: com.charter.test.Home<br>Parameters: {LegacySiteURL=, UserID=e2e5024, UserID1=, TestCaseId=TH18_Validate_MyAccount_NavigateTo_OverviewPage_HOHUser, UserPassword=Testing01}<br/>
<a href="#Output-8085394" onClick='toggleBox("Output-8085394", this, "Show output", "Hide output");'>Show output</a>

<a href="#Output-8085394" onClick="toggleAllBoxes();">Show all outputs</a>
<div class='log' id="Output-8085394">
<<<*** END: Home.TH18_Validate_MyAccount_NavigateTo_OverviewPage_HOHUser ***>>> <br/><br/>
=====================================================================================<br/><br/>
Test Failed :com.charter.test.Home.TH18_Validate_MyAccount_NavigateTo_OverviewPage_HOHUser, Took 482 seconds<br/><br/>
<a href='D:\Sanity Suite\sanity\target\surefire-reports\html\screenshots\TH18_Validate_MyAccount_NavigateTo_OverviewPage_HOHUser-1-03Feb16_112046.png'><img src='D:\Sanity Suite\sanity\target\surefire-reports\html\screenshots\TH18_Validate_MyAccount_NavigateTo_OverviewPage_HOHUser-1-03Feb16_112046.png' height='50' width='50'/><br></a><br/>
</div>
</td>
<td><div><pre>com.cognizant.framework.exception.BrowserBotException: Bot encountered a timeout while waiting for a condition,  Timed out after 40 seconds waiting for visibility of element located by By.xpath: // button[contains(@id,&apos;logout&apos;) and contains(text(),&apos;Sign Out&apos;)]
Build info: version: &apos;2.45.0&apos;, revision: &apos;5017cb8e7ca8e37638dc3091b2440b90a1d8686f&apos;, time: &apos;2015-02-27 09:10:26&apos;
System info: host: &apos;PC273975&apos;, ip: &apos;10.249.11.67&apos;, os.name: &apos;Windows 7&apos;, os.arch: &apos;x86&apos;, os.version: &apos;6.1&apos;, java.version: &apos;1.8.0_66&apos;
Driver info: driver.version: unknown
	at com.cognizant.framework.core.WebDriverBase.wait(WebDriverBase.java:76)
	at com.charter.page.HomePage.logoutApplication(HomePage.java:282)
	at com.charter.test.Home.TH18_Validate_MyAccount_NavigateTo_OverviewPage_HOHUser(Home.java:316)
... Removed 33 stack frames</pre></div><a href='#' onClick='toggleBox("stack-trace8085394", this, "Click to show all stack frames", "Click to hide stack frames")'>Click to show all stack frames</a>
<div class='stack-trace' id='stack-trace8085394'><pre>com.cognizant.framework.exception.BrowserBotException: Bot encountered a timeout while waiting for a condition,  Timed out after 40 seconds waiting for visibility of element located by By.xpath: // button[contains(@id,&apos;logout&apos;) and contains(text(),&apos;Sign Out&apos;)]
Build info: version: &apos;2.45.0&apos;, revision: &apos;5017cb8e7ca8e37638dc3091b2440b90a1d8686f&apos;, time: &apos;2015-02-27 09:10:26&apos;
System info: host: &apos;PC273975&apos;, ip: &apos;10.249.11.67&apos;, os.name: &apos;Windows 7&apos;, os.arch: &apos;x86&apos;, os.version: &apos;6.1&apos;, java.version: &apos;1.8.0_66&apos;
Driver info: driver.version: unknown
	at com.cognizant.framework.core.WebDriverBase.wait(WebDriverBase.java:76)
	at com.charter.page.HomePage.logoutApplication(HomePage.java:282)
	at com.charter.test.Home.TH18_Validate_MyAccount_NavigateTo_OverviewPage_HOHUser(Home.java:316)
	at sun.reflect.NativeMethodAccessorImpl.invoke0(Native Method)
	at sun.reflect.NativeMethodAccessorImpl.invoke(NativeMethodAccessorImpl.java:62)
	at sun.reflect.DelegatingMethodAccessorImpl.invoke(DelegatingMethodAccessorImpl.java:43)
	at java.lang.reflect.Method.invoke(Method.java:497)
	at org.testng.internal.MethodInvocationHelper.invokeMethod(MethodInvocationHelper.java:84)
	at org.testng.internal.Invoker.invokeMethod(Invoker.java:714)
	at org.testng.internal.Invoker.invokeTestMethod(Invoker.java:901)
	at org.testng.internal.Invoker.invokeTestMethods(Invoker.java:1231)
	at org.testng.internal.TestMethodWorker.invokeTestMethods(TestMethodWorker.java:127)
	at org.testng.internal.TestMethodWorker.run(TestMethodWorker.java:111)
	at org.testng.TestRunner.privateRun(TestRunner.java:767)
	at org.testng.TestRunner.run(TestRunner.java:617)
	at org.testng.SuiteRunner.runTest(SuiteRunner.java:348)
	at org.testng.SuiteRunner.runSequentially(SuiteRunner.java:343)
	at org.testng.SuiteRunner.privateRun(SuiteRunner.java:305)
	at org.testng.SuiteRunner.run(SuiteRunner.java:254)
	at org.testng.SuiteRunnerWorker.runSuite(SuiteRunnerWorker.java:52)
	at org.testng.SuiteRunnerWorker.run(SuiteRunnerWorker.java:86)
	at org.testng.TestNG.runSuitesSequentially(TestNG.java:1224)
	at org.testng.TestNG.runSuitesLocally(TestNG.java:1149)
	at org.testng.TestNG.run(TestNG.java:1057)
	at org.apache.maven.surefire.testng.TestNGExecutor.run(TestNGExecutor.java:122)
	at org.apache.maven.surefire.testng.TestNGXmlTestSuite.execute(TestNGXmlTestSuite.java:92)
	at org.apache.maven.surefire.testng.TestNGProvider.invoke(TestNGProvider.java:101)
	at sun.reflect.NativeMethodAccessorImpl.invoke0(Native Method)
	at sun.reflect.NativeMethodAccessorImpl.invoke(NativeMethodAccessorImpl.java:62)
	at sun.reflect.DelegatingMethodAccessorImpl.invoke(DelegatingMethodAccessorImpl.java:43)
	at java.lang.reflect.Method.invoke(Method.java:497)
	at org.apache.maven.surefire.util.ReflectionUtils.invokeMethodWithArray(ReflectionUtils.java:164)
	at org.apache.maven.surefire.booter.ProviderFactory$ProviderProxy.invoke(ProviderFactory.java:110)
	at org.apache.maven.surefire.booter.SurefireStarter.invokeProvider(SurefireStarter.java:172)
	at org.apache.maven.surefire.booter.SurefireStarter.runSuitesInProcessWhenForked(SurefireStarter.java:104)
	at org.apache.maven.surefire.booter.ForkedBooter.main(ForkedBooter.java:70)
</pre></div></td>
<td>482</td>
<td>com.charter.test.Home@a50da</td></tr>
<tr>
<td title='com.charter.test.Login.TL01_Validate_ChaterValidLogin()'><b>TL01_Validate_ChaterValidLogin</b><br>Test class: com.charter.test.Login<br>Parameters: {CardNumber=, mac_CID=, security_question=, Devicenickname=, zipcode_fID=, Account_Type=, invalidLastname=, invalidPassword=, SecurityQuestion=, lastname_fp=, password=, security_answer=, Account_pom=, invalidMAC=, Zipcode=, Relogin_UserID=, Operatingsystem=, invalidEmail=, SecurityAnswer=, couponNumber=, NewRole=, UserPassword=Testing01, City=, selectUser=, PC_Unratedcontent=, ACnumber=, Relogin_Password=, charterID=, lastname=, lastname_fID=, Zipcode_fp=, State=, firstname_CID=, zipcode_CID=, ParentalControl_TV=, mac_fID=, invalidSecurityAns=, address_CID=, ParentalControl_Unratedcontent=, Message=, ParentalControl_Movie=, TestCaseId=TL01_Validate_ChaterValidLogin, PC_TV=, Password1=, searchkey=, invalidZipcode=, lastname_CID=, fLinked_CharterID=, ExpDate=, UserID=tdr33001, CardType=, UserID1=, address_fID=, CharterID_fp=, invalidAddress=, email=, AccountNumberVerify=, LegacySiteURL=, accountnumber=, FutureDate=, Statement=, Address2=, Mobilephone=, PC_Movie=, Account_DVRcontrol=, Address1=, hohuser=, ConfirmPassword=, routingnumber=, ContactEmail=, SelectDate=, ExpYear=}<br/>
<a href="#Output-24827123" onClick='toggleBox("Output-24827123", this, "Show output", "Hide output");'>Show output</a>

<a href="#Output-24827123" onClick="toggleAllBoxes();">Show all outputs</a>
<div class='log' id="Output-24827123">
<<<*** END: Login.TL01_Validate_ChaterValidLogin ***>>> <br/><br/>
=====================================================================================<br/><br/>
Test Failed :com.charter.test.Login.TL01_Validate_ChaterValidLogin, Took 84 seconds<br/><br/>
<a href='D:\Sanity Suite\sanity\target\surefire-reports\html\screenshots\TL01_Validate_ChaterValidLogin-1-03Feb16_113842.png'><img src='D:\Sanity Suite\sanity\target\surefire-reports\html\screenshots\TL01_Validate_ChaterValidLogin-1-03Feb16_113842.png' height='50' width='50'/><br></a><br/>
</div>
</td>
<td><div><pre>org.openqa.selenium.StaleElementReferenceException: stale element reference: element is not attached to the page document
  (Session info: chrome=46.0.2490.71)
  (Driver info: chromedriver=2.19.346078 (6f1f0cde889532d48ce8242342d0b84f94b114a1),platform=Windows NT 6.1 SP1 x86) (WARNING: The server did not provide any stacktrace information)
Command duration or timeout: 3.72 seconds
For documentation on this error, please visit: http://seleniumhq.org/exceptions/stale_element_reference.html
Build info: version: &apos;2.45.0&apos;, revision: &apos;5017cb8e7ca8e37638dc3091b2440b90a1d8686f&apos;, time: &apos;2015-02-27 09:10:26&apos;
System info: host: &apos;PC273975&apos;, ip: &apos;10.249.11.67&apos;, os.name: &apos;Windows 7&apos;, os.arch: &apos;x86&apos;, os.version: &apos;6.1&apos;, java.version: &apos;1.8.0_66&apos;
Driver info: org.openqa.selenium.chrome.ChromeDriver
Capabilities [{applicationCacheEnabled=false, rotatable=false, mobileEmulationEnabled=false, chrome={userDataDir=C:\Users\401508\AppData\Local\Temp\scoped_dir11444_2709}, takesHeapSnapshot=true, databaseEnabled=false, handlesAlerts=true, hasTouchScreen=false, version=46.0.2490.71, platform=XP, browserConnectionEnabled=false, nativeEvents=true, acceptSslCerts=true, locationContextEnabled=true, webStorageEnabled=true, browserName=chrome, takesScreenshot=true, javascriptEnabled=true, cssSelectorsEnabled=true}]
Session ID: 03920f76df4f3b2531f124bf4c8c1a0f
	at org.openqa.selenium.remote.ErrorHandler.createThrowable(ErrorHandler.java:204)
	at org.openqa.selenium.remote.ErrorHandler.throwIfResponseFailed(ErrorHandler.java:156)
	at org.openqa.selenium.remote.RemoteWebDriver.execute(RemoteWebDriver.java:599)
	at org.openqa.selenium.remote.RemoteWebElement.execute(RemoteWebElement.java:268)
	at org.openqa.selenium.remote.RemoteWebElement.getText(RemoteWebElement.java:152)
	at com.charter.page.AuthenticationPage.ValidLogin(AuthenticationPage.java:1338)
	at com.charter.test.Login.TL01_Validate_ChaterValidLogin(Login.java:27)
... Removed 37 stack frames</pre></div><a href='#' onClick='toggleBox("stack-trace24827123", this, "Click to show all stack frames", "Click to hide stack frames")'>Click to show all stack frames</a>
<div class='stack-trace' id='stack-trace24827123'><pre>org.openqa.selenium.StaleElementReferenceException: stale element reference: element is not attached to the page document
  (Session info: chrome=46.0.2490.71)
  (Driver info: chromedriver=2.19.346078 (6f1f0cde889532d48ce8242342d0b84f94b114a1),platform=Windows NT 6.1 SP1 x86) (WARNING: The server did not provide any stacktrace information)
Command duration or timeout: 3.72 seconds
For documentation on this error, please visit: http://seleniumhq.org/exceptions/stale_element_reference.html
Build info: version: &apos;2.45.0&apos;, revision: &apos;5017cb8e7ca8e37638dc3091b2440b90a1d8686f&apos;, time: &apos;2015-02-27 09:10:26&apos;
System info: host: &apos;PC273975&apos;, ip: &apos;10.249.11.67&apos;, os.name: &apos;Windows 7&apos;, os.arch: &apos;x86&apos;, os.version: &apos;6.1&apos;, java.version: &apos;1.8.0_66&apos;
Driver info: org.openqa.selenium.chrome.ChromeDriver
Capabilities [{applicationCacheEnabled=false, rotatable=false, mobileEmulationEnabled=false, chrome={userDataDir=C:\Users\401508\AppData\Local\Temp\scoped_dir11444_2709}, takesHeapSnapshot=true, databaseEnabled=false, handlesAlerts=true, hasTouchScreen=false, version=46.0.2490.71, platform=XP, browserConnectionEnabled=false, nativeEvents=true, acceptSslCerts=true, locationContextEnabled=true, webStorageEnabled=true, browserName=chrome, takesScreenshot=true, javascriptEnabled=true, cssSelectorsEnabled=true}]
Session ID: 03920f76df4f3b2531f124bf4c8c1a0f
	at sun.reflect.NativeConstructorAccessorImpl.newInstance0(Native Method)
	at sun.reflect.NativeConstructorAccessorImpl.newInstance(NativeConstructorAccessorImpl.java:62)
	at sun.reflect.DelegatingConstructorAccessorImpl.newInstance(DelegatingConstructorAccessorImpl.java:45)
	at java.lang.reflect.Constructor.newInstance(Constructor.java:422)
	at org.openqa.selenium.remote.ErrorHandler.createThrowable(ErrorHandler.java:204)
	at org.openqa.selenium.remote.ErrorHandler.throwIfResponseFailed(ErrorHandler.java:156)
	at org.openqa.selenium.remote.RemoteWebDriver.execute(RemoteWebDriver.java:599)
	at org.openqa.selenium.remote.RemoteWebElement.execute(RemoteWebElement.java:268)
	at org.openqa.selenium.remote.RemoteWebElement.getText(RemoteWebElement.java:152)
	at com.charter.page.AuthenticationPage.ValidLogin(AuthenticationPage.java:1338)
	at com.charter.test.Login.TL01_Validate_ChaterValidLogin(Login.java:27)
	at sun.reflect.NativeMethodAccessorImpl.invoke0(Native Method)
	at sun.reflect.NativeMethodAccessorImpl.invoke(NativeMethodAccessorImpl.java:62)
	at sun.reflect.DelegatingMethodAccessorImpl.invoke(DelegatingMethodAccessorImpl.java:43)
	at java.lang.reflect.Method.invoke(Method.java:497)
	at org.testng.internal.MethodInvocationHelper.invokeMethod(MethodInvocationHelper.java:84)
	at org.testng.internal.Invoker.invokeMethod(Invoker.java:714)
	at org.testng.internal.Invoker.invokeTestMethod(Invoker.java:901)
	at org.testng.internal.Invoker.invokeTestMethods(Invoker.java:1231)
	at org.testng.internal.TestMethodWorker.invokeTestMethods(TestMethodWorker.java:127)
	at org.testng.internal.TestMethodWorker.run(TestMethodWorker.java:111)
	at org.testng.TestRunner.privateRun(TestRunner.java:767)
	at org.testng.TestRunner.run(TestRunner.java:617)
	at org.testng.SuiteRunner.runTest(SuiteRunner.java:348)
	at org.testng.SuiteRunner.runSequentially(SuiteRunner.java:343)
	at org.testng.SuiteRunner.privateRun(SuiteRunner.java:305)
	at org.testng.SuiteRunner.run(SuiteRunner.java:254)
	at org.testng.SuiteRunnerWorker.runSuite(SuiteRunnerWorker.java:52)
	at org.testng.SuiteRunnerWorker.run(SuiteRunnerWorker.java:86)
	at org.testng.TestNG.runSuitesSequentially(TestNG.java:1224)
	at org.testng.TestNG.runSuitesLocally(TestNG.java:1149)
	at org.testng.TestNG.run(TestNG.java:1057)
	at org.apache.maven.surefire.testng.TestNGExecutor.run(TestNGExecutor.java:122)
	at org.apache.maven.surefire.testng.TestNGXmlTestSuite.execute(TestNGXmlTestSuite.java:92)
	at org.apache.maven.surefire.testng.TestNGProvider.invoke(TestNGProvider.java:101)
	at sun.reflect.NativeMethodAccessorImpl.invoke0(Native Method)
	at sun.reflect.NativeMethodAccessorImpl.invoke(NativeMethodAccessorImpl.java:62)
	at sun.reflect.DelegatingMethodAccessorImpl.invoke(DelegatingMethodAccessorImpl.java:43)
	at java.lang.reflect.Method.invoke(Method.java:497)
	at org.apache.maven.surefire.util.ReflectionUtils.invokeMethodWithArray(ReflectionUtils.java:164)
	at org.apache.maven.surefire.booter.ProviderFactory$ProviderProxy.invoke(ProviderFactory.java:110)
	at org.apache.maven.surefire.booter.SurefireStarter.invokeProvider(SurefireStarter.java:172)
	at org.apache.maven.surefire.booter.SurefireStarter.runSuitesInProcessWhenForked(SurefireStarter.java:104)
	at org.apache.maven.surefire.booter.ForkedBooter.main(ForkedBooter.java:70)
</pre></div></td>
<td>84</td>
<td>com.charter.test.Login@1be656f</td></tr>
</table><p>
<table width='100%' border='1' class='invocation-passed'>
<tr><td colspan='4' align='center'><b>PASSED TESTS</b></td></tr>
<tr><td><b>Test method</b></td>
<td width="30%"><b>Exception</b></td>
<td width="10%"><b>Time (seconds)</b></td>
<td><b>Instance</b></td>
</tr>
<tr>
<td title='com.charter.test.ForgotUsername.TA051_Validate_ForgotUsername_Non_Converted_CharterID()'><b>TA051_Validate_ForgotUsername_Non_Converted_CharterID</b><br>Test class: com.charter.test.ForgotUsername<br>Parameters: {CardNumber=, mac_CID=, security_question=, zipcode_fID=63129, invalidLastname=, invalidPassword=, TestCaseId=TA051_Validate_ForgotUsername_Non_Converted_CharterID, lastname_fp=, invalidZipcode=, password=, security_answer=red, lastname_CID=, fLinked_CharterID=rel3302, ExpDate=, UserID=, CardType=, invalidMAC=, UserID1=, address_fID=, CharterID_fp=, invalidAddress=, invalidEmail=, email=, AccountNumberVerify=Account Number, LegacySiteURL=, FutureDate=, UserPassword=Testing01, Mobilephone=, ACnumber=8345780014611846 , hohuser=, charterID=, lastname=, lastname_fID=, Zipcode_fp=, firstname_CID=, zipcode_CID=, SelectDate=, mac_fID=, invalidSecurityAns=, ExpYear=, address_CID=}<br/>
<a href="#Output-21654414" onClick='toggleBox("Output-21654414", this, "Show output", "Hide output");'>Show output</a>

<a href="#Output-21654414" onClick="toggleAllBoxes();">Show all outputs</a>
<div class='log' id="Output-21654414">
<<<*** END: ForgotUsername.TA051_Validate_ForgotUsername_Non_Converted_CharterID ***>>> <br/><br/>
=====================================================================================<br/><br/>
Test Passed :com.charter.test.ForgotUsername.TA051_Validate_ForgotUsername_Non_Converted_CharterID, Took 22 seconds<br/><br/>
</div>
</td>
<td></td>
<td>22</td>
<td>com.charter.test.ForgotUsername@6be2c3</td></tr>
<tr>
<td title='com.charter.test.ForgotUsername.TA20_Validate_RetrievingChaterID_HOHuser()'><b>TA20_Validate_RetrievingChaterID_HOHuser</b><br>Test class: com.charter.test.ForgotUsername<br>Parameters: {CardNumber=, mac_CID=, security_question=, zipcode_fID=63129, invalidLastname=, invalidPassword=, TestCaseId=TA20_Validate_RetrievingChaterID_HOHuser, lastname_fp=, invalidZipcode=, password=, security_answer=red, lastname_CID=, fLinked_CharterID=e2erel3012 , ExpDate=, UserID=, CardType=, invalidMAC=, UserID1=, address_fID=, CharterID_fp=, invalidAddress=, invalidEmail=, email=, AccountNumberVerify=Account Number, LegacySiteURL=, FutureDate=, UserPassword=Testing01, Mobilephone=, ACnumber=8345780014518470, hohuser=, charterID=, lastname=, lastname_fID=, Zipcode_fp=, firstname_CID=, zipcode_CID=, SelectDate=, mac_fID=, invalidSecurityAns=, ExpYear=, address_CID=}<br/>
<a href="#Output-15872677" onClick='toggleBox("Output-15872677", this, "Show output", "Hide output");'>Show output</a>

<a href="#Output-15872677" onClick="toggleAllBoxes();">Show all outputs</a>
<div class='log' id="Output-15872677">
<<<*** END: ForgotUsername.TA20_Validate_RetrievingChaterID_HOHuser ***>>> <br/><br/>
=====================================================================================<br/><br/>
Test Passed :com.charter.test.ForgotUsername.TA20_Validate_RetrievingChaterID_HOHuser, Took 29 seconds<br/><br/>
</div>
</td>
<td></td>
<td>29</td>
<td>com.charter.test.ForgotUsername@6be2c3</td></tr>
<tr>
<td title='com.charter.test.ForgotUsername.TA21_Validate_RetrievingChaterID_AdminUser()'><b>TA21_Validate_RetrievingChaterID_AdminUser</b><br>Test class: com.charter.test.ForgotUsername<br>Parameters: {CardNumber=, mac_CID=, security_question=, zipcode_fID=63129, invalidLastname=, invalidPassword=, TestCaseId=TA21_Validate_RetrievingChaterID_AdminUser, lastname_fp=, invalidZipcode=, password=, security_answer=red, lastname_CID=, fLinked_CharterID=admin_e2erel3012, ExpDate=, UserID=, CardType=, invalidMAC=, UserID1=, address_fID=, CharterID_fp=, invalidAddress=, invalidEmail=, email=, AccountNumberVerify=Account Number, LegacySiteURL=, FutureDate=, UserPassword=Testing01, Mobilephone=, ACnumber=8345780014518470, hohuser=, charterID=, lastname=, lastname_fID=, Zipcode_fp=, firstname_CID=, zipcode_CID=, SelectDate=, mac_fID=, invalidSecurityAns=, ExpYear=, address_CID=}<br/>
<a href="#Output-29803087" onClick='toggleBox("Output-29803087", this, "Show output", "Hide output");'>Show output</a>

<a href="#Output-29803087" onClick="toggleAllBoxes();">Show all outputs</a>
<div class='log' id="Output-29803087">
<<<*** END: ForgotUsername.TA21_Validate_RetrievingChaterID_AdminUser ***>>> <br/><br/>
=====================================================================================<br/><br/>
Test Passed :com.charter.test.ForgotUsername.TA21_Validate_RetrievingChaterID_AdminUser, Took 27 seconds<br/><br/>
</div>
</td>
<td></td>
<td>27</td>
<td>com.charter.test.ForgotUsername@6be2c3</td></tr>
<tr>
<td title='com.charter.test.ForgotUsername.TA22_Validate_RetrievingChaterID_StandardUser()'><b>TA22_Validate_RetrievingChaterID_StandardUser</b><br>Test class: com.charter.test.ForgotUsername<br>Parameters: {CardNumber=, mac_CID=, security_question=, zipcode_fID=63129, invalidLastname=, invalidPassword=, TestCaseId=TA22_Validate_RetrievingChaterID_StandardUser, lastname_fp=, invalidZipcode=, password=, security_answer=red, lastname_CID=, fLinked_CharterID=standard_e2erel3012 , ExpDate=, UserID=, CardType=, invalidMAC=, UserID1=, address_fID=, CharterID_fp=, invalidAddress=, invalidEmail=, email=, AccountNumberVerify=Account Number, LegacySiteURL=, FutureDate=, UserPassword=Testing01, Mobilephone=, ACnumber=8345780014518470, hohuser=, charterID=, lastname=, lastname_fID=, Zipcode_fp=, firstname_CID=, zipcode_CID=, SelectDate=, mac_fID=, invalidSecurityAns=, ExpYear=, address_CID=}<br/>
<a href="#Output-19561843" onClick='toggleBox("Output-19561843", this, "Show output", "Hide output");'>Show output</a>

<a href="#Output-19561843" onClick="toggleAllBoxes();">Show all outputs</a>
<div class='log' id="Output-19561843">
<<<*** END: ForgotUsername.TA22_Validate_RetrievingChaterID_StandardUser ***>>> <br/><br/>
=====================================================================================<br/><br/>
Test Passed :com.charter.test.ForgotUsername.TA22_Validate_RetrievingChaterID_StandardUser, Took 21 seconds<br/><br/>
</div>
</td>
<td></td>
<td>21</td>
<td>com.charter.test.ForgotUsername@6be2c3</td></tr>
<tr>
<td title='com.charter.test.ForgotPassword.TA37_Validate_RetrievingPassword_AdminUser()'><b>TA37_Validate_RetrievingPassword_AdminUser</b><br>Test class: com.charter.test.ForgotPassword<br>Parameters: {CardNumber=, mac_CID=, security_question=, zipcode_fID=, invalidLastname=, invalidPassword=, TestCaseId=TA37_Validate_RetrievingPassword_AdminUser, lastname_fp=, invalidZipcode=, password=, security_answer=red, lastname_CID=, fLinked_CharterID=, ExpDate=, UserID=, CardType=, invalidMAC=, UserID1=, address_fID=, CharterID_fp=e2erel3038_admin, invalidAddress=, invalidEmail=, email=, AccountNumberVerify=, LegacySiteURL=, FutureDate=, UserPassword=Testing01, Mobilephone=, ACnumber=, hohuser=, charterID=, lastname=, lastname_fID=, Zipcode_fp=92307, firstname_CID=, zipcode_CID=, SelectDate=, mac_fID=, invalidSecurityAns=, ExpYear=, address_CID=}<br/>
<a href="#Output-30226368" onClick='toggleBox("Output-30226368", this, "Show output", "Hide output");'>Show output</a>

<a href="#Output-30226368" onClick="toggleAllBoxes();">Show all outputs</a>
<div class='log' id="Output-30226368">
<<<*** END: ForgotPassword.TA37_Validate_RetrievingPassword_AdminUser ***>>> <br/><br/>
=====================================================================================<br/><br/>
Test Passed :com.charter.test.ForgotPassword.TA37_Validate_RetrievingPassword_AdminUser, Took 33 seconds<br/><br/>
</div>
</td>
<td></td>
<td>33</td>
<td>com.charter.test.ForgotPassword@13fcdb0</td></tr>
<tr>
<td title='com.charter.test.ForgotPassword.TA38_Validate_RetrievingPassword_StandardUser()'><b>TA38_Validate_RetrievingPassword_StandardUser</b><br>Test class: com.charter.test.ForgotPassword<br>Parameters: {CardNumber=, mac_CID=, security_question=, zipcode_fID=, invalidLastname=, invalidPassword=, TestCaseId=TA38_Validate_RetrievingPassword_StandardUser, lastname_fp=, invalidZipcode=, password=, security_answer=red, lastname_CID=, fLinked_CharterID=, ExpDate=, UserID=, CardType=, invalidMAC=, UserID1=, address_fID=, CharterID_fp=e2erel3038_std , invalidAddress=, invalidEmail=, email=, AccountNumberVerify=, LegacySiteURL=, FutureDate=, UserPassword=Testing01, Mobilephone=, ACnumber=, hohuser=, charterID=, lastname=, lastname_fID=, Zipcode_fp=92307, firstname_CID=, zipcode_CID=, SelectDate=, mac_fID=, invalidSecurityAns=, ExpYear=, address_CID=}<br/>
<a href="#Output-3312947" onClick='toggleBox("Output-3312947", this, "Show output", "Hide output");'>Show output</a>

<a href="#Output-3312947" onClick="toggleAllBoxes();">Show all outputs</a>
<div class='log' id="Output-3312947">
<<<*** END: ForgotPassword.TA38_Validate_RetrievingPassword_StandardUser ***>>> <br/><br/>
=====================================================================================<br/><br/>
Test Passed :com.charter.test.ForgotPassword.TA38_Validate_RetrievingPassword_StandardUser, Took 31 seconds<br/><br/>
</div>
</td>
<td></td>
<td>31</td>
<td>com.charter.test.ForgotPassword@13fcdb0</td></tr>
<tr>
<td title='com.charter.test.ForgotUsername.TA50_Validate_ForgotUsername_Non_Converted_MS_Login()'><b>TA50_Validate_ForgotUsername_Non_Converted_MS_Login</b><br>Test class: com.charter.test.ForgotUsername<br>Parameters: {CardNumber=, mac_CID=, security_question=, Devicenickname=, zipcode_fID=63129, Account_Type=, invalidLastname=, invalidPassword=, SecurityQuestion=, lastname_fp=, password=, security_answer=red, Account_pom=, invalidMAC=, Zipcode=, Relogin_UserID=, Operatingsystem=, invalidEmail=, SecurityAnswer=, couponNumber=, NewRole=, UserPassword=Testing01, City=, selectUser=, PC_Unratedcontent=, ACnumber=8345780014596393, Relogin_Password=, charterID=, lastname=, lastname_fID=, Zipcode_fp=, State=, firstname_CID=, zipcode_CID=, ParentalControl_TV=, mac_fID=, invalidSecurityAns=, address_CID=, ParentalControl_Unratedcontent=, Message=, ParentalControl_Movie=, TestCaseId=TA50_Validate_ForgotUsername_Non_Converted_MS_Login, PC_TV=, Password1=, searchkey=, invalidZipcode=, lastname_CID=, fLinked_CharterID=enge2e007, ExpDate=, UserID=, CardType=, UserID1=, address_fID=, CharterID_fp=, invalidAddress=, email=, AccountNumberVerify=Account Number, LegacySiteURL=, accountnumber=, FutureDate=, Statement=, Address2=, Mobilephone=, PC_Movie=, Account_DVRcontrol=, Address1=, hohuser=, ConfirmPassword=, routingnumber=, ContactEmail=, SelectDate=, ExpYear=}<br/>
<a href="#Output-11363941" onClick='toggleBox("Output-11363941", this, "Show output", "Hide output");'>Show output</a>

<a href="#Output-11363941" onClick="toggleAllBoxes();">Show all outputs</a>
<div class='log' id="Output-11363941">
<<<*** END: ForgotUsername.TA50_Validate_ForgotUsername_Non_Converted_MS_Login ***>>> <br/><br/>
=====================================================================================<br/><br/>
Test Passed :com.charter.test.ForgotUsername.TA50_Validate_ForgotUsername_Non_Converted_MS_Login, Took 20 seconds<br/><br/>
</div>
</td>
<td></td>
<td>20</td>
<td>com.charter.test.ForgotUsername@6be2c3</td></tr>
<tr>
<td title='com.charter.test.ForgotPassword.TA52_Validate_ForgotPassword_Non_Converted_MS_Login()'><b>TA52_Validate_ForgotPassword_Non_Converted_MS_Login</b><br>Test class: com.charter.test.ForgotPassword<br>Parameters: {CardNumber=, mac_CID=, security_question=, Devicenickname=, zipcode_fID=, Account_Type=, invalidLastname=, invalidPassword=, SecurityQuestion=, lastname_fp=, password=, security_answer=red, Account_pom=, invalidMAC=, Zipcode=, Relogin_UserID=, Operatingsystem=, invalidEmail=, SecurityAnswer=, couponNumber=, NewRole=, UserPassword=Testing01, City=, selectUser=, PC_Unratedcontent=, ACnumber=, Relogin_Password=, charterID=, lastname=, lastname_fID=, Zipcode_fp=63129, State=, firstname_CID=, zipcode_CID=, ParentalControl_TV=, mac_fID=, invalidSecurityAns=, address_CID=, ParentalControl_Unratedcontent=, Message=, ParentalControl_Movie=, TestCaseId=TA52_Validate_ForgotPassword_Non_Converted_MS_Login, PC_TV=, Password1=, searchkey=, invalidZipcode=, lastname_CID=, fLinked_CharterID=, ExpDate=, UserID=, CardType=, UserID1=, address_fID=, CharterID_fp=tdr33017a, invalidAddress=, email=, AccountNumberVerify=, LegacySiteURL=, accountnumber=, FutureDate=, Statement=, Address2=, Mobilephone=, PC_Movie=, Account_DVRcontrol=, Address1=, hohuser=, ConfirmPassword=, routingnumber=, ContactEmail=, SelectDate=, ExpYear=}<br/>
<a href="#Output-28094269" onClick='toggleBox("Output-28094269", this, "Show output", "Hide output");'>Show output</a>

<a href="#Output-28094269" onClick="toggleAllBoxes();">Show all outputs</a>
<div class='log' id="Output-28094269">
<<<*** END: ForgotPassword.TA52_Validate_ForgotPassword_Non_Converted_MS_Login ***>>> <br/><br/>
=====================================================================================<br/><br/>
Test Passed :com.charter.test.ForgotPassword.TA52_Validate_ForgotPassword_Non_Converted_MS_Login, Took 58 seconds<br/><br/>
</div>
</td>
<td></td>
<td>58</td>
<td>com.charter.test.ForgotPassword@13fcdb0</td></tr>
<tr>
<td title='com.charter.test.ForgotPassword.TA53_Validate_ForgotPassword_Non_Converted_CharterID()'><b>TA53_Validate_ForgotPassword_Non_Converted_CharterID</b><br>Test class: com.charter.test.ForgotPassword<br>Parameters: {CardNumber=, mac_CID=, security_question=, Devicenickname=, zipcode_fID=, Account_Type=, invalidLastname=, invalidPassword=, SecurityQuestion=, lastname_fp=, password=, security_answer=bcci, Account_pom=, invalidMAC=, Zipcode=, Relogin_UserID=, Operatingsystem=, invalidEmail=, SecurityAnswer=, couponNumber=, NewRole=, UserPassword=Testing01, City=, selectUser=, PC_Unratedcontent=, ACnumber=, Relogin_Password=, charterID=, lastname=, lastname_fID=, Zipcode_fp=63129, State=, firstname_CID=, zipcode_CID=, ParentalControl_TV=, mac_fID=, invalidSecurityAns=, address_CID=, ParentalControl_Unratedcontent=, Message=, ParentalControl_Movie=, TestCaseId=TA53_Validate_ForgotPassword_Non_Converted_CharterID, PC_TV=, Password1=, searchkey=, invalidZipcode=, lastname_CID=, fLinked_CharterID=, ExpDate=, UserID=, CardType=, UserID1=, address_fID=, CharterID_fp=uatadd205, invalidAddress=, email=, AccountNumberVerify=, LegacySiteURL=, accountnumber=, FutureDate=, Statement=, Address2=, Mobilephone=, PC_Movie=, Account_DVRcontrol=, Address1=, hohuser=, ConfirmPassword=, routingnumber=, ContactEmail=, SelectDate=, ExpYear=}<br/>
<a href="#Output-18341223" onClick='toggleBox("Output-18341223", this, "Show output", "Hide output");'>Show output</a>

<a href="#Output-18341223" onClick="toggleAllBoxes();">Show all outputs</a>
<div class='log' id="Output-18341223">
<<<*** END: ForgotPassword.TA53_Validate_ForgotPassword_Non_Converted_CharterID ***>>> <br/><br/>
=====================================================================================<br/><br/>
Test Passed :com.charter.test.ForgotPassword.TA53_Validate_ForgotPassword_Non_Converted_CharterID, Took 32 seconds<br/><br/>
</div>
</td>
<td></td>
<td>32</td>
<td>com.charter.test.ForgotPassword@13fcdb0</td></tr>
<tr>
<td title='com.charter.test.ForgotPassword.TA54_Validate_ForgotPassword_Converted_CharterID()'><b>TA54_Validate_ForgotPassword_Converted_CharterID</b><br>Test class: com.charter.test.ForgotPassword<br>Parameters: {CardNumber=, mac_CID=, security_question=, Devicenickname=, zipcode_fID=, Account_Type=, invalidLastname=, invalidPassword=, SecurityQuestion=, lastname_fp=, password=, security_answer=red, Account_pom=, invalidMAC=, Zipcode=, Relogin_UserID=, Operatingsystem=, invalidEmail=, SecurityAnswer=, couponNumber=, NewRole=, UserPassword=Testing01, City=, selectUser=, PC_Unratedcontent=, ACnumber=, Relogin_Password=, charterID=, lastname=, lastname_fID=, Zipcode_fp=90815, State=, firstname_CID=, zipcode_CID=, ParentalControl_TV=, mac_fID=, invalidSecurityAns=, address_CID=, ParentalControl_Unratedcontent=, Message=, ParentalControl_Movie=, TestCaseId=TA54_Validate_ForgotPassword_Converted_CharterID, PC_TV=, Password1=, searchkey=, invalidZipcode=, lastname_CID=, fLinked_CharterID=, ExpDate=, UserID=, CardType=, UserID1=, address_fID=, CharterID_fp=TDR33005, invalidAddress=, email=, AccountNumberVerify=, LegacySiteURL=, accountnumber=, FutureDate=, Statement=, Address2=, Mobilephone=, PC_Movie=, Account_DVRcontrol=, Address1=, hohuser=, ConfirmPassword=, routingnumber=, ContactEmail=, SelectDate=, ExpYear=}<br/>
<a href="#Output-13057062" onClick='toggleBox("Output-13057062", this, "Show output", "Hide output");'>Show output</a>

<a href="#Output-13057062" onClick="toggleAllBoxes();">Show all outputs</a>
<div class='log' id="Output-13057062">
<<<*** END: ForgotPassword.TA54_Validate_ForgotPassword_Converted_CharterID ***>>> <br/><br/>
=====================================================================================<br/><br/>
Test Passed :com.charter.test.ForgotPassword.TA54_Validate_ForgotPassword_Converted_CharterID, Took 34 seconds<br/><br/>
</div>
</td>
<td></td>
<td>34</td>
<td>com.charter.test.ForgotPassword@13fcdb0</td></tr>
<tr>
<td title='com.charter.test.MyAccount.TC01_Validate_OverviewPageHeaders_HOHUser()'><b>TC01_Validate_OverviewPageHeaders_HOHUser</b><br>Test class: com.charter.test.MyAccount<br>Parameters: {UserID=e2e5020, UserID1=, TestCaseId=TC01_Validate_OverviewPageHeaders_HOHUser, UserPassword=Testing01}<br/>
<a href="#Output-23327181" onClick='toggleBox("Output-23327181", this, "Show output", "Hide output");'>Show output</a>

<a href="#Output-23327181" onClick="toggleAllBoxes();">Show all outputs</a>
<div class='log' id="Output-23327181">
Expected value: Billing Actual value: Billing - PASSED : BTSection<br/><br/>
<<<*** END: MyAccount.TC01_Validate_OverviewPageHeaders_HOHUser ***>>> <br/><br/>
=====================================================================================<br/><br/>
Test Passed :com.charter.test.MyAccount.TC01_Validate_OverviewPageHeaders_HOHUser, Took 27 seconds<br/><br/>
</div>
</td>
<td></td>
<td>27</td>
<td>com.charter.test.MyAccount@1af3c0</td></tr>
<tr>
<td title='com.charter.test.MyAccount.TC02_Validate_BillingandTransactionSection_HOHUser()'><b>TC02_Validate_BillingandTransactionSection_HOHUser</b><br>Test class: com.charter.test.MyAccount<br>Parameters: {UserID=e2e5016, UserID1=, TestCaseId=TC02_Validate_BillingandTransactionSection_HOHUser, UserPassword=Testing01}<br/>
<a href="#Output-31866029" onClick='toggleBox("Output-31866029", this, "Show output", "Hide output");'>Show output</a>

<a href="#Output-31866029" onClick="toggleAllBoxes();">Show all outputs</a>
<div class='log' id="Output-31866029">
<<<*** END: MyAccount.TC02_Validate_BillingandTransactionSection_HOHUser ***>>> <br/><br/>
=====================================================================================<br/><br/>
Test Passed :com.charter.test.MyAccount.TC02_Validate_BillingandTransactionSection_HOHUser, Took 39 seconds<br/><br/>
</div>
</td>
<td></td>
<td>39</td>
<td>com.charter.test.MyAccount@1af3c0</td></tr>
<tr>
<td title='com.charter.test.MyAccount.TC03_Validate_AskCharterWidget_HOHUser()'><b>TC03_Validate_AskCharterWidget_HOHUser</b><br>Test class: com.charter.test.MyAccount<br>Parameters: {CardNumber=, mac_CID=, zipcode_fID=, invalidLastname=, invalidPassword=, TestCaseId=TC03_Validate_AskCharterWidget_HOHUser, lastname_fp=, invalidZipcode=, lastname_CID=, fLinked_CharterID=, ExpDate=, UserID=e2e5023, CardType=, invalidMAC=, UserID1=, address_fID=, CharterID_fp=, invalidAddress=, invalidEmail=, AccountNumberVerify=, LegacySiteURL=, FutureDate=, UserPassword=Testing01, ACnumber=, hohuser=, lastname=, lastname_fID=, Zipcode_fp=, firstname_CID=, zipcode_CID=, SelectDate=, mac_fID=, invalidSecurityAns=, ExpYear=, address_CID=}<br/>
<a href="#Output-4176838" onClick='toggleBox("Output-4176838", this, "Show output", "Hide output");'>Show output</a>

<a href="#Output-4176838" onClick="toggleAllBoxes();">Show all outputs</a>
<div class='log' id="Output-4176838">
<<<*** END: MyAccount.TC03_Validate_AskCharterWidget_HOHUser ***>>> <br/><br/>
=====================================================================================<br/><br/>
Test Passed :com.charter.test.MyAccount.TC03_Validate_AskCharterWidget_HOHUser, Took 32 seconds<br/><br/>
</div>
</td>
<td></td>
<td>32</td>
<td>com.charter.test.MyAccount@1af3c0</td></tr>
<tr>
<td title='com.charter.test.MyAccount.TC13_Validate_OverviewPage_AvatarImagesViewProfile_HOHUser()'><b>TC13_Validate_OverviewPage_AvatarImagesViewProfile_HOHUser</b><br>Test class: com.charter.test.MyAccount<br>Parameters: {CardNumber=, mac_CID=, zipcode_fID=, invalidPassword=, TestCaseId=TC13_Validate_OverviewPage_AvatarImagesViewProfile_HOHUser, lastname_fp=, invalidZipcode=, lastname_CID=, fLinked_CharterID=, ExpDate=, UserID=e2e5023, CardType=, UserID1=, address_fID=, CharterID_fp=, AccountNumberVerify=, LegacySiteURL=, FutureDate=, UserPassword=Testing01, ACnumber=, hohuser=, lastname_fID=, Zipcode_fp=, firstname_CID=, zipcode_CID=, SelectDate=, mac_fID=, ExpYear=, address_CID=}<br/>
<a href="#Output-8402474" onClick='toggleBox("Output-8402474", this, "Show output", "Hide output");'>Show output</a>

<a href="#Output-8402474" onClick="toggleAllBoxes();">Show all outputs</a>
<div class='log' id="Output-8402474">
<<<*** END: MyAccount.TC13_Validate_OverviewPage_AvatarImagesViewProfile_HOHUser ***>>> <br/><br/>
=====================================================================================<br/><br/>
Test Passed :com.charter.test.MyAccount.TC13_Validate_OverviewPage_AvatarImagesViewProfile_HOHUser, Took 37 seconds<br/><br/>
</div>
</td>
<td></td>
<td>37</td>
<td>com.charter.test.MyAccount@1af3c0</td></tr>
<tr>
<td title='com.charter.test.MyAccount.TC14_Validate_OverviewPage_NickNameLink_NavigationTo_TVServices()'><b>TC14_Validate_OverviewPage_NickNameLink_NavigationTo_TVServices</b><br>Test class: com.charter.test.MyAccount<br>Parameters: {CardNumber=, mac_CID=, security_question=, zipcode_fID=, Account_Type=, invalidLastname=, invalidPassword=, lastname_fp=, password=, security_answer=, Account_pom=, invalidMAC=, Zipcode=, invalidEmail=, NewRole=, UserPassword=Testing01, City=, selectUser=, ACnumber=, charterID=, lastname=, lastname_fID=, Zipcode_fp=, State=, firstname_CID=, zipcode_CID=, ParentalControl_TV=, mac_fID=, invalidSecurityAns=, address_CID=, ParentalControl_Unratedcontent=, ParentalControl_Movie=, TestCaseId=TC14_Validate_OverviewPage_NickNameLink_NavigationTo_TVServices, PC_TV=, invalidZipcode=, lastname_CID=, fLinked_CharterID=, ExpDate=, UserID=e2e5020, CardType=, UserID1=, address_fID=, CharterID_fp=, invalidAddress=, email=, AccountNumberVerify=, LegacySiteURL=, FutureDate=, Address2=, Mobilephone=, Account_DVRcontrol=, Address1=, hohuser=, SelectDate=, ExpYear=}<br/>
<a href="#Output-478791" onClick='toggleBox("Output-478791", this, "Show output", "Hide output");'>Show output</a>

<a href="#Output-478791" onClick="toggleAllBoxes();">Show all outputs</a>
<div class='log' id="Output-478791">
<<<*** END: MyAccount.TC14_Validate_OverviewPage_NickNameLink_NavigationTo_TVServices ***>>> <br/><br/>
=====================================================================================<br/><br/>
Test Passed :com.charter.test.MyAccount.TC14_Validate_OverviewPage_NickNameLink_NavigationTo_TVServices, Took 42 seconds<br/><br/>
</div>
</td>
<td></td>
<td>42</td>
<td>com.charter.test.MyAccount@1af3c0</td></tr>
<tr>
<td title='com.charter.test.MyAccount.TC16_Validate_OverviewPage_CheckEmailLink_NavigationTo_Webmail()'><b>TC16_Validate_OverviewPage_CheckEmailLink_NavigationTo_Webmail</b><br>Test class: com.charter.test.MyAccount<br>Parameters: {CardNumber=, mac_CID=, security_question=, Devicenickname=, zipcode_fID=, Account_Type=, invalidLastname=, invalidPassword=, SecurityQuestion=, lastname_fp=, password=, security_answer=, Account_pom=, invalidMAC=, Zipcode=, Relogin_UserID=, Operatingsystem=, invalidEmail=, SecurityAnswer=, couponNumber=, NewRole=, UserPassword=Testing01, City=, selectUser=, PC_Unratedcontent=, ACnumber=, Relogin_Password=, charterID=, lastname=, lastname_fID=, Zipcode_fp=, State=, firstname_CID=, zipcode_CID=, ParentalControl_TV=, mac_fID=, invalidSecurityAns=, address_CID=, ParentalControl_Unratedcontent=, Message=, ParentalControl_Movie=, TestCaseId=TC16_Validate_OverviewPage_CheckEmailLink_NavigationTo_Webmail, PC_TV=, Password1=, searchkey=, invalidZipcode=, lastname_CID=, fLinked_CharterID=, ExpDate=, UserID=e2e5020, CardType=, UserID1=, address_fID=, CharterID_fp=, invalidAddress=, email=, AccountNumberVerify=, LegacySiteURL=, accountnumber=, FutureDate=, Address2=, Mobilephone=, PC_Movie=, Account_DVRcontrol=, Address1=, hohuser=, ConfirmPassword=, routingnumber=, ContactEmail=, SelectDate=, ExpYear=}<br/>
<a href="#Output-16855799" onClick='toggleBox("Output-16855799", this, "Show output", "Hide output");'>Show output</a>

<a href="#Output-16855799" onClick="toggleAllBoxes();">Show all outputs</a>
<div class='log' id="Output-16855799">
<<<*** END: MyAccount.TC16_Validate_OverviewPage_CheckEmailLink_NavigationTo_Webmail ***>>> <br/><br/>
=====================================================================================<br/><br/>
Test Passed :com.charter.test.MyAccount.TC16_Validate_OverviewPage_CheckEmailLink_NavigationTo_Webmail, Took 28 seconds<br/><br/>
</div>
</td>
<td></td>
<td>28</td>
<td>com.charter.test.MyAccount@1af3c0</td></tr>
<tr>
<td title='com.charter.test.MyAccount.TC18_Validate_OverviewPage_ServiceEquipmentPanel_Stduser()'><b>TC18_Validate_OverviewPage_ServiceEquipmentPanel_Stduser</b><br>Test class: com.charter.test.MyAccount<br>Parameters: {CardNumber=, mac_CID=, security_question=, zipcode_fID=, invalidLastname=, invalidPassword=, lastname_fp=, password=, security_answer=, invalidMAC=, Zipcode=, invalidEmail=, UserPassword=Testing01, City=, ACnumber=, charterID=, lastname=, lastname_fID=, Zipcode_fp=, State=, firstname_CID=, zipcode_CID=, ParentalControl_TV=, mac_fID=, invalidSecurityAns=, address_CID=, ParentalControl_Unratedcontent=, ParentalControl_Movie=, TestCaseId=TC18_Validate_OverviewPage_ServiceEquipmentPanel_Stduser, invalidZipcode=, lastname_CID=, fLinked_CharterID=, ExpDate=, UserID=e2e5002, CardType=, UserID1=, address_fID=, CharterID_fp=, invalidAddress=, email=, AccountNumberVerify=, LegacySiteURL=, FutureDate=, Address2=, Mobilephone=, Address1=, hohuser=, SelectDate=, ExpYear=}<br/>
<a href="#Output-4142424" onClick='toggleBox("Output-4142424", this, "Show output", "Hide output");'>Show output</a>

<a href="#Output-4142424" onClick="toggleAllBoxes();">Show all outputs</a>
<div class='log' id="Output-4142424">
<<<*** END: MyAccount.TC18_Validate_OverviewPage_ServiceEquipmentPanel_Stduser ***>>> <br/><br/>
=====================================================================================<br/><br/>
Test Passed :com.charter.test.MyAccount.TC18_Validate_OverviewPage_ServiceEquipmentPanel_Stduser, Took 31 seconds<br/><br/>
</div>
</td>
<td></td>
<td>31</td>
<td>com.charter.test.MyAccount@1af3c0</td></tr>
<tr>
<td title='com.charter.test.MyAccount.TC39_Validate_BillingAndTransactionPage_AskCharterWidget_HOHUser()'><b>TC39_Validate_BillingAndTransactionPage_AskCharterWidget_HOHUser</b><br>Test class: com.charter.test.MyAccount<br>Parameters: {CardNumber=, mac_CID=, zipcode_fID=, invalidLastname=, invalidPassword=, TestCaseId=TC39_Validate_BillingAndTransactionPage_AskCharterWidget_HOHUser, lastname_fp=, invalidZipcode=, lastname_CID=, fLinked_CharterID=, ExpDate=, UserID=e2e5020, CardType=, invalidMAC=, UserID1=, address_fID=, CharterID_fp=, invalidAddress=, invalidEmail=, AccountNumberVerify=, LegacySiteURL=, FutureDate=, UserPassword=Testing01, ACnumber=, hohuser=, lastname=, lastname_fID=, Zipcode_fp=, firstname_CID=, zipcode_CID=, SelectDate=, mac_fID=, invalidSecurityAns=, ExpYear=, address_CID=}<br/>
<a href="#Output-17906231" onClick='toggleBox("Output-17906231", this, "Show output", "Hide output");'>Show output</a>

<a href="#Output-17906231" onClick="toggleAllBoxes();">Show all outputs</a>
<div class='log' id="Output-17906231">
<<<*** END: MyAccount.TC39_Validate_BillingAndTransactionPage_AskCharterWidget_HOHUser ***>>> <br/><br/>
=====================================================================================<br/><br/>
Test Passed :com.charter.test.MyAccount.TC39_Validate_BillingAndTransactionPage_AskCharterWidget_HOHUser, Took 36 seconds<br/><br/>
</div>
</td>
<td></td>
<td>36</td>
<td>com.charter.test.MyAccount@1af3c0</td></tr>
<tr>
<td title='com.charter.test.MyAccount.TC43_Validate_TVServicesPage_AskCharterWidget_HOHUser()'><b>TC43_Validate_TVServicesPage_AskCharterWidget_HOHUser</b><br>Test class: com.charter.test.MyAccount<br>Parameters: {CardNumber=, mac_CID=, zipcode_fID=, invalidLastname=, invalidPassword=, TestCaseId=TC43_Validate_TVServicesPage_AskCharterWidget_HOHUser, lastname_fp=, invalidZipcode=, lastname_CID=, fLinked_CharterID=, ExpDate=, UserID=e2e5020, CardType=, invalidMAC=, UserID1=, address_fID=, CharterID_fp=, invalidAddress=, invalidEmail=, AccountNumberVerify=, LegacySiteURL=, FutureDate=, UserPassword=Testing01, ACnumber=, hohuser=, lastname=, lastname_fID=, Zipcode_fp=, firstname_CID=, zipcode_CID=, SelectDate=, mac_fID=, invalidSecurityAns=, ExpYear=, address_CID=}<br/>
<a href="#Output-20577666" onClick='toggleBox("Output-20577666", this, "Show output", "Hide output");'>Show output</a>

<a href="#Output-20577666" onClick="toggleAllBoxes();">Show all outputs</a>
<div class='log' id="Output-20577666">
<<<*** END: MyAccount.TC43_Validate_TVServicesPage_AskCharterWidget_HOHUser ***>>> <br/><br/>
=====================================================================================<br/><br/>
Test Passed :com.charter.test.MyAccount.TC43_Validate_TVServicesPage_AskCharterWidget_HOHUser, Took 31 seconds<br/><br/>
</div>
</td>
<td></td>
<td>31</td>
<td>com.charter.test.MyAccount@1af3c0</td></tr>
<tr>
<td title='com.charter.test.MyAccount.TC49_Validate_InternetServicesPage_AskCharterWidget_HOHUser()'><b>TC49_Validate_InternetServicesPage_AskCharterWidget_HOHUser</b><br>Test class: com.charter.test.MyAccount<br>Parameters: {CardNumber=, mac_CID=, zipcode_fID=, invalidLastname=, invalidPassword=, TestCaseId=TC49_Validate_InternetServicesPage_AskCharterWidget_HOHUser, lastname_fp=, invalidZipcode=, lastname_CID=, fLinked_CharterID=, ExpDate=, UserID=e2e5020, CardType=, invalidMAC=, UserID1=, address_fID=, CharterID_fp=, invalidAddress=, invalidEmail=, AccountNumberVerify=, LegacySiteURL=, FutureDate=, UserPassword=Testing01, ACnumber=, hohuser=, lastname=, lastname_fID=, Zipcode_fp=, firstname_CID=, zipcode_CID=, SelectDate=, mac_fID=, invalidSecurityAns=, ExpYear=, address_CID=}<br/>
<a href="#Output-17676670" onClick='toggleBox("Output-17676670", this, "Show output", "Hide output");'>Show output</a>

<a href="#Output-17676670" onClick="toggleAllBoxes();">Show all outputs</a>
<div class='log' id="Output-17676670">
<<<*** END: MyAccount.TC49_Validate_InternetServicesPage_AskCharterWidget_HOHUser ***>>> <br/><br/>
=====================================================================================<br/><br/>
Test Passed :com.charter.test.MyAccount.TC49_Validate_InternetServicesPage_AskCharterWidget_HOHUser, Took 29 seconds<br/><br/>
</div>
</td>
<td></td>
<td>29</td>
<td>com.charter.test.MyAccount@1af3c0</td></tr>
<tr>
<td title='com.charter.test.MyAccount.TC51_Validate_InternetServicesPage_CharterEmailLink_NavigateTo_ChaterEmail_HOHUser()'><b>TC51_Validate_InternetServicesPage_CharterEmailLink_NavigateTo_ChaterEmail_HOHUser</b><br>Test class: com.charter.test.MyAccount<br>Parameters: {LegacySiteURL=, UserID=e2e5016, UserID1=, TestCaseId=TC51_Validate_InternetServicesPage_CharterEmailLink_NavigateTo_ChaterEmail_HOHUser, UserPassword=Testing01}<br/>
<a href="#Output-10726287" onClick='toggleBox("Output-10726287", this, "Show output", "Hide output");'>Show output</a>

<a href="#Output-10726287" onClick="toggleAllBoxes();">Show all outputs</a>
<div class='log' id="Output-10726287">
<<<*** END: MyAccount.TC51_Validate_InternetServicesPage_CharterEmailLink_NavigateTo_ChaterEmail_HOHUser ***>>> <br/><br/>
=====================================================================================<br/><br/>
Test Passed :com.charter.test.MyAccount.TC51_Validate_InternetServicesPage_CharterEmailLink_NavigateTo_ChaterEmail_HOHUser, Took 28 seconds<br/><br/>
</div>
</td>
<td></td>
<td>28</td>
<td>com.charter.test.MyAccount@1af3c0</td></tr>
<tr>
<td title='com.charter.test.MyAccount.TC52_Validate_InternetServicesPage_CharterSecurityLink_NavigateTo_CharterSecurityPage_HOHUser()'><b>TC52_Validate_InternetServicesPage_CharterSecurityLink_NavigateTo_CharterSecurityPage_HOHUser</b><br>Test class: com.charter.test.MyAccount<br>Parameters: {LegacySiteURL=, UserID=e2e5023, UserID1=, TestCaseId=TC52_Validate_InternetServicesPage_CharterSecurityLink_NavigateTo_CharterSecurityPage_HOHUser, UserPassword=Testing01}<br/>
<a href="#Output-2603649" onClick='toggleBox("Output-2603649", this, "Show output", "Hide output");'>Show output</a>

<a href="#Output-2603649" onClick="toggleAllBoxes();">Show all outputs</a>
<div class='log' id="Output-2603649">
<<<*** END: MyAccount.TC52_Validate_InternetServicesPage_CharterSecurityLink_NavigateTo_CharterSecurityPage_HOHUser ***>>> <br/><br/>
=====================================================================================<br/><br/>
Test Passed :com.charter.test.MyAccount.TC52_Validate_InternetServicesPage_CharterSecurityLink_NavigateTo_CharterSecurityPage_HOHUser, Took 25 seconds<br/><br/>
</div>
</td>
<td></td>
<td>25</td>
<td>com.charter.test.MyAccount@1af3c0</td></tr>
<tr>
<td title='com.charter.test.MyAccount.TC54_Validate_VoiceServicesPage_Navigation_AndVerifyHeaderLinks()'><b>TC54_Validate_VoiceServicesPage_Navigation_AndVerifyHeaderLinks</b><br>Test class: com.charter.test.MyAccount<br>Parameters: {CardNumber=, mac_CID=, security_question=, Devicenickname=, zipcode_fID=, Account_Type=, invalidLastname=, invalidPassword=, SecurityQuestion=, lastname_fp=, password=, security_answer=, Account_pom=, invalidMAC=, Zipcode=, Relogin_UserID=, Operatingsystem=, invalidEmail=, SecurityAnswer=, couponNumber=, NewRole=, UserPassword=Testing01, City=, selectUser=, PC_Unratedcontent=, ACnumber=, Relogin_Password=, charterID=, lastname=, lastname_fID=, Zipcode_fp=, State=, firstname_CID=, zipcode_CID=, ParentalControl_TV=, mac_fID=, invalidSecurityAns=, address_CID=, ParentalControl_Unratedcontent=, Message=, ParentalControl_Movie=, TestCaseId=TC54_Validate_VoiceServicesPage_Navigation_AndVerifyHeaderLinks, PC_TV=, Password1=, searchkey=, invalidZipcode=, lastname_CID=, fLinked_CharterID=, ExpDate=, UserID=e2e5020, CardType=, UserID1=, address_fID=, CharterID_fp=, invalidAddress=, email=, AccountNumberVerify=, LegacySiteURL=, accountnumber=, FutureDate=, Address2=, Mobilephone=, PC_Movie=, Account_DVRcontrol=, Address1=, hohuser=, ConfirmPassword=, routingnumber=, ContactEmail=, SelectDate=, ExpYear=}<br/>
<a href="#Output-29089099" onClick='toggleBox("Output-29089099", this, "Show output", "Hide output");'>Show output</a>

<a href="#Output-29089099" onClick="toggleAllBoxes();">Show all outputs</a>
<div class='log' id="Output-29089099">
<<<*** END: MyAccount.TC54_Validate_VoiceServicesPage_Navigation_AndVerifyHeaderLinks ***>>> <br/><br/>
=====================================================================================<br/><br/>
Test Passed :com.charter.test.MyAccount.TC54_Validate_VoiceServicesPage_Navigation_AndVerifyHeaderLinks, Took 32 seconds<br/><br/>
</div>
</td>
<td></td>
<td>32</td>
<td>com.charter.test.MyAccount@1af3c0</td></tr>
<tr>
<td title='com.charter.test.MyAccount.TC57_Validate_VoiceServicesPage_AskCharterWidget_HOHUser()'><b>TC57_Validate_VoiceServicesPage_AskCharterWidget_HOHUser</b><br>Test class: com.charter.test.MyAccount<br>Parameters: {CardNumber=, mac_CID=, security_question=, Devicenickname=, zipcode_fID=, Account_Type=, invalidLastname=, invalidPassword=, SecurityQuestion=, lastname_fp=, password=, security_answer=, Account_pom=, invalidMAC=, Zipcode=, Relogin_UserID=, Operatingsystem=, invalidEmail=, SecurityAnswer=, couponNumber=, NewRole=, UserPassword=Testing01, City=, selectUser=, PC_Unratedcontent=, ACnumber=, Relogin_Password=, charterID=, lastname=, lastname_fID=, Zipcode_fp=, State=, firstname_CID=, zipcode_CID=, ParentalControl_TV=, mac_fID=, invalidSecurityAns=, address_CID=, ParentalControl_Unratedcontent=, Message=, ParentalControl_Movie=, TestCaseId=TC57_Validate_VoiceServicesPage_AskCharterWidget_HOHUser, PC_TV=, Password1=, searchkey=, invalidZipcode=, lastname_CID=, fLinked_CharterID=, ExpDate=, UserID=e2e5023, CardType=, UserID1=, address_fID=, CharterID_fp=, invalidAddress=, email=, AccountNumberVerify=, LegacySiteURL=, accountnumber=, FutureDate=, Statement=, Address2=, Mobilephone=, PC_Movie=, Account_DVRcontrol=, Address1=, hohuser=, ConfirmPassword=, routingnumber=, ContactEmail=, SelectDate=, ExpYear=}<br/>
<a href="#Output-7522264" onClick='toggleBox("Output-7522264", this, "Show output", "Hide output");'>Show output</a>

<a href="#Output-7522264" onClick="toggleAllBoxes();">Show all outputs</a>
<div class='log' id="Output-7522264">
<<<*** END: MyAccount.TC57_Validate_VoiceServicesPage_AskCharterWidget_HOHUser ***>>> <br/><br/>
=====================================================================================<br/><br/>
Test Passed :com.charter.test.MyAccount.TC57_Validate_VoiceServicesPage_AskCharterWidget_HOHUser, Took 31 seconds<br/><br/>
</div>
</td>
<td></td>
<td>31</td>
<td>com.charter.test.MyAccount@1af3c0</td></tr>
<tr>
<td title='com.charter.test.MyServices.TD03_Validate_MyServicesPage_TVNonSubscribedUser_AbleToView_BannerAndSupportVideo()'><b>TD03_Validate_MyServicesPage_TVNonSubscribedUser_AbleToView_BannerAndSupportVideo</b><br>Test class: com.charter.test.MyServices<br>Parameters: {CardNumber=, mac_CID=, security_question=, Devicenickname=, zipcode_fID=, Account_Type=, invalidLastname=, invalidPassword=, SecurityQuestion=, lastname_fp=, password=, security_answer=, Account_pom=, invalidMAC=, Zipcode=, Relogin_UserID=, Operatingsystem=, invalidEmail=, SecurityAnswer=, couponNumber=, NewRole=, UserPassword=Testing01, City=, selectUser=, PC_Unratedcontent=, ACnumber=, Relogin_Password=, charterID=, lastname=, lastname_fID=, Zipcode_fp=, State=, firstname_CID=, zipcode_CID=, ParentalControl_TV=, mac_fID=, invalidSecurityAns=, address_CID=, ParentalControl_Unratedcontent=, Message=, ParentalControl_Movie=, TestCaseId=TD03_Validate_MyServicesPage_TVNonSubscribedUser_AbleToView_BannerAndSupportVideo, PC_TV=, Password1=, searchkey=, invalidZipcode=, lastname_CID=, fLinked_CharterID=, ExpDate=, UserID=e2e5002, CardType=, UserID1=, address_fID=, CharterID_fp=, invalidAddress=, email=, AccountNumberVerify=, LegacySiteURL=, accountnumber=, FutureDate=, Address2=, Mobilephone=, PC_Movie=, Account_DVRcontrol=, Address1=, hohuser=, ConfirmPassword=, routingnumber=, ContactEmail=, SelectDate=, ExpYear=}<br/>
<a href="#Output-23598047" onClick='toggleBox("Output-23598047", this, "Show output", "Hide output");'>Show output</a>

<a href="#Output-23598047" onClick="toggleAllBoxes();">Show all outputs</a>
<div class='log' id="Output-23598047">
<<<*** END: MyServices.TD03_Validate_MyServicesPage_TVNonSubscribedUser_AbleToView_BannerAndSupportVideo ***>>> <br/><br/>
=====================================================================================<br/><br/>
Test Passed :com.charter.test.MyServices.TD03_Validate_MyServicesPage_TVNonSubscribedUser_AbleToView_BannerAndSupportVideo, Took 46 seconds<br/><br/>
</div>
</td>
<td></td>
<td>46</td>
<td>com.charter.test.MyServices@17badd3</td></tr>
<tr>
<td title='com.charter.test.MyServices.TD06_Validate_MyServices_TV_Page_UpdateNickname()'><b>TD06_Validate_MyServices_TV_Page_UpdateNickname</b><br>Test class: com.charter.test.MyServices<br>Parameters: {CardNumber=, mac_CID=, security_question=, Devicenickname=STP143, zipcode_fID=, Account_Type=, invalidLastname=, invalidPassword=, SecurityQuestion=, lastname_fp=, password=, security_answer=, Account_pom=, invalidMAC=, Zipcode=, Relogin_UserID=, Operatingsystem=, invalidEmail=, SecurityAnswer=, couponNumber=, NewRole=, UserPassword=Testing01, City=, selectUser=, PC_Unratedcontent=, ACnumber=, Relogin_Password=, charterID=, lastname=, lastname_fID=, Zipcode_fp=, State=, firstname_CID=, zipcode_CID=, ParentalControl_TV=, mac_fID=, invalidSecurityAns=, address_CID=, ParentalControl_Unratedcontent=, Message=, ParentalControl_Movie=, TestCaseId=TD06_Validate_MyServices_TV_Page_UpdateNickname, PC_TV=, Password1=, searchkey=, invalidZipcode=, lastname_CID=, fLinked_CharterID=, ExpDate=, UserID=e2e5023, CardType=, UserID1=, address_fID=, CharterID_fp=, invalidAddress=, email=, AccountNumberVerify=, LegacySiteURL=, accountnumber=, FutureDate=, Address2=, Mobilephone=, PC_Movie=, Account_DVRcontrol=, Address1=, hohuser=, ConfirmPassword=, routingnumber=, ContactEmail=, SelectDate=, ExpYear=}<br/>
<a href="#Output-5891974" onClick='toggleBox("Output-5891974", this, "Show output", "Hide output");'>Show output</a>

<a href="#Output-5891974" onClick="toggleAllBoxes();">Show all outputs</a>
<div class='log' id="Output-5891974">
Expected value: STP143 Actual value: STP143 - PASSED : Nick name is not updated in the tv services page<br/><br/>
<<<*** END: MyServices.TD06_Validate_MyServices_TV_Page_UpdateNickname ***>>> <br/><br/>
=====================================================================================<br/><br/>
Test Passed :com.charter.test.MyServices.TD06_Validate_MyServices_TV_Page_UpdateNickname, Took 26 seconds<br/><br/>
</div>
</td>
<td></td>
<td>26</td>
<td>com.charter.test.MyServices@17badd3</td></tr>
<tr>
<td title='com.charter.test.MyServices.TD13_Validate_MyServicesPage_InternetNonSubscribedUser_AbleToView_BannerAndSupportVideo()'><b>TD13_Validate_MyServicesPage_InternetNonSubscribedUser_AbleToView_BannerAndSupportVideo</b><br>Test class: com.charter.test.MyServices<br>Parameters: {CardNumber=, mac_CID=, security_question=, Devicenickname=, zipcode_fID=, Account_Type=, invalidLastname=, invalidPassword=, SecurityQuestion=, lastname_fp=, password=, security_answer=, Account_pom=, invalidMAC=, Zipcode=, Relogin_UserID=, Operatingsystem=, invalidEmail=, SecurityAnswer=, couponNumber=, NewRole=, UserPassword=Testing01, City=, selectUser=, PC_Unratedcontent=, ACnumber=, Relogin_Password=, charterID=, lastname=, lastname_fID=, Zipcode_fp=, State=, firstname_CID=, zipcode_CID=, ParentalControl_TV=, mac_fID=, invalidSecurityAns=, address_CID=, ParentalControl_Unratedcontent=, Message=, ParentalControl_Movie=, TestCaseId=TD13_Validate_MyServicesPage_InternetNonSubscribedUser_AbleToView_BannerAndSupportVideo, PC_TV=, Password1=, searchkey=, invalidZipcode=, lastname_CID=, fLinked_CharterID=, ExpDate=, UserID=e2e5004, CardType=, UserID1=, address_fID=, CharterID_fp=, invalidAddress=, email=, AccountNumberVerify=, LegacySiteURL=, accountnumber=, FutureDate=, Address2=, Mobilephone=, PC_Movie=, Account_DVRcontrol=, Address1=, hohuser=, ConfirmPassword=, routingnumber=, ContactEmail=, SelectDate=, ExpYear=}<br/>
<a href="#Output-502828" onClick='toggleBox("Output-502828", this, "Show output", "Hide output");'>Show output</a>

<a href="#Output-502828" onClick="toggleAllBoxes();">Show all outputs</a>
<div class='log' id="Output-502828">
<<<*** END: MyServices.TD13_Validate_MyServicesPage_InternetNonSubscribedUser_AbleToView_BannerAndSupportVideo ***>>> <br/><br/>
=====================================================================================<br/><br/>
Test Passed :com.charter.test.MyServices.TD13_Validate_MyServicesPage_InternetNonSubscribedUser_AbleToView_BannerAndSupportVideo, Took 52 seconds<br/><br/>
</div>
</td>
<td></td>
<td>52</td>
<td>com.charter.test.MyServices@17badd3</td></tr>
<tr>
<td title='com.charter.test.MyServices.TD14_Validate_MyServicesPage_ChaterEmail_NavigateTo_EmailInbox()'><b>TD14_Validate_MyServicesPage_ChaterEmail_NavigateTo_EmailInbox</b><br>Test class: com.charter.test.MyServices<br>Parameters: {CardNumber=, mac_CID=, zipcode_fID=, invalidPassword=, TestCaseId=TD14_Validate_MyServicesPage_ChaterEmail_NavigateTo_EmailInbox, lastname_fp=, invalidZipcode=, lastname_CID=, fLinked_CharterID=, ExpDate=, UserID=e2e5002, CardType=, UserID1=, address_fID=, CharterID_fp=, AccountNumberVerify=, LegacySiteURL=, FutureDate=, UserPassword=Testing01, ACnumber=, hohuser=, lastname_fID=, Zipcode_fp=, firstname_CID=, zipcode_CID=, SelectDate=, mac_fID=, ExpYear=, address_CID=}<br/>
<a href="#Output-30503708" onClick='toggleBox("Output-30503708", this, "Show output", "Hide output");'>Show output</a>

<a href="#Output-30503708" onClick="toggleAllBoxes();">Show all outputs</a>
<div class='log' id="Output-30503708">
<<<*** END: MyServices.TD14_Validate_MyServicesPage_ChaterEmail_NavigateTo_EmailInbox ***>>> <br/><br/>
=====================================================================================<br/><br/>
Test Passed :com.charter.test.MyServices.TD14_Validate_MyServicesPage_ChaterEmail_NavigateTo_EmailInbox, Took 31 seconds<br/><br/>
</div>
</td>
<td></td>
<td>31</td>
<td>com.charter.test.MyServices@17badd3</td></tr>
<tr>
<td title='com.charter.test.MyServices.TD16_Validate_MyservicesPage_SecuritySuite_NavigateTo_ChaterSecuritySuite()'><b>TD16_Validate_MyservicesPage_SecuritySuite_NavigateTo_ChaterSecuritySuite</b><br>Test class: com.charter.test.MyServices<br>Parameters: {CardNumber=, mac_CID=, zipcode_fID=, invalidPassword=, TestCaseId=TD16_Validate_MyservicesPage_SecuritySuite_NavigateTo_ChaterSecuritySuite, lastname_fp=, invalidZipcode=, lastname_CID=, fLinked_CharterID=, ExpDate=, UserID=e2e5002, CardType=, UserID1=, address_fID=, CharterID_fp=, AccountNumberVerify=, LegacySiteURL=, FutureDate=, UserPassword=Testing01, ACnumber=, hohuser=, lastname_fID=, Zipcode_fp=, firstname_CID=, zipcode_CID=, SelectDate=, mac_fID=, ExpYear=, address_CID=}<br/>
<a href="#Output-5761374" onClick='toggleBox("Output-5761374", this, "Show output", "Hide output");'>Show output</a>

<a href="#Output-5761374" onClick="toggleAllBoxes();">Show all outputs</a>
<div class='log' id="Output-5761374">
<<<*** END: MyServices.TD16_Validate_MyservicesPage_SecuritySuite_NavigateTo_ChaterSecuritySuite ***>>> <br/><br/>
=====================================================================================<br/><br/>
Test Passed :com.charter.test.MyServices.TD16_Validate_MyservicesPage_SecuritySuite_NavigateTo_ChaterSecuritySuite, Took 28 seconds<br/><br/>
</div>
</td>
<td></td>
<td>28</td>
<td>com.charter.test.MyServices@17badd3</td></tr>
<tr>
<td title='com.charter.test.MyServices.TD22_Validate_MyServicesPage_VoiceNonSubscribedUser_AbleToView_BannerAndSupportVideo()'><b>TD22_Validate_MyServicesPage_VoiceNonSubscribedUser_AbleToView_BannerAndSupportVideo</b><br>Test class: com.charter.test.MyServices<br>Parameters: {CardNumber=, mac_CID=, security_question=, Devicenickname=, zipcode_fID=, Account_Type=, invalidLastname=, invalidPassword=, SecurityQuestion=, lastname_fp=, password=, security_answer=, Account_pom=, invalidMAC=, Zipcode=, Relogin_UserID=, Operatingsystem=, invalidEmail=, SecurityAnswer=, couponNumber=, NewRole=, UserPassword=Testing01, City=, selectUser=, PC_Unratedcontent=, ACnumber=, Relogin_Password=, charterID=, lastname=, lastname_fID=, Zipcode_fp=, State=, firstname_CID=, zipcode_CID=, ParentalControl_TV=, mac_fID=, invalidSecurityAns=, address_CID=, ParentalControl_Unratedcontent=, Message=, ParentalControl_Movie=, TestCaseId=TD22_Validate_MyServicesPage_VoiceNonSubscribedUser_AbleToView_BannerAndSupportVideo, PC_TV=, Password1=, searchkey=, invalidZipcode=, lastname_CID=, fLinked_CharterID=, ExpDate=, UserID=e2e5002, CardType=, UserID1=, address_fID=, CharterID_fp=, invalidAddress=, email=, AccountNumberVerify=, LegacySiteURL=, accountnumber=, FutureDate=, Address2=, Mobilephone=, PC_Movie=, Account_DVRcontrol=, Address1=, hohuser=, ConfirmPassword=, routingnumber=, ContactEmail=, SelectDate=, ExpYear=}<br/>
<a href="#Output-23311908" onClick='toggleBox("Output-23311908", this, "Show output", "Hide output");'>Show output</a>

<a href="#Output-23311908" onClick="toggleAllBoxes();">Show all outputs</a>
<div class='log' id="Output-23311908">
<<<*** END: MyServices.TD22_Validate_MyServicesPage_VoiceNonSubscribedUser_AbleToView_BannerAndSupportVideo ***>>> <br/><br/>
=====================================================================================<br/><br/>
Test Passed :com.charter.test.MyServices.TD22_Validate_MyServicesPage_VoiceNonSubscribedUser_AbleToView_BannerAndSupportVideo, Took 46 seconds<br/><br/>
</div>
</td>
<td></td>
<td>46</td>
<td>com.charter.test.MyServices@17badd3</td></tr>
<tr>
<td title='com.charter.test.MyServices.TD23_Validate_MyServicesPage_CharterPhoneLink_NavigateTo_PhoneOnlineManagerPage()'><b>TD23_Validate_MyServicesPage_CharterPhoneLink_NavigateTo_PhoneOnlineManagerPage</b><br>Test class: com.charter.test.MyServices<br>Parameters: {CardNumber=, mac_CID=, zipcode_fID=, invalidPassword=, TestCaseId=TD23_Validate_MyServicesPage_CharterPhoneLink_NavigateTo_PhoneOnlineManagerPage, lastname_fp=, invalidZipcode=, lastname_CID=, fLinked_CharterID=, ExpDate=, UserID=e2e5023, CardType=, UserID1=, address_fID=, CharterID_fp=, AccountNumberVerify=, LegacySiteURL=, FutureDate=, UserPassword=Testing01, ACnumber=, hohuser=, lastname_fID=, Zipcode_fp=, firstname_CID=, zipcode_CID=, SelectDate=, mac_fID=, ExpYear=, address_CID=}<br/>
<a href="#Output-3246717" onClick='toggleBox("Output-3246717", this, "Show output", "Hide output");'>Show output</a>

<a href="#Output-3246717" onClick="toggleAllBoxes();">Show all outputs</a>
<div class='log' id="Output-3246717">
<<<*** END: MyServices.TD23_Validate_MyServicesPage_CharterPhoneLink_NavigateTo_PhoneOnlineManagerPage ***>>> <br/><br/>
=====================================================================================<br/><br/>
Test Passed :com.charter.test.MyServices.TD23_Validate_MyServicesPage_CharterPhoneLink_NavigateTo_PhoneOnlineManagerPage, Took 32 seconds<br/><br/>
</div>
</td>
<td></td>
<td>32</td>
<td>com.charter.test.MyServices@17badd3</td></tr>
<tr>
<td title='com.charter.test.MyServices.TD25_Validate_MyServicesPage_LinksWithLogin()'><b>TD25_Validate_MyServicesPage_LinksWithLogin</b><br>Test class: com.charter.test.MyServices<br>Parameters: {CardNumber=, mac_CID=, security_question=, Devicenickname=, zipcode_fID=, Account_Type=, invalidLastname=, invalidPassword=, SecurityQuestion=, lastname_fp=, password=, security_answer=, Account_pom=, invalidMAC=, Zipcode=, Relogin_UserID=, Operatingsystem=, invalidEmail=, SecurityAnswer=, couponNumber=, NewRole=, UserPassword=Testing01, City=, selectUser=, PC_Unratedcontent=, ACnumber=, Relogin_Password=, charterID=, lastname=, lastname_fID=, Zipcode_fp=, State=, firstname_CID=, zipcode_CID=, ParentalControl_TV=, mac_fID=, invalidSecurityAns=, address_CID=, ParentalControl_Unratedcontent=, Message=, ParentalControl_Movie=, TestCaseId=TD25_Validate_MyServicesPage_LinksWithLogin, PC_TV=, Password1=, searchkey=, invalidZipcode=, lastname_CID=, fLinked_CharterID=, ExpDate=, UserID=e2e5023, CardType=, UserID1=, address_fID=, CharterID_fp=, invalidAddress=, email=, AccountNumberVerify=, LegacySiteURL=, accountnumber=, FutureDate=, Address2=, Mobilephone=, PC_Movie=, Account_DVRcontrol=, Address1=, hohuser=, ConfirmPassword=, routingnumber=, ContactEmail=, SelectDate=, ExpYear=}<br/>
<a href="#Output-15938706" onClick='toggleBox("Output-15938706", this, "Show output", "Hide output");'>Show output</a>

<a href="#Output-15938706" onClick="toggleAllBoxes();">Show all outputs</a>
<div class='log' id="Output-15938706">
<<<*** END: MyServices.TD25_Validate_MyServicesPage_LinksWithLogin ***>>> <br/><br/>
=====================================================================================<br/><br/>
Test Passed :com.charter.test.MyServices.TD25_Validate_MyServicesPage_LinksWithLogin, Took 35 seconds<br/><br/>
</div>
</td>
<td></td>
<td>35</td>
<td>com.charter.test.MyServices@17badd3</td></tr>
<tr>
<td title='com.charter.test.MyServices.TD26_Validate_MyServicesPage_LinksWithOutLogin()'><b>TD26_Validate_MyServicesPage_LinksWithOutLogin</b><br>Test class: com.charter.test.MyServices<br/>
<a href="#Output-10428425" onClick='toggleBox("Output-10428425", this, "Show output", "Hide output");'>Show output</a>

<a href="#Output-10428425" onClick="toggleAllBoxes();">Show all outputs</a>
<div class='log' id="Output-10428425">
<<<*** END: MyServices.TD26_Validate_MyServicesPage_LinksWithOutLogin ***>>> <br/><br/>
=====================================================================================<br/><br/>
Test Passed :com.charter.test.MyServices.TD26_Validate_MyServicesPage_LinksWithOutLogin, Took 22 seconds<br/><br/>
</div>
</td>
<td></td>
<td>22</td>
<td>com.charter.test.MyServices@17badd3</td></tr>
<tr>
<td title='com.charter.test.CharterDotCom.TE01_Validate_Navigation_from_charterDotCom_with_Login_option_and_Verify_CreateIDbutton_inLoginpage()'><b>TE01_Validate_Navigation_from_charterDotCom_with_Login_option_and_Verify_CreateIDbutton_inLoginpage</b><br>Test class: com.charter.test.CharterDotCom<br>Parameters: {CardNumber=, mac_CID=, security_question=, Devicenickname=, zipcode_fID=, Account_Type=, invalidLastname=, invalidPassword=, SecurityQuestion=, lastname_fp=, password=, security_answer=, Account_pom=, invalidMAC=, Zipcode=, Relogin_UserID=, Operatingsystem=, invalidEmail=, SecurityAnswer=, couponNumber=, NewRole=, UserPassword=, City=, selectUser=, PC_Unratedcontent=, ACnumber=, Relogin_Password=, charterID=, lastname=, lastname_fID=, Zipcode_fp=, State=, firstname_CID=, zipcode_CID=, ParentalControl_TV=, mac_fID=, invalidSecurityAns=, address_CID=, ParentalControl_Unratedcontent=, Message=, ParentalControl_Movie=, TestCaseId=TE01_Validate_Navigation_from_charterDotCom_with_Login_option_and_Verify_CreateIDbutton_inLoginpage, PC_TV=, Password1=, searchkey=, invalidZipcode=, lastname_CID=, fLinked_CharterID=, ExpDate=, UserID=, CardType=, UserID1=, address_fID=, CharterID_fp=, invalidAddress=, email=, AccountNumberVerify=, LegacySiteURL=https://www.charter.com, accountnumber=, FutureDate=, Statement=, Address2=, Mobilephone=, PC_Movie=, Account_DVRcontrol=, Address1=, hohuser=, ConfirmPassword=, routingnumber=, ContactEmail=, SelectDate=, ExpYear=}<br/>
<a href="#Output-24533548" onClick='toggleBox("Output-24533548", this, "Show output", "Hide output");'>Show output</a>

<a href="#Output-24533548" onClick="toggleAllBoxes();">Show all outputs</a>
<div class='log' id="Output-24533548">
<<<*** END: CharterDotCom.TE01_Validate_Navigation_from_charterDotCom_with_Login_option_and_Verify_CreateIDbutton_inLoginpage ***>>> <br/><br/>
=====================================================================================<br/><br/>
Test Passed :com.charter.test.CharterDotCom.TE01_Validate_Navigation_from_charterDotCom_with_Login_option_and_Verify_CreateIDbutton_inLoginpage, Took 27 seconds<br/><br/>
</div>
</td>
<td></td>
<td>27</td>
<td>com.charter.test.CharterDotCom@1dc67c2</td></tr>
<tr>
<td title='com.charter.test.CharterDotCom.TE02_Validate_Navigation_from_charterDotCom_with_Login_option_and_Verify_ForgotUsername_Link_inLoginpage()'><b>TE02_Validate_Navigation_from_charterDotCom_with_Login_option_and_Verify_ForgotUsername_Link_inLoginpage</b><br>Test class: com.charter.test.CharterDotCom<br>Parameters: {CardNumber=, mac_CID=, security_question=, Devicenickname=, zipcode_fID=, Account_Type=, invalidLastname=, invalidPassword=, SecurityQuestion=, lastname_fp=, password=, security_answer=, Account_pom=, invalidMAC=, Zipcode=, Relogin_UserID=, Operatingsystem=, invalidEmail=, SecurityAnswer=, couponNumber=, NewRole=, UserPassword=, City=, selectUser=, PC_Unratedcontent=, ACnumber=, Relogin_Password=, charterID=, lastname=, lastname_fID=, Zipcode_fp=, State=, firstname_CID=, zipcode_CID=, ParentalControl_TV=, mac_fID=, invalidSecurityAns=, address_CID=, ParentalControl_Unratedcontent=, Message=, ParentalControl_Movie=, TestCaseId=TE02_Validate_Navigation_from_charterDotCom_with_Login_option_and_Verify_ForgotUsername_Link_inLoginpage, PC_TV=, Password1=, searchkey=, invalidZipcode=, lastname_CID=, fLinked_CharterID=, ExpDate=, UserID=, CardType=, UserID1=, address_fID=, CharterID_fp=, invalidAddress=, email=, AccountNumberVerify=, LegacySiteURL=https://www.charter.com, accountnumber=, FutureDate=, Statement=, Address2=, Mobilephone=, PC_Movie=, Account_DVRcontrol=, Address1=, hohuser=, ConfirmPassword=, routingnumber=, ContactEmail=, SelectDate=, ExpYear=}<br/>
<a href="#Output-8525399" onClick='toggleBox("Output-8525399", this, "Show output", "Hide output");'>Show output</a>

<a href="#Output-8525399" onClick="toggleAllBoxes();">Show all outputs</a>
<div class='log' id="Output-8525399">
<<<*** END: CharterDotCom.TE02_Validate_Navigation_from_charterDotCom_with_Login_option_and_Verify_ForgotUsername_Link_inLoginpage ***>>> <br/><br/>
=====================================================================================<br/><br/>
Test Passed :com.charter.test.CharterDotCom.TE02_Validate_Navigation_from_charterDotCom_with_Login_option_and_Verify_ForgotUsername_Link_inLoginpage, Took 21 seconds<br/><br/>
</div>
</td>
<td></td>
<td>21</td>
<td>com.charter.test.CharterDotCom@1dc67c2</td></tr>
<tr>
<td title='com.charter.test.CharterDotCom.TE03_Validate_Navigation_from_charterDotCom_with_Login_option_and_Verify_ForgotPassword_Link_inLoginpage()'><b>TE03_Validate_Navigation_from_charterDotCom_with_Login_option_and_Verify_ForgotPassword_Link_inLoginpage</b><br>Test class: com.charter.test.CharterDotCom<br>Parameters: {CardNumber=, mac_CID=, security_question=, Devicenickname=, zipcode_fID=, Account_Type=, invalidLastname=, invalidPassword=, SecurityQuestion=, lastname_fp=, password=, security_answer=, Account_pom=, invalidMAC=, Zipcode=, Relogin_UserID=, Operatingsystem=, invalidEmail=, SecurityAnswer=, couponNumber=, NewRole=, UserPassword=, City=, selectUser=, PC_Unratedcontent=, ACnumber=, Relogin_Password=, charterID=, lastname=, lastname_fID=, Zipcode_fp=, State=, firstname_CID=, zipcode_CID=, ParentalControl_TV=, mac_fID=, invalidSecurityAns=, address_CID=, ParentalControl_Unratedcontent=, Message=, ParentalControl_Movie=, TestCaseId=TE03_Validate_Navigation_from_charterDotCom_with_Login_option_and_Verify_ForgotPassword_Link_inLoginpage, PC_TV=, Password1=, searchkey=, invalidZipcode=, lastname_CID=, fLinked_CharterID=, ExpDate=, UserID=, CardType=, UserID1=, address_fID=, CharterID_fp=, invalidAddress=, email=, AccountNumberVerify=, LegacySiteURL=https://www.charter.com, accountnumber=, FutureDate=, Statement=, Address2=, Mobilephone=, PC_Movie=, Account_DVRcontrol=, Address1=, hohuser=, ConfirmPassword=, routingnumber=, ContactEmail=, SelectDate=, ExpYear=}<br/>
<a href="#Output-5637507" onClick='toggleBox("Output-5637507", this, "Show output", "Hide output");'>Show output</a>

<a href="#Output-5637507" onClick="toggleAllBoxes();">Show all outputs</a>
<div class='log' id="Output-5637507">
<<<*** END: CharterDotCom.TE03_Validate_Navigation_from_charterDotCom_with_Login_option_and_Verify_ForgotPassword_Link_inLoginpage ***>>> <br/><br/>
=====================================================================================<br/><br/>
Test Passed :com.charter.test.CharterDotCom.TE03_Validate_Navigation_from_charterDotCom_with_Login_option_and_Verify_ForgotPassword_Link_inLoginpage, Took 21 seconds<br/><br/>
</div>
</td>
<td></td>
<td>21</td>
<td>com.charter.test.CharterDotCom@1dc67c2</td></tr>
<tr>
<td title='com.charter.test.CharterDotCom.TE05_Validate_CharterDotCom_LoginOption()'><b>TE05_Validate_CharterDotCom_LoginOption</b><br>Test class: com.charter.test.CharterDotCom<br>Parameters: {CardNumber=, mac_CID=, security_question=, Devicenickname=, zipcode_fID=, Account_Type=, invalidLastname=, invalidPassword=, SecurityQuestion=, lastname_fp=, password=, security_answer=, Account_pom=, invalidMAC=, Zipcode=, Relogin_UserID=, Operatingsystem=, invalidEmail=, SecurityAnswer=, couponNumber=, NewRole=, UserPassword=, City=, selectUser=, PC_Unratedcontent=, ACnumber=, Relogin_Password=, charterID=, lastname=, lastname_fID=, Zipcode_fp=, State=, firstname_CID=, zipcode_CID=, ParentalControl_TV=, mac_fID=, invalidSecurityAns=, address_CID=, ParentalControl_Unratedcontent=, Message=, ParentalControl_Movie=, TestCaseId=TE05_Validate_CharterDotCom_LoginOption, PC_TV=, Password1=, searchkey=, invalidZipcode=, lastname_CID=, fLinked_CharterID=, ExpDate=, UserID=, CardType=, UserID1=, address_fID=, CharterID_fp=, invalidAddress=, email=, AccountNumberVerify=, LegacySiteURL=https://www.charter.com, accountnumber=, FutureDate=, Statement=, Address2=, Mobilephone=, PC_Movie=, Account_DVRcontrol=, Address1=, hohuser=, ConfirmPassword=, routingnumber=, ContactEmail=, SelectDate=, ExpYear=}<br/>
<a href="#Output-12851900" onClick='toggleBox("Output-12851900", this, "Show output", "Hide output");'>Show output</a>

<a href="#Output-12851900" onClick="toggleAllBoxes();">Show all outputs</a>
<div class='log' id="Output-12851900">
<<<*** END: CharterDotCom.TE05_Validate_CharterDotCom_LoginOption ***>>> <br/><br/>
=====================================================================================<br/><br/>
Test Passed :com.charter.test.CharterDotCom.TE05_Validate_CharterDotCom_LoginOption, Took 21 seconds<br/><br/>
</div>
</td>
<td></td>
<td>21</td>
<td>com.charter.test.CharterDotCom@1dc67c2</td></tr>
<tr>
<td title='com.charter.test.Home.TH03_Validate_TVGuideLink_NavigateTo_GuidePage_StandardUser()'><b>TH03_Validate_TVGuideLink_NavigateTo_GuidePage_StandardUser</b><br>Test class: com.charter.test.Home<br>Parameters: {CardNumber=, mac_CID=, security_question=, Devicenickname=, zipcode_fID=, Account_Type=, invalidLastname=, invalidPassword=, SecurityQuestion=, lastname_fp=, password=, security_answer=, Account_pom=, invalidMAC=, Zipcode=, Relogin_UserID=, Operatingsystem=, invalidEmail=, SecurityAnswer=, couponNumber=, NewRole=, UserPassword=Testing01, City=, selectUser=, PC_Unratedcontent=, ACnumber=, Relogin_Password=, charterID=, lastname=, lastname_fID=, Zipcode_fp=, State=, firstname_CID=, zipcode_CID=, ParentalControl_TV=, mac_fID=, invalidSecurityAns=, address_CID=, ParentalControl_Unratedcontent=, Message=, ParentalControl_Movie=, TestCaseId=TH03_Validate_TVGuideLink_NavigateTo_GuidePage_StandardUser, PC_TV=, Password1=, searchkey=, invalidZipcode=, lastname_CID=, fLinked_CharterID=, ExpDate=, UserID=tdr33011, CardType=, UserID1=, address_fID=, CharterID_fp=, invalidAddress=, email=, AccountNumberVerify=, LegacySiteURL=, accountnumber=, FutureDate=, Address2=, Mobilephone=, PC_Movie=, Account_DVRcontrol=, Address1=, hohuser=, ConfirmPassword=, routingnumber=, ContactEmail=, SelectDate=, ExpYear=}<br/>
<a href="#Output-24433514" onClick='toggleBox("Output-24433514", this, "Show output", "Hide output");'>Show output</a>

<a href="#Output-24433514" onClick="toggleAllBoxes();">Show all outputs</a>
<div class='log' id="Output-24433514">
<<<*** END: Home.TH03_Validate_TVGuideLink_NavigateTo_GuidePage_StandardUser ***>>> <br/><br/>
=====================================================================================<br/><br/>
Test Passed :com.charter.test.Home.TH03_Validate_TVGuideLink_NavigateTo_GuidePage_StandardUser, Took 27 seconds<br/><br/>
</div>
</td>
<td></td>
<td>27</td>
<td>com.charter.test.Home@a50da</td></tr>
<tr>
<td title='com.charter.test.Home.TH04_Validate_OnDemandLink_NavigateTo_OnDemandPage_StandardUser()'><b>TH04_Validate_OnDemandLink_NavigateTo_OnDemandPage_StandardUser</b><br>Test class: com.charter.test.Home<br>Parameters: {CardNumber=, mac_CID=, security_question=, Devicenickname=, zipcode_fID=, Account_Type=, invalidLastname=, invalidPassword=, SecurityQuestion=, lastname_fp=, password=, security_answer=, Account_pom=, invalidMAC=, Zipcode=, Relogin_UserID=, Operatingsystem=, invalidEmail=, SecurityAnswer=, couponNumber=, NewRole=, UserPassword=Testing01, City=, selectUser=, PC_Unratedcontent=, ACnumber=, Relogin_Password=, charterID=, lastname=, lastname_fID=, Zipcode_fp=, State=, firstname_CID=, zipcode_CID=, ParentalControl_TV=, mac_fID=, invalidSecurityAns=, address_CID=, ParentalControl_Unratedcontent=, Message=, ParentalControl_Movie=, TestCaseId=TH04_Validate_OnDemandLink_NavigateTo_OnDemandPage_StandardUser, PC_TV=, Password1=, searchkey=, invalidZipcode=, lastname_CID=, fLinked_CharterID=, ExpDate=, UserID=tdr33011, CardType=, UserID1=, address_fID=, CharterID_fp=, invalidAddress=, email=, AccountNumberVerify=, LegacySiteURL=, accountnumber=, FutureDate=, Address2=, Mobilephone=, PC_Movie=, Account_DVRcontrol=, Address1=, hohuser=, ConfirmPassword=, routingnumber=, ContactEmail=, SelectDate=, ExpYear=}<br/>
<a href="#Output-27460320" onClick='toggleBox("Output-27460320", this, "Show output", "Hide output");'>Show output</a>

<a href="#Output-27460320" onClick="toggleAllBoxes();">Show all outputs</a>
<div class='log' id="Output-27460320">
<<<*** END: Home.TH04_Validate_OnDemandLink_NavigateTo_OnDemandPage_StandardUser ***>>> <br/><br/>
=====================================================================================<br/><br/>
Test Passed :com.charter.test.Home.TH04_Validate_OnDemandLink_NavigateTo_OnDemandPage_StandardUser, Took 30 seconds<br/><br/>
</div>
</td>
<td></td>
<td>30</td>
<td>com.charter.test.Home@a50da</td></tr>
<tr>
<td title='com.charter.test.Home.TH05_Validate_GetSupportLink_NavigateTo_GetSupportPage_HOHuser()'><b>TH05_Validate_GetSupportLink_NavigateTo_GetSupportPage_HOHuser</b><br>Test class: com.charter.test.Home<br>Parameters: {CardNumber=, mac_CID=, security_question=, Devicenickname=, zipcode_fID=, Account_Type=, invalidLastname=, invalidPassword=, SecurityQuestion=, lastname_fp=, password=, security_answer=, Account_pom=, invalidMAC=, Zipcode=, Relogin_UserID=, Operatingsystem=, invalidEmail=, SecurityAnswer=, couponNumber=, NewRole=, UserPassword=Testing01, City=, selectUser=, PC_Unratedcontent=, ACnumber=, Relogin_Password=, charterID=, lastname=, lastname_fID=, Zipcode_fp=, State=, firstname_CID=, zipcode_CID=, ParentalControl_TV=, mac_fID=, invalidSecurityAns=, address_CID=, ParentalControl_Unratedcontent=, Message=, ParentalControl_Movie=, TestCaseId=TH05_Validate_GetSupportLink_NavigateTo_GetSupportPage_HOHuser, PC_TV=, Password1=, searchkey=, invalidZipcode=, lastname_CID=, fLinked_CharterID=, ExpDate=, UserID=e2e5004, CardType=, UserID1=, address_fID=, CharterID_fp=, invalidAddress=, email=, AccountNumberVerify=, LegacySiteURL=, accountnumber=, FutureDate=, Address2=, Mobilephone=, PC_Movie=, Account_DVRcontrol=, Address1=, hohuser=, ConfirmPassword=, routingnumber=, ContactEmail=, SelectDate=, ExpYear=}<br/>
<a href="#Output-27888234" onClick='toggleBox("Output-27888234", this, "Show output", "Hide output");'>Show output</a>

<a href="#Output-27888234" onClick="toggleAllBoxes();">Show all outputs</a>
<div class='log' id="Output-27888234">
<<<*** END: Home.TH05_Validate_GetSupportLink_NavigateTo_GetSupportPage_HOHuser ***>>> <br/><br/>
=====================================================================================<br/><br/>
Test Passed :com.charter.test.Home.TH05_Validate_GetSupportLink_NavigateTo_GetSupportPage_HOHuser, Took 41 seconds<br/><br/>
</div>
</td>
<td></td>
<td>41</td>
<td>com.charter.test.Home@a50da</td></tr>
<tr>
<td title='com.charter.test.Home.TH07_Validate_WatchAnywhere_LiveTVTab_HOHuser()'><b>TH07_Validate_WatchAnywhere_LiveTVTab_HOHuser</b><br>Test class: com.charter.test.Home<br>Parameters: {CardNumber=, mac_CID=, security_question=, Devicenickname=, zipcode_fID=, Account_Type=, invalidLastname=, invalidPassword=, SecurityQuestion=, lastname_fp=, password=, security_answer=, Account_pom=, invalidMAC=, Zipcode=, Relogin_UserID=, Operatingsystem=, invalidEmail=, SecurityAnswer=, couponNumber=, NewRole=, UserPassword=Testing01, City=, selectUser=, PC_Unratedcontent=, ACnumber=, Relogin_Password=, charterID=, lastname=, lastname_fID=, Zipcode_fp=, State=, firstname_CID=, zipcode_CID=, ParentalControl_TV=, mac_fID=, invalidSecurityAns=, address_CID=, ParentalControl_Unratedcontent=, Message=, ParentalControl_Movie=, TestCaseId=TH07_Validate_WatchAnywhere_LiveTVTab_HOHuser, PC_TV=, Password1=, searchkey=, invalidZipcode=, lastname_CID=, fLinked_CharterID=, ExpDate=, UserID=e2e5004, CardType=, UserID1=, address_fID=, CharterID_fp=, invalidAddress=, email=, AccountNumberVerify=, LegacySiteURL=, accountnumber=, FutureDate=, Address2=, Mobilephone=, PC_Movie=, Account_DVRcontrol=, Address1=, hohuser=, ConfirmPassword=, routingnumber=, ContactEmail=, SelectDate=, ExpYear=}<br/>
<a href="#Output-27991111" onClick='toggleBox("Output-27991111", this, "Show output", "Hide output");'>Show output</a>

<a href="#Output-27991111" onClick="toggleAllBoxes();">Show all outputs</a>
<div class='log' id="Output-27991111">
Expected value: Watch Anywhere Actual value: Watch Anywhere - PASSED : Watch Anywhere Option for Live TV Tab<br/><br/>
<<<*** END: Home.TH07_Validate_WatchAnywhere_LiveTVTab_HOHuser ***>>> <br/><br/>
=====================================================================================<br/><br/>
Test Passed :com.charter.test.Home.TH07_Validate_WatchAnywhere_LiveTVTab_HOHuser, Took 21 seconds<br/><br/>
</div>
</td>
<td></td>
<td>21</td>
<td>com.charter.test.Home@a50da</td></tr>
<tr>
<td title='com.charter.test.Home.TH08_Validate_WatchAnywhere_OnDemandTab_HOHuser()'><b>TH08_Validate_WatchAnywhere_OnDemandTab_HOHuser</b><br>Test class: com.charter.test.Home<br>Parameters: {CardNumber=, mac_CID=, security_question=, Devicenickname=, zipcode_fID=, Account_Type=, invalidLastname=, invalidPassword=, SecurityQuestion=, lastname_fp=, password=, security_answer=, Account_pom=, invalidMAC=, Zipcode=, Relogin_UserID=, Operatingsystem=, invalidEmail=, SecurityAnswer=, couponNumber=, NewRole=, UserPassword=Testing01, City=, selectUser=, PC_Unratedcontent=, ACnumber=, Relogin_Password=, charterID=, lastname=, lastname_fID=, Zipcode_fp=, State=, firstname_CID=, zipcode_CID=, ParentalControl_TV=, mac_fID=, invalidSecurityAns=, address_CID=, ParentalControl_Unratedcontent=, Message=, ParentalControl_Movie=, TestCaseId=TH08_Validate_WatchAnywhere_OnDemandTab_HOHuser, PC_TV=, Password1=, searchkey=, invalidZipcode=, lastname_CID=, fLinked_CharterID=, ExpDate=, UserID=e2e5004, CardType=, UserID1=, address_fID=, CharterID_fp=, invalidAddress=, email=, AccountNumberVerify=, LegacySiteURL=, accountnumber=, FutureDate=, Address2=, Mobilephone=, PC_Movie=, Account_DVRcontrol=, Address1=, hohuser=, ConfirmPassword=, routingnumber=, ContactEmail=, SelectDate=, ExpYear=}<br/>
<a href="#Output-30943563" onClick='toggleBox("Output-30943563", this, "Show output", "Hide output");'>Show output</a>

<a href="#Output-30943563" onClick="toggleAllBoxes();">Show all outputs</a>
<div class='log' id="Output-30943563">
Expected value: Watch Anywhere Actual value: Watch Anywhere - PASSED : Watch Anywhere Option for OnDemand Tab<br/><br/>
<<<*** END: Home.TH08_Validate_WatchAnywhere_OnDemandTab_HOHuser ***>>> <br/><br/>
=====================================================================================<br/><br/>
Test Passed :com.charter.test.Home.TH08_Validate_WatchAnywhere_OnDemandTab_HOHuser, Took 21 seconds<br/><br/>
</div>
</td>
<td></td>
<td>21</td>
<td>com.charter.test.Home@a50da</td></tr>
<tr>
<td title='com.charter.test.Home.TH09_Validate_WatchAnywhere_NetworkTab_HOHuser()'><b>TH09_Validate_WatchAnywhere_NetworkTab_HOHuser</b><br>Test class: com.charter.test.Home<br>Parameters: {CardNumber=, mac_CID=, security_question=, Devicenickname=, zipcode_fID=, Account_Type=, invalidLastname=, invalidPassword=, SecurityQuestion=, lastname_fp=, password=, security_answer=, Account_pom=, invalidMAC=, Zipcode=, Relogin_UserID=, Operatingsystem=, invalidEmail=, SecurityAnswer=, couponNumber=, NewRole=, UserPassword=Testing01, City=, selectUser=, PC_Unratedcontent=, ACnumber=, Relogin_Password=, charterID=, lastname=, lastname_fID=, Zipcode_fp=, State=, firstname_CID=, zipcode_CID=, ParentalControl_TV=, mac_fID=, invalidSecurityAns=, address_CID=, ParentalControl_Unratedcontent=, Message=, ParentalControl_Movie=, TestCaseId=TH09_Validate_WatchAnywhere_NetworkTab_HOHuser, PC_TV=, Password1=, searchkey=, invalidZipcode=, lastname_CID=, fLinked_CharterID=, ExpDate=, UserID=e2e5004, CardType=, UserID1=, address_fID=, CharterID_fp=, invalidAddress=, email=, AccountNumberVerify=, LegacySiteURL=, accountnumber=, FutureDate=, Address2=, Mobilephone=, PC_Movie=, Account_DVRcontrol=, Address1=, hohuser=, ConfirmPassword=, routingnumber=, ContactEmail=, SelectDate=, ExpYear=}<br/>
<a href="#Output-31322072" onClick='toggleBox("Output-31322072", this, "Show output", "Hide output");'>Show output</a>

<a href="#Output-31322072" onClick="toggleAllBoxes();">Show all outputs</a>
<div class='log' id="Output-31322072">
Expected value: Watch Anywhere Actual value: Watch Anywhere - PASSED : Watch Anywhere Option for OnDemand Tab<br/><br/>
<<<*** END: Home.TH09_Validate_WatchAnywhere_NetworkTab_HOHuser ***>>> <br/><br/>
=====================================================================================<br/><br/>
Test Passed :com.charter.test.Home.TH09_Validate_WatchAnywhere_NetworkTab_HOHuser, Took 20 seconds<br/><br/>
</div>
</td>
<td></td>
<td>20</td>
<td>com.charter.test.Home@a50da</td></tr>
<tr>
<td title='com.charter.test.Home.TH12_Validate_HomePage_EmailIcon_HOHuser()'><b>TH12_Validate_HomePage_EmailIcon_HOHuser</b><br>Test class: com.charter.test.Home<br>Parameters: {LegacySiteURL=, UserID=e2e5033, UserID1=, TestCaseId=TH12_Validate_HomePage_EmailIcon_HOHuser, UserPassword=Testing01}<br/>
<a href="#Output-32801640" onClick='toggleBox("Output-32801640", this, "Show output", "Hide output");'>Show output</a>

<a href="#Output-32801640" onClick="toggleAllBoxes();">Show all outputs</a>
<div class='log' id="Output-32801640">
<<<*** END: Home.TH12_Validate_HomePage_EmailIcon_HOHuser ***>>> <br/><br/>
=====================================================================================<br/><br/>
Test Passed :com.charter.test.Home.TH12_Validate_HomePage_EmailIcon_HOHuser, Took 32 seconds<br/><br/>
</div>
</td>
<td></td>
<td>32</td>
<td>com.charter.test.Home@a50da</td></tr>
<tr>
<td title='com.charter.test.Home.TH13_Validate_HomePage_VoicemailIcon_HOHuser()'><b>TH13_Validate_HomePage_VoicemailIcon_HOHuser</b><br>Test class: com.charter.test.Home<br>Parameters: {LegacySiteURL=, UserID=TDR33001, UserID1=, TestCaseId=TH13_Validate_HomePage_VoicemailIcon_HOHuser, UserPassword=Testing01}<br/>
<a href="#Output-10439597" onClick='toggleBox("Output-10439597", this, "Show output", "Hide output");'>Show output</a>

<a href="#Output-10439597" onClick="toggleAllBoxes();">Show all outputs</a>
<div class='log' id="Output-10439597">
<<<*** END: Home.TH13_Validate_HomePage_VoicemailIcon_HOHuser ***>>> <br/><br/>
=====================================================================================<br/><br/>
Test Passed :com.charter.test.Home.TH13_Validate_HomePage_VoicemailIcon_HOHuser, Took 20 seconds<br/><br/>
</div>
</td>
<td></td>
<td>20</td>
<td>com.charter.test.Home@a50da</td></tr>
<tr>
<td title='com.charter.test.Home.TH17_Validate_WatchTV_NavigateTo_WatchTVOverviewPage_HOHUser()'><b>TH17_Validate_WatchTV_NavigateTo_WatchTVOverviewPage_HOHUser</b><br>Test class: com.charter.test.Home<br>Parameters: {LegacySiteURL=, UserID=e2e5024, UserID1=, TestCaseId=TH17_Validate_WatchTV_NavigateTo_WatchTVOverviewPage_HOHUser, UserPassword=Testing01}<br/>
<a href="#Output-17305402" onClick='toggleBox("Output-17305402", this, "Show output", "Hide output");'>Show output</a>

<a href="#Output-17305402" onClick="toggleAllBoxes();">Show all outputs</a>
<div class='log' id="Output-17305402">
<<<*** END: Home.TH17_Validate_WatchTV_NavigateTo_WatchTVOverviewPage_HOHUser ***>>> <br/><br/>
=====================================================================================<br/><br/>
Test Passed :com.charter.test.Home.TH17_Validate_WatchTV_NavigateTo_WatchTVOverviewPage_HOHUser, Took 36 seconds<br/><br/>
</div>
</td>
<td></td>
<td>36</td>
<td>com.charter.test.Home@a50da</td></tr>
<tr>
<td title='com.charter.test.Home.TH19_Validate_Support_NavigateTo_SupportPage_HOHUser()'><b>TH19_Validate_Support_NavigateTo_SupportPage_HOHUser</b><br>Test class: com.charter.test.Home<br>Parameters: {LegacySiteURL=, UserID=e2e5024, UserID1=, TestCaseId=TH19_Validate_Support_NavigateTo_SupportPage_HOHUser, UserPassword=Testing01}<br/>
<a href="#Output-10965113" onClick='toggleBox("Output-10965113", this, "Show output", "Hide output");'>Show output</a>

<a href="#Output-10965113" onClick="toggleAllBoxes();">Show all outputs</a>
<div class='log' id="Output-10965113">
<<<*** END: Home.TH19_Validate_Support_NavigateTo_SupportPage_HOHUser ***>>> <br/><br/>
=====================================================================================<br/><br/>
Test Passed :com.charter.test.Home.TH19_Validate_Support_NavigateTo_SupportPage_HOHUser, Took 26 seconds<br/><br/>
</div>
</td>
<td></td>
<td>26</td>
<td>com.charter.test.Home@a50da</td></tr>
<tr>
<td title='com.charter.test.Home.TH20_Validate_HomePage_StaticBanner_HOHuser()'><b>TH20_Validate_HomePage_StaticBanner_HOHuser</b><br>Test class: com.charter.test.Home<br>Parameters: {LegacySiteURL=, UserID=e2e5004, UserID1=, TestCaseId=TH20_Validate_HomePage_StaticBanner_HOHuser, UserPassword=Testing01}<br/>
<a href="#Output-30138695" onClick='toggleBox("Output-30138695", this, "Show output", "Hide output");'>Show output</a>

<a href="#Output-30138695" onClick="toggleAllBoxes();">Show all outputs</a>
<div class='log' id="Output-30138695">
<<<*** END: Home.TH20_Validate_HomePage_StaticBanner_HOHuser ***>>> <br/><br/>
=====================================================================================<br/><br/>
Test Passed :com.charter.test.Home.TH20_Validate_HomePage_StaticBanner_HOHuser, Took 22 seconds<br/><br/>
</div>
</td>
<td></td>
<td>22</td>
<td>com.charter.test.Home@a50da</td></tr>
<tr>
<td title='com.charter.test.Home.TH22_Validate_HomePage_Without_Login()'><b>TH22_Validate_HomePage_Without_Login</b><br>Test class: com.charter.test.Home<br/>
<a href="#Output-12658396" onClick='toggleBox("Output-12658396", this, "Show output", "Hide output");'>Show output</a>

<a href="#Output-12658396" onClick="toggleAllBoxes();">Show all outputs</a>
<div class='log' id="Output-12658396">
<<<*** END: Home.TH22_Validate_HomePage_Without_Login ***>>> <br/><br/>
=====================================================================================<br/><br/>
Test Passed :com.charter.test.Home.TH22_Validate_HomePage_Without_Login, Took 3 seconds<br/><br/>
</div>
</td>
<td></td>
<td>3</td>
<td>com.charter.test.Home@a50da</td></tr>
<tr>
<td title='com.charter.test.Login.TL02_Validate_ChaterInvalidLogin()'><b>TL02_Validate_ChaterInvalidLogin</b><br>Test class: com.charter.test.Login<br>Parameters: {CardNumber=, mac_CID=, security_question=, Devicenickname=, zipcode_fID=, Account_Type=, invalidLastname=, invalidPassword=, SecurityQuestion=, lastname_fp=, password=, security_answer=, Account_pom=, invalidMAC=, Zipcode=, Relogin_UserID=, Operatingsystem=, invalidEmail=, SecurityAnswer=, couponNumber=, NewRole=, UserPassword=feff, City=, selectUser=, PC_Unratedcontent=, ACnumber=, Relogin_Password=, charterID=, lastname=, lastname_fID=, Zipcode_fp=, State=, firstname_CID=, zipcode_CID=, ParentalControl_TV=, mac_fID=, invalidSecurityAns=, address_CID=, ParentalControl_Unratedcontent=, Message=, ParentalControl_Movie=, TestCaseId=TL02_Validate_ChaterInvalidLogin, PC_TV=, Password1=, searchkey=, invalidZipcode=, lastname_CID=, fLinked_CharterID=, ExpDate=, UserID=fef, CardType=, UserID1=, address_fID=, CharterID_fp=, invalidAddress=, email=, AccountNumberVerify=, LegacySiteURL=, accountnumber=, FutureDate=, Statement=, Address2=, Mobilephone=, PC_Movie=, Account_DVRcontrol=, Address1=, hohuser=, ConfirmPassword=, routingnumber=, ContactEmail=, SelectDate=, ExpYear=}<br/>
<a href="#Output-4037267" onClick='toggleBox("Output-4037267", this, "Show output", "Hide output");'>Show output</a>

<a href="#Output-4037267" onClick="toggleAllBoxes();">Show all outputs</a>
<div class='log' id="Output-4037267">
<<<*** END: Login.TL02_Validate_ChaterInvalidLogin ***>>> <br/><br/>
=====================================================================================<br/><br/>
Test Passed :com.charter.test.Login.TL02_Validate_ChaterInvalidLogin, Took 33 seconds<br/><br/>
</div>
</td>
<td></td>
<td>33</td>
<td>com.charter.test.Login@1be656f</td></tr>
</table><p>
</body>
</html>