<?xml version="1.0" encoding="UTF-8"?>
<!-- Generated by org.testng.reporters.JUnitXMLReporter -->
<testsuite hostname="PC220578" name="All_Set_Run_March_11" tests="68" failures="9" timestamp="11 Mar 2015 07:22:49 GMT" time="5226.182" errors="0">
  <testcase name="TA48_Validate_ChaterValidLogin" time="50.792" classname="com.charter.test.Login"/>
  <testcase name="TA49_Validate_ChaterInvalidLogin" time="36.564" classname="com.charter.test.Login"/>
  <testcase name="TB01_Validate_OTPSchedule_ByDebitCard_HOHUser" time="70.139" classname="com.charter.test.Billpay"/>
  <testcase name="TB02_Validate_OTPSchedule_ByCreditCard_HOHUser" time="49.105" classname="com.charter.test.Billpay"/>
  <testcase name="TB03_Validate_CancelFuturePayment_ScheduledByDebitCard_HOHUser" time="50.563" classname="com.charter.test.Billpay"/>
  <testcase name="TB04_Validate_CancelFuturePayment_ScheduledByCreditCard_HOHUser" time="57.038" classname="com.charter.test.Billpay"/>
  <testcase name="TB05_Validate_OTPayment_ByDebitCard_AdminUser" time="72.494" classname="com.charter.test.Billpay"/>
  <testcase name="TB06_Validate_OTPayment_ByCreditCard_AdminUser" time="54.833" classname="com.charter.test.Billpay"/>
  <testcase name="TB07_Validate_ScheduleOTP_ByDebitCard_AdminUser" time="60.361" classname="com.charter.test.Billpay"/>
  <testcase name="TB08_Validate_ScheduleOTP_ByCreditCard_AdminUser" time="59.054" classname="com.charter.test.Billpay"/>
  <testcase name="TB09_Validate_CancelFuturePayment_ScheduledByDebitCard_AdminUser" time="65.905" classname="com.charter.test.Billpay"/>
  <testcase name="TB10_Validate_CancelFuturePayment_ScheduledByCreditCard_AdminUser" time="66.565" classname="com.charter.test.Billpay"/>
  <testcase name="TB11_Validate_AutoPaySetup_ByDebitCard_AdminUser" time="41.152" classname="com.charter.test.Billpay">
    <failure type="org.openqa.selenium.InvalidSelectorException" message="The xpath expression &amp;apos;//input[@id=&amp;apos;autoPayDebit&amp;apos;]/following-sibling::div/span&amp;apos; cannot be evaluated or does notresult in a WebElement (WARNING: The server did not provide any stacktrace information)
Command duration or timeout: 361 milliseconds
For documentation on this error, please visit: http://seleniumhq.org/exceptions/invalid_selector_exception.html
Build info: version: &amp;apos;2.44.0&amp;apos;, revision: &amp;apos;76d78cf&amp;apos;, time: &amp;apos;2014-10-23 20:02:37&amp;apos;
System info: host: &amp;apos;PC220578&amp;apos;, ip: &amp;apos;10.102.6.129&amp;apos;, os.name: &amp;apos;Windows 7&amp;apos;, os.arch: &amp;apos;x86&amp;apos;, os.version: &amp;apos;6.1&amp;apos;, java.version: &amp;apos;1.7.0_21&amp;apos;
Session ID: cccc9115-a47e-47ec-a96d-63cf1e7fe8ab
Driver info: org.openqa.selenium.ie.InternetExplorerDriver
Capabilities [{platform=WINDOWS, javascriptEnabled=true, elementScrollBehavior=0, ignoreZoomSetting=false, enablePersistentHover=true, ie.ensureCleanSession=false, browserName=internet explorer, enableElementCacheCleanup=true, unexpectedAlertBehaviour=dismiss, version=11, ie.usePerProcessProxy=false, ignoreProtectedModeSettings=true, cssSelectorsEnabled=true, requireWindowFocus=false, initialBrowserUrl=http://localhost:18697/, handlesAlerts=true, ie.forceCreateProcessApi=false, nativeEvents=true, browserAttachTimeout=0, ie.browserCommandLineSwitches=, takesScreenshot=true}]">
      <![CDATA[org.openqa.selenium.InvalidSelectorException: The xpath expression '//input[@id='autoPayDebit']/following-sibling::div/span' cannot be evaluated or does notresult in a WebElement (WARNING: The server did not provide any stacktrace information)
Command duration or timeout: 361 milliseconds
For documentation on this error, please visit: http://seleniumhq.org/exceptions/invalid_selector_exception.html
Build info: version: '2.44.0', revision: '76d78cf', time: '2014-10-23 20:02:37'
System info: host: 'PC220578', ip: '10.102.6.129', os.name: 'Windows 7', os.arch: 'x86', os.version: '6.1', java.version: '1.7.0_21'
Session ID: cccc9115-a47e-47ec-a96d-63cf1e7fe8ab
Driver info: org.openqa.selenium.ie.InternetExplorerDriver
Capabilities [{platform=WINDOWS, javascriptEnabled=true, elementScrollBehavior=0, ignoreZoomSetting=false, enablePersistentHover=true, ie.ensureCleanSession=false, browserName=internet explorer, enableElementCacheCleanup=true, unexpectedAlertBehaviour=dismiss, version=11, ie.usePerProcessProxy=false, ignoreProtectedModeSettings=true, cssSelectorsEnabled=true, requireWindowFocus=false, initialBrowserUrl=http://localhost:18697/, handlesAlerts=true, ie.forceCreateProcessApi=false, nativeEvents=true, browserAttachTimeout=0, ie.browserCommandLineSwitches=, takesScreenshot=true}]
	at org.openqa.selenium.remote.ErrorHandler.createThrowable(ErrorHandler.java:204)
	at org.openqa.selenium.remote.ErrorHandler.throwIfResponseFailed(ErrorHandler.java:156)
	at org.openqa.selenium.remote.RemoteWebDriver.execute(RemoteWebDriver.java:599)
	at org.openqa.selenium.remote.RemoteWebDriver.findElement(RemoteWebDriver.java:352)
	at org.openqa.selenium.remote.RemoteWebDriver.findElementByXPath(RemoteWebDriver.java:449)
	at org.openqa.selenium.By$ByXPath.findElement(By.java:357)
	at org.openqa.selenium.remote.RemoteWebDriver.findElement(RemoteWebDriver.java:344)
	at com.cognizant.framework.core.WebDriverBase.clickOnElement(WebDriverBase.java:134)
	at com.charter.page.BillingAndTransactionsPage.Autopay_DC(BillingAndTransactionsPage.java:283)
	at com.charter.test.Billpay.TB11_Validate_AutoPaySetup_ByDebitCard_AdminUser(Billpay.java:401)
... Removed 28 stack frames]]>
    </failure>
  </testcase> <!-- TB11_Validate_AutoPaySetup_ByDebitCard_AdminUser -->
  <testcase name="TB12_Validate_AutoPaySetup_ByCreditCard_AdminUser" time="57.986" classname="com.charter.test.Billpay"/>
  <testcase name="TB15_Validate_ModifyOTPayment_ByDebitCard_VerificationPage" time="57.893" classname="com.charter.test.Billpay"/>
  <testcase name="TB16_Validate_ModifyOTPayment_ByCreditCard_VerificationPage" time="54.483" classname="com.charter.test.Billpay"/>
  <testcase name="TB19_Validate_ViewCurrentBillLink_NavigateTo_PFDStatement_HOHUser" time="52.386" classname="com.charter.test.Billpay"/>
  <testcase name="TB20_Validate_ViewCurrentBillLink_NavigateTo_PFDStatement_AdminUser" time="35.032" classname="com.charter.test.Billpay"/>
  <testcase name="TB21_Validate_BillDeliveryLink_NavigateTo_BillDeliveryOptionsPage_HOHUser" time="34.04" classname="com.charter.test.Billpay"/>
  <testcase name="TB22_Validate_BillDeliveryLink_NavigateTo_BillDeliveryOptionsPage_AdminUser" time="33.49" classname="com.charter.test.Billpay"/>
  <testcase name="TB23_Validate_ViewImportantBillMessagesLink_NavigateTo_BillMessagesPage_HOHUser" time="38.555" classname="com.charter.test.Billpay"/>
  <testcase name="TB24_Validate_ViewImportantBillMessagesLink_NavigateTo_BillMessagesPage_AdminUser" time="34.049" classname="com.charter.test.Billpay"/>
  <testcase name="TB25_Validate_UpcomingPaymentsLink_NavigateTo_UpcomingPaymentsPage_HOHUser" time="42.948" classname="com.charter.test.Billpay"/>
  <testcase name="TB26_Validate_UpcomingPaymentsLink_NavigateTo_UpcomingPaymentsPage_AdminUser" time="41.37" classname="com.charter.test.Billpay"/>
  <testcase name="TB27_Validate_PaymentDueDateLink_NavigateTo_PaymentDueDatePage_HOHUser" time="49.088" classname="com.charter.test.Billpay"/>
  <testcase name="TB28_Validate_PaymentDueDateLink_NavigateTo_PaymentDueDatePage_AdminUser" time="46.404" classname="com.charter.test.Billpay"/>
  <testcase name="TB29_Validate_Duplicate_OTP_Message_ByDebitCard" time="85.989" classname="com.charter.test.Billpay"/>
  <testcase name="TB30_Validate_Duplicate_OTP_Message_ByCreditCard" time="79.657" classname="com.charter.test.Billpay"/>
  <testcase name="TC01_Validate_OverviewPageHeaders_HOHUser" time="84.611" classname="com.charter.test.MyAccount">
    <failure type="org.openqa.selenium.NoSuchElementException" message="Unable to find element with xpath == //div[@class=&amp;apos;footer-half-list&amp;apos;]/a[@href=&amp;apos;/tv/&amp;apos;] (WARNING: The server did not provide any stacktrace information)
Command duration or timeout: 40.12 seconds
For documentation on this error, please visit: http://seleniumhq.org/exceptions/no_such_element.html
Build info: version: &amp;apos;2.44.0&amp;apos;, revision: &amp;apos;76d78cf&amp;apos;, time: &amp;apos;2014-10-23 20:02:37&amp;apos;
System info: host: &amp;apos;PC220578&amp;apos;, ip: &amp;apos;10.102.6.129&amp;apos;, os.name: &amp;apos;Windows 7&amp;apos;, os.arch: &amp;apos;x86&amp;apos;, os.version: &amp;apos;6.1&amp;apos;, java.version: &amp;apos;1.7.0_21&amp;apos;
Session ID: c843b91f-e52d-4b77-a88f-8418cff88862
Driver info: org.openqa.selenium.ie.InternetExplorerDriver
Capabilities [{platform=WINDOWS, javascriptEnabled=true, elementScrollBehavior=0, ignoreZoomSetting=false, enablePersistentHover=true, ie.ensureCleanSession=false, browserName=internet explorer, enableElementCacheCleanup=true, unexpectedAlertBehaviour=dismiss, version=11, ie.usePerProcessProxy=false, ignoreProtectedModeSettings=true, cssSelectorsEnabled=true, requireWindowFocus=false, initialBrowserUrl=http://localhost:14665/, handlesAlerts=true, ie.forceCreateProcessApi=false, nativeEvents=true, browserAttachTimeout=0, ie.browserCommandLineSwitches=, takesScreenshot=true}]">
      <![CDATA[org.openqa.selenium.NoSuchElementException: Unable to find element with xpath == //div[@class='footer-half-list']/a[@href='/tv/'] (WARNING: The server did not provide any stacktrace information)
Command duration or timeout: 40.12 seconds
For documentation on this error, please visit: http://seleniumhq.org/exceptions/no_such_element.html
Build info: version: '2.44.0', revision: '76d78cf', time: '2014-10-23 20:02:37'
System info: host: 'PC220578', ip: '10.102.6.129', os.name: 'Windows 7', os.arch: 'x86', os.version: '6.1', java.version: '1.7.0_21'
Session ID: c843b91f-e52d-4b77-a88f-8418cff88862
Driver info: org.openqa.selenium.ie.InternetExplorerDriver
Capabilities [{platform=WINDOWS, javascriptEnabled=true, elementScrollBehavior=0, ignoreZoomSetting=false, enablePersistentHover=true, ie.ensureCleanSession=false, browserName=internet explorer, enableElementCacheCleanup=true, unexpectedAlertBehaviour=dismiss, version=11, ie.usePerProcessProxy=false, ignoreProtectedModeSettings=true, cssSelectorsEnabled=true, requireWindowFocus=false, initialBrowserUrl=http://localhost:14665/, handlesAlerts=true, ie.forceCreateProcessApi=false, nativeEvents=true, browserAttachTimeout=0, ie.browserCommandLineSwitches=, takesScreenshot=true}]
	at org.openqa.selenium.remote.ErrorHandler.createThrowable(ErrorHandler.java:204)
	at org.openqa.selenium.remote.ErrorHandler.throwIfResponseFailed(ErrorHandler.java:156)
	at org.openqa.selenium.remote.RemoteWebDriver.execute(RemoteWebDriver.java:599)
	at org.openqa.selenium.remote.RemoteWebDriver.findElement(RemoteWebDriver.java:352)
	at org.openqa.selenium.remote.RemoteWebDriver.findElementByXPath(RemoteWebDriver.java:449)
	at org.openqa.selenium.By$ByXPath.findElement(By.java:357)
	at org.openqa.selenium.remote.RemoteWebDriver.findElement(RemoteWebDriver.java:344)
	at com.cognizant.framework.core.WebDriverBase.getText(WebDriverBase.java:816)
	at com.charter.page.OverviewPage.FooterWatchTV(OverviewPage.java:521)
	at com.charter.test.MyAccount.TC01_Validate_OverviewPageHeaders_HOHUser(MyAccount.java:48)
... Removed 28 stack frames]]>
    </failure>
  </testcase> <!-- TC01_Validate_OverviewPageHeaders_HOHUser -->
  <testcase name="TC02_Validate_BillingandTransactionSection_HOHUser" time="36.49" classname="com.charter.test.MyAccount"/>
  <testcase name="TC03_Validate_AskCharterWidget_HOHUser" time="46.978" classname="com.charter.test.MyAccount"/>
  <testcase name="TC04_Validate_ServiceAndEquipmentSection_And_UpgradeRules_TVInternetVoice_HOHUser" time="183.846" classname="com.charter.test.MyAccount"/>
  <testcase name="TC05_Validate_UserPreferencesSection_HOHUser" time="96.93" classname="com.charter.test.MyAccount"/>
  <testcase name="TC07_Validate_BillingandTransaction_Helpicon" time="190.129" classname="com.charter.test.MyAccount">
    <failure type="org.openqa.selenium.NoSuchElementException" message="Unable to find element with xpath == //h2[contains(text(),&amp;apos;Billing and Transactions&amp;apos;)]/a (WARNING: The server did not provide any stacktrace information)
Command duration or timeout: 40.04 seconds
For documentation on this error, please visit: http://seleniumhq.org/exceptions/no_such_element.html
Build info: version: &amp;apos;2.44.0&amp;apos;, revision: &amp;apos;76d78cf&amp;apos;, time: &amp;apos;2014-10-23 20:02:37&amp;apos;
System info: host: &amp;apos;PC220578&amp;apos;, ip: &amp;apos;10.102.6.129&amp;apos;, os.name: &amp;apos;Windows 7&amp;apos;, os.arch: &amp;apos;x86&amp;apos;, os.version: &amp;apos;6.1&amp;apos;, java.version: &amp;apos;1.7.0_21&amp;apos;
Session ID: 3307900e-7419-49b5-9832-7b458826cabf
Driver info: org.openqa.selenium.ie.InternetExplorerDriver
Capabilities [{platform=WINDOWS, javascriptEnabled=true, elementScrollBehavior=0, ignoreZoomSetting=false, enablePersistentHover=true, ie.ensureCleanSession=false, browserName=internet explorer, enableElementCacheCleanup=true, unexpectedAlertBehaviour=dismiss, version=11, ie.usePerProcessProxy=false, ignoreProtectedModeSettings=true, cssSelectorsEnabled=true, requireWindowFocus=false, initialBrowserUrl=http://localhost:29340/, handlesAlerts=true, ie.forceCreateProcessApi=false, nativeEvents=true, browserAttachTimeout=0, ie.browserCommandLineSwitches=, takesScreenshot=true}]">
      <![CDATA[org.openqa.selenium.NoSuchElementException: Unable to find element with xpath == //h2[contains(text(),'Billing and Transactions')]/a (WARNING: The server did not provide any stacktrace information)
Command duration or timeout: 40.04 seconds
For documentation on this error, please visit: http://seleniumhq.org/exceptions/no_such_element.html
Build info: version: '2.44.0', revision: '76d78cf', time: '2014-10-23 20:02:37'
System info: host: 'PC220578', ip: '10.102.6.129', os.name: 'Windows 7', os.arch: 'x86', os.version: '6.1', java.version: '1.7.0_21'
Session ID: 3307900e-7419-49b5-9832-7b458826cabf
Driver info: org.openqa.selenium.ie.InternetExplorerDriver
Capabilities [{platform=WINDOWS, javascriptEnabled=true, elementScrollBehavior=0, ignoreZoomSetting=false, enablePersistentHover=true, ie.ensureCleanSession=false, browserName=internet explorer, enableElementCacheCleanup=true, unexpectedAlertBehaviour=dismiss, version=11, ie.usePerProcessProxy=false, ignoreProtectedModeSettings=true, cssSelectorsEnabled=true, requireWindowFocus=false, initialBrowserUrl=http://localhost:29340/, handlesAlerts=true, ie.forceCreateProcessApi=false, nativeEvents=true, browserAttachTimeout=0, ie.browserCommandLineSwitches=, takesScreenshot=true}]
	at org.openqa.selenium.remote.ErrorHandler.createThrowable(ErrorHandler.java:204)
	at org.openqa.selenium.remote.ErrorHandler.throwIfResponseFailed(ErrorHandler.java:156)
	at org.openqa.selenium.remote.RemoteWebDriver.execute(RemoteWebDriver.java:599)
	at org.openqa.selenium.remote.RemoteWebDriver.findElement(RemoteWebDriver.java:352)
	at org.openqa.selenium.remote.RemoteWebDriver.findElementByXPath(RemoteWebDriver.java:449)
	at org.openqa.selenium.By$ByXPath.findElement(By.java:357)
	at org.openqa.selenium.remote.RemoteWebDriver.findElement(RemoteWebDriver.java:344)
	at com.cognizant.framework.core.WebDriverBase.getText(WebDriverBase.java:816)
	at com.charter.page.OverviewPage.BTHelpicon(OverviewPage.java:377)
	at com.charter.test.MyAccount.TC07_Validate_BillingandTransaction_Helpicon(MyAccount.java:158)
... Removed 28 stack frames]]>
    </failure>
  </testcase> <!-- TC07_Validate_BillingandTransaction_Helpicon -->
  <testcase name="TC08_Validate_BillingandTransaction_SectionEachLinks_HOHUser" time="45.318" classname="com.charter.test.MyAccount"/>
  <testcase name="TC09_Validate_ServiceAndEquipment_SectionEachLink_AdminUser" time="128.514" classname="com.charter.test.MyAccount">
    <failure type="com.cognizant.framework.exception.BrowserBotException" message="Bot encountered a timeout while waiting for a condition,  Timed out after 30 seconds waiting for element to be clickable: By.name: username
Build info: version: &amp;apos;2.44.0&amp;apos;, revision: &amp;apos;76d78cf&amp;apos;, time: &amp;apos;2014-10-23 20:02:37&amp;apos;
System info: host: &amp;apos;PC220578&amp;apos;, ip: &amp;apos;10.102.6.129&amp;apos;, os.name: &amp;apos;Windows 7&amp;apos;, os.arch: &amp;apos;x86&amp;apos;, os.version: &amp;apos;6.1&amp;apos;, java.version: &amp;apos;1.7.0_21&amp;apos;
Driver info: driver.version: unknown">
      <![CDATA[com.cognizant.framework.exception.BrowserBotException: Bot encountered a timeout while waiting for a condition,  Timed out after 30 seconds waiting for element to be clickable: By.name: username
Build info: version: '2.44.0', revision: '76d78cf', time: '2014-10-23 20:02:37'
System info: host: 'PC220578', ip: '10.102.6.129', os.name: 'Windows 7', os.arch: 'x86', os.version: '6.1', java.version: '1.7.0_21'
Driver info: driver.version: unknown
	at com.cognizant.framework.core.WebDriverBase.wait(WebDriverBase.java:76)
	at com.cognizant.framework.core.WebDriverBase.type(WebDriverBase.java:197)
	at com.charter.page.HomePage.login(HomePage.java:101)
	at com.charter.test.MyAccount.TC09_Validate_ServiceAndEquipment_SectionEachLink_AdminUser(MyAccount.java:194)
... Removed 24 stack frames]]>
    </failure>
  </testcase> <!-- TC09_Validate_ServiceAndEquipment_SectionEachLink_AdminUser -->
  <testcase name="TC10_Validate_ServiceandEquipment_Helpicon" time="38.36" classname="com.charter.test.MyAccount"/>
  <testcase name="TC11_Validate_UserPreferences_Helpicon" time="39.72" classname="com.charter.test.MyAccount"/>
  <testcase name="TC12_Validate_OverviewPage_ViewPaymentViewDate_HOHUser" time="50.504" classname="com.charter.test.MyAccount"/>
  <testcase name="TC13_Validate_OverviewPage_AvatarImagesViewProfile_HOHUser" time="36.366" classname="com.charter.test.MyAccount">
    <failure type="java.lang.AssertionError" message="User is not able to view profiles on clicking Avatar Images in overview page expected [true] but found [false]">
      <![CDATA[java.lang.AssertionError: User is not able to view profiles on clicking Avatar Images in overview page expected [true] but found [false]
	at com.charter.test.MyAccount.TC13_Validate_OverviewPage_AvatarImagesViewProfile_HOHUser(MyAccount.java:289)
... Removed 27 stack frames]]>
    </failure>
  </testcase> <!-- TC13_Validate_OverviewPage_AvatarImagesViewProfile_HOHUser -->
  <testcase name="TC14_Validate_OverviewPage_NickNameLink_NavigationTo_TVServices" time="63.155" classname="com.charter.test.MyAccount"/>
  <testcase name="TC15_Validate_OverviewPage_RefreshDevicesLink_NavigationTo_TVServices" time="40.692" classname="com.charter.test.MyAccount"/>
  <testcase name="TC16_Validate_OverviewPage_CheckEmailLink_NavigationTo_Webmail" time="44.644" classname="com.charter.test.MyAccount"/>
  <testcase name="TC17_Validate_OverviewPage_SecuritySuiteLink_NavigationTo_SecuritySuitePage" time="47.732" classname="com.charter.test.MyAccount"/>
  <testcase name="TC18_Validate_OverviewPage_ServiceEquipmentPanel_Stduser" time="84.908" classname="com.charter.test.MyAccount"/>
  <testcase name="TC19_Validate_OverviewPage_PhoneOnlineMangerLink_NavigateTo_POMpage_Adminuser" time="42.207" classname="com.charter.test.MyAccount"/>
  <testcase name="TC20_Validate_BillingAndTransactionPage_HeadersAndLinks" time="149.344" classname="com.charter.test.MyAccount">
    <failure type="java.lang.AssertionError" message="Headres are -Not displayed in Billing and Transaction page expected [true] but found [false]">
      <![CDATA[java.lang.AssertionError: Headres are -Not displayed in Billing and Transaction page expected [true] but found [false]
	at com.charter.test.MyAccount.TC20_Validate_BillingAndTransactionPage_HeadersAndLinks(MyAccount.java:435)
... Removed 27 stack frames]]>
    </failure>
  </testcase> <!-- TC20_Validate_BillingAndTransactionPage_HeadersAndLinks -->
  <testcase name="TC21_Validate_BillingAndTransactionPage_MakeAPaymentLink_NavigateTo_PaymentOptionPage_HOHUser" time="47.671" classname="com.charter.test.MyAccount"/>
  <testcase name="TC22_Validate_BillingAndTransactionPage_ViewCurrentBillLink_NavigateTo_CurrentBillPage_HOHUser" time="53.653" classname="com.charter.test.MyAccount"/>
  <testcase name="TC23_Validate_BillingAndTransactionPage_BillDeliveryOptionsLink_NavigateTo_BilldeliveryOptionsPage_HOHUser" time="46.317" classname="com.charter.test.MyAccount"/>
  <testcase name="TC24_Validate_BillingAndTransPage_ViewImportantBillMessageLink_NavigateTo_ViewImportantBillMessagePage_HOHUser" time="73.862" classname="com.charter.test.MyAccount"/>
  <testcase name="TC25_Validate_BillingAndTransPage_UpcomingPaymentLink_NavigateTo_UpcomingPaymentPage_HOHUser" time="37.217" classname="com.charter.test.MyAccount"/>
  <testcase name="TC26_Validate_BillingAndTransactionPage_SummarySection_HOHUser" time="42.185" classname="com.charter.test.MyAccount"/>
  <testcase name="TC27_Validate_BillingAndTransactionPage_StatementSummaryHelpIcon_HOHUser" time="30.023" classname="com.charter.test.MyAccount"/>
  <testcase name="TC28_Validate_BillingAndTransactionPage_SelectDateDropDownOption_HOHUser" time="46.576" classname="com.charter.test.MyAccount"/>
  <testcase name="TC29_Validate_BillingAndTransaction_PayBillLink_NavigateTo_PaymentOption_HOHUser" time="49.001" classname="com.charter.test.MyAccount"/>
  <testcase name="TC30_Validate_BillingAndTransactionPage_ContactInfoSection_HOHuser" time="33.184" classname="com.charter.test.MyAccount"/>
  <testcase name="TC31_Validate_BillingandTransPage_ChangeNameLink_NavigateTo_TransferAccountOwnershipPage_HOHuser" time="38.492" classname="com.charter.test.MyAccount"/>
  <testcase name="TC32_Validate_BillingAndTransactionPage_TransferMyServiceLink_NavigateTo_TransferServicePage_HOHUser" time="45.527" classname="com.charter.test.MyAccount"/>
  <testcase name="TC33_Validate_BillingAndTransactionPage_CallDetailsHelpicon_HOHUser" time="34.813" classname="com.charter.test.MyAccount"/>
  <testcase name="TC34_Validate_BillingAndTransactionPage_ViewCallDetailsLink_NavigateTo_CallDetailsPage_HOHUser" time="31.221" classname="com.charter.test.MyAccount"/>
  <testcase name="TC35_Validate_BillingAndTransactionPage_PaymentHistoryHelpIcon_HOHUser" time="40.139" classname="com.charter.test.MyAccount"/>
  <testcase name="TC36_Validate_BillingAndTransactionPage_RecentTransactionsHelpIcon_HOHUser" time="40.275" classname="com.charter.test.MyAccount"/>
  <testcase name="TC37_Validate_BillingAndTransactionPage_PaymentHistorySection_HOHUser" time="39.067" classname="com.charter.test.MyAccount"/>
  <testcase name="TC38_Validate_BillingAndTransactionPage_RecentTransactionsSection_HOHUser" time="38.892" classname="com.charter.test.MyAccount"/>
  <testcase name="TC39_Validate_BillingAndTransactionPage_AskCharterWidget_HOHUser" time="103.659" classname="com.charter.test.MyAccount">
    <failure type="java.lang.AssertionError" message="Askcharter Section is -Not Present expected [true] but found [false]">
      <![CDATA[java.lang.AssertionError: Askcharter Section is -Not Present expected [true] but found [false]
	at com.charter.test.MyAccount.TC39_Validate_BillingAndTransactionPage_AskCharterWidget_HOHUser(MyAccount.java:837)
... Removed 27 stack frames]]>
    </failure>
  </testcase> <!-- TC39_Validate_BillingAndTransactionPage_AskCharterWidget_HOHUser -->
  <testcase name="TC40_Validate_TVServicesPage_Navigation_AndVerifyHeaderLinks" time="932.698" classname="com.charter.test.MyAccount">
    <failure type="java.lang.AssertionError" message="TV Servcies Page Headers are -Not Present expected [true] but found [false]">
      <![CDATA[java.lang.AssertionError: TV Servcies Page Headers are -Not Present expected [true] but found [false]
	at com.charter.test.MyAccount.TC40_Validate_TVServicesPage_Navigation_AndVerifyHeaderLinks(MyAccount.java:858)
... Removed 27 stack frames]]>
    </failure>
  </testcase> <!-- TC40_Validate_TVServicesPage_Navigation_AndVerifyHeaderLinks -->
  <testcase name="TC40_Validate_TVServicesPage_Navigation_AndVerifyHeaderLinks" time="935.533" classname="com.charter.test.MyAccount">
    <failure type="org.openqa.selenium.NoSuchWindowException" message="Unable to get browser (WARNING: The server did not provide any stacktrace information)
Command duration or timeout: 13 milliseconds
Build info: version: &amp;apos;2.44.0&amp;apos;, revision: &amp;apos;76d78cf&amp;apos;, time: &amp;apos;2014-10-23 20:02:37&amp;apos;
System info: host: &amp;apos;PC220578&amp;apos;, ip: &amp;apos;10.102.6.129&amp;apos;, os.name: &amp;apos;Windows 7&amp;apos;, os.arch: &amp;apos;x86&amp;apos;, os.version: &amp;apos;6.1&amp;apos;, java.version: &amp;apos;1.7.0_21&amp;apos;
Session ID: f0047cba-7995-457d-b9be-b982106a17cc
Driver info: org.openqa.selenium.ie.InternetExplorerDriver
Capabilities [{platform=WINDOWS, javascriptEnabled=true, elementScrollBehavior=0, ignoreZoomSetting=false, enablePersistentHover=true, ie.ensureCleanSession=false, browserName=internet explorer, enableElementCacheCleanup=true, unexpectedAlertBehaviour=dismiss, version=11, ie.usePerProcessProxy=false, ignoreProtectedModeSettings=true, cssSelectorsEnabled=true, requireWindowFocus=false, initialBrowserUrl=http://localhost:2578/, handlesAlerts=true, ie.forceCreateProcessApi=false, nativeEvents=true, browserAttachTimeout=0, ie.browserCommandLineSwitches=, takesScreenshot=true}]">
      <![CDATA[org.openqa.selenium.NoSuchWindowException: Unable to get browser (WARNING: The server did not provide any stacktrace information)
Command duration or timeout: 13 milliseconds
Build info: version: '2.44.0', revision: '76d78cf', time: '2014-10-23 20:02:37'
System info: host: 'PC220578', ip: '10.102.6.129', os.name: 'Windows 7', os.arch: 'x86', os.version: '6.1', java.version: '1.7.0_21'
Session ID: f0047cba-7995-457d-b9be-b982106a17cc
Driver info: org.openqa.selenium.ie.InternetExplorerDriver
Capabilities [{platform=WINDOWS, javascriptEnabled=true, elementScrollBehavior=0, ignoreZoomSetting=false, enablePersistentHover=true, ie.ensureCleanSession=false, browserName=internet explorer, enableElementCacheCleanup=true, unexpectedAlertBehaviour=dismiss, version=11, ie.usePerProcessProxy=false, ignoreProtectedModeSettings=true, cssSelectorsEnabled=true, requireWindowFocus=false, initialBrowserUrl=http://localhost:2578/, handlesAlerts=true, ie.forceCreateProcessApi=false, nativeEvents=true, browserAttachTimeout=0, ie.browserCommandLineSwitches=, takesScreenshot=true}]
	at org.openqa.selenium.remote.ErrorHandler.createThrowable(ErrorHandler.java:204)
	at org.openqa.selenium.remote.ErrorHandler.throwIfResponseFailed(ErrorHandler.java:156)
	at org.openqa.selenium.remote.RemoteWebDriver.execute(RemoteWebDriver.java:599)
	at org.openqa.selenium.remote.RemoteWebDriver.execute(RemoteWebDriver.java:614)
	at org.openqa.selenium.remote.RemoteWebDriver.getPageSource(RemoteWebDriver.java:459)
	at com.cognizant.framework.listeners.ResultContainer.setWebpage(ResultContainer.java:54)
	at com.cognizant.framework.listeners.WebTestListeners.onTestFailure(WebTestListeners.java:153)
... Removed 25 stack frames]]>
    </failure>
  </testcase> <!-- TC40_Validate_TVServicesPage_Navigation_AndVerifyHeaderLinks -->
</testsuite> <!-- All_Set_Run_March_11 -->
