<?xml version="1.0" encoding="UTF-8"?>
<!-- Generated by org.testng.reporters.JUnitXMLReporter -->
<testsuite hostname="PC220578" name="BillPay" tests="4" failures="1" timestamp="17 Mar 2015 09:44:41 GMT" time="263.018" errors="0">
  <testcase name="TB19_Validate_ViewCurrentBillLink_NavigateTo_PFDStatement_HOHUser" time="58.853" classname="com.charter.test.Billpay"/>
  <testcase name="TB20_Validate_ViewCurrentBillLink_NavigateTo_PFDStatement_AdminUser" time="81.162" classname="com.charter.test.Billpay">
    <failure type="org.openqa.selenium.StaleElementReferenceException" message="Element not found in the cache - perhaps the page has changed since it was looked up
Command duration or timeout: 41.73 seconds
For documentation on this error, please visit: http://seleniumhq.org/exceptions/stale_element_reference.html
Build info: version: &amp;apos;2.45.0&amp;apos;, revision: &amp;apos;5017cb8&amp;apos;, time: &amp;apos;2015-02-26 23:59:50&amp;apos;
System info: host: &amp;apos;PC220578&amp;apos;, ip: &amp;apos;10.102.6.129&amp;apos;, os.name: &amp;apos;Windows 7&amp;apos;, os.arch: &amp;apos;x86&amp;apos;, os.version: &amp;apos;6.1&amp;apos;, java.version: &amp;apos;1.7.0_21&amp;apos;
Session ID: 9edf02d9-a6d9-457c-a4b0-339c9dfb1d89
Driver info: org.openqa.selenium.firefox.FirefoxDriver
Capabilities [{platform=WINDOWS, acceptSslCerts=true, javascriptEnabled=true, cssSelectorsEnabled=true, databaseEnabled=true, browserName=firefox, handlesAlerts=true, nativeEvents=true, webStorageEnabled=true, rotatable=false, locationContextEnabled=true, applicationCacheEnabled=true, takesScreenshot=true, version=31.0}]">
      <![CDATA[org.openqa.selenium.StaleElementReferenceException: Element not found in the cache - perhaps the page has changed since it was looked up
Command duration or timeout: 41.73 seconds
For documentation on this error, please visit: http://seleniumhq.org/exceptions/stale_element_reference.html
Build info: version: '2.45.0', revision: '5017cb8', time: '2015-02-26 23:59:50'
System info: host: 'PC220578', ip: '10.102.6.129', os.name: 'Windows 7', os.arch: 'x86', os.version: '6.1', java.version: '1.7.0_21'
Session ID: 9edf02d9-a6d9-457c-a4b0-339c9dfb1d89
Driver info: org.openqa.selenium.firefox.FirefoxDriver
Capabilities [{platform=WINDOWS, acceptSslCerts=true, javascriptEnabled=true, cssSelectorsEnabled=true, databaseEnabled=true, browserName=firefox, handlesAlerts=true, nativeEvents=true, webStorageEnabled=true, rotatable=false, locationContextEnabled=true, applicationCacheEnabled=true, takesScreenshot=true, version=31.0}]
	at org.openqa.selenium.remote.ErrorHandler.createThrowable(ErrorHandler.java:204)
	at org.openqa.selenium.remote.ErrorHandler.throwIfResponseFailed(ErrorHandler.java:156)
	at org.openqa.selenium.remote.RemoteWebDriver.execute(RemoteWebDriver.java:599)
	at org.openqa.selenium.remote.RemoteWebElement.execute(RemoteWebElement.java:268)
	at org.openqa.selenium.remote.RemoteWebElement.click(RemoteWebElement.java:79)
	at com.cognizant.framework.core.WebDriverBase.clickOnElement(WebDriverBase.java:136)
	at com.charter.page.HomePage.logoutApplication(HomePage.java:255)
	at com.charter.test.Billpay.TB20_Validate_ViewCurrentBillLink_NavigateTo_PFDStatement_AdminUser(Billpay.java:545)
Caused by: org.openqa.selenium.StaleElementReferenceException: Element not found in the cache - perhaps the page has changed since it was looked up
For documentation on this error, please visit: http://seleniumhq.org/exceptions/stale_element_reference.html
Build info: version: '2.45.0', revision: '5017cb8', time: '2015-02-26 23:59:50'
System info: host: 'PC220578', ip: '10.102.6.129', os.name: 'Windows 7', os.arch: 'x86', os.version: '6.1', java.version: '1.7.0_21'
Driver info: driver.version: unknown
	at <anonymous class>.fxdriver.cache.getElementAt(resource://fxdriver/modules/web-element-cache.js:8953)
	at <anonymous class>.Utils.getElementAt(file:///C:/Users/393859/AppData/Local/Temp/anonymous8211433967411302768webdriver-profile/extensions/fxdriver@googlecode.com/components/command-processor.js:8546)
	at <anonymous class>.fxdriver.preconditions.visible(file:///C:/Users/393859/AppData/Local/Temp/anonymous8211433967411302768webdriver-profile/extensions/fxdriver@googlecode.com/components/command-processor.js:9585)
	at <anonymous class>.DelayedCommand.prototype.checkPreconditions_(file:///C:/Users/393859/AppData/Local/Temp/anonymous8211433967411302768webdriver-profile/extensions/fxdriver@googlecode.com/components/command-processor.js:12257)
	at <anonymous class>.DelayedCommand.prototype.executeInternal_/h(file:///C:/Users/393859/AppData/Local/Temp/anonymous8211433967411302768webdriver-profile/extensions/fxdriver@googlecode.com/components/command-processor.js:12274)
	at <anonymous class>.fxdriver.Timer.prototype.setTimeout/<.notify(file:///C:/Users/393859/AppData/Local/Temp/anonymous8211433967411302768webdriver-profile/extensions/fxdriver@googlecode.com/components/command-processor.js:603)
... Removed 28 stack frames]]>
    </failure>
  </testcase> <!-- TB20_Validate_ViewCurrentBillLink_NavigateTo_PFDStatement_AdminUser -->
  <testcase name="TB23_Validate_ViewImportantBillMessagesLink_NavigateTo_BillMessagesPage_HOHUser" time="45.294" classname="com.charter.test.Billpay"/>
  <testcase name="TB24_Validate_ViewImportantBillMessagesLink_NavigateTo_BillMessagesPage_AdminUser" time="43.143" classname="com.charter.test.Billpay"/>
</testsuite> <!-- BillPay -->
