<html>
<head>
<title>TestNG:  BillPay</title>
<link href="../testng.css" rel="stylesheet" type="text/css" />
<link href="../my-testng.css" rel="stylesheet" type="text/css" />

<style type="text/css">
.log { display: none;} 
.stack-trace { display: none;} 
</style>
<script type="text/javascript">
<!--
function flip(e) {
  current = e.style.display;
  if (current == 'block') {
    e.style.display = 'none';
    return 0;
  }
  else {
    e.style.display = 'block';
    return 1;
  }
}

function toggleBox(szDivId, elem, msg1, msg2)
{
  var res = -1;  if (document.getElementById) {
    res = flip(document.getElementById(szDivId));
  }
  else if (document.all) {
    // this is the way old msie versions work
    res = flip(document.all[szDivId]);
  }
  if(elem) {
    if(res == 0) elem.innerHTML = msg1; else elem.innerHTML = msg2;
  }

}

function toggleAllBoxes() {
  if (document.getElementsByTagName) {
    d = document.getElementsByTagName('div');
    for (i = 0; i < d.length; i++) {
      if (d[i].className == 'log') {
        flip(d[i]);
      }
    }
  }
}

// -->
</script>

</head>
<body>
<h2 align='center'>BillPay</h2><table border='1' align="center">
<tr>
<td>Tests passed/Failed/Skipped:</td><td>3/1/0</td>
</tr><tr>
<td>Started on:</td><td>Tue Mar 17 15:10:18 IST 2015</td>
</tr>
<tr><td>Total time:</td><td>263 seconds (263018 ms)</td>
</tr><tr>
<td>Included groups:</td><td></td>
</tr><tr>
<td>Excluded groups:</td><td></td>
</tr>
</table><p/>
<small><i>(Hover the method name to see the test class name)</i></small><p/>
<table width='100%' border='1' class='invocation-failed'>
<tr><td colspan='4' align='center'><b>FAILED TESTS</b></td></tr>
<tr><td><b>Test method</b></td>
<td width="30%"><b>Exception</b></td>
<td width="10%"><b>Time (seconds)</b></td>
<td><b>Instance</b></td>
</tr>
<tr>
<td title='com.charter.test.Billpay.TB20_Validate_ViewCurrentBillLink_NavigateTo_PFDStatement_AdminUser()'><b>TB20_Validate_ViewCurrentBillLink_NavigateTo_PFDStatement_AdminUser</b><br>Test class: com.charter.test.Billpay<br>Parameters: {LegacySiteURL=, SelectDate=, Password1=, hohuser=, mac_fID=, TestCaseId=TB20_Validate_ViewCurrentBillLink_NavigateTo_PFDStatement_AdminUser, charterID=, Devicenickname=, password=, Account_Type=, Relogin_UserID=, selectUser=, ExpYear=, Address2=, fLinked_CharterID=, Address1=, address_CID=, zipcode_CID=, ParentalControl_TV=, invalidSecurityAns=, FutureDate=, address_fID=, email=, SecurityAnswer=, SecurityQuestion=, ParentalControl_Unratedcontent=, NewRole=, invalidLastname=, Operatingsystem=, security_answer=, Relogin_Password=, Mobilephone=, CharterID_fp=, PC_Unratedcontent=, PC_Movie=, UserID=e2e5024_06, lastname=, searchkey=, couponNumber=, Zipcode=, security_question=, Account_pom=, ConfirmPassword=, accountnumber=, Account_DVRcontrol=, PC_TV=, UserPassword=Testing01, CardType=, invalidPassword=, invalidMAC=, CardNumber=, lastname_fp=, mac_CID=, ParentalControl_Movie=, Zipcode_fp=, Message=, UserID1=, ContactEmail=, routingnumber=, invalidAddress=, City=, invalidZipcode=, State=, ExpDate=, zipcode_fID=, invalidEmail=, lastname_fID=, lastname_CID=}<br/>
<a href="#Output-27123534" onClick='toggleBox("Output-27123534", this, "Show output", "Hide output");'>Show output</a>

<a href="#Output-27123534" onClick="toggleAllBoxes();">Show all outputs</a>
<div class='log' id="Output-27123534">
<<<*** END: Billpay.TB20_Validate_ViewCurrentBillLink_NavigateTo_PFDStatement_AdminUser ***>>> <br/><br/>
=====================================================================================<br/><br/>
Test Failed :com.charter.test.Billpay.TB20_Validate_ViewCurrentBillLink_NavigateTo_PFDStatement_AdminUser, Took 81 seconds<br/><br/>
<a href='D:\EngnewCharter\test-output\html\screenshots\TB20_Validate_ViewCurrentBillLink_NavigateTo_PFDStatement_AdminUser-1-17Mar15_031255.png'><img src='D:\EngnewCharter\test-output\html\screenshots\TB20_Validate_ViewCurrentBillLink_NavigateTo_PFDStatement_AdminUser-1-17Mar15_031255.png' height='50' width='50'/><br></a><br/>
</div>
</td>
<td><div><pre>org.openqa.selenium.StaleElementReferenceException: Element not found in the cache - perhaps the page has changed since it was looked up
Command duration or timeout: 41.73 seconds
For documentation on this error, please visit: http://seleniumhq.org/exceptions/stale_element_reference.html
Build info: version: &apos;2.45.0&apos;, revision: &apos;5017cb8&apos;, time: &apos;2015-02-26 23:59:50&apos;
System info: host: &apos;PC220578&apos;, ip: &apos;10.102.6.129&apos;, os.name: &apos;Windows 7&apos;, os.arch: &apos;x86&apos;, os.version: &apos;6.1&apos;, java.version: &apos;1.7.0_21&apos;
Session ID: 9edf02d9-a6d9-457c-a4b0-339c9dfb1d89
Driver info: org.openqa.selenium.firefox.FirefoxDriver
Capabilities [{platform=WINDOWS, acceptSslCerts=true, javascriptEnabled=true, cssSelectorsEnabled=true, databaseEnabled=true, browserName=firefox, handlesAlerts=true, nativeEvents=true, webStorageEnabled=true, rotatable=false, locationContextEnabled=true, applicationCacheEnabled=true, takesScreenshot=true, version=31.0}]
	at org.openqa.selenium.remote.ErrorHandler.createThrowable(ErrorHandler.java:204)
	at org.openqa.selenium.remote.ErrorHandler.throwIfResponseFailed(ErrorHandler.java:156)
	at org.openqa.selenium.remote.RemoteWebDriver.execute(RemoteWebDriver.java:599)
	at org.openqa.selenium.remote.RemoteWebElement.execute(RemoteWebElement.java:268)
	at org.openqa.selenium.remote.RemoteWebElement.click(RemoteWebElement.java:79)
	at com.cognizant.framework.core.WebDriverBase.clickOnElement(WebDriverBase.java:136)
	at com.charter.page.HomePage.logoutApplication(HomePage.java:255)
	at com.charter.test.Billpay.TB20_Validate_ViewCurrentBillLink_NavigateTo_PFDStatement_AdminUser(Billpay.java:545)
Caused by: org.openqa.selenium.StaleElementReferenceException: Element not found in the cache - perhaps the page has changed since it was looked up
For documentation on this error, please visit: http://seleniumhq.org/exceptions/stale_element_reference.html
Build info: version: &apos;2.45.0&apos;, revision: &apos;5017cb8&apos;, time: &apos;2015-02-26 23:59:50&apos;
System info: host: &apos;PC220578&apos;, ip: &apos;10.102.6.129&apos;, os.name: &apos;Windows 7&apos;, os.arch: &apos;x86&apos;, os.version: &apos;6.1&apos;, java.version: &apos;1.7.0_21&apos;
Driver info: driver.version: unknown
	at &lt;anonymous class&gt;.fxdriver.cache.getElementAt(resource://fxdriver/modules/web-element-cache.js:8953)
	at &lt;anonymous class&gt;.Utils.getElementAt(file:///C:/Users/393859/AppData/Local/Temp/anonymous8211433967411302768webdriver-profile/extensions/fxdriver@googlecode.com/components/command-processor.js:8546)
	at &lt;anonymous class&gt;.fxdriver.preconditions.visible(file:///C:/Users/393859/AppData/Local/Temp/anonymous8211433967411302768webdriver-profile/extensions/fxdriver@googlecode.com/components/command-processor.js:9585)
	at &lt;anonymous class&gt;.DelayedCommand.prototype.checkPreconditions_(file:///C:/Users/393859/AppData/Local/Temp/anonymous8211433967411302768webdriver-profile/extensions/fxdriver@googlecode.com/components/command-processor.js:12257)
	at &lt;anonymous class&gt;.DelayedCommand.prototype.executeInternal_/h(file:///C:/Users/393859/AppData/Local/Temp/anonymous8211433967411302768webdriver-profile/extensions/fxdriver@googlecode.com/components/command-processor.js:12274)
	at &lt;anonymous class&gt;.fxdriver.Timer.prototype.setTimeout/&lt;.notify(file:///C:/Users/393859/AppData/Local/Temp/anonymous8211433967411302768webdriver-profile/extensions/fxdriver@googlecode.com/components/command-processor.js:603)
... Removed 28 stack frames</pre></div><a href='#' onClick='toggleBox("stack-trace27123534", this, "Click to show all stack frames", "Click to hide stack frames")'>Click to show all stack frames</a>
<div class='stack-trace' id='stack-trace27123534'><pre>org.openqa.selenium.StaleElementReferenceException: Element not found in the cache - perhaps the page has changed since it was looked up
Command duration or timeout: 41.73 seconds
For documentation on this error, please visit: http://seleniumhq.org/exceptions/stale_element_reference.html
Build info: version: &apos;2.45.0&apos;, revision: &apos;5017cb8&apos;, time: &apos;2015-02-26 23:59:50&apos;
System info: host: &apos;PC220578&apos;, ip: &apos;10.102.6.129&apos;, os.name: &apos;Windows 7&apos;, os.arch: &apos;x86&apos;, os.version: &apos;6.1&apos;, java.version: &apos;1.7.0_21&apos;
Session ID: 9edf02d9-a6d9-457c-a4b0-339c9dfb1d89
Driver info: org.openqa.selenium.firefox.FirefoxDriver
Capabilities [{platform=WINDOWS, acceptSslCerts=true, javascriptEnabled=true, cssSelectorsEnabled=true, databaseEnabled=true, browserName=firefox, handlesAlerts=true, nativeEvents=true, webStorageEnabled=true, rotatable=false, locationContextEnabled=true, applicationCacheEnabled=true, takesScreenshot=true, version=31.0}]
	at sun.reflect.NativeConstructorAccessorImpl.newInstance0(Native Method)
	at sun.reflect.NativeConstructorAccessorImpl.newInstance(Unknown Source)
	at sun.reflect.DelegatingConstructorAccessorImpl.newInstance(Unknown Source)
	at java.lang.reflect.Constructor.newInstance(Unknown Source)
	at org.openqa.selenium.remote.ErrorHandler.createThrowable(ErrorHandler.java:204)
	at org.openqa.selenium.remote.ErrorHandler.throwIfResponseFailed(ErrorHandler.java:156)
	at org.openqa.selenium.remote.RemoteWebDriver.execute(RemoteWebDriver.java:599)
	at org.openqa.selenium.remote.RemoteWebElement.execute(RemoteWebElement.java:268)
	at org.openqa.selenium.remote.RemoteWebElement.click(RemoteWebElement.java:79)
	at com.cognizant.framework.core.WebDriverBase.clickOnElement(WebDriverBase.java:136)
	at com.charter.page.HomePage.logoutApplication(HomePage.java:255)
	at com.charter.test.Billpay.TB20_Validate_ViewCurrentBillLink_NavigateTo_PFDStatement_AdminUser(Billpay.java:545)
	at sun.reflect.NativeMethodAccessorImpl.invoke0(Native Method)
	at sun.reflect.NativeMethodAccessorImpl.invoke(Unknown Source)
	at sun.reflect.DelegatingMethodAccessorImpl.invoke(Unknown Source)
	at java.lang.reflect.Method.invoke(Unknown Source)
	at org.testng.internal.MethodInvocationHelper.invokeMethod(MethodInvocationHelper.java:84)
	at org.testng.internal.Invoker.invokeMethod(Invoker.java:714)
	at org.testng.internal.Invoker.invokeTestMethod(Invoker.java:901)
	at org.testng.internal.Invoker.invokeTestMethods(Invoker.java:1231)
	at org.testng.internal.TestMethodWorker.invokeTestMethods(TestMethodWorker.java:127)
	at org.testng.internal.TestMethodWorker.run(TestMethodWorker.java:111)
	at org.testng.TestRunner.privateRun(TestRunner.java:767)
	at org.testng.TestRunner.run(TestRunner.java:617)
	at org.testng.SuiteRunner.runTest(SuiteRunner.java:334)
	at org.testng.SuiteRunner.runSequentially(SuiteRunner.java:329)
	at org.testng.SuiteRunner.privateRun(SuiteRunner.java:291)
	at org.testng.SuiteRunner.run(SuiteRunner.java:240)
	at org.testng.SuiteRunnerWorker.runSuite(SuiteRunnerWorker.java:52)
	at org.testng.SuiteRunnerWorker.run(SuiteRunnerWorker.java:86)
	at org.testng.TestNG.runSuitesSequentially(TestNG.java:1224)
	at org.testng.TestNG.runSuitesLocally(TestNG.java:1149)
	at org.testng.TestNG.run(TestNG.java:1057)
	at org.testng.remote.RemoteTestNG.run(RemoteTestNG.java:111)
	at org.testng.remote.RemoteTestNG.initAndRun(RemoteTestNG.java:204)
	at org.testng.remote.RemoteTestNG.main(RemoteTestNG.java:175)
Caused by: org.openqa.selenium.StaleElementReferenceException: Element not found in the cache - perhaps the page has changed since it was looked up
For documentation on this error, please visit: http://seleniumhq.org/exceptions/stale_element_reference.html
Build info: version: &apos;2.45.0&apos;, revision: &apos;5017cb8&apos;, time: &apos;2015-02-26 23:59:50&apos;
System info: host: &apos;PC220578&apos;, ip: &apos;10.102.6.129&apos;, os.name: &apos;Windows 7&apos;, os.arch: &apos;x86&apos;, os.version: &apos;6.1&apos;, java.version: &apos;1.7.0_21&apos;
Driver info: driver.version: unknown
	at &lt;anonymous class&gt;.fxdriver.cache.getElementAt(resource://fxdriver/modules/web-element-cache.js:8953)
	at &lt;anonymous class&gt;.Utils.getElementAt(file:///C:/Users/393859/AppData/Local/Temp/anonymous8211433967411302768webdriver-profile/extensions/fxdriver@googlecode.com/components/command-processor.js:8546)
	at &lt;anonymous class&gt;.fxdriver.preconditions.visible(file:///C:/Users/393859/AppData/Local/Temp/anonymous8211433967411302768webdriver-profile/extensions/fxdriver@googlecode.com/components/command-processor.js:9585)
	at &lt;anonymous class&gt;.DelayedCommand.prototype.checkPreconditions_(file:///C:/Users/393859/AppData/Local/Temp/anonymous8211433967411302768webdriver-profile/extensions/fxdriver@googlecode.com/components/command-processor.js:12257)
	at &lt;anonymous class&gt;.DelayedCommand.prototype.executeInternal_/h(file:///C:/Users/393859/AppData/Local/Temp/anonymous8211433967411302768webdriver-profile/extensions/fxdriver@googlecode.com/components/command-processor.js:12274)
	at &lt;anonymous class&gt;.fxdriver.Timer.prototype.setTimeout/&lt;.notify(file:///C:/Users/393859/AppData/Local/Temp/anonymous8211433967411302768webdriver-profile/extensions/fxdriver@googlecode.com/components/command-processor.js:603)
</pre></div></td>
<td>81</td>
<td>com.charter.test.Billpay@5749c6</td></tr>
</table><p>
<table width='100%' border='1' class='invocation-passed'>
<tr><td colspan='4' align='center'><b>PASSED TESTS</b></td></tr>
<tr><td><b>Test method</b></td>
<td width="30%"><b>Exception</b></td>
<td width="10%"><b>Time (seconds)</b></td>
<td><b>Instance</b></td>
</tr>
<tr>
<td title='com.charter.test.Billpay.TB19_Validate_ViewCurrentBillLink_NavigateTo_PFDStatement_HOHUser()'><b>TB19_Validate_ViewCurrentBillLink_NavigateTo_PFDStatement_HOHUser</b><br>Test class: com.charter.test.Billpay<br>Parameters: {LegacySiteURL=, SelectDate=, Password1=, hohuser=, mac_fID=, TestCaseId=TB19_Validate_ViewCurrentBillLink_NavigateTo_PFDStatement_HOHUser, charterID=, Devicenickname=, password=, Account_Type=, Relogin_UserID=, selectUser=, ExpYear=, Address2=, fLinked_CharterID=, Address1=, address_CID=, zipcode_CID=, ParentalControl_TV=, invalidSecurityAns=, FutureDate=, address_fID=, email=, SecurityAnswer=, SecurityQuestion=, ParentalControl_Unratedcontent=, NewRole=, invalidLastname=, Operatingsystem=, security_answer=, Relogin_Password=, Mobilephone=, CharterID_fp=, PC_Unratedcontent=, PC_Movie=, UserID=e2e5024, lastname=, searchkey=, couponNumber=, Zipcode=, security_question=, Account_pom=, ConfirmPassword=, accountnumber=, Account_DVRcontrol=, PC_TV=, UserPassword=Testing01, CardType=, invalidPassword=, invalidMAC=, CardNumber=, lastname_fp=, mac_CID=, ParentalControl_Movie=, Zipcode_fp=, Message=, UserID1=, ContactEmail=, routingnumber=, invalidAddress=, City=, invalidZipcode=, State=, ExpDate=, zipcode_fID=, invalidEmail=, lastname_fID=, lastname_CID=}<br/>
<a href="#Output-31230151" onClick='toggleBox("Output-31230151", this, "Show output", "Hide output");'>Show output</a>

<a href="#Output-31230151" onClick="toggleAllBoxes();">Show all outputs</a>
<div class='log' id="Output-31230151">
<<<*** END: Billpay.TB19_Validate_ViewCurrentBillLink_NavigateTo_PFDStatement_HOHUser ***>>> <br/><br/>
=====================================================================================<br/><br/>
Test Passed :com.charter.test.Billpay.TB19_Validate_ViewCurrentBillLink_NavigateTo_PFDStatement_HOHUser, Took 58 seconds<br/><br/>
</div>
</td>
<td></td>
<td>58</td>
<td>com.charter.test.Billpay@5749c6</td></tr>
<tr>
<td title='com.charter.test.Billpay.TB23_Validate_ViewImportantBillMessagesLink_NavigateTo_BillMessagesPage_HOHUser()'><b>TB23_Validate_ViewImportantBillMessagesLink_NavigateTo_BillMessagesPage_HOHUser</b><br>Test class: com.charter.test.Billpay<br>Parameters: {LegacySiteURL=, SelectDate=, Password1=, hohuser=, mac_fID=, TestCaseId=TB23_Validate_ViewImportantBillMessagesLink_NavigateTo_BillMessagesPage_HOHUser, charterID=, Devicenickname=, password=, Account_Type=, Relogin_UserID=, selectUser=, ExpYear=, Address2=, fLinked_CharterID=, Address1=, address_CID=, zipcode_CID=, ParentalControl_TV=, invalidSecurityAns=, FutureDate=, address_fID=, email=, SecurityAnswer=, SecurityQuestion=, ParentalControl_Unratedcontent=, NewRole=, invalidLastname=, Operatingsystem=, security_answer=, Relogin_Password=, Mobilephone=, CharterID_fp=, PC_Unratedcontent=, PC_Movie=, UserID=e2e5024, lastname=, searchkey=, couponNumber=, Zipcode=, security_question=, Account_pom=, ConfirmPassword=, accountnumber=, Account_DVRcontrol=, PC_TV=, UserPassword=Testing01, CardType=, invalidPassword=, invalidMAC=, CardNumber=, lastname_fp=, mac_CID=, ParentalControl_Movie=, Zipcode_fp=, Message=, UserID1=, ContactEmail=, routingnumber=, invalidAddress=, City=, invalidZipcode=, State=, ExpDate=, zipcode_fID=, invalidEmail=, lastname_fID=, lastname_CID=}<br/>
<a href="#Output-14001350" onClick='toggleBox("Output-14001350", this, "Show output", "Hide output");'>Show output</a>

<a href="#Output-14001350" onClick="toggleAllBoxes();">Show all outputs</a>
<div class='log' id="Output-14001350">
<<<*** END: Billpay.TB23_Validate_ViewImportantBillMessagesLink_NavigateTo_BillMessagesPage_HOHUser ***>>> <br/><br/>
=====================================================================================<br/><br/>
Test Passed :com.charter.test.Billpay.TB23_Validate_ViewImportantBillMessagesLink_NavigateTo_BillMessagesPage_HOHUser, Took 45 seconds<br/><br/>
</div>
</td>
<td></td>
<td>45</td>
<td>com.charter.test.Billpay@5749c6</td></tr>
<tr>
<td title='com.charter.test.Billpay.TB24_Validate_ViewImportantBillMessagesLink_NavigateTo_BillMessagesPage_AdminUser()'><b>TB24_Validate_ViewImportantBillMessagesLink_NavigateTo_BillMessagesPage_AdminUser</b><br>Test class: com.charter.test.Billpay<br>Parameters: {LegacySiteURL=, SelectDate=, Password1=, hohuser=, mac_fID=, TestCaseId=TB24_Validate_ViewImportantBillMessagesLink_NavigateTo_BillMessagesPage_AdminUser, charterID=, Devicenickname=, password=, Account_Type=, Relogin_UserID=, selectUser=, ExpYear=, Address2=, fLinked_CharterID=, Address1=, address_CID=, zipcode_CID=, ParentalControl_TV=, invalidSecurityAns=, FutureDate=, address_fID=, email=, SecurityAnswer=, SecurityQuestion=, ParentalControl_Unratedcontent=, NewRole=, invalidLastname=, Operatingsystem=, security_answer=, Relogin_Password=, Mobilephone=, CharterID_fp=, PC_Unratedcontent=, PC_Movie=, UserID=e2e5024_06, lastname=, searchkey=, couponNumber=, Zipcode=, security_question=, Account_pom=, ConfirmPassword=, accountnumber=, Account_DVRcontrol=, PC_TV=, UserPassword=Testing01, CardType=, invalidPassword=, invalidMAC=, CardNumber=, lastname_fp=, mac_CID=, ParentalControl_Movie=, Zipcode_fp=, Message=, UserID1=, ContactEmail=, routingnumber=, invalidAddress=, City=, invalidZipcode=, State=, ExpDate=, zipcode_fID=, invalidEmail=, lastname_fID=, lastname_CID=}<br/>
<a href="#Output-9038505" onClick='toggleBox("Output-9038505", this, "Show output", "Hide output");'>Show output</a>

<a href="#Output-9038505" onClick="toggleAllBoxes();">Show all outputs</a>
<div class='log' id="Output-9038505">
<<<*** END: Billpay.TB24_Validate_ViewImportantBillMessagesLink_NavigateTo_BillMessagesPage_AdminUser ***>>> <br/><br/>
=====================================================================================<br/><br/>
Test Passed :com.charter.test.Billpay.TB24_Validate_ViewImportantBillMessagesLink_NavigateTo_BillMessagesPage_AdminUser, Took 43 seconds<br/><br/>
</div>
</td>
<td></td>
<td>43</td>
<td>com.charter.test.Billpay@5749c6</td></tr>
</table><p>
</body>
</html>