<?xml version="1.0" encoding="UTF-8"?>
<!-- Generated by org.testng.reporters.JUnitXMLReporter -->
<testsuite hostname="PC220578" name="EngProd_Test_May21st" tests="38" failures="5" timestamp="21 May 2015 12:30:15 GMT" time="6175.55" errors="0">
  <testcase name="TC01_Validate_OverviewPageHeaders_HOHUser" time="54.811" classname="com.charter.test.MyAccount"/>
  <testcase name="TC02_Validate_BillingandTransactionSection_HOHUser" time="50.339" classname="com.charter.test.MyAccount"/>
  <testcase name="TC03_Validate_AskCharterWidget_HOHUser" time="49.437" classname="com.charter.test.MyAccount"/>
  <testcase name="TC14_Validate_OverviewPage_NickNameLink_NavigationTo_TVServices" time="317.661" classname="com.charter.test.MyAccount">
    <failure type="org.openqa.selenium.StaleElementReferenceException" message="Element not found in the cache - perhaps the page has changed since it was looked up
Command duration or timeout: 248.45 seconds
For documentation on this error, please visit: http://seleniumhq.org/exceptions/stale_element_reference.html
Build info: version: &amp;apos;2.45.0&amp;apos;, revision: &amp;apos;5017cb8&amp;apos;, time: &amp;apos;2015-02-26 23:59:50&amp;apos;
System info: host: &amp;apos;PC220578&amp;apos;, ip: &amp;apos;10.102.6.129&amp;apos;, os.name: &amp;apos;Windows 7&amp;apos;, os.arch: &amp;apos;x86&amp;apos;, os.version: &amp;apos;6.1&amp;apos;, java.version: &amp;apos;1.7.0_21&amp;apos;
Session ID: 96b1b192-982a-41c4-9975-7b6ff5c888f1
Driver info: org.openqa.selenium.firefox.FirefoxDriver
Capabilities [{platform=WINDOWS, acceptSslCerts=true, javascriptEnabled=true, cssSelectorsEnabled=true, databaseEnabled=true, browserName=firefox, handlesAlerts=true, nativeEvents=true, webStorageEnabled=true, rotatable=false, locationContextEnabled=true, applicationCacheEnabled=true, takesScreenshot=true, version=31.0}]">
      <![CDATA[org.openqa.selenium.StaleElementReferenceException: Element not found in the cache - perhaps the page has changed since it was looked up
Command duration or timeout: 248.45 seconds
For documentation on this error, please visit: http://seleniumhq.org/exceptions/stale_element_reference.html
Build info: version: '2.45.0', revision: '5017cb8', time: '2015-02-26 23:59:50'
System info: host: 'PC220578', ip: '10.102.6.129', os.name: 'Windows 7', os.arch: 'x86', os.version: '6.1', java.version: '1.7.0_21'
Session ID: 96b1b192-982a-41c4-9975-7b6ff5c888f1
Driver info: org.openqa.selenium.firefox.FirefoxDriver
Capabilities [{platform=WINDOWS, acceptSslCerts=true, javascriptEnabled=true, cssSelectorsEnabled=true, databaseEnabled=true, browserName=firefox, handlesAlerts=true, nativeEvents=true, webStorageEnabled=true, rotatable=false, locationContextEnabled=true, applicationCacheEnabled=true, takesScreenshot=true, version=31.0}]
	at org.openqa.selenium.remote.ErrorHandler.createThrowable(ErrorHandler.java:204)
	at org.openqa.selenium.remote.ErrorHandler.throwIfResponseFailed(ErrorHandler.java:156)
	at org.openqa.selenium.remote.RemoteWebDriver.execute(RemoteWebDriver.java:599)
	at org.openqa.selenium.remote.RemoteWebElement.execute(RemoteWebElement.java:268)
	at org.openqa.selenium.remote.RemoteWebElement.isDisplayed(RemoteWebElement.java:320)
	at com.cognizant.framework.core.WebDriverBase.clickOnElement(WebDriverBase.java:135)
	at com.charter.page.HomePage.logoutApplication(HomePage.java:267)
	at com.charter.test.MyAccount.TC14_Validate_OverviewPage_NickNameLink_NavigationTo_TVServices(MyAccount.java:311)
Caused by: org.openqa.selenium.StaleElementReferenceException: Element not found in the cache - perhaps the page has changed since it was looked up
For documentation on this error, please visit: http://seleniumhq.org/exceptions/stale_element_reference.html
Build info: version: '2.45.0', revision: '5017cb8', time: '2015-02-26 23:59:50'
System info: host: 'PC220578', ip: '10.102.6.129', os.name: 'Windows 7', os.arch: 'x86', os.version: '6.1', java.version: '1.7.0_21'
Driver info: driver.version: unknown
	at <anonymous class>.fxdriver.cache.getElementAt(resource://fxdriver/modules/web-element-cache.js:8953)
	at <anonymous class>.Utils.getElementAt(file:///C:/Users/393859/AppData/Local/Temp/anonymous6845350832242849839webdriver-profile/extensions/fxdriver@googlecode.com/components/command-processor.js:8546)
	at <anonymous class>.WebElement.isElementDisplayed(file:///C:/Users/393859/AppData/Local/Temp/anonymous6845350832242849839webdriver-profile/extensions/fxdriver@googlecode.com/components/command-processor.js:11789)
	at <anonymous class>.DelayedCommand.prototype.executeInternal_/h(file:///C:/Users/393859/AppData/Local/Temp/anonymous6845350832242849839webdriver-profile/extensions/fxdriver@googlecode.com/components/command-processor.js:12274)
	at <anonymous class>.fxdriver.Timer.prototype.setTimeout/<.notify(file:///C:/Users/393859/AppData/Local/Temp/anonymous6845350832242849839webdriver-profile/extensions/fxdriver@googlecode.com/components/command-processor.js:603)
... Removed 28 stack frames]]>
    </failure>
  </testcase> <!-- TC14_Validate_OverviewPage_NickNameLink_NavigationTo_TVServices -->
  <testcase name="TC16_Validate_OverviewPage_CheckEmailLink_NavigationTo_Webmail" time="272.35" classname="com.charter.test.MyAccount">
    <failure type="org.openqa.selenium.TimeoutException" message="Timed out after 30 seconds waiting for presence of element located by: By.linkText: Policies
Build info: version: &amp;apos;2.45.0&amp;apos;, revision: &amp;apos;5017cb8&amp;apos;, time: &amp;apos;2015-02-26 23:59:50&amp;apos;
System info: host: &amp;apos;PC220578&amp;apos;, ip: &amp;apos;10.102.6.129&amp;apos;, os.name: &amp;apos;Windows 7&amp;apos;, os.arch: &amp;apos;x86&amp;apos;, os.version: &amp;apos;6.1&amp;apos;, java.version: &amp;apos;1.7.0_21&amp;apos;
Session ID: 96734a30-6844-441a-9ba0-0baaeafe794c
Driver info: org.openqa.selenium.firefox.FirefoxDriver
Capabilities [{platform=WINDOWS, acceptSslCerts=true, javascriptEnabled=true, cssSelectorsEnabled=true, databaseEnabled=true, browserName=firefox, handlesAlerts=true, nativeEvents=true, webStorageEnabled=true, rotatable=false, locationContextEnabled=true, applicationCacheEnabled=true, takesScreenshot=true, version=31.0}]">
      <![CDATA[org.openqa.selenium.TimeoutException: Timed out after 30 seconds waiting for presence of element located by: By.linkText: Policies
Build info: version: '2.45.0', revision: '5017cb8', time: '2015-02-26 23:59:50'
System info: host: 'PC220578', ip: '10.102.6.129', os.name: 'Windows 7', os.arch: 'x86', os.version: '6.1', java.version: '1.7.0_21'
Session ID: 96734a30-6844-441a-9ba0-0baaeafe794c
Driver info: org.openqa.selenium.firefox.FirefoxDriver
Capabilities [{platform=WINDOWS, acceptSslCerts=true, javascriptEnabled=true, cssSelectorsEnabled=true, databaseEnabled=true, browserName=firefox, handlesAlerts=true, nativeEvents=true, webStorageEnabled=true, rotatable=false, locationContextEnabled=true, applicationCacheEnabled=true, takesScreenshot=true, version=31.0}]
	at org.openqa.selenium.support.ui.WebDriverWait.timeoutException(WebDriverWait.java:79)
	at org.openqa.selenium.support.ui.FluentWait.until(FluentWait.java:228)
	at com.charter.page.HomePage.pagewait(HomePage.java:92)
	at com.charter.page.MyAccountPage.loadOverviewPage(MyAccountPage.java:59)
	at com.charter.test.MyAccount.TC16_Validate_OverviewPage_CheckEmailLink_NavigationTo_Webmail(MyAccount.java:349)
Caused by: org.openqa.selenium.NoSuchElementException: Unable to locate element: {"method":"link text","selector":"Policies"}
Command duration or timeout: 241.20 seconds
For documentation on this error, please visit: http://seleniumhq.org/exceptions/no_such_element.html
Build info: version: '2.45.0', revision: '5017cb8', time: '2015-02-26 23:59:50'
System info: host: 'PC220578', ip: '10.102.6.129', os.name: 'Windows 7', os.arch: 'x86', os.version: '6.1', java.version: '1.7.0_21'
*** Element info: {Using=link text, value=Policies}
Session ID: 96734a30-6844-441a-9ba0-0baaeafe794c
Driver info: org.openqa.selenium.firefox.FirefoxDriver
Capabilities [{platform=WINDOWS, acceptSslCerts=true, javascriptEnabled=true, cssSelectorsEnabled=true, databaseEnabled=true, browserName=firefox, handlesAlerts=true, nativeEvents=true, webStorageEnabled=true, rotatable=false, locationContextEnabled=true, applicationCacheEnabled=true, takesScreenshot=true, version=31.0}]
	at org.openqa.selenium.remote.ErrorHandler.createThrowable(ErrorHandler.java:204)
	at org.openqa.selenium.remote.ErrorHandler.throwIfResponseFailed(ErrorHandler.java:156)
	at org.openqa.selenium.remote.RemoteWebDriver.execute(RemoteWebDriver.java:599)
	at org.openqa.selenium.remote.RemoteWebDriver.findElement(RemoteWebDriver.java:352)
	at org.openqa.selenium.remote.RemoteWebDriver.findElementByLinkText(RemoteWebDriver.java:401)
	at org.openqa.selenium.By$ByLinkText.findElement(By.java:242)
	at org.openqa.selenium.remote.RemoteWebDriver.findElement(RemoteWebDriver.java:344)
	at org.openqa.selenium.support.ui.ExpectedConditions.findElement(ExpectedConditions.java:730)
	at org.openqa.selenium.support.ui.ExpectedConditions.access$0(ExpectedConditions.java:728)
	at org.openqa.selenium.support.ui.ExpectedConditions$3.apply(ExpectedConditions.java:106)
	at org.openqa.selenium.support.ui.ExpectedConditions$3.apply(ExpectedConditions.java:1)
	at org.openqa.selenium.support.ui.FluentWait.until(FluentWait.java:208)
	... 27 more
Caused by: org.openqa.selenium.NoSuchElementException: Unable to locate element: {"method":"link text","selector":"Policies"}
For documentation on this error, please visit: http://seleniumhq.org/exceptions/no_such_element.html
Build info: version: '2.45.0', revision: '5017cb8', time: '2015-02-26 23:59:50'
System info: host: 'PC220578', ip: '10.102.6.129', os.name: 'Windows 7', os.arch: 'x86', os.version: '6.1', java.version: '1.7.0_21'
Driver info: driver.version: unknown
	at <anonymous class>.FirefoxDriver.prototype.findElementInternal_(file:///C:/Users/393859/AppData/Local/Temp/anonymous8011884706675283682webdriver-profile/extensions/fxdriver@googlecode.com/components/driver-component.js:10271)
	at <anonymous class>.fxdriver.Timer.prototype.setTimeout/<.notify(file:///C:/Users/393859/AppData/Local/Temp/anonymous8011884706675283682webdriver-profile/extensions/fxdriver@googlecode.com/components/driver-component.js:603)
... Removed 28 stack frames]]>
    </failure>
  </testcase> <!-- TC16_Validate_OverviewPage_CheckEmailLink_NavigationTo_Webmail -->
  <testcase name="TC18_Validate_OverviewPage_ServiceEquipmentPanel_Stduser" time="281.478" classname="com.charter.test.MyAccount"/>
  <testcase name="TC39_Validate_BillingAndTransactionPage_AskCharterWidget_HOHUser" time="49.239" classname="com.charter.test.MyAccount"/>
  <testcase name="TC43_Validate_TVServicesPage_AskCharterWidget_HOHUser" time="47.778" classname="com.charter.test.MyAccount"/>
  <testcase name="TC49_Validate_InternetServicesPage_AskCharterWidget_HOHUser" time="47.337" classname="com.charter.test.MyAccount"/>
  <testcase name="TC51_Validate_InternetServicesPage_CharterEmailLink_NavigateTo_ChaterEmail_HOHUser" time="40.042" classname="com.charter.test.MyAccount"/>
  <testcase name="TC52_Validate_InternetServicesPage_CharterSecurityLink_NavigateTo_CharterSecurityPage_HOHUser" time="52.247" classname="com.charter.test.MyAccount"/>
  <testcase name="TC54_Validate_VoiceServicesPage_Navigation_AndVerifyHeaderLinks" time="1967.212" classname="com.charter.test.MyAccount">
    <failure type="java.lang.AssertionError" message="Voice Services Headers are -Not Present -Failed expected [true] but found [false]">
      <![CDATA[java.lang.AssertionError: Voice Services Headers are -Not Present -Failed expected [true] but found [false]
	at com.charter.test.MyAccount.TC54_Validate_VoiceServicesPage_Navigation_AndVerifyHeaderLinks(MyAccount.java:1147)
... Removed 27 stack frames]]>
    </failure>
  </testcase> <!-- TC54_Validate_VoiceServicesPage_Navigation_AndVerifyHeaderLinks -->
  <testcase name="TC57_Validate_VoiceServicesPage_AskCharterWidget_HOHUser" time="72.057" classname="com.charter.test.MyAccount"/>
  <testcase name="TD03_Validate_MyServicesPage_TVNonSubscribedUser_AbleToView_BannerAndSupportVideo" time="60.137" classname="com.charter.test.MyServices"/>
  <testcase name="TD06_Validate_MyServices_TV_Page_UpdateNickname" time="51.187" classname="com.charter.test.MyServices"/>
  <testcase name="TD13_Validate_MyServicesPage_InternetNonSubscribedUser_AbleToView_BannerAndSupportVideo" time="297.319" classname="com.charter.test.MyServices">
    <failure type="org.openqa.selenium.TimeoutException" message="Timed out after 30 seconds waiting for presence of element located by: By.linkText: Policies
Build info: version: &amp;apos;2.45.0&amp;apos;, revision: &amp;apos;5017cb8&amp;apos;, time: &amp;apos;2015-02-26 23:59:50&amp;apos;
System info: host: &amp;apos;PC220578&amp;apos;, ip: &amp;apos;10.102.6.129&amp;apos;, os.name: &amp;apos;Windows 7&amp;apos;, os.arch: &amp;apos;x86&amp;apos;, os.version: &amp;apos;6.1&amp;apos;, java.version: &amp;apos;1.7.0_21&amp;apos;
Session ID: 322c3539-cd15-4aa1-a8d2-a85d1a60baa9
Driver info: org.openqa.selenium.firefox.FirefoxDriver
Capabilities [{platform=WINDOWS, acceptSslCerts=true, javascriptEnabled=true, cssSelectorsEnabled=true, databaseEnabled=true, browserName=firefox, handlesAlerts=true, nativeEvents=true, webStorageEnabled=true, rotatable=false, locationContextEnabled=true, applicationCacheEnabled=true, takesScreenshot=true, version=31.0}]">
      <![CDATA[org.openqa.selenium.TimeoutException: Timed out after 30 seconds waiting for presence of element located by: By.linkText: Policies
Build info: version: '2.45.0', revision: '5017cb8', time: '2015-02-26 23:59:50'
System info: host: 'PC220578', ip: '10.102.6.129', os.name: 'Windows 7', os.arch: 'x86', os.version: '6.1', java.version: '1.7.0_21'
Session ID: 322c3539-cd15-4aa1-a8d2-a85d1a60baa9
Driver info: org.openqa.selenium.firefox.FirefoxDriver
Capabilities [{platform=WINDOWS, acceptSslCerts=true, javascriptEnabled=true, cssSelectorsEnabled=true, databaseEnabled=true, browserName=firefox, handlesAlerts=true, nativeEvents=true, webStorageEnabled=true, rotatable=false, locationContextEnabled=true, applicationCacheEnabled=true, takesScreenshot=true, version=31.0}]
	at org.openqa.selenium.support.ui.WebDriverWait.timeoutException(WebDriverWait.java:79)
	at org.openqa.selenium.support.ui.FluentWait.until(FluentWait.java:228)
	at com.charter.page.HomePage.pagewait(HomePage.java:92)
	at com.charter.page.HomePage.loadCharterPage(HomePage.java:83)
	at com.charter.test.MyServices.TD13_Validate_MyServicesPage_InternetNonSubscribedUser_AbleToView_BannerAndSupportVideo(MyServices.java:279)
Caused by: org.openqa.selenium.NoSuchElementException: Unable to locate element: {"method":"link text","selector":"Policies"}
Command duration or timeout: 240.11 seconds
For documentation on this error, please visit: http://seleniumhq.org/exceptions/no_such_element.html
Build info: version: '2.45.0', revision: '5017cb8', time: '2015-02-26 23:59:50'
System info: host: 'PC220578', ip: '10.102.6.129', os.name: 'Windows 7', os.arch: 'x86', os.version: '6.1', java.version: '1.7.0_21'
*** Element info: {Using=link text, value=Policies}
Session ID: 322c3539-cd15-4aa1-a8d2-a85d1a60baa9
Driver info: org.openqa.selenium.firefox.FirefoxDriver
Capabilities [{platform=WINDOWS, acceptSslCerts=true, javascriptEnabled=true, cssSelectorsEnabled=true, databaseEnabled=true, browserName=firefox, handlesAlerts=true, nativeEvents=true, webStorageEnabled=true, rotatable=false, locationContextEnabled=true, applicationCacheEnabled=true, takesScreenshot=true, version=31.0}]
	at org.openqa.selenium.remote.ErrorHandler.createThrowable(ErrorHandler.java:204)
	at org.openqa.selenium.remote.ErrorHandler.throwIfResponseFailed(ErrorHandler.java:156)
	at org.openqa.selenium.remote.RemoteWebDriver.execute(RemoteWebDriver.java:599)
	at org.openqa.selenium.remote.RemoteWebDriver.findElement(RemoteWebDriver.java:352)
	at org.openqa.selenium.remote.RemoteWebDriver.findElementByLinkText(RemoteWebDriver.java:401)
	at org.openqa.selenium.By$ByLinkText.findElement(By.java:242)
	at org.openqa.selenium.remote.RemoteWebDriver.findElement(RemoteWebDriver.java:344)
	at org.openqa.selenium.support.ui.ExpectedConditions.findElement(ExpectedConditions.java:730)
	at org.openqa.selenium.support.ui.ExpectedConditions.access$0(ExpectedConditions.java:728)
	at org.openqa.selenium.support.ui.ExpectedConditions$3.apply(ExpectedConditions.java:106)
	at org.openqa.selenium.support.ui.ExpectedConditions$3.apply(ExpectedConditions.java:1)
	at org.openqa.selenium.support.ui.FluentWait.until(FluentWait.java:208)
	... 27 more
Caused by: org.openqa.selenium.NoSuchElementException: Unable to locate element: {"method":"link text","selector":"Policies"}
For documentation on this error, please visit: http://seleniumhq.org/exceptions/no_such_element.html
Build info: version: '2.45.0', revision: '5017cb8', time: '2015-02-26 23:59:50'
System info: host: 'PC220578', ip: '10.102.6.129', os.name: 'Windows 7', os.arch: 'x86', os.version: '6.1', java.version: '1.7.0_21'
Driver info: driver.version: unknown
	at <anonymous class>.FirefoxDriver.prototype.findElementInternal_(file:///C:/Users/393859/AppData/Local/Temp/anonymous5727637220132649720webdriver-profile/extensions/fxdriver@googlecode.com/components/driver-component.js:10271)
	at <anonymous class>.fxdriver.Timer.prototype.setTimeout/<.notify(file:///C:/Users/393859/AppData/Local/Temp/anonymous5727637220132649720webdriver-profile/extensions/fxdriver@googlecode.com/components/driver-component.js:603)
... Removed 28 stack frames]]>
    </failure>
  </testcase> <!-- TD13_Validate_MyServicesPage_InternetNonSubscribedUser_AbleToView_BannerAndSupportVideo -->
  <testcase name="TD14_Validate_MyServicesPage_ChaterEmail_NavigateTo_EmailInbox" time="71.847" classname="com.charter.test.MyServices"/>
  <testcase name="TD16_Validate_MyservicesPage_SecuritySuite_NavigateTo_ChaterSecuritySuite" time="44.529" classname="com.charter.test.MyServices"/>
  <testcase name="TD22_Validate_MyServicesPage_VoiceNonSubscribedUser_AbleToView_BannerAndSupportVideo" time="53.8" classname="com.charter.test.MyServices"/>
  <testcase name="TD23_Validate_MyServicesPage_CharterPhoneLink_NavigateTo_PhoneOnlineManagerPage" time="46.877" classname="com.charter.test.MyServices"/>
  <testcase name="TD25_Validate_MyServicesPage_LinksWithLogin" time="57.336" classname="com.charter.test.MyServices"/>
  <testcase name="TD26_Validate_MyServicesPage_LinksWithOutLogin" time="173.103" classname="com.charter.test.MyServices"/>
  <testcase name="TH03_Validate_TVGuideLink_NavigateTo_GuidePage_StandardUser" time="42.815" classname="com.charter.test.Home"/>
  <testcase name="TH04_Validate_OnDemandLink_NavigateTo_OnDemandPage_StandardUser" time="58.71" classname="com.charter.test.Home"/>
  <testcase name="TH05_Validate_GetSupportLink_NavigateTo_GetSupportPage_HOHuser" time="50.692" classname="com.charter.test.Home"/>
  <testcase name="TH06_Validate_FindACharterStoreLink_NavigateTo_LocationPage_HOHuser" time="271.252" classname="com.charter.test.Home">
    <failure type="org.openqa.selenium.NoSuchElementException" message="Unable to locate element: {&amp;quot;method&amp;quot;:&amp;quot;xpath&amp;quot;,&amp;quot;selector&amp;quot;:&amp;quot;// button[contains(@id,&amp;apos;logout&amp;apos;) and contains(text(),&amp;apos;Sign Out&amp;apos;)]&amp;quot;}
Command duration or timeout: 240.19 seconds
For documentation on this error, please visit: http://seleniumhq.org/exceptions/no_such_element.html
Build info: version: &amp;apos;2.45.0&amp;apos;, revision: &amp;apos;5017cb8&amp;apos;, time: &amp;apos;2015-02-26 23:59:50&amp;apos;
System info: host: &amp;apos;PC220578&amp;apos;, ip: &amp;apos;10.102.6.129&amp;apos;, os.name: &amp;apos;Windows 7&amp;apos;, os.arch: &amp;apos;x86&amp;apos;, os.version: &amp;apos;6.1&amp;apos;, java.version: &amp;apos;1.7.0_21&amp;apos;
*** Element info: {Using=xpath, value=// button[contains(@id,&amp;apos;logout&amp;apos;) and contains(text(),&amp;apos;Sign Out&amp;apos;)]}
Session ID: a635f74f-09af-4820-8c53-d5c9ef4333a6
Driver info: org.openqa.selenium.firefox.FirefoxDriver
Capabilities [{platform=WINDOWS, acceptSslCerts=true, javascriptEnabled=true, cssSelectorsEnabled=true, databaseEnabled=true, browserName=firefox, handlesAlerts=true, nativeEvents=true, webStorageEnabled=true, rotatable=false, locationContextEnabled=true, applicationCacheEnabled=true, takesScreenshot=true, version=31.0}]">
      <![CDATA[org.openqa.selenium.NoSuchElementException: Unable to locate element: {"method":"xpath","selector":"// button[contains(@id,'logout') and contains(text(),'Sign Out')]"}
Command duration or timeout: 240.19 seconds
For documentation on this error, please visit: http://seleniumhq.org/exceptions/no_such_element.html
Build info: version: '2.45.0', revision: '5017cb8', time: '2015-02-26 23:59:50'
System info: host: 'PC220578', ip: '10.102.6.129', os.name: 'Windows 7', os.arch: 'x86', os.version: '6.1', java.version: '1.7.0_21'
*** Element info: {Using=xpath, value=// button[contains(@id,'logout') and contains(text(),'Sign Out')]}
Session ID: a635f74f-09af-4820-8c53-d5c9ef4333a6
Driver info: org.openqa.selenium.firefox.FirefoxDriver
Capabilities [{platform=WINDOWS, acceptSslCerts=true, javascriptEnabled=true, cssSelectorsEnabled=true, databaseEnabled=true, browserName=firefox, handlesAlerts=true, nativeEvents=true, webStorageEnabled=true, rotatable=false, locationContextEnabled=true, applicationCacheEnabled=true, takesScreenshot=true, version=31.0}]
	at org.openqa.selenium.remote.ErrorHandler.createThrowable(ErrorHandler.java:204)
	at org.openqa.selenium.remote.ErrorHandler.throwIfResponseFailed(ErrorHandler.java:156)
	at org.openqa.selenium.remote.RemoteWebDriver.execute(RemoteWebDriver.java:599)
	at org.openqa.selenium.remote.RemoteWebDriver.findElement(RemoteWebDriver.java:352)
	at org.openqa.selenium.remote.RemoteWebDriver.findElementByXPath(RemoteWebDriver.java:449)
	at org.openqa.selenium.By$ByXPath.findElement(By.java:357)
	at org.openqa.selenium.remote.RemoteWebDriver.findElement(RemoteWebDriver.java:344)
	at com.cognizant.framework.core.WebDriverBase.clickOnElement(WebDriverBase.java:134)
	at com.charter.page.HomePage.logoutApplication(HomePage.java:267)
	at com.charter.test.Home.TH06_Validate_FindACharterStoreLink_NavigateTo_LocationPage_HOHuser(Home.java:116)
Caused by: org.openqa.selenium.NoSuchElementException: Unable to locate element: {"method":"xpath","selector":"// button[contains(@id,'logout') and contains(text(),'Sign Out')]"}
For documentation on this error, please visit: http://seleniumhq.org/exceptions/no_such_element.html
Build info: version: '2.45.0', revision: '5017cb8', time: '2015-02-26 23:59:50'
System info: host: 'PC220578', ip: '10.102.6.129', os.name: 'Windows 7', os.arch: 'x86', os.version: '6.1', java.version: '1.7.0_21'
Driver info: driver.version: unknown
	at <anonymous class>.FirefoxDriver.prototype.findElementInternal_(file:///C:/Users/393859/AppData/Local/Temp/anonymous6173845517166206867webdriver-profile/extensions/fxdriver@googlecode.com/components/driver-component.js:10271)
	at <anonymous class>.fxdriver.Timer.prototype.setTimeout/<.notify(file:///C:/Users/393859/AppData/Local/Temp/anonymous6173845517166206867webdriver-profile/extensions/fxdriver@googlecode.com/components/driver-component.js:603)
... Removed 28 stack frames]]>
    </failure>
  </testcase> <!-- TH06_Validate_FindACharterStoreLink_NavigateTo_LocationPage_HOHuser -->
  <testcase name="TH07_Validate_WatchAnywhere_LiveTVTab_HOHuser" time="41.054" classname="com.charter.test.Home"/>
  <testcase name="TH08_Validate_WatchAnywhere_OnDemandTab_HOHuser" time="34.312" classname="com.charter.test.Home"/>
  <testcase name="TH09_Validate_WatchAnywhere_NetworkTab_HOHuser" time="34.493" classname="com.charter.test.Home"/>
  <testcase name="TH12_Validate_HomePage_EmailIcon_HOHuser" time="41.133" classname="com.charter.test.Home"/>
  <testcase name="TH13_Validate_HomePage_VoicemailIcon_HOHuser" time="46.147" classname="com.charter.test.Home"/>
  <testcase name="TH17_Validate_WatchTV_NavigateTo_WatchTVOverviewPage_HOHUser" time="108.851" classname="com.charter.test.Home"/>
  <testcase name="TH18_Validate_MyAccount_NavigateTo_OverviewPage_HOHUser" time="91.881" classname="com.charter.test.Home"/>
  <testcase name="TH19_Validate_Support_NavigateTo_SupportPage_HOHUser" time="154.079" classname="com.charter.test.Home"/>
  <testcase name="TH20_Validate_HomePage_StaticBanner_HOHuser" time="32.001" classname="com.charter.test.Home"/>
  <testcase name="TH22_Validate_HomePage_Without_Login" time="14.996" classname="com.charter.test.Home"/>
  <testcase name="TA48_Validate_ChaterValidLogin" time="47.513" classname="com.charter.test.Login"/>
  <testcase name="TA49_Validate_ChaterInvalidLogin" time="23.459" classname="com.charter.test.Login"/>
</testsuite> <!-- EngProd_Test_May21st -->
