<?xml version="1.0" encoding="UTF-8"?>
<!-- Generated by org.testng.reporters.JUnitXMLReporter -->
<testsuite hostname="PC273975" name="EngProd_Test_june1st" tests="14" failures="3" timestamp="3 Jun 2015 09:56:16 GMT" time="1525.25" errors="0">
  <testcase name="TB01_Validate_OTPSchedule_ByDebitCard_HOHUser" time="83.257" classname="com.charter.test.Billpay"/>
  <testcase name="TB02_Validate_OTPSchedule_ByCreditCard_HOHUser" time="63.558" classname="com.charter.test.Billpay"/>
  <testcase name="TB06_Validate_OTPayment_ByCreditCard_AdminUser" time="66.495" classname="com.charter.test.Billpay"/>
  <testcase name="TB07_Validate_ScheduleOTP_ByDebitCard_AdminUser" time="93.344" classname="com.charter.test.Billpay"/>
  <testcase name="TB08_Validate_ScheduleOTP_ByCreditCard_AdminUser" time="81.756" classname="com.charter.test.Billpay"/>
  <testcase name="TB09_Validate_CancelFuturePayment_ScheduledByDebitCard_AdminUser" time="277.477" classname="com.charter.test.Billpay"/>
  <testcase name="TB09_Validate_CancelFuturePayment_ScheduledByDebitCard_AdminUser" time="73.787" classname="com.charter.test.Billpay"/>
  <testcase name="TB10_Validate_CancelFuturePayment_ScheduledByCreditCard_AdminUser" time="72.458" classname="com.charter.test.Billpay"/>
  <testcase name="TB11_Validate_AutoPaySetup_ByDebitCard_AdminUser" time="82.398" classname="com.charter.test.Billpay"/>
  <testcase name="TB12_Validate_AutoPaySetup_ByCreditCard_AdminUser" time="75.106" classname="com.charter.test.Billpay"/>
  <testcase name="TB15_Validate_ModifyOTPayment_ByDebitCard_VerificationPage" time="347.785" classname="com.charter.test.Billpay"/>
  <testcase name="TB16_Validate_ModifyOTPayment_ByCreditCard_VerificationPage" time="76.534" classname="com.charter.test.Billpay"/>
  <testcase name="TB19_Validate_ViewCurrentBillLink_NavigateTo_PFDStatement_HOHUser" time="48.548" classname="com.charter.test.Billpay">
    <failure type="org.openqa.selenium.NoSuchWindowException" message="Window not found. The browser window may have been closed.
Command duration or timeout: 12 milliseconds
Build info: version: &amp;apos;2.45.0&amp;apos;, revision: &amp;apos;5017cb8&amp;apos;, time: &amp;apos;2015-02-26 23:59:50&amp;apos;
System info: host: &amp;apos;PC273975&amp;apos;, ip: &amp;apos;10.249.27.217&amp;apos;, os.name: &amp;apos;Windows 7&amp;apos;, os.arch: &amp;apos;x86&amp;apos;, os.version: &amp;apos;6.1&amp;apos;, java.version: &amp;apos;1.7.0&amp;apos;
Session ID: 0764cb8c-0d4d-45c8-8f2d-a0488932d24a
Driver info: org.openqa.selenium.firefox.FirefoxDriver
Capabilities [{platform=WINDOWS, acceptSslCerts=true, javascriptEnabled=true, browserName=firefox, rotatable=false, locationContextEnabled=true, version=37.0.1, cssSelectorsEnabled=true, databaseEnabled=true, handlesAlerts=true, nativeEvents=false, webStorageEnabled=true, applicationCacheEnabled=true, takesScreenshot=true}]">
      <![CDATA[org.openqa.selenium.NoSuchWindowException: Window not found. The browser window may have been closed.
Command duration or timeout: 12 milliseconds
Build info: version: '2.45.0', revision: '5017cb8', time: '2015-02-26 23:59:50'
System info: host: 'PC273975', ip: '10.249.27.217', os.name: 'Windows 7', os.arch: 'x86', os.version: '6.1', java.version: '1.7.0'
Session ID: 0764cb8c-0d4d-45c8-8f2d-a0488932d24a
Driver info: org.openqa.selenium.firefox.FirefoxDriver
Capabilities [{platform=WINDOWS, acceptSslCerts=true, javascriptEnabled=true, browserName=firefox, rotatable=false, locationContextEnabled=true, version=37.0.1, cssSelectorsEnabled=true, databaseEnabled=true, handlesAlerts=true, nativeEvents=false, webStorageEnabled=true, applicationCacheEnabled=true, takesScreenshot=true}]
	at org.openqa.selenium.remote.ErrorHandler.createThrowable(ErrorHandler.java:204)
	at org.openqa.selenium.remote.ErrorHandler.throwIfResponseFailed(ErrorHandler.java:156)
	at org.openqa.selenium.remote.RemoteWebDriver.execute(RemoteWebDriver.java:599)
	at org.openqa.selenium.remote.RemoteWebDriver.execute(RemoteWebDriver.java:622)
	at org.openqa.selenium.remote.RemoteWebDriver.close(RemoteWebDriver.java:463)
	at com.charter.page.BillingAndTransactionsPage.ViewCBillLink(BillingAndTransactionsPage.java:553)
	at com.charter.test.Billpay.TB19_Validate_ViewCurrentBillLink_NavigateTo_PFDStatement_HOHUser(Billpay.java:534)
Caused by: org.openqa.selenium.NoSuchWindowException: Window not found. The browser window may have been closed.
Build info: version: '2.45.0', revision: '5017cb8', time: '2015-02-26 23:59:50'
System info: host: 'PC273975', ip: '10.249.27.217', os.name: 'Windows 7', os.arch: 'x86', os.version: '6.1', java.version: '1.7.0'
Driver info: driver.version: unknown
	at <anonymous class>.nsCommandProcessor.prototype.execute(file:///C:/Users/401508/AppData/Local/Temp/anonymous6525573542042445112webdriver-profile/extensions/fxdriver@googlecode.com/components/command-processor.js:12343)
	at <anonymous class>.Dispatcher.executeAs/<(file:///C:/Users/401508/AppData/Local/Temp/anonymous6525573542042445112webdriver-profile/extensions/fxdriver@googlecode.com/components/driver-component.js:9061)
	at <anonymous class>.Resource.prototype.handle(file:///C:/Users/401508/AppData/Local/Temp/anonymous6525573542042445112webdriver-profile/extensions/fxdriver@googlecode.com/components/driver-component.js:9208)
	at <anonymous class>.Dispatcher.prototype.dispatch(file:///C:/Users/401508/AppData/Local/Temp/anonymous6525573542042445112webdriver-profile/extensions/fxdriver@googlecode.com/components/driver-component.js:9155)
	at <anonymous class>.WebDriverServer/<.handle(file:///C:/Users/401508/AppData/Local/Temp/anonymous6525573542042445112webdriver-profile/extensions/fxdriver@googlecode.com/components/driver-component.js:12128)
	at <anonymous class>.createHandlerFunc/<(file:///C:/Users/401508/AppData/Local/Temp/anonymous6525573542042445112webdriver-profile/extensions/fxdriver@googlecode.com/components/httpd.js:2058)
	at <anonymous class>.ServerHandler.prototype.handleResponse(file:///C:/Users/401508/AppData/Local/Temp/anonymous6525573542042445112webdriver-profile/extensions/fxdriver@googlecode.com/components/httpd.js:2391)
	at <anonymous class>.Connection.prototype.process(file:///C:/Users/401508/AppData/Local/Temp/anonymous6525573542042445112webdriver-profile/extensions/fxdriver@googlecode.com/components/httpd.js:1227)
	at <anonymous class>.RequestReader.prototype._handleResponse(file:///C:/Users/401508/AppData/Local/Temp/anonymous6525573542042445112webdriver-profile/extensions/fxdriver@googlecode.com/components/httpd.js:1681)
	at <anonymous class>.RequestReader.prototype._processBody(file:///C:/Users/401508/AppData/Local/Temp/anonymous6525573542042445112webdriver-profile/extensions/fxdriver@googlecode.com/components/httpd.js:1529)
	at <anonymous class>.RequestReader.prototype.onInputStreamReady(file:///C:/Users/401508/AppData/Local/Temp/anonymous6525573542042445112webdriver-profile/extensions/fxdriver@googlecode.com/components/httpd.js:1397)
... Removed 28 stack frames]]>
    </failure>
  </testcase> <!-- TB19_Validate_ViewCurrentBillLink_NavigateTo_PFDStatement_HOHUser -->
  <testcase name="TB19_Validate_ViewCurrentBillLink_NavigateTo_PFDStatement_HOHUser" time="52.592" classname="com.charter.test.Billpay">
    <failure type="org.openqa.selenium.NoSuchWindowException" message="Window not found. The browser window may have been closed.
Command duration or timeout: 77 milliseconds
Build info: version: &amp;apos;2.45.0&amp;apos;, revision: &amp;apos;5017cb8&amp;apos;, time: &amp;apos;2015-02-26 23:59:50&amp;apos;
System info: host: &amp;apos;PC273975&amp;apos;, ip: &amp;apos;10.249.27.217&amp;apos;, os.name: &amp;apos;Windows 7&amp;apos;, os.arch: &amp;apos;x86&amp;apos;, os.version: &amp;apos;6.1&amp;apos;, java.version: &amp;apos;1.7.0&amp;apos;
Session ID: 0764cb8c-0d4d-45c8-8f2d-a0488932d24a
Driver info: org.openqa.selenium.firefox.FirefoxDriver
Capabilities [{platform=WINDOWS, acceptSslCerts=true, javascriptEnabled=true, browserName=firefox, rotatable=false, locationContextEnabled=true, version=37.0.1, cssSelectorsEnabled=true, databaseEnabled=true, handlesAlerts=true, nativeEvents=false, webStorageEnabled=true, applicationCacheEnabled=true, takesScreenshot=true}]">
      <![CDATA[org.openqa.selenium.NoSuchWindowException: Window not found. The browser window may have been closed.
Command duration or timeout: 77 milliseconds
Build info: version: '2.45.0', revision: '5017cb8', time: '2015-02-26 23:59:50'
System info: host: 'PC273975', ip: '10.249.27.217', os.name: 'Windows 7', os.arch: 'x86', os.version: '6.1', java.version: '1.7.0'
Session ID: 0764cb8c-0d4d-45c8-8f2d-a0488932d24a
Driver info: org.openqa.selenium.firefox.FirefoxDriver
Capabilities [{platform=WINDOWS, acceptSslCerts=true, javascriptEnabled=true, browserName=firefox, rotatable=false, locationContextEnabled=true, version=37.0.1, cssSelectorsEnabled=true, databaseEnabled=true, handlesAlerts=true, nativeEvents=false, webStorageEnabled=true, applicationCacheEnabled=true, takesScreenshot=true}]
	at org.openqa.selenium.remote.ErrorHandler.createThrowable(ErrorHandler.java:204)
	at org.openqa.selenium.remote.ErrorHandler.throwIfResponseFailed(ErrorHandler.java:156)
	at org.openqa.selenium.remote.RemoteWebDriver.execute(RemoteWebDriver.java:599)
	at org.openqa.selenium.remote.RemoteWebDriver.execute(RemoteWebDriver.java:622)
	at org.openqa.selenium.remote.RemoteWebDriver.getPageSource(RemoteWebDriver.java:459)
	at com.cognizant.framework.listeners.ResultContainer.setWebpage(ResultContainer.java:54)
	at com.cognizant.framework.listeners.WebTestListeners.onTestFailure(WebTestListeners.java:153)
Caused by: org.openqa.selenium.NoSuchWindowException: Window not found. The browser window may have been closed.
Build info: version: '2.45.0', revision: '5017cb8', time: '2015-02-26 23:59:50'
System info: host: 'PC273975', ip: '10.249.27.217', os.name: 'Windows 7', os.arch: 'x86', os.version: '6.1', java.version: '1.7.0'
Driver info: driver.version: unknown
	at <anonymous class>.nsCommandProcessor.prototype.execute(file:///C:/Users/401508/AppData/Local/Temp/anonymous6525573542042445112webdriver-profile/extensions/fxdriver@googlecode.com/components/command-processor.js:12343)
	at <anonymous class>.Dispatcher.executeAs/<(file:///C:/Users/401508/AppData/Local/Temp/anonymous6525573542042445112webdriver-profile/extensions/fxdriver@googlecode.com/components/driver-component.js:9061)
	at <anonymous class>.Resource.prototype.handle(file:///C:/Users/401508/AppData/Local/Temp/anonymous6525573542042445112webdriver-profile/extensions/fxdriver@googlecode.com/components/driver-component.js:9208)
	at <anonymous class>.Dispatcher.prototype.dispatch(file:///C:/Users/401508/AppData/Local/Temp/anonymous6525573542042445112webdriver-profile/extensions/fxdriver@googlecode.com/components/driver-component.js:9155)
	at <anonymous class>.WebDriverServer/<.handle(file:///C:/Users/401508/AppData/Local/Temp/anonymous6525573542042445112webdriver-profile/extensions/fxdriver@googlecode.com/components/driver-component.js:12128)
	at <anonymous class>.createHandlerFunc/<(file:///C:/Users/401508/AppData/Local/Temp/anonymous6525573542042445112webdriver-profile/extensions/fxdriver@googlecode.com/components/httpd.js:2058)
	at <anonymous class>.ServerHandler.prototype.handleResponse(file:///C:/Users/401508/AppData/Local/Temp/anonymous6525573542042445112webdriver-profile/extensions/fxdriver@googlecode.com/components/httpd.js:2391)
	at <anonymous class>.Connection.prototype.process(file:///C:/Users/401508/AppData/Local/Temp/anonymous6525573542042445112webdriver-profile/extensions/fxdriver@googlecode.com/components/httpd.js:1227)
	at <anonymous class>.RequestReader.prototype._handleResponse(file:///C:/Users/401508/AppData/Local/Temp/anonymous6525573542042445112webdriver-profile/extensions/fxdriver@googlecode.com/components/httpd.js:1681)
	at <anonymous class>.RequestReader.prototype._processBody(file:///C:/Users/401508/AppData/Local/Temp/anonymous6525573542042445112webdriver-profile/extensions/fxdriver@googlecode.com/components/httpd.js:1529)
	at <anonymous class>.RequestReader.prototype.onInputStreamReady(file:///C:/Users/401508/AppData/Local/Temp/anonymous6525573542042445112webdriver-profile/extensions/fxdriver@googlecode.com/components/httpd.js:1397)
... Removed 25 stack frames]]>
    </failure>
  </testcase> <!-- TB19_Validate_ViewCurrentBillLink_NavigateTo_PFDStatement_HOHUser -->
</testsuite> <!-- EngProd_Test_june1st -->
