<?xml version="1.0" encoding="UTF-8"?>
<!-- Generated by org.testng.reporters.JUnitXMLReporter -->
<testsuite hostname="PC220578" name="Maintenance_Test" tests="2" failures="1" timestamp="6 Mar 2015 05:10:05 GMT" time="173.791" errors="0">
  <testcase name="TC69_Validate_UserPreferencesPage_HOHEditHOHAdminAndStandardProfiles_HOHUser" time="86.38" classname="com.charter.test.MyAccount">
    <failure type="com.cognizant.framework.exception.BrowserBotException" message="Bot encountered a timeout while waiting for a condition,  Timed out after 30 seconds waiting for element to be clickable: By.id: Confirm
Build info: version: &amp;apos;2.44.0&amp;apos;, revision: &amp;apos;76d78cf&amp;apos;, time: &amp;apos;2014-10-23 20:02:37&amp;apos;
System info: host: &amp;apos;PC220578&amp;apos;, ip: &amp;apos;10.102.6.129&amp;apos;, os.name: &amp;apos;Windows 7&amp;apos;, os.arch: &amp;apos;x86&amp;apos;, os.version: &amp;apos;6.1&amp;apos;, java.version: &amp;apos;1.7.0_21&amp;apos;
Driver info: driver.version: unknown">
      <![CDATA[com.cognizant.framework.exception.BrowserBotException: Bot encountered a timeout while waiting for a condition,  Timed out after 30 seconds waiting for element to be clickable: By.id: Confirm
Build info: version: '2.44.0', revision: '76d78cf', time: '2014-10-23 20:02:37'
System info: host: 'PC220578', ip: '10.102.6.129', os.name: 'Windows 7', os.arch: 'x86', os.version: '6.1', java.version: '1.7.0_21'
Driver info: driver.version: unknown
	at com.cognizant.framework.core.WebDriverBase.wait(WebDriverBase.java:76)
	at com.cognizant.framework.core.WebDriverBase.type(WebDriverBase.java:197)
	at com.charter.page.UserPreferencePage.EditContactFields_UP(UserPreferencePage.java:579)
	at com.charter.test.MyAccount.TC69_Validate_UserPreferencesPage_HOHEditHOHAdminAndStandardProfiles_HOHUser(MyAccount.java:1470)
... Removed 24 stack frames]]>
    </failure>
  </testcase> <!-- TC69_Validate_UserPreferencesPage_HOHEditHOHAdminAndStandardProfiles_HOHUser -->
  <testcase name="TC37_Validate_BillingAndTransactionPage_PaymentHistorySection_HOHUser" time="44.484" classname="com.charter.test.MyAccount"/>
</testsuite> <!-- Maintenance_Test -->
