<html>
<head>
<title>TestNG:  Maintenance_Test</title>
<link href="../testng.css" rel="stylesheet" type="text/css" />
<link href="../my-testng.css" rel="stylesheet" type="text/css" />

<style type="text/css">
.log { display: none;} 
.stack-trace { display: none;} 
</style>
<script type="text/javascript">
<!--
function flip(e) {
  current = e.style.display;
  if (current == 'block') {
    e.style.display = 'none';
    return 0;
  }
  else {
    e.style.display = 'block';
    return 1;
  }
}

function toggleBox(szDivId, elem, msg1, msg2)
{
  var res = -1;  if (document.getElementById) {
    res = flip(document.getElementById(szDivId));
  }
  else if (document.all) {
    // this is the way old msie versions work
    res = flip(document.all[szDivId]);
  }
  if(elem) {
    if(res == 0) elem.innerHTML = msg1; else elem.innerHTML = msg2;
  }

}

function toggleAllBoxes() {
  if (document.getElementsByTagName) {
    d = document.getElementsByTagName('div');
    for (i = 0; i < d.length; i++) {
      if (d[i].className == 'log') {
        flip(d[i]);
      }
    }
  }
}

// -->
</script>

</head>
<body>
<h2 align='center'>Maintenance_Test</h2><table border='1' align="center">
<tr>
<td>Tests passed/Failed/Skipped:</td><td>1/1/0</td>
</tr><tr>
<td>Started on:</td><td>Fri Mar 06 10:37:11 IST 2015</td>
</tr>
<tr><td>Total time:</td><td>173 seconds (173791 ms)</td>
</tr><tr>
<td>Included groups:</td><td></td>
</tr><tr>
<td>Excluded groups:</td><td></td>
</tr>
</table><p/>
<small><i>(Hover the method name to see the test class name)</i></small><p/>
<table width='100%' border='1' class='invocation-failed'>
<tr><td colspan='4' align='center'><b>FAILED TESTS</b></td></tr>
<tr><td><b>Test method</b></td>
<td width="30%"><b>Exception</b></td>
<td width="10%"><b>Time (seconds)</b></td>
<td><b>Instance</b></td>
</tr>
<tr>
<td title='com.charter.test.MyAccount.TC69_Validate_UserPreferencesPage_HOHEditHOHAdminAndStandardProfiles_HOHUser()'><b>TC69_Validate_UserPreferencesPage_HOHEditHOHAdminAndStandardProfiles_HOHUser</b><br>Test class: com.charter.test.MyAccount<br>Parameters: {invalidLastname=, security_answer=red, SelectDate=, LegacySiteURL=, hohuser=, Mobilephone=, mac_fID=, CharterID_fp=, lastname=, UserID=e2e5023, TestCaseId=TC69_Validate_UserPreferencesPage_HOHEditHOHAdminAndStandardProfiles_HOHUser, charterID=, password=, security_question=Color or make of your first car?, ExpYear=, fLinked_CharterID=, address_CID=, CardType=, UserPassword=Testing01, zipcode_CID=, invalidMAC=, invalidPassword=, CardNumber=, lastname_fp=, mac_CID=, Zipcode_fp=, UserID1=, invalidSecurityAns=, invalidAddress=, FutureDate=, invalidZipcode=, address_fID=, email=charter.net2014@gmail.com, ExpDate=, invalidEmail=, zipcode_fID=, lastname_fID=, lastname_CID=}<br/>
<a href="#Output-28338980" onClick='toggleBox("Output-28338980", this, "Show output", "Hide output");'>Show output</a>

<a href="#Output-28338980" onClick="toggleAllBoxes();">Show all outputs</a>
<div class='log' id="Output-28338980">
screenshot saved in: D:\CharterNet\test-output\html\screenshots\Select User\User is selected-06Mar15_103827.png<br/><br/>
<<<*** END: MyAccount.TC69_Validate_UserPreferencesPage_HOHEditHOHAdminAndStandardProfiles_HOHUser ***>>> <br/><br/>
=====================================================================================<br/><br/>
Test Failed :com.charter.test.MyAccount.TC69_Validate_UserPreferencesPage_HOHEditHOHAdminAndStandardProfiles_HOHUser, Took 86 seconds<br/><br/>
<a href='D:\CharterNet\test-output\html\screenshots\TC69_Validate_UserPreferencesPage_HOHEditHOHAdminAndStandardProfiles_HOHUser-1-06Mar15_103903.png'><img src='D:\CharterNet\test-output\html\screenshots\TC69_Validate_UserPreferencesPage_HOHEditHOHAdminAndStandardProfiles_HOHUser-1-06Mar15_103903.png' height='50' width='50'/><br></a><br/>
</div>
</td>
<td><div><pre>com.cognizant.framework.exception.BrowserBotException: Bot encountered a timeout while waiting for a condition,  Timed out after 30 seconds waiting for element to be clickable: By.id: Confirm
Build info: version: &apos;2.44.0&apos;, revision: &apos;76d78cf&apos;, time: &apos;2014-10-23 20:02:37&apos;
System info: host: &apos;PC220578&apos;, ip: &apos;10.102.6.129&apos;, os.name: &apos;Windows 7&apos;, os.arch: &apos;x86&apos;, os.version: &apos;6.1&apos;, java.version: &apos;1.7.0_21&apos;
Driver info: driver.version: unknown
	at com.cognizant.framework.core.WebDriverBase.wait(WebDriverBase.java:76)
	at com.cognizant.framework.core.WebDriverBase.type(WebDriverBase.java:197)
	at com.charter.page.UserPreferencePage.EditContactFields_UP(UserPreferencePage.java:579)
	at com.charter.test.MyAccount.TC69_Validate_UserPreferencesPage_HOHEditHOHAdminAndStandardProfiles_HOHUser(MyAccount.java:1470)
... Removed 24 stack frames</pre></div><a href='#' onClick='toggleBox("stack-trace28338980", this, "Click to show all stack frames", "Click to hide stack frames")'>Click to show all stack frames</a>
<div class='stack-trace' id='stack-trace28338980'><pre>com.cognizant.framework.exception.BrowserBotException: Bot encountered a timeout while waiting for a condition,  Timed out after 30 seconds waiting for element to be clickable: By.id: Confirm
Build info: version: &apos;2.44.0&apos;, revision: &apos;76d78cf&apos;, time: &apos;2014-10-23 20:02:37&apos;
System info: host: &apos;PC220578&apos;, ip: &apos;10.102.6.129&apos;, os.name: &apos;Windows 7&apos;, os.arch: &apos;x86&apos;, os.version: &apos;6.1&apos;, java.version: &apos;1.7.0_21&apos;
Driver info: driver.version: unknown
	at com.cognizant.framework.core.WebDriverBase.wait(WebDriverBase.java:76)
	at com.cognizant.framework.core.WebDriverBase.type(WebDriverBase.java:197)
	at com.charter.page.UserPreferencePage.EditContactFields_UP(UserPreferencePage.java:579)
	at com.charter.test.MyAccount.TC69_Validate_UserPreferencesPage_HOHEditHOHAdminAndStandardProfiles_HOHUser(MyAccount.java:1470)
	at sun.reflect.NativeMethodAccessorImpl.invoke0(Native Method)
	at sun.reflect.NativeMethodAccessorImpl.invoke(Unknown Source)
	at sun.reflect.DelegatingMethodAccessorImpl.invoke(Unknown Source)
	at java.lang.reflect.Method.invoke(Unknown Source)
	at org.testng.internal.MethodInvocationHelper.invokeMethod(MethodInvocationHelper.java:84)
	at org.testng.internal.Invoker.invokeMethod(Invoker.java:714)
	at org.testng.internal.Invoker.invokeTestMethod(Invoker.java:901)
	at org.testng.internal.Invoker.invokeTestMethods(Invoker.java:1231)
	at org.testng.internal.TestMethodWorker.invokeTestMethods(TestMethodWorker.java:127)
	at org.testng.internal.TestMethodWorker.run(TestMethodWorker.java:111)
	at org.testng.TestRunner.privateRun(TestRunner.java:767)
	at org.testng.TestRunner.run(TestRunner.java:617)
	at org.testng.SuiteRunner.runTest(SuiteRunner.java:334)
	at org.testng.SuiteRunner.runSequentially(SuiteRunner.java:329)
	at org.testng.SuiteRunner.privateRun(SuiteRunner.java:291)
	at org.testng.SuiteRunner.run(SuiteRunner.java:240)
	at org.testng.SuiteRunnerWorker.runSuite(SuiteRunnerWorker.java:52)
	at org.testng.SuiteRunnerWorker.run(SuiteRunnerWorker.java:86)
	at org.testng.TestNG.runSuitesSequentially(TestNG.java:1224)
	at org.testng.TestNG.runSuitesLocally(TestNG.java:1149)
	at org.testng.TestNG.run(TestNG.java:1057)
	at org.testng.remote.RemoteTestNG.run(RemoteTestNG.java:111)
	at org.testng.remote.RemoteTestNG.initAndRun(RemoteTestNG.java:204)
	at org.testng.remote.RemoteTestNG.main(RemoteTestNG.java:175)
</pre></div></td>
<td>86</td>
<td>com.charter.test.MyAccount@13072d</td></tr>
</table><p>
<table width='100%' border='1' class='invocation-passed'>
<tr><td colspan='4' align='center'><b>PASSED TESTS</b></td></tr>
<tr><td><b>Test method</b></td>
<td width="30%"><b>Exception</b></td>
<td width="10%"><b>Time (seconds)</b></td>
<td><b>Instance</b></td>
</tr>
<tr>
<td title='com.charter.test.MyAccount.TC37_Validate_BillingAndTransactionPage_PaymentHistorySection_HOHUser()'><b>TC37_Validate_BillingAndTransactionPage_PaymentHistorySection_HOHUser</b><br>Test class: com.charter.test.MyAccount<br>Parameters: {LegacySiteURL=, UserID1=, UserID=e2e237, TestCaseId=TC37_Validate_BillingAndTransactionPage_PaymentHistorySection_HOHUser, UserPassword=Testing01}<br/>
<a href="#Output-31287830" onClick='toggleBox("Output-31287830", this, "Show output", "Hide output");'>Show output</a>

<a href="#Output-31287830" onClick="toggleAllBoxes();">Show all outputs</a>
<div class='log' id="Output-31287830">
<<<*** END: MyAccount.TC37_Validate_BillingAndTransactionPage_PaymentHistorySection_HOHUser ***>>> <br/><br/>
=====================================================================================<br/><br/>
Test Passed :com.charter.test.MyAccount.TC37_Validate_BillingAndTransactionPage_PaymentHistorySection_HOHUser, Took 44 seconds<br/><br/>
</div>
</td>
<td></td>
<td>44</td>
<td>com.charter.test.MyAccount@13072d</td></tr>
</table><p>
</body>
</html>