<html>
<head>
<title>TestNG:  POC_Scenarios</title>
<link href="../testng.css" rel="stylesheet" type="text/css" />
<link href="../my-testng.css" rel="stylesheet" type="text/css" />

<style type="text/css">
.log { display: none;} 
.stack-trace { display: none;} 
</style>
<script type="text/javascript">
<!--
function flip(e) {
  current = e.style.display;
  if (current == 'block') {
    e.style.display = 'none';
    return 0;
  }
  else {
    e.style.display = 'block';
    return 1;
  }
}

function toggleBox(szDivId, elem, msg1, msg2)
{
  var res = -1;  if (document.getElementById) {
    res = flip(document.getElementById(szDivId));
  }
  else if (document.all) {
    // this is the way old msie versions work
    res = flip(document.all[szDivId]);
  }
  if(elem) {
    if(res == 0) elem.innerHTML = msg1; else elem.innerHTML = msg2;
  }

}

function toggleAllBoxes() {
  if (document.getElementsByTagName) {
    d = document.getElementsByTagName('div');
    for (i = 0; i < d.length; i++) {
      if (d[i].className == 'log') {
        flip(d[i]);
      }
    }
  }
}

// -->
</script>

</head>
<body>
<h2 align='center'>POC_Scenarios</h2><table border='1' align="center">
<tr>
<td>Tests passed/Failed/Skipped:</td><td>5/4/0</td>
</tr><tr>
<td>Started on:</td><td>Wed Jan 07 17:48:11 IST 2015</td>
</tr>
<tr><td>Total time:</td><td>546 seconds (546683 ms)</td>
</tr><tr>
<td>Included groups:</td><td></td>
</tr><tr>
<td>Excluded groups:</td><td></td>
</tr>
</table><p/>
<small><i>(Hover the method name to see the test class name)</i></small><p/>
<table width='100%' border='1' class='invocation-failed'>
<tr><td colspan='4' align='center'><b>FAILED TESTS</b></td></tr>
<tr><td><b>Test method</b></td>
<td width="30%"><b>Exception</b></td>
<td width="10%"><b>Time (seconds)</b></td>
<td><b>Instance</b></td>
</tr>
<tr>
<td title='com.charter.test.POC_BillPay.MyAccount_BT_Contact_Info_Editbutton_Admin_T518105()'><b>MyAccount_BT_Contact_Info_Editbutton_Admin_T518105</b><br>Test class: com.charter.test.POC_BillPay<br>Parameters: {CardNumber=, security_question=, Devicenickname=, ParentalControl_Unratedcontent=, Account_Type=, ParentalControl_Movie=, TestCaseId=MyAccount_BT_Contact_Info_Editbutton_Admin_T518105, PC_TV=, Password1=, searchkey=, SecurityQuestion=, password=, security_answer=, Account_pom=, ExpDate=, UserID=e2e237_child_5001, CardType=, Zipcode=631291646, Relogin_UserID=, Operatingsystem=, email=, SecurityAnswer=, accountnumber=, FutureDate=, couponNumber=, NewRole=, FutureDateformat=, Address2=E2E237, UserPassword=Testing01, PC_Movie=, Account_DVRcontrol=, Address1=4561 LEMAY FERRY RD, City=SAINT LOUIS, selectUser=, PC_Unratedcontent=, Relogin_Password=, charterID=, lastname=, ConfirmPassword=, phone=, routingnumber=, State=MISSOURI, ParentalControl_TV=, ContactEmail=, ExpYear=}<br/>
<a href="#Output-20270031" onClick='toggleBox("Output-20270031", this, "Show output", "Hide output");'>Show output</a>

<a href="#Output-20270031" onClick="toggleAllBoxes();">Show all outputs</a>
<div class='log' id="Output-20270031">
screenshot saved in: E:\Jenkins_Charter\Charter\test-output\html\screenshots\T518105\LoginPage-07Jan15_055345.png<br/><br/>
<<<*** END: POC_BillPay.MyAccount_BT_Contact_Info_Editbutton_Admin_T518105 ***>>> <br/><br/>
=====================================================================================<br/><br/>
Test Failed :com.charter.test.POC_BillPay.MyAccount_BT_Contact_Info_Editbutton_Admin_T518105, Took 59 seconds<br/><br/>
<a href='E:\Jenkins_Charter\Charter\test-output\html\screenshots\MyAccount_BT_Contact_Info_Editbutton_Admin_T518105-1-07Jan15_055420.png'><img src='E:\Jenkins_Charter\Charter\test-output\html\screenshots\MyAccount_BT_Contact_Info_Editbutton_Admin_T518105-1-07Jan15_055420.png' height='50' width='50'/><br></a><br/>
</div>
</td>
<td><div><pre>org.openqa.selenium.NoSuchElementException: no such element
  (Session info: chrome=39.0.2171.95)
  (Driver info: chromedriver=2.10.267521,platform=Windows NT 6.1 SP1 x86) (WARNING: The server did not provide any stacktrace information)
Command duration or timeout: 30.02 seconds
For documentation on this error, please visit: http://seleniumhq.org/exceptions/no_such_element.html
Build info: version: &apos;2.44.0&apos;, revision: &apos;76d78cf&apos;, time: &apos;2014-10-23 20:02:37&apos;
System info: host: &apos;PC273975&apos;, ip: &apos;10.249.27.204&apos;, os.name: &apos;Windows 7&apos;, os.arch: &apos;x86&apos;, os.version: &apos;6.1&apos;, java.version: &apos;1.8.0_25&apos;
Driver info: org.openqa.selenium.chrome.ChromeDriver
Capabilities [{applicationCacheEnabled=false, rotatable=false, chrome={userDataDir=C:\Users\393859\AppData\Local\Temp\scoped_dir1948_18453}, takesHeapSnapshot=true, databaseEnabled=false, handlesAlerts=true, version=39.0.2171.95, platform=XP, browserConnectionEnabled=false, nativeEvents=true, acceptSslCerts=true, locationContextEnabled=true, webStorageEnabled=true, browserName=chrome, takesScreenshot=true, javascriptEnabled=true, cssSelectorsEnabled=true}]
Session ID: 46a4fa8289c95e0090fbfc85c9ffd625
	at org.openqa.selenium.remote.ErrorHandler.createThrowable(ErrorHandler.java:204)
	at org.openqa.selenium.remote.ErrorHandler.throwIfResponseFailed(ErrorHandler.java:156)
	at org.openqa.selenium.remote.RemoteWebDriver.execute(RemoteWebDriver.java:599)
	at org.openqa.selenium.remote.RemoteWebDriver.findElement(RemoteWebDriver.java:352)
	at org.openqa.selenium.remote.RemoteWebDriver.findElementById(RemoteWebDriver.java:393)
	at org.openqa.selenium.By$ById.findElement(By.java:214)
	at org.openqa.selenium.remote.RemoteWebDriver.findElement(RemoteWebDriver.java:344)
	at com.cognizant.framework.core.WebDriverBase.hoverOver(WebDriverBase.java:394)
	at com.charter.page.MyAccountPage.openMyAccountTab(MyAccountPage.java:36)
	at com.charter.test.POC_BillPay.MyAccount_BT_Contact_Info_Editbutton_Admin_T518105(POC_BillPay.java:118)
... Removed 28 stack frames</pre></div><a href='#' onClick='toggleBox("stack-trace20270031", this, "Click to show all stack frames", "Click to hide stack frames")'>Click to show all stack frames</a>
<div class='stack-trace' id='stack-trace20270031'><pre>org.openqa.selenium.NoSuchElementException: no such element
  (Session info: chrome=39.0.2171.95)
  (Driver info: chromedriver=2.10.267521,platform=Windows NT 6.1 SP1 x86) (WARNING: The server did not provide any stacktrace information)
Command duration or timeout: 30.02 seconds
For documentation on this error, please visit: http://seleniumhq.org/exceptions/no_such_element.html
Build info: version: &apos;2.44.0&apos;, revision: &apos;76d78cf&apos;, time: &apos;2014-10-23 20:02:37&apos;
System info: host: &apos;PC273975&apos;, ip: &apos;10.249.27.204&apos;, os.name: &apos;Windows 7&apos;, os.arch: &apos;x86&apos;, os.version: &apos;6.1&apos;, java.version: &apos;1.8.0_25&apos;
Driver info: org.openqa.selenium.chrome.ChromeDriver
Capabilities [{applicationCacheEnabled=false, rotatable=false, chrome={userDataDir=C:\Users\393859\AppData\Local\Temp\scoped_dir1948_18453}, takesHeapSnapshot=true, databaseEnabled=false, handlesAlerts=true, version=39.0.2171.95, platform=XP, browserConnectionEnabled=false, nativeEvents=true, acceptSslCerts=true, locationContextEnabled=true, webStorageEnabled=true, browserName=chrome, takesScreenshot=true, javascriptEnabled=true, cssSelectorsEnabled=true}]
Session ID: 46a4fa8289c95e0090fbfc85c9ffd625
	at sun.reflect.NativeConstructorAccessorImpl.newInstance0(Native Method)
	at sun.reflect.NativeConstructorAccessorImpl.newInstance(Unknown Source)
	at sun.reflect.DelegatingConstructorAccessorImpl.newInstance(Unknown Source)
	at java.lang.reflect.Constructor.newInstance(Unknown Source)
	at org.openqa.selenium.remote.ErrorHandler.createThrowable(ErrorHandler.java:204)
	at org.openqa.selenium.remote.ErrorHandler.throwIfResponseFailed(ErrorHandler.java:156)
	at org.openqa.selenium.remote.RemoteWebDriver.execute(RemoteWebDriver.java:599)
	at org.openqa.selenium.remote.RemoteWebDriver.findElement(RemoteWebDriver.java:352)
	at org.openqa.selenium.remote.RemoteWebDriver.findElementById(RemoteWebDriver.java:393)
	at org.openqa.selenium.By$ById.findElement(By.java:214)
	at org.openqa.selenium.remote.RemoteWebDriver.findElement(RemoteWebDriver.java:344)
	at com.cognizant.framework.core.WebDriverBase.hoverOver(WebDriverBase.java:394)
	at com.charter.page.MyAccountPage.openMyAccountTab(MyAccountPage.java:36)
	at com.charter.test.POC_BillPay.MyAccount_BT_Contact_Info_Editbutton_Admin_T518105(POC_BillPay.java:118)
	at sun.reflect.NativeMethodAccessorImpl.invoke0(Native Method)
	at sun.reflect.NativeMethodAccessorImpl.invoke(Unknown Source)
	at sun.reflect.DelegatingMethodAccessorImpl.invoke(Unknown Source)
	at java.lang.reflect.Method.invoke(Unknown Source)
	at org.testng.internal.MethodInvocationHelper.invokeMethod(MethodInvocationHelper.java:84)
	at org.testng.internal.Invoker.invokeMethod(Invoker.java:714)
	at org.testng.internal.Invoker.invokeTestMethod(Invoker.java:901)
	at org.testng.internal.Invoker.invokeTestMethods(Invoker.java:1231)
	at org.testng.internal.TestMethodWorker.invokeTestMethods(TestMethodWorker.java:127)
	at org.testng.internal.TestMethodWorker.run(TestMethodWorker.java:111)
	at org.testng.TestRunner.privateRun(TestRunner.java:767)
	at org.testng.TestRunner.run(TestRunner.java:617)
	at org.testng.SuiteRunner.runTest(SuiteRunner.java:334)
	at org.testng.SuiteRunner.runSequentially(SuiteRunner.java:329)
	at org.testng.SuiteRunner.privateRun(SuiteRunner.java:291)
	at org.testng.SuiteRunner.run(SuiteRunner.java:240)
	at org.testng.SuiteRunnerWorker.runSuite(SuiteRunnerWorker.java:52)
	at org.testng.SuiteRunnerWorker.run(SuiteRunnerWorker.java:86)
	at org.testng.TestNG.runSuitesSequentially(TestNG.java:1224)
	at org.testng.TestNG.runSuitesLocally(TestNG.java:1149)
	at org.testng.TestNG.run(TestNG.java:1057)
	at org.testng.remote.RemoteTestNG.run(RemoteTestNG.java:111)
	at org.testng.remote.RemoteTestNG.initAndRun(RemoteTestNG.java:204)
	at org.testng.remote.RemoteTestNG.main(RemoteTestNG.java:175)
</pre></div></td>
<td>59</td>
<td>com.charter.test.POC_BillPay@18314f0</td></tr>
<tr>
<td title='com.charter.test.POC_BillPay.MyAccount_BT_Contact_Info_Editbutton_HOH_T518104()'><b>MyAccount_BT_Contact_Info_Editbutton_HOH_T518104</b><br>Test class: com.charter.test.POC_BillPay<br>Parameters: {CardNumber=, security_question=, Devicenickname=, ParentalControl_Unratedcontent=, Account_Type=, ParentalControl_Movie=, TestCaseId=MyAccount_BT_Contact_Info_Editbutton_HOH_T518104, PC_TV=, Password1=, searchkey=, SecurityQuestion=, password=, security_answer=, Account_pom=, ExpDate=, UserID=E2E5011, CardType=, Zipcode=631291646, Relogin_UserID=, Operatingsystem=, email=, SecurityAnswer=, accountnumber=, FutureDate=, couponNumber=, NewRole=, FutureDateformat=, Address2=E2E5011, UserPassword=Testing01, PC_Movie=, Account_DVRcontrol=, Address1=4561 LEMAY FERRY RD, City=SAINT LOUIS, selectUser=, PC_Unratedcontent=, Relogin_Password=, charterID=, lastname=, ConfirmPassword=, phone=, routingnumber=, State=MISSOURI, ParentalControl_TV=, ContactEmail=, ExpYear=}<br/>
<a href="#Output-13815299" onClick='toggleBox("Output-13815299", this, "Show output", "Hide output");'>Show output</a>

<a href="#Output-13815299" onClick="toggleAllBoxes();">Show all outputs</a>
<div class='log' id="Output-13815299">
screenshot saved in: E:\Jenkins_Charter\Charter\test-output\html\screenshots\T518104\LoginPage-07Jan15_055239.png<br/><br/>
screenshot saved in: E:\Jenkins_Charter\Charter\test-output\html\screenshots\T518104\Billing and Transaction Page-07Jan15_055246.png<br/><br/>
screenshot saved in: E:\Jenkins_Charter\Charter\test-output\html\screenshots\Edit Contact Info\User Preference Page-07Jan15_055246.png<br/><br/>
<<<*** END: POC_BillPay.MyAccount_BT_Contact_Info_Editbutton_HOH_T518104 ***>>> <br/><br/>
=====================================================================================<br/><br/>
Test Failed :com.charter.test.POC_BillPay.MyAccount_BT_Contact_Info_Editbutton_HOH_T518104, Took 53 seconds<br/><br/>
<a href='E:\Jenkins_Charter\Charter\test-output\html\screenshots\MyAccount_BT_Contact_Info_Editbutton_HOH_T518104-1-07Jan15_055317.png'><img src='E:\Jenkins_Charter\Charter\test-output\html\screenshots\MyAccount_BT_Contact_Info_Editbutton_HOH_T518104-1-07Jan15_055317.png' height='50' width='50'/><br></a><br/>
</div>
</td>
<td><div><pre>com.cognizant.framework.exception.BrowserBotException: Bot encountered a timeout while waiting for a condition,  Timed out after 30 seconds waiting for element to be clickable: By.id: AddressLine1
Build info: version: &apos;2.44.0&apos;, revision: &apos;76d78cf&apos;, time: &apos;2014-10-23 20:02:37&apos;
System info: host: &apos;PC273975&apos;, ip: &apos;10.249.27.204&apos;, os.name: &apos;Windows 7&apos;, os.arch: &apos;x86&apos;, os.version: &apos;6.1&apos;, java.version: &apos;1.8.0_25&apos;
Driver info: driver.version: unknown
	at com.cognizant.framework.core.WebDriverBase.wait(WebDriverBase.java:76)
	at com.cognizant.framework.core.WebDriverBase.clearTextBox(WebDriverBase.java:973)
	at com.charter.page.BillingAndTransactionsPage.Edit_contact_Button(BillingAndTransactionsPage.java:393)
	at com.charter.test.POC_BillPay.MyAccount_BT_Contact_Info_Editbutton_HOH_T518104(POC_BillPay.java:96)
... Removed 24 stack frames</pre></div><a href='#' onClick='toggleBox("stack-trace13815299", this, "Click to show all stack frames", "Click to hide stack frames")'>Click to show all stack frames</a>
<div class='stack-trace' id='stack-trace13815299'><pre>com.cognizant.framework.exception.BrowserBotException: Bot encountered a timeout while waiting for a condition,  Timed out after 30 seconds waiting for element to be clickable: By.id: AddressLine1
Build info: version: &apos;2.44.0&apos;, revision: &apos;76d78cf&apos;, time: &apos;2014-10-23 20:02:37&apos;
System info: host: &apos;PC273975&apos;, ip: &apos;10.249.27.204&apos;, os.name: &apos;Windows 7&apos;, os.arch: &apos;x86&apos;, os.version: &apos;6.1&apos;, java.version: &apos;1.8.0_25&apos;
Driver info: driver.version: unknown
	at com.cognizant.framework.core.WebDriverBase.wait(WebDriverBase.java:76)
	at com.cognizant.framework.core.WebDriverBase.clearTextBox(WebDriverBase.java:973)
	at com.charter.page.BillingAndTransactionsPage.Edit_contact_Button(BillingAndTransactionsPage.java:393)
	at com.charter.test.POC_BillPay.MyAccount_BT_Contact_Info_Editbutton_HOH_T518104(POC_BillPay.java:96)
	at sun.reflect.NativeMethodAccessorImpl.invoke0(Native Method)
	at sun.reflect.NativeMethodAccessorImpl.invoke(Unknown Source)
	at sun.reflect.DelegatingMethodAccessorImpl.invoke(Unknown Source)
	at java.lang.reflect.Method.invoke(Unknown Source)
	at org.testng.internal.MethodInvocationHelper.invokeMethod(MethodInvocationHelper.java:84)
	at org.testng.internal.Invoker.invokeMethod(Invoker.java:714)
	at org.testng.internal.Invoker.invokeTestMethod(Invoker.java:901)
	at org.testng.internal.Invoker.invokeTestMethods(Invoker.java:1231)
	at org.testng.internal.TestMethodWorker.invokeTestMethods(TestMethodWorker.java:127)
	at org.testng.internal.TestMethodWorker.run(TestMethodWorker.java:111)
	at org.testng.TestRunner.privateRun(TestRunner.java:767)
	at org.testng.TestRunner.run(TestRunner.java:617)
	at org.testng.SuiteRunner.runTest(SuiteRunner.java:334)
	at org.testng.SuiteRunner.runSequentially(SuiteRunner.java:329)
	at org.testng.SuiteRunner.privateRun(SuiteRunner.java:291)
	at org.testng.SuiteRunner.run(SuiteRunner.java:240)
	at org.testng.SuiteRunnerWorker.runSuite(SuiteRunnerWorker.java:52)
	at org.testng.SuiteRunnerWorker.run(SuiteRunnerWorker.java:86)
	at org.testng.TestNG.runSuitesSequentially(TestNG.java:1224)
	at org.testng.TestNG.runSuitesLocally(TestNG.java:1149)
	at org.testng.TestNG.run(TestNG.java:1057)
	at org.testng.remote.RemoteTestNG.run(RemoteTestNG.java:111)
	at org.testng.remote.RemoteTestNG.initAndRun(RemoteTestNG.java:204)
	at org.testng.remote.RemoteTestNG.main(RemoteTestNG.java:175)
</pre></div></td>
<td>53</td>
<td>com.charter.test.POC_BillPay@18314f0</td></tr>
<tr>
<td title='com.charter.test.POC_BillPay.MyAccount_BT_Contact_Info_Editbutton_Standard_T518106()'><b>MyAccount_BT_Contact_Info_Editbutton_Standard_T518106</b><br>Test class: com.charter.test.POC_BillPay<br>Parameters: {CardNumber=, security_question=, Devicenickname=, ParentalControl_Unratedcontent=, Account_Type=, ParentalControl_Movie=, TestCaseId=MyAccount_BT_Contact_Info_Editbutton_Standard_T518106, PC_TV=, Password1=, searchkey=, SecurityQuestion=, password=, security_answer=, Account_pom=, ExpDate=, UserID=e2e5005_vstd_005, CardType=, Zipcode=, Relogin_UserID=, Operatingsystem=, email=, SecurityAnswer=, accountnumber=, FutureDate=, couponNumber=, NewRole=, FutureDateformat=, Address2=, UserPassword=Testing01, PC_Movie=, Account_DVRcontrol=, Address1=, City=, selectUser=, PC_Unratedcontent=, Relogin_Password=, charterID=, lastname=, ConfirmPassword=, phone=, routingnumber=, State=, ParentalControl_TV=, ContactEmail=, ExpYear=}<br/>
<a href="#Output-19371731" onClick='toggleBox("Output-19371731", this, "Show output", "Hide output");'>Show output</a>

<a href="#Output-19371731" onClick="toggleAllBoxes();">Show all outputs</a>
<div class='log' id="Output-19371731">
screenshot saved in: E:\Jenkins_Charter\Charter\test-output\html\screenshots\T518106\LoginPage-07Jan15_055449.png<br/><br/>
<<<*** END: POC_BillPay.MyAccount_BT_Contact_Info_Editbutton_Standard_T518106 ***>>> <br/><br/>
=====================================================================================<br/><br/>
Test Failed :com.charter.test.POC_BillPay.MyAccount_BT_Contact_Info_Editbutton_Standard_T518106, Took 59 seconds<br/><br/>
<a href='E:\Jenkins_Charter\Charter\test-output\html\screenshots\MyAccount_BT_Contact_Info_Editbutton_Standard_T518106-1-07Jan15_055524.png'><img src='E:\Jenkins_Charter\Charter\test-output\html\screenshots\MyAccount_BT_Contact_Info_Editbutton_Standard_T518106-1-07Jan15_055524.png' height='50' width='50'/><br></a><br/>
</div>
</td>
<td><div><pre>org.openqa.selenium.NoSuchElementException: no such element
  (Session info: chrome=39.0.2171.95)
  (Driver info: chromedriver=2.10.267521,platform=Windows NT 6.1 SP1 x86) (WARNING: The server did not provide any stacktrace information)
Command duration or timeout: 30.02 seconds
For documentation on this error, please visit: http://seleniumhq.org/exceptions/no_such_element.html
Build info: version: &apos;2.44.0&apos;, revision: &apos;76d78cf&apos;, time: &apos;2014-10-23 20:02:37&apos;
System info: host: &apos;PC273975&apos;, ip: &apos;10.249.27.204&apos;, os.name: &apos;Windows 7&apos;, os.arch: &apos;x86&apos;, os.version: &apos;6.1&apos;, java.version: &apos;1.8.0_25&apos;
Driver info: org.openqa.selenium.chrome.ChromeDriver
Capabilities [{applicationCacheEnabled=false, rotatable=false, chrome={userDataDir=C:\Users\393859\AppData\Local\Temp\scoped_dir7160_16626}, takesHeapSnapshot=true, databaseEnabled=false, handlesAlerts=true, version=39.0.2171.95, platform=XP, browserConnectionEnabled=false, nativeEvents=true, acceptSslCerts=true, locationContextEnabled=true, webStorageEnabled=true, browserName=chrome, takesScreenshot=true, javascriptEnabled=true, cssSelectorsEnabled=true}]
Session ID: 3fbb8b41f1f4a7c88a1021e34c98305e
	at org.openqa.selenium.remote.ErrorHandler.createThrowable(ErrorHandler.java:204)
	at org.openqa.selenium.remote.ErrorHandler.throwIfResponseFailed(ErrorHandler.java:156)
	at org.openqa.selenium.remote.RemoteWebDriver.execute(RemoteWebDriver.java:599)
	at org.openqa.selenium.remote.RemoteWebDriver.findElement(RemoteWebDriver.java:352)
	at org.openqa.selenium.remote.RemoteWebDriver.findElementById(RemoteWebDriver.java:393)
	at org.openqa.selenium.By$ById.findElement(By.java:214)
	at org.openqa.selenium.remote.RemoteWebDriver.findElement(RemoteWebDriver.java:344)
	at com.cognizant.framework.core.WebDriverBase.hoverOver(WebDriverBase.java:394)
	at com.charter.page.MyAccountPage.openMyAccountTab(MyAccountPage.java:36)
	at com.charter.test.POC_BillPay.MyAccount_BT_Contact_Info_Editbutton_Standard_T518106(POC_BillPay.java:140)
... Removed 28 stack frames</pre></div><a href='#' onClick='toggleBox("stack-trace19371731", this, "Click to show all stack frames", "Click to hide stack frames")'>Click to show all stack frames</a>
<div class='stack-trace' id='stack-trace19371731'><pre>org.openqa.selenium.NoSuchElementException: no such element
  (Session info: chrome=39.0.2171.95)
  (Driver info: chromedriver=2.10.267521,platform=Windows NT 6.1 SP1 x86) (WARNING: The server did not provide any stacktrace information)
Command duration or timeout: 30.02 seconds
For documentation on this error, please visit: http://seleniumhq.org/exceptions/no_such_element.html
Build info: version: &apos;2.44.0&apos;, revision: &apos;76d78cf&apos;, time: &apos;2014-10-23 20:02:37&apos;
System info: host: &apos;PC273975&apos;, ip: &apos;10.249.27.204&apos;, os.name: &apos;Windows 7&apos;, os.arch: &apos;x86&apos;, os.version: &apos;6.1&apos;, java.version: &apos;1.8.0_25&apos;
Driver info: org.openqa.selenium.chrome.ChromeDriver
Capabilities [{applicationCacheEnabled=false, rotatable=false, chrome={userDataDir=C:\Users\393859\AppData\Local\Temp\scoped_dir7160_16626}, takesHeapSnapshot=true, databaseEnabled=false, handlesAlerts=true, version=39.0.2171.95, platform=XP, browserConnectionEnabled=false, nativeEvents=true, acceptSslCerts=true, locationContextEnabled=true, webStorageEnabled=true, browserName=chrome, takesScreenshot=true, javascriptEnabled=true, cssSelectorsEnabled=true}]
Session ID: 3fbb8b41f1f4a7c88a1021e34c98305e
	at sun.reflect.NativeConstructorAccessorImpl.newInstance0(Native Method)
	at sun.reflect.NativeConstructorAccessorImpl.newInstance(Unknown Source)
	at sun.reflect.DelegatingConstructorAccessorImpl.newInstance(Unknown Source)
	at java.lang.reflect.Constructor.newInstance(Unknown Source)
	at org.openqa.selenium.remote.ErrorHandler.createThrowable(ErrorHandler.java:204)
	at org.openqa.selenium.remote.ErrorHandler.throwIfResponseFailed(ErrorHandler.java:156)
	at org.openqa.selenium.remote.RemoteWebDriver.execute(RemoteWebDriver.java:599)
	at org.openqa.selenium.remote.RemoteWebDriver.findElement(RemoteWebDriver.java:352)
	at org.openqa.selenium.remote.RemoteWebDriver.findElementById(RemoteWebDriver.java:393)
	at org.openqa.selenium.By$ById.findElement(By.java:214)
	at org.openqa.selenium.remote.RemoteWebDriver.findElement(RemoteWebDriver.java:344)
	at com.cognizant.framework.core.WebDriverBase.hoverOver(WebDriverBase.java:394)
	at com.charter.page.MyAccountPage.openMyAccountTab(MyAccountPage.java:36)
	at com.charter.test.POC_BillPay.MyAccount_BT_Contact_Info_Editbutton_Standard_T518106(POC_BillPay.java:140)
	at sun.reflect.NativeMethodAccessorImpl.invoke0(Native Method)
	at sun.reflect.NativeMethodAccessorImpl.invoke(Unknown Source)
	at sun.reflect.DelegatingMethodAccessorImpl.invoke(Unknown Source)
	at java.lang.reflect.Method.invoke(Unknown Source)
	at org.testng.internal.MethodInvocationHelper.invokeMethod(MethodInvocationHelper.java:84)
	at org.testng.internal.Invoker.invokeMethod(Invoker.java:714)
	at org.testng.internal.Invoker.invokeTestMethod(Invoker.java:901)
	at org.testng.internal.Invoker.invokeTestMethods(Invoker.java:1231)
	at org.testng.internal.TestMethodWorker.invokeTestMethods(TestMethodWorker.java:127)
	at org.testng.internal.TestMethodWorker.run(TestMethodWorker.java:111)
	at org.testng.TestRunner.privateRun(TestRunner.java:767)
	at org.testng.TestRunner.run(TestRunner.java:617)
	at org.testng.SuiteRunner.runTest(SuiteRunner.java:334)
	at org.testng.SuiteRunner.runSequentially(SuiteRunner.java:329)
	at org.testng.SuiteRunner.privateRun(SuiteRunner.java:291)
	at org.testng.SuiteRunner.run(SuiteRunner.java:240)
	at org.testng.SuiteRunnerWorker.runSuite(SuiteRunnerWorker.java:52)
	at org.testng.SuiteRunnerWorker.run(SuiteRunnerWorker.java:86)
	at org.testng.TestNG.runSuitesSequentially(TestNG.java:1224)
	at org.testng.TestNG.runSuitesLocally(TestNG.java:1149)
	at org.testng.TestNG.run(TestNG.java:1057)
	at org.testng.remote.RemoteTestNG.run(RemoteTestNG.java:111)
	at org.testng.remote.RemoteTestNG.initAndRun(RemoteTestNG.java:204)
	at org.testng.remote.RemoteTestNG.main(RemoteTestNG.java:175)
</pre></div></td>
<td>59</td>
<td>com.charter.test.POC_BillPay@18314f0</td></tr>
<tr>
<td title='com.charter.test.POC_IDonotAgree.OTP_DC_IDoNotAgree_T518147()'><b>OTP_DC_IDoNotAgree_T518147</b><br>Test class: com.charter.test.POC_IDonotAgree<br>Parameters: {CardNumber=4373030016926311 , security_question=, Devicenickname=, ParentalControl_Unratedcontent=, Account_Type=, ParentalControl_Movie=, TestCaseId=OTP_DC_IDoNotAgree_T518147, PC_TV=, Password1=, searchkey=, SecurityQuestion=, password=, security_answer=, Account_pom=, ExpDate=08, UserID=E2E5002, CardType=Visa, Zipcode=, Relogin_UserID=, Operatingsystem=, email=, SecurityAnswer=, accountnumber=, FutureDate=, couponNumber=, NewRole=, FutureDateformat=, Address2=, UserPassword=Testing01, PC_Movie=, Account_DVRcontrol=, Address1=, City=, selectUser=, PC_Unratedcontent=, Relogin_Password=, charterID=, lastname=, ConfirmPassword=, phone=, routingnumber=, State=, ParentalControl_TV=, ContactEmail=, ExpYear=2017}<br/>
<a href="#Output-13842463" onClick='toggleBox("Output-13842463", this, "Show output", "Hide output");'>Show output</a>

<a href="#Output-13842463" onClick="toggleAllBoxes();">Show all outputs</a>
<div class='log' id="Output-13842463">
<<<*** END: POC_IDonotAgree.OTP_DC_IDoNotAgree_T518147 ***>>> <br/><br/>
=====================================================================================<br/><br/>
Test Failed :com.charter.test.POC_IDonotAgree.OTP_DC_IDoNotAgree_T518147, Took 4 seconds<br/><br/>
Unable to capture the screenshotno such session
  (Driver info: chromedriver=2.10.267521,platform=Windows NT 6.1 SP1 x86) (WARNING: The server did not provide any stacktrace information)
Command duration or timeout: 157 milliseconds
Build info: version: '2.44.0', revision: '76d78cf', time: '2014-10-23 20:02:37'
System info: host: 'PC273975', ip: '10.249.27.204', os.name: 'Windows 7', os.arch: 'x86', os.version: '6.1', java.version: '1.8.0_25'
Driver info: org.openqa.selenium.chrome.ChromeDriver
Capabilities [{applicationCacheEnabled=false, rotatable=false, chrome={userDataDir=C:\Users\393859\AppData\Local\Temp\scoped_dir11852_26162}, takesHeapSnapshot=true, databaseEnabled=false, handlesAlerts=true, version=39.0.2171.95, platform=XP, browserConnectionEnabled=false, nativeEvents=true, acceptSslCerts=true, locationContextEnabled=true, webStorageEnabled=true, browserName=chrome, takesScreenshot=true, javascriptEnabled=true, cssSelectorsEnabled=true}]
Session ID: 76644e8346d225b0dd2bd93a46322bc7<br/><br/>
<<<*** END: POC_IDonotAgree.OTP_DC_IDoNotAgree_T518147 ***>>> <br/><br/>
=====================================================================================<br/><br/>
Test Failed :com.charter.test.POC_IDonotAgree.OTP_DC_IDoNotAgree_T518147, Took 7 seconds<br/><br/>
Unable to capture the screenshotno such session
  (Driver info: chromedriver=2.10.267521,platform=Windows NT 6.1 SP1 x86) (WARNING: The server did not provide any stacktrace information)
Command duration or timeout: 2 milliseconds
Build info: version: '2.44.0', revision: '76d78cf', time: '2014-10-23 20:02:37'
System info: host: 'PC273975', ip: '10.249.27.204', os.name: 'Windows 7', os.arch: 'x86', os.version: '6.1', java.version: '1.8.0_25'
Driver info: org.openqa.selenium.chrome.ChromeDriver
Capabilities [{applicationCacheEnabled=false, rotatable=false, chrome={userDataDir=C:\Users\393859\AppData\Local\Temp\scoped_dir11852_26162}, takesHeapSnapshot=true, databaseEnabled=false, handlesAlerts=true, version=39.0.2171.95, platform=XP, browserConnectionEnabled=false, nativeEvents=true, acceptSslCerts=true, locationContextEnabled=true, webStorageEnabled=true, browserName=chrome, takesScreenshot=true, javascriptEnabled=true, cssSelectorsEnabled=true}]
Session ID: 76644e8346d225b0dd2bd93a46322bc7<br/><br/>
</div>
</td>
<td><div><pre>org.openqa.selenium.WebDriverException: unknown error: session deleted because of page crash
from tab crashed
  (Session info: chrome=39.0.2171.95)
  (Driver info: chromedriver=2.10.267521,platform=Windows NT 6.1 SP1 x86) (WARNING: The server did not provide any stacktrace information)
Command duration or timeout: 89 milliseconds
Build info: version: &apos;2.44.0&apos;, revision: &apos;76d78cf&apos;, time: &apos;2014-10-23 20:02:37&apos;
System info: host: &apos;PC273975&apos;, ip: &apos;10.249.27.204&apos;, os.name: &apos;Windows 7&apos;, os.arch: &apos;x86&apos;, os.version: &apos;6.1&apos;, java.version: &apos;1.8.0_25&apos;
Driver info: org.openqa.selenium.chrome.ChromeDriver
Capabilities [{applicationCacheEnabled=false, rotatable=false, chrome={userDataDir=C:\Users\393859\AppData\Local\Temp\scoped_dir11852_26162}, takesHeapSnapshot=true, databaseEnabled=false, handlesAlerts=true, version=39.0.2171.95, platform=XP, browserConnectionEnabled=false, nativeEvents=true, acceptSslCerts=true, locationContextEnabled=true, webStorageEnabled=true, browserName=chrome, takesScreenshot=true, javascriptEnabled=true, cssSelectorsEnabled=true}]
Session ID: 76644e8346d225b0dd2bd93a46322bc7
	at org.openqa.selenium.remote.ErrorHandler.createThrowable(ErrorHandler.java:204)
	at org.openqa.selenium.remote.ErrorHandler.throwIfResponseFailed(ErrorHandler.java:156)
	at org.openqa.selenium.remote.RemoteWebDriver.execute(RemoteWebDriver.java:599)
	at org.openqa.selenium.remote.RemoteWebDriver.execute(RemoteWebDriver.java:614)
	at org.openqa.selenium.remote.RemoteWebDriver$RemoteWebDriverOptions.deleteAllCookies(RemoteWebDriver.java:685)
	at com.charter.page.HomePage.login(HomePage.java:99)
	at com.charter.test.POC_IDonotAgree.OTP_DC_IDoNotAgree_T518147(POC_IDonotAgree.java:37)
... Removed 28 stack frames</pre></div><a href='#' onClick='toggleBox("stack-trace13842463", this, "Click to show all stack frames", "Click to hide stack frames")'>Click to show all stack frames</a>
<div class='stack-trace' id='stack-trace13842463'><pre>org.openqa.selenium.WebDriverException: unknown error: session deleted because of page crash
from tab crashed
  (Session info: chrome=39.0.2171.95)
  (Driver info: chromedriver=2.10.267521,platform=Windows NT 6.1 SP1 x86) (WARNING: The server did not provide any stacktrace information)
Command duration or timeout: 89 milliseconds
Build info: version: &apos;2.44.0&apos;, revision: &apos;76d78cf&apos;, time: &apos;2014-10-23 20:02:37&apos;
System info: host: &apos;PC273975&apos;, ip: &apos;10.249.27.204&apos;, os.name: &apos;Windows 7&apos;, os.arch: &apos;x86&apos;, os.version: &apos;6.1&apos;, java.version: &apos;1.8.0_25&apos;
Driver info: org.openqa.selenium.chrome.ChromeDriver
Capabilities [{applicationCacheEnabled=false, rotatable=false, chrome={userDataDir=C:\Users\393859\AppData\Local\Temp\scoped_dir11852_26162}, takesHeapSnapshot=true, databaseEnabled=false, handlesAlerts=true, version=39.0.2171.95, platform=XP, browserConnectionEnabled=false, nativeEvents=true, acceptSslCerts=true, locationContextEnabled=true, webStorageEnabled=true, browserName=chrome, takesScreenshot=true, javascriptEnabled=true, cssSelectorsEnabled=true}]
Session ID: 76644e8346d225b0dd2bd93a46322bc7
	at sun.reflect.NativeConstructorAccessorImpl.newInstance0(Native Method)
	at sun.reflect.NativeConstructorAccessorImpl.newInstance(Unknown Source)
	at sun.reflect.DelegatingConstructorAccessorImpl.newInstance(Unknown Source)
	at java.lang.reflect.Constructor.newInstance(Unknown Source)
	at org.openqa.selenium.remote.ErrorHandler.createThrowable(ErrorHandler.java:204)
	at org.openqa.selenium.remote.ErrorHandler.throwIfResponseFailed(ErrorHandler.java:156)
	at org.openqa.selenium.remote.RemoteWebDriver.execute(RemoteWebDriver.java:599)
	at org.openqa.selenium.remote.RemoteWebDriver.execute(RemoteWebDriver.java:614)
	at org.openqa.selenium.remote.RemoteWebDriver$RemoteWebDriverOptions.deleteAllCookies(RemoteWebDriver.java:685)
	at com.charter.page.HomePage.login(HomePage.java:99)
	at com.charter.test.POC_IDonotAgree.OTP_DC_IDoNotAgree_T518147(POC_IDonotAgree.java:37)
	at sun.reflect.NativeMethodAccessorImpl.invoke0(Native Method)
	at sun.reflect.NativeMethodAccessorImpl.invoke(Unknown Source)
	at sun.reflect.DelegatingMethodAccessorImpl.invoke(Unknown Source)
	at java.lang.reflect.Method.invoke(Unknown Source)
	at org.testng.internal.MethodInvocationHelper.invokeMethod(MethodInvocationHelper.java:84)
	at org.testng.internal.Invoker.invokeMethod(Invoker.java:714)
	at org.testng.internal.Invoker.invokeTestMethod(Invoker.java:901)
	at org.testng.internal.Invoker.invokeTestMethods(Invoker.java:1231)
	at org.testng.internal.TestMethodWorker.invokeTestMethods(TestMethodWorker.java:127)
	at org.testng.internal.TestMethodWorker.run(TestMethodWorker.java:111)
	at org.testng.TestRunner.privateRun(TestRunner.java:767)
	at org.testng.TestRunner.run(TestRunner.java:617)
	at org.testng.SuiteRunner.runTest(SuiteRunner.java:334)
	at org.testng.SuiteRunner.runSequentially(SuiteRunner.java:329)
	at org.testng.SuiteRunner.privateRun(SuiteRunner.java:291)
	at org.testng.SuiteRunner.run(SuiteRunner.java:240)
	at org.testng.SuiteRunnerWorker.runSuite(SuiteRunnerWorker.java:52)
	at org.testng.SuiteRunnerWorker.run(SuiteRunnerWorker.java:86)
	at org.testng.TestNG.runSuitesSequentially(TestNG.java:1224)
	at org.testng.TestNG.runSuitesLocally(TestNG.java:1149)
	at org.testng.TestNG.run(TestNG.java:1057)
	at org.testng.remote.RemoteTestNG.run(RemoteTestNG.java:111)
	at org.testng.remote.RemoteTestNG.initAndRun(RemoteTestNG.java:204)
	at org.testng.remote.RemoteTestNG.main(RemoteTestNG.java:175)
</pre></div></td>
<td>4</td>
<td>com.charter.test.POC_IDonotAgree@14168b8</td></tr>
<tr>
<td title='com.charter.test.POC_IDonotAgree.OTP_DC_IDoNotAgree_T518147()'><b>OTP_DC_IDoNotAgree_T518147</b><br>Test class: com.charter.test.POC_IDonotAgree</td>
<td><div><pre>org.openqa.selenium.remote.SessionNotFoundException: no such session
  (Driver info: chromedriver=2.10.267521,platform=Windows NT 6.1 SP1 x86) (WARNING: The server did not provide any stacktrace information)
Command duration or timeout: 2 milliseconds
Build info: version: &apos;2.44.0&apos;, revision: &apos;76d78cf&apos;, time: &apos;2014-10-23 20:02:37&apos;
System info: host: &apos;PC273975&apos;, ip: &apos;10.249.27.204&apos;, os.name: &apos;Windows 7&apos;, os.arch: &apos;x86&apos;, os.version: &apos;6.1&apos;, java.version: &apos;1.8.0_25&apos;
Driver info: org.openqa.selenium.chrome.ChromeDriver
Capabilities [{applicationCacheEnabled=false, rotatable=false, chrome={userDataDir=C:\Users\393859\AppData\Local\Temp\scoped_dir11852_26162}, takesHeapSnapshot=true, databaseEnabled=false, handlesAlerts=true, version=39.0.2171.95, platform=XP, browserConnectionEnabled=false, nativeEvents=true, acceptSslCerts=true, locationContextEnabled=true, webStorageEnabled=true, browserName=chrome, takesScreenshot=true, javascriptEnabled=true, cssSelectorsEnabled=true}]
Session ID: 76644e8346d225b0dd2bd93a46322bc7
	at org.openqa.selenium.remote.ErrorHandler.createThrowable(ErrorHandler.java:204)
	at org.openqa.selenium.remote.ErrorHandler.throwIfResponseFailed(ErrorHandler.java:162)
	at org.openqa.selenium.remote.RemoteWebDriver.execute(RemoteWebDriver.java:599)
	at org.openqa.selenium.remote.RemoteWebDriver.execute(RemoteWebDriver.java:614)
	at org.openqa.selenium.remote.RemoteWebDriver.getPageSource(RemoteWebDriver.java:459)
	at com.cognizant.framework.listeners.ResultContainer.setWebpage(ResultContainer.java:54)
	at com.cognizant.framework.listeners.WebTestListeners.onTestFailure(WebTestListeners.java:153)
... Removed 25 stack frames</pre></div><a href='#' onClick='toggleBox("stack-trace29159990", this, "Click to show all stack frames", "Click to hide stack frames")'>Click to show all stack frames</a>
<div class='stack-trace' id='stack-trace29159990'><pre>org.openqa.selenium.remote.SessionNotFoundException: no such session
  (Driver info: chromedriver=2.10.267521,platform=Windows NT 6.1 SP1 x86) (WARNING: The server did not provide any stacktrace information)
Command duration or timeout: 2 milliseconds
Build info: version: &apos;2.44.0&apos;, revision: &apos;76d78cf&apos;, time: &apos;2014-10-23 20:02:37&apos;
System info: host: &apos;PC273975&apos;, ip: &apos;10.249.27.204&apos;, os.name: &apos;Windows 7&apos;, os.arch: &apos;x86&apos;, os.version: &apos;6.1&apos;, java.version: &apos;1.8.0_25&apos;
Driver info: org.openqa.selenium.chrome.ChromeDriver
Capabilities [{applicationCacheEnabled=false, rotatable=false, chrome={userDataDir=C:\Users\393859\AppData\Local\Temp\scoped_dir11852_26162}, takesHeapSnapshot=true, databaseEnabled=false, handlesAlerts=true, version=39.0.2171.95, platform=XP, browserConnectionEnabled=false, nativeEvents=true, acceptSslCerts=true, locationContextEnabled=true, webStorageEnabled=true, browserName=chrome, takesScreenshot=true, javascriptEnabled=true, cssSelectorsEnabled=true}]
Session ID: 76644e8346d225b0dd2bd93a46322bc7
	at sun.reflect.NativeConstructorAccessorImpl.newInstance0(Native Method)
	at sun.reflect.NativeConstructorAccessorImpl.newInstance(Unknown Source)
	at sun.reflect.DelegatingConstructorAccessorImpl.newInstance(Unknown Source)
	at java.lang.reflect.Constructor.newInstance(Unknown Source)
	at org.openqa.selenium.remote.ErrorHandler.createThrowable(ErrorHandler.java:204)
	at org.openqa.selenium.remote.ErrorHandler.throwIfResponseFailed(ErrorHandler.java:162)
	at org.openqa.selenium.remote.RemoteWebDriver.execute(RemoteWebDriver.java:599)
	at org.openqa.selenium.remote.RemoteWebDriver.execute(RemoteWebDriver.java:614)
	at org.openqa.selenium.remote.RemoteWebDriver.getPageSource(RemoteWebDriver.java:459)
	at com.cognizant.framework.listeners.ResultContainer.setWebpage(ResultContainer.java:54)
	at com.cognizant.framework.listeners.WebTestListeners.onTestFailure(WebTestListeners.java:153)
	at org.testng.internal.Invoker.runTestListeners(Invoker.java:1895)
	at org.testng.internal.Invoker.runTestListeners(Invoker.java:1879)
	at org.testng.internal.Invoker.invokeMethod(Invoker.java:778)
	at org.testng.internal.Invoker.invokeTestMethod(Invoker.java:901)
	at org.testng.internal.Invoker.invokeTestMethods(Invoker.java:1231)
	at org.testng.internal.TestMethodWorker.invokeTestMethods(TestMethodWorker.java:127)
	at org.testng.internal.TestMethodWorker.run(TestMethodWorker.java:111)
	at org.testng.TestRunner.privateRun(TestRunner.java:767)
	at org.testng.TestRunner.run(TestRunner.java:617)
	at org.testng.SuiteRunner.runTest(SuiteRunner.java:334)
	at org.testng.SuiteRunner.runSequentially(SuiteRunner.java:329)
	at org.testng.SuiteRunner.privateRun(SuiteRunner.java:291)
	at org.testng.SuiteRunner.run(SuiteRunner.java:240)
	at org.testng.SuiteRunnerWorker.runSuite(SuiteRunnerWorker.java:52)
	at org.testng.SuiteRunnerWorker.run(SuiteRunnerWorker.java:86)
	at org.testng.TestNG.runSuitesSequentially(TestNG.java:1224)
	at org.testng.TestNG.runSuitesLocally(TestNG.java:1149)
	at org.testng.TestNG.run(TestNG.java:1057)
	at org.testng.remote.RemoteTestNG.run(RemoteTestNG.java:111)
	at org.testng.remote.RemoteTestNG.initAndRun(RemoteTestNG.java:204)
	at org.testng.remote.RemoteTestNG.main(RemoteTestNG.java:175)
</pre></div></td>
<td>7</td>
<td>com.charter.test.POC_IDonotAgree@14168b8</td></tr>
<tr>
<td title='com.charter.test.POC_OneTimePayment.OTP_with_DC_T518137()'><b>OTP_with_DC_T518137</b><br>Test class: com.charter.test.POC_OneTimePayment<br>Parameters: {CardNumber=5428371055780041, security_question=, Devicenickname=, ParentalControl_Unratedcontent=, Account_Type=, ParentalControl_Movie=, TestCaseId=OTP_with_DC_T518137, PC_TV=, Password1=, searchkey=, SecurityQuestion=, password=, security_answer=, Account_pom=, ExpDate=06, UserID=E2E237, CardType=Mastercard, Zipcode=, Relogin_UserID=, Operatingsystem=, email=, SecurityAnswer=, accountnumber=, FutureDate=, couponNumber=, NewRole=, FutureDateformat=, Address2=, UserPassword=Testing01, PC_Movie=, Account_DVRcontrol=, Address1=, City=, selectUser=, PC_Unratedcontent=, Relogin_Password=, charterID=, lastname=, ConfirmPassword=, phone=, routingnumber=, State=, ParentalControl_TV=, ContactEmail=, ExpYear=2022}<br/>
<a href="#Output-25274880" onClick='toggleBox("Output-25274880", this, "Show output", "Hide output");'>Show output</a>

<a href="#Output-25274880" onClick="toggleAllBoxes();">Show all outputs</a>
<div class='log' id="Output-25274880">
screenshot saved in: E:\Jenkins_Charter\Charter\test-output\html\screenshots\T518137\LoginPage-07Jan15_054933.png<br/><br/>
screenshot saved in: E:\Jenkins_Charter\Charter\test-output\html\screenshots\T518137\OTP Page-07Jan15_054946.png<br/><br/>
screenshot saved in: E:\Jenkins_Charter\Charter\test-output\html\screenshots\OTP DC\Selected One Time Debit-07Jan15_054956.png<br/><br/>
screenshot saved in: E:\Jenkins_Charter\Charter\test-output\html\screenshots\OTP DC\Card Details-07Jan15_055002.png<br/><br/>
screenshot saved in: E:\Jenkins_Charter\Charter\test-output\html\screenshots\OTP DC\VerifyPaymentConfirmation-07Jan15_055002.png<br/><br/>
screenshot saved in: E:\Jenkins_Charter\Charter\test-output\html\screenshots\T518137\Terms and conditions checked-07Jan15_055003.png<br/><br/>
screenshot saved in: E:\Jenkins_Charter\Charter\test-output\html\screenshots\T518137\Payment confirmation-07Jan15_055003.png<br/><br/>
<<<*** END: POC_OneTimePayment.OTP_with_DC_T518137 ***>>> <br/><br/>
=====================================================================================<br/><br/>
Test Failed :com.charter.test.POC_OneTimePayment.OTP_with_DC_T518137, Took 77 seconds<br/><br/>
<a href='E:\Jenkins_Charter\Charter\test-output\html\screenshots\OTP_with_DC_T518137-1-07Jan15_055033.png'><img src='E:\Jenkins_Charter\Charter\test-output\html\screenshots\OTP_with_DC_T518137-1-07Jan15_055033.png' height='50' width='50'/><br></a><br/>
</div>
</td>
<td><div><pre>org.openqa.selenium.NoSuchElementException: no such element
  (Session info: chrome=39.0.2171.95)
  (Driver info: chromedriver=2.10.267521,platform=Windows NT 6.1 SP1 x86) (WARNING: The server did not provide any stacktrace information)
Command duration or timeout: 30.04 seconds
For documentation on this error, please visit: http://seleniumhq.org/exceptions/no_such_element.html
Build info: version: &apos;2.44.0&apos;, revision: &apos;76d78cf&apos;, time: &apos;2014-10-23 20:02:37&apos;
System info: host: &apos;PC273975&apos;, ip: &apos;10.249.27.204&apos;, os.name: &apos;Windows 7&apos;, os.arch: &apos;x86&apos;, os.version: &apos;6.1&apos;, java.version: &apos;1.8.0_25&apos;
Driver info: org.openqa.selenium.chrome.ChromeDriver
Capabilities [{applicationCacheEnabled=false, rotatable=false, chrome={userDataDir=C:\Users\393859\AppData\Local\Temp\scoped_dir7708_3769}, takesHeapSnapshot=true, databaseEnabled=false, handlesAlerts=true, version=39.0.2171.95, platform=XP, browserConnectionEnabled=false, nativeEvents=true, acceptSslCerts=true, locationContextEnabled=true, webStorageEnabled=true, browserName=chrome, takesScreenshot=true, javascriptEnabled=true, cssSelectorsEnabled=true}]
Session ID: 4aae29e700670998860d24946feec5bd
	at org.openqa.selenium.remote.ErrorHandler.createThrowable(ErrorHandler.java:204)
	at org.openqa.selenium.remote.ErrorHandler.throwIfResponseFailed(ErrorHandler.java:156)
	at org.openqa.selenium.remote.RemoteWebDriver.execute(RemoteWebDriver.java:599)
	at org.openqa.selenium.remote.RemoteWebDriver.findElement(RemoteWebDriver.java:352)
	at org.openqa.selenium.remote.RemoteWebDriver.findElementByXPath(RemoteWebDriver.java:449)
	at org.openqa.selenium.By$ByXPath.findElement(By.java:357)
	at org.openqa.selenium.remote.RemoteWebDriver.findElement(RemoteWebDriver.java:344)
	at com.cognizant.framework.core.WebDriverBase.getText(WebDriverBase.java:816)
	at com.charter.page.BillingAndTransactionsPage.getPaymentConfirmationMsg(BillingAndTransactionsPage.java:263)
	at com.charter.test.POC_OneTimePayment.OTP_with_DC_T518137(POC_OneTimePayment.java:96)
... Removed 28 stack frames</pre></div><a href='#' onClick='toggleBox("stack-trace25274880", this, "Click to show all stack frames", "Click to hide stack frames")'>Click to show all stack frames</a>
<div class='stack-trace' id='stack-trace25274880'><pre>org.openqa.selenium.NoSuchElementException: no such element
  (Session info: chrome=39.0.2171.95)
  (Driver info: chromedriver=2.10.267521,platform=Windows NT 6.1 SP1 x86) (WARNING: The server did not provide any stacktrace information)
Command duration or timeout: 30.04 seconds
For documentation on this error, please visit: http://seleniumhq.org/exceptions/no_such_element.html
Build info: version: &apos;2.44.0&apos;, revision: &apos;76d78cf&apos;, time: &apos;2014-10-23 20:02:37&apos;
System info: host: &apos;PC273975&apos;, ip: &apos;10.249.27.204&apos;, os.name: &apos;Windows 7&apos;, os.arch: &apos;x86&apos;, os.version: &apos;6.1&apos;, java.version: &apos;1.8.0_25&apos;
Driver info: org.openqa.selenium.chrome.ChromeDriver
Capabilities [{applicationCacheEnabled=false, rotatable=false, chrome={userDataDir=C:\Users\393859\AppData\Local\Temp\scoped_dir7708_3769}, takesHeapSnapshot=true, databaseEnabled=false, handlesAlerts=true, version=39.0.2171.95, platform=XP, browserConnectionEnabled=false, nativeEvents=true, acceptSslCerts=true, locationContextEnabled=true, webStorageEnabled=true, browserName=chrome, takesScreenshot=true, javascriptEnabled=true, cssSelectorsEnabled=true}]
Session ID: 4aae29e700670998860d24946feec5bd
	at sun.reflect.NativeConstructorAccessorImpl.newInstance0(Native Method)
	at sun.reflect.NativeConstructorAccessorImpl.newInstance(Unknown Source)
	at sun.reflect.DelegatingConstructorAccessorImpl.newInstance(Unknown Source)
	at java.lang.reflect.Constructor.newInstance(Unknown Source)
	at org.openqa.selenium.remote.ErrorHandler.createThrowable(ErrorHandler.java:204)
	at org.openqa.selenium.remote.ErrorHandler.throwIfResponseFailed(ErrorHandler.java:156)
	at org.openqa.selenium.remote.RemoteWebDriver.execute(RemoteWebDriver.java:599)
	at org.openqa.selenium.remote.RemoteWebDriver.findElement(RemoteWebDriver.java:352)
	at org.openqa.selenium.remote.RemoteWebDriver.findElementByXPath(RemoteWebDriver.java:449)
	at org.openqa.selenium.By$ByXPath.findElement(By.java:357)
	at org.openqa.selenium.remote.RemoteWebDriver.findElement(RemoteWebDriver.java:344)
	at com.cognizant.framework.core.WebDriverBase.getText(WebDriverBase.java:816)
	at com.charter.page.BillingAndTransactionsPage.getPaymentConfirmationMsg(BillingAndTransactionsPage.java:263)
	at com.charter.test.POC_OneTimePayment.OTP_with_DC_T518137(POC_OneTimePayment.java:96)
	at sun.reflect.NativeMethodAccessorImpl.invoke0(Native Method)
	at sun.reflect.NativeMethodAccessorImpl.invoke(Unknown Source)
	at sun.reflect.DelegatingMethodAccessorImpl.invoke(Unknown Source)
	at java.lang.reflect.Method.invoke(Unknown Source)
	at org.testng.internal.MethodInvocationHelper.invokeMethod(MethodInvocationHelper.java:84)
	at org.testng.internal.Invoker.invokeMethod(Invoker.java:714)
	at org.testng.internal.Invoker.invokeTestMethod(Invoker.java:901)
	at org.testng.internal.Invoker.invokeTestMethods(Invoker.java:1231)
	at org.testng.internal.TestMethodWorker.invokeTestMethods(TestMethodWorker.java:127)
	at org.testng.internal.TestMethodWorker.run(TestMethodWorker.java:111)
	at org.testng.TestRunner.privateRun(TestRunner.java:767)
	at org.testng.TestRunner.run(TestRunner.java:617)
	at org.testng.SuiteRunner.runTest(SuiteRunner.java:334)
	at org.testng.SuiteRunner.runSequentially(SuiteRunner.java:329)
	at org.testng.SuiteRunner.privateRun(SuiteRunner.java:291)
	at org.testng.SuiteRunner.run(SuiteRunner.java:240)
	at org.testng.SuiteRunnerWorker.runSuite(SuiteRunnerWorker.java:52)
	at org.testng.SuiteRunnerWorker.run(SuiteRunnerWorker.java:86)
	at org.testng.TestNG.runSuitesSequentially(TestNG.java:1224)
	at org.testng.TestNG.runSuitesLocally(TestNG.java:1149)
	at org.testng.TestNG.run(TestNG.java:1057)
	at org.testng.remote.RemoteTestNG.run(RemoteTestNG.java:111)
	at org.testng.remote.RemoteTestNG.initAndRun(RemoteTestNG.java:204)
	at org.testng.remote.RemoteTestNG.main(RemoteTestNG.java:175)
</pre></div></td>
<td>77</td>
<td>com.charter.test.POC_OneTimePayment@10612ba</td></tr>
</table><p>
<table width='100%' border='1' class='invocation-passed'>
<tr><td colspan='4' align='center'><b>PASSED TESTS</b></td></tr>
<tr><td><b>Test method</b></td>
<td width="30%"><b>Exception</b></td>
<td width="10%"><b>Time (seconds)</b></td>
<td><b>Instance</b></td>
</tr>
<tr>
<td title='com.charter.test.POC_BillPay.Admin_View_Manage_current_Bill_Delivery_method_C84922()'><b>Admin_View_Manage_current_Bill_Delivery_method_C84922</b><br>Test class: com.charter.test.POC_BillPay<br>Parameters: {CardNumber=, security_question=, Devicenickname=, ParentalControl_Unratedcontent=, Account_Type=, ParentalControl_Movie=, TestCaseId=Admin_View_Manage_current_Bill_Delivery_method_C84922, PC_TV=, Password1=, searchkey=, SecurityQuestion=, password=, security_answer=, Account_pom=, ExpDate=, UserID=e2e5011_child_01, CardType=, Zipcode=, Relogin_UserID=, Operatingsystem=, email=, SecurityAnswer=, accountnumber=, FutureDate=, couponNumber=, NewRole=, FutureDateformat=, Address2=, UserPassword=Testing01, PC_Movie=, Account_DVRcontrol=, Address1=, City=, selectUser=, PC_Unratedcontent=, Relogin_Password=, charterID=, lastname=, ConfirmPassword=, phone=, routingnumber=, State=, ParentalControl_TV=, ContactEmail=, ExpYear=}<br/>
<a href="#Output-23575422" onClick='toggleBox("Output-23575422", this, "Show output", "Hide output");'>Show output</a>

<a href="#Output-23575422" onClick="toggleAllBoxes();">Show all outputs</a>
<div class='log' id="Output-23575422">
screenshot saved in: E:\Jenkins_Charter\Charter\test-output\html\screenshots\C84922\LoginPage-07Jan15_055146.png<br/><br/>
screenshot saved in: E:\Jenkins_Charter\Charter\test-output\html\screenshots\C84922\Billing and Transaction Page-07Jan15_055153.png<br/><br/>
Unable to save the screenshot in specified location: E:\Jenkins_Charter\Charter\test-output\html\screenshots\Bill Delivery \BD Method page-07Jan15_055201.png (The system cannot find the path specified)<br/><br/>
Unable to save the screenshot in specified location: E:\Jenkins_Charter\Charter\test-output\html\screenshots\Bill Delivery \PaperOnlineBill-07Jan15_055207.png (The system cannot find the path specified)<br/><br/>
Unable to save the screenshot in specified location: E:\Jenkins_Charter\Charter\test-output\html\screenshots\Bill Delivery \PopUp OK-07Jan15_055212.png (The system cannot find the path specified)<br/><br/>
Unable to save the screenshot in specified location: E:\Jenkins_Charter\Charter\test-output\html\screenshots\Bill Delivery \Billing and Transaction Page-07Jan15_055213.png (The system cannot find the path specified)<br/><br/>
Unable to save the screenshot in specified location: E:\Jenkins_Charter\Charter\test-output\html\screenshots\Bill Delivery \Changed to PaperOnlineBill-07Jan15_055214.png (The system cannot find the path specified)<br/><br/>
<<<*** END: POC_BillPay.Admin_View_Manage_current_Bill_Delivery_method_C84922 ***>>> <br/><br/>
=====================================================================================<br/><br/>
Test Passed :com.charter.test.POC_BillPay.Admin_View_Manage_current_Bill_Delivery_method_C84922, Took 49 seconds<br/><br/>
</div>
</td>
<td></td>
<td>49</td>
<td>com.charter.test.POC_BillPay@18314f0</td></tr>
<tr>
<td title='com.charter.test.POC_BillPay.HOH_View_Manage_current_Bill_Delivery_method_C84921()'><b>HOH_View_Manage_current_Bill_Delivery_method_C84921</b><br>Test class: com.charter.test.POC_BillPay<br>Parameters: {CardNumber=, security_question=, Devicenickname=, ParentalControl_Unratedcontent=, Account_Type=, ParentalControl_Movie=, TestCaseId=HOH_View_Manage_current_Bill_Delivery_method_C84921, PC_TV=, Password1=, searchkey=, SecurityQuestion=, password=, security_answer=, Account_pom=, ExpDate=, UserID=E2E5011, CardType=, Zipcode=, Relogin_UserID=, Operatingsystem=, email=, SecurityAnswer=, accountnumber=, FutureDate=, couponNumber=, NewRole=, FutureDateformat=, Address2=, UserPassword=Testing01, PC_Movie=, Account_DVRcontrol=, Address1=, City=, selectUser=, PC_Unratedcontent=, Relogin_Password=, charterID=, lastname=, ConfirmPassword=, phone=, routingnumber=, State=, ParentalControl_TV=, ContactEmail=, ExpYear=}<br/>
<a href="#Output-1451917" onClick='toggleBox("Output-1451917", this, "Show output", "Hide output");'>Show output</a>

<a href="#Output-1451917" onClick="toggleAllBoxes();">Show all outputs</a>
<div class='log' id="Output-1451917">
screenshot saved in: E:\Jenkins_Charter\Charter\test-output\html\screenshots\C84921\LoginPage-07Jan15_055054.png<br/><br/>
screenshot saved in: E:\Jenkins_Charter\Charter\test-output\html\screenshots\C84921\Billing and Transaction Page-07Jan15_055100.png<br/><br/>
Unable to save the screenshot in specified location: E:\Jenkins_Charter\Charter\test-output\html\screenshots\Bill Delivery \BD Method page-07Jan15_055109.png (The system cannot find the path specified)<br/><br/>
Unable to save the screenshot in specified location: E:\Jenkins_Charter\Charter\test-output\html\screenshots\Bill Delivery \PaperOnlineBill-07Jan15_055114.png (The system cannot find the path specified)<br/><br/>
Unable to save the screenshot in specified location: E:\Jenkins_Charter\Charter\test-output\html\screenshots\Bill Delivery \PopUp OK-07Jan15_055120.png (The system cannot find the path specified)<br/><br/>
Unable to save the screenshot in specified location: E:\Jenkins_Charter\Charter\test-output\html\screenshots\Bill Delivery \Billing and Transaction Page-07Jan15_055120.png (The system cannot find the path specified)<br/><br/>
Unable to save the screenshot in specified location: E:\Jenkins_Charter\Charter\test-output\html\screenshots\Bill Delivery \Changed to PaperOnlineBill-07Jan15_055122.png (The system cannot find the path specified)<br/><br/>
<<<*** END: POC_BillPay.HOH_View_Manage_current_Bill_Delivery_method_C84921 ***>>> <br/><br/>
=====================================================================================<br/><br/>
Test Passed :com.charter.test.POC_BillPay.HOH_View_Manage_current_Bill_Delivery_method_C84921, Took 48 seconds<br/><br/>
</div>
</td>
<td></td>
<td>48</td>
<td>com.charter.test.POC_BillPay@18314f0</td></tr>
<tr>
<td title='com.charter.test.POC_OneTimePayment.OTP_with_CC_T518136()'><b>OTP_with_CC_T518136</b><br>Test class: com.charter.test.POC_OneTimePayment<br>Parameters: {CardNumber=4373030016926311 , security_question=, Devicenickname=, ParentalControl_Unratedcontent=, Account_Type=, ParentalControl_Movie=, TestCaseId=OTP_with_CC_T518136, PC_TV=, Password1=, searchkey=, SecurityQuestion=, password=, security_answer=, Account_pom=, ExpDate=08, UserID=E2E5011, CardType=Visa, Zipcode=, Relogin_UserID=, Operatingsystem=, email=, SecurityAnswer=, accountnumber=, FutureDate=, couponNumber=, NewRole=, FutureDateformat=, Address2=, UserPassword=Testing01, PC_Movie=, Account_DVRcontrol=, Address1=, City=, selectUser=, PC_Unratedcontent=, Relogin_Password=, charterID=, lastname=, ConfirmPassword=, phone=, routingnumber=, State=, ParentalControl_TV=, ContactEmail=, ExpYear=2017}<br/>
<a href="#Output-23703521" onClick='toggleBox("Output-23703521", this, "Show output", "Hide output");'>Show output</a>

<a href="#Output-23703521" onClick="toggleAllBoxes();">Show all outputs</a>
<div class='log' id="Output-23703521">
screenshot saved in: E:\Jenkins_Charter\Charter\test-output\html\screenshots\T518136\LoginPage-07Jan15_054837.png<br/><br/>
screenshot saved in: E:\Jenkins_Charter\Charter\test-output\html\screenshots\T518136\OTP Page-07Jan15_054855.png<br/><br/>
screenshot saved in: E:\Jenkins_Charter\Charter\test-output\html\screenshots\OTP CC\Selected One Time Credit-07Jan15_054906.png<br/><br/>
screenshot saved in: E:\Jenkins_Charter\Charter\test-output\html\screenshots\OTP CC\Card Details-07Jan15_054906.png<br/><br/>
screenshot saved in: E:\Jenkins_Charter\Charter\test-output\html\screenshots\OTP CC\VerifyPaymentConfirmation-07Jan15_054907.png<br/><br/>
screenshot saved in: E:\Jenkins_Charter\Charter\test-output\html\screenshots\T518136\clicked on Continue Button-07Jan15_054907.png<br/><br/>
screenshot saved in: E:\Jenkins_Charter\Charter\test-output\html\screenshots\T518136\Payment confirmation page-07Jan15_054907.png<br/><br/>
Expected value: Thank you for your payment. It may take up to 24 hours for this payment to be reflected on your account. You will receive an email notification when your payment has been successfully submitted. Actual value: Thank you for your payment. It may take up to 24 hours for this payment to be reflected on your account. You will receive an email notification when your payment has been successfully submitted. - PASSED : Payment Confirmation Message<br/><br/>
<<<*** END: POC_OneTimePayment.OTP_with_CC_T518136 ***>>> <br/><br/>
=====================================================================================<br/><br/>
Test Passed :com.charter.test.POC_OneTimePayment.OTP_with_CC_T518136, Took 55 seconds<br/><br/>
</div>
</td>
<td></td>
<td>55</td>
<td>com.charter.test.POC_OneTimePayment@10612ba</td></tr>
<tr>
<td title='com.charter.test.POC_BillPay.PaymentHistorySection_Viewmorelink_T518112()'><b>PaymentHistorySection_Viewmorelink_T518112</b><br>Test class: com.charter.test.POC_BillPay<br>Parameters: {CardNumber=, security_question=, Devicenickname=, ParentalControl_Unratedcontent=, Account_Type=, ParentalControl_Movie=, TestCaseId=PaymentHistorySection_Viewmorelink_T518112, PC_TV=, Password1=, searchkey=, SecurityQuestion=, password=, security_answer=, Account_pom=, ExpDate=, UserID=E2E5002, CardType=, Zipcode=, Relogin_UserID=, Operatingsystem=, email=, SecurityAnswer=, accountnumber=, FutureDate=, couponNumber=, NewRole=, FutureDateformat=, Address2=, UserPassword=Testing01, PC_Movie=, Account_DVRcontrol=, Address1=, City=, selectUser=, PC_Unratedcontent=, Relogin_Password=, charterID=, lastname=, ConfirmPassword=, phone=, routingnumber=, State=, ParentalControl_TV=, ContactEmail=, ExpYear=}<br/>
<a href="#Output-29840015" onClick='toggleBox("Output-29840015", this, "Show output", "Hide output");'>Show output</a>

<a href="#Output-29840015" onClick="toggleAllBoxes();">Show all outputs</a>
<div class='log' id="Output-29840015">
screenshot saved in: E:\Jenkins_Charter\Charter\test-output\html\screenshots\T518112\LoginPage-07Jan15_055546.png<br/><br/>
screenshot saved in: E:\Jenkins_Charter\Charter\test-output\html\screenshots\T518112\Billing and Transaction Page-07Jan15_055552.png<br/><br/>
<<<*** END: POC_BillPay.PaymentHistorySection_Viewmorelink_T518112 ***>>> <br/><br/>
=====================================================================================<br/><br/>
Test Passed :com.charter.test.POC_BillPay.PaymentHistorySection_Viewmorelink_T518112, Took 59 seconds<br/><br/>
</div>
</td>
<td></td>
<td>59</td>
<td>com.charter.test.POC_BillPay@18314f0</td></tr>
<tr>
<td title='com.charter.test.POC_BillPay.RecentTransactions_viewmoreLink_T518117()'><b>RecentTransactions_viewmoreLink_T518117</b><br>Test class: com.charter.test.POC_BillPay<br>Parameters: {CardNumber=, security_question=, Devicenickname=, ParentalControl_Unratedcontent=, Account_Type=, ParentalControl_Movie=, TestCaseId=RecentTransactions_viewmoreLink_T518117, PC_TV=, Password1=, searchkey=, SecurityQuestion=, password=, security_answer=, Account_pom=, ExpDate=, UserID=E2E5002, CardType=, Zipcode=, Relogin_UserID=, Operatingsystem=, email=, SecurityAnswer=, accountnumber=, FutureDate=, couponNumber=, NewRole=, FutureDateformat=, Address2=, UserPassword=Testing01, PC_Movie=, Account_DVRcontrol=, Address1=, City=, selectUser=, PC_Unratedcontent=, Relogin_Password=, charterID=, lastname=, ConfirmPassword=, phone=, routingnumber=, State=, ParentalControl_TV=, ContactEmail=, ExpYear=}<br/>
<a href="#Output-24921914" onClick='toggleBox("Output-24921914", this, "Show output", "Hide output");'>Show output</a>

<a href="#Output-24921914" onClick="toggleAllBoxes();">Show all outputs</a>
<div class='log' id="Output-24921914">
screenshot saved in: E:\Jenkins_Charter\Charter\test-output\html\screenshots\T518117\LoginPage-07Jan15_055649.png<br/><br/>
screenshot saved in: E:\Jenkins_Charter\Charter\test-output\html\screenshots\T518117\Billing and Transaction Page-07Jan15_055656.png<br/><br/>
<<<*** END: POC_BillPay.RecentTransactions_viewmoreLink_T518117 ***>>> <br/><br/>
=====================================================================================<br/><br/>
Test Passed :com.charter.test.POC_BillPay.RecentTransactions_viewmoreLink_T518117, Took 36 seconds<br/><br/>
</div>
</td>
<td></td>
<td>36</td>
<td>com.charter.test.POC_BillPay@18314f0</td></tr>
</table><p>
</body>
</html>