<?xml version="1.0" encoding="UTF-8"?>
<!-- Generated by org.testng.reporters.JUnitXMLReporter -->
<testsuite hostname="PC273975" name="Prod" tests="2" failures="2" timestamp="28 Dec 2015 13:09:23 GMT" time="177.752" errors="0">
  <testcase name="TD41_Validate_Internet_Upgrade_charterDotNet" time="151.333" classname="com.charter.test.MyServices">
    <failure type="com.cognizant.framework.exception.BrowserBotException" message="Bot encountered a timeout while waiting for a condition,  Timed out after 10 seconds waiting for visibility of element located by By.xpath: .//*[@id=&amp;apos;BestOffers_CSI&amp;apos;]
Build info: version: &amp;apos;2.45.0&amp;apos;, revision: &amp;apos;5017cb8&amp;apos;, time: &amp;apos;2015-02-26 23:59:50&amp;apos;
System info: host: &amp;apos;PC273975&amp;apos;, ip: &amp;apos;10.249.11.67&amp;apos;, os.name: &amp;apos;Windows 7&amp;apos;, os.arch: &amp;apos;x86&amp;apos;, os.version: &amp;apos;6.1&amp;apos;, java.version: &amp;apos;1.8.0_66&amp;apos;
Driver info: driver.version: unknown">
      <![CDATA[com.cognizant.framework.exception.BrowserBotException: Bot encountered a timeout while waiting for a condition,  Timed out after 10 seconds waiting for visibility of element located by By.xpath: .//*[@id='BestOffers_CSI']
Build info: version: '2.45.0', revision: '5017cb8', time: '2015-02-26 23:59:50'
System info: host: 'PC273975', ip: '10.249.11.67', os.name: 'Windows 7', os.arch: 'x86', os.version: '6.1', java.version: '1.8.0_66'
Driver info: driver.version: unknown
	at com.cognizant.framework.core.WebDriverBase.wait(WebDriverBase.java:76)
	at com.charter.page.MyAccountPage.UpgradeInternet(MyAccountPage.java:584)
	at com.charter.test.MyServices.TD41_Validate_Internet_Upgrade_charterDotNet(MyServices.java:870)
... Removed 24 stack frames]]>
    </failure>
  </testcase> <!-- TD41_Validate_Internet_Upgrade_charterDotNet -->
  <testcase name="TD41_Validate_Internet_Upgrade_charterDotNet" time="173.712" classname="com.charter.test.MyServices">
    <failure type="org.openqa.selenium.WebDriverException" message="chrome not reachable
  (Session info: chrome=46.0.2490.71)
  (Driver info: chromedriver=2.19.346078 (6f1f0cde889532d48ce8242342d0b84f94b114a1),platform=Windows NT 6.1 SP1 x86) (WARNING: The server did not provide any stacktrace information)
Command duration or timeout: 2.01 seconds
Build info: version: &amp;apos;2.45.0&amp;apos;, revision: &amp;apos;5017cb8&amp;apos;, time: &amp;apos;2015-02-26 23:59:50&amp;apos;
System info: host: &amp;apos;PC273975&amp;apos;, ip: &amp;apos;10.249.11.67&amp;apos;, os.name: &amp;apos;Windows 7&amp;apos;, os.arch: &amp;apos;x86&amp;apos;, os.version: &amp;apos;6.1&amp;apos;, java.version: &amp;apos;1.8.0_66&amp;apos;
Driver info: org.openqa.selenium.chrome.ChromeDriver
Capabilities [{applicationCacheEnabled=false, rotatable=false, mobileEmulationEnabled=false, chrome={userDataDir=C:\Users\401508\AppData\Local\Temp\scoped_dir12580_9845}, takesHeapSnapshot=true, databaseEnabled=false, handlesAlerts=true, hasTouchScreen=false, version=46.0.2490.71, platform=XP, browserConnectionEnabled=false, nativeEvents=true, acceptSslCerts=true, locationContextEnabled=true, webStorageEnabled=true, browserName=chrome, takesScreenshot=true, javascriptEnabled=true, cssSelectorsEnabled=true}]
Session ID: 4815cddab6d4963f646416e4f23e2c91">
      <![CDATA[org.openqa.selenium.WebDriverException: chrome not reachable
  (Session info: chrome=46.0.2490.71)
  (Driver info: chromedriver=2.19.346078 (6f1f0cde889532d48ce8242342d0b84f94b114a1),platform=Windows NT 6.1 SP1 x86) (WARNING: The server did not provide any stacktrace information)
Command duration or timeout: 2.01 seconds
Build info: version: '2.45.0', revision: '5017cb8', time: '2015-02-26 23:59:50'
System info: host: 'PC273975', ip: '10.249.11.67', os.name: 'Windows 7', os.arch: 'x86', os.version: '6.1', java.version: '1.8.0_66'
Driver info: org.openqa.selenium.chrome.ChromeDriver
Capabilities [{applicationCacheEnabled=false, rotatable=false, mobileEmulationEnabled=false, chrome={userDataDir=C:\Users\401508\AppData\Local\Temp\scoped_dir12580_9845}, takesHeapSnapshot=true, databaseEnabled=false, handlesAlerts=true, hasTouchScreen=false, version=46.0.2490.71, platform=XP, browserConnectionEnabled=false, nativeEvents=true, acceptSslCerts=true, locationContextEnabled=true, webStorageEnabled=true, browserName=chrome, takesScreenshot=true, javascriptEnabled=true, cssSelectorsEnabled=true}]
Session ID: 4815cddab6d4963f646416e4f23e2c91
	at org.openqa.selenium.remote.ErrorHandler.createThrowable(ErrorHandler.java:204)
	at org.openqa.selenium.remote.ErrorHandler.throwIfResponseFailed(ErrorHandler.java:156)
	at org.openqa.selenium.remote.RemoteWebDriver.execute(RemoteWebDriver.java:599)
	at org.openqa.selenium.remote.RemoteWebDriver.execute(RemoteWebDriver.java:622)
	at org.openqa.selenium.remote.RemoteWebDriver.getPageSource(RemoteWebDriver.java:459)
	at com.cognizant.framework.listeners.ResultContainer.setWebpage(ResultContainer.java:54)
	at com.cognizant.framework.listeners.WebTestListeners.onTestFailure(WebTestListeners.java:153)
... Removed 25 stack frames]]>
    </failure>
  </testcase> <!-- TD41_Validate_Internet_Upgrade_charterDotNet -->
</testsuite> <!-- Prod -->
