<?xml version="1.0" encoding="UTF-8"?>
<!-- Generated by org.testng.reporters.JUnitXMLReporter -->
<testsuite hostname="PC220578" name="Sanity_Test" tests="28" failures="3" timestamp="10 Mar 2015 07:54:25 GMT" time="2334.383" errors="0">
  <testcase name="TA48_Validate_ChaterValidLogin" time="40.826" classname="com.charter.test.Login"/>
  <testcase name="TA49_Validate_ChaterInvalidLogin" time="24.117" classname="com.charter.test.Login"/>
  <testcase name="TB03_Validate_CancelFuturePayment_ScheduledByDebitCard_HOHUser" time="197.947" classname="com.charter.test.Billpay"/>
  <testcase name="TB05_Validate_OTPayment_ByDebitCard_AdminUser" time="63.775" classname="com.charter.test.Billpay"/>
  <testcase name="TB16_Validate_ModifyOTPayment_ByCreditCard_VerificationPage" time="66.495" classname="com.charter.test.Billpay"/>
  <testcase name="TB29_Validate_Duplicate_OTP_Message_ByDebitCard" time="111.886" classname="com.charter.test.Billpay"/>
  <testcase name="TBB_12_Validate_HOH_user_able_to_Manage_BillDelivery_Method_C84921" time="56.541" classname="com.charter.test.BillPay1"/>
  <testcase name="TBB_19_validate_HOH_user_able_to_Edit_ContactInfo_BillingandTransaction_Page_T518104" time="98.019" classname="com.charter.test.BillPay1"/>
  <testcase name="TBB_21_validate_Standard_user_able_to_Edit_ContactInfo_BillingandTransaction_Page_T518106" time="40.803" classname="com.charter.test.BillPay1"/>
  <testcase name="TC04_Validate_ServiceAndEquipmentSection_And_UpgradeRules_TVInternetVoice_HOHUser" time="154.373" classname="com.charter.test.MyAccount"/>
  <testcase name="TC08_Validate_BillingandTransaction_SectionEachLinks_HOHUser" time="39.501" classname="com.charter.test.MyAccount"/>
  <testcase name="TC21_Validate_BillingAndTransactionPage_MakeAPaymentLink_NavigateTo_PaymentOptionPage_HOHUser" time="128.812" classname="com.charter.test.MyAccount">
    <failure type="com.cognizant.framework.exception.BrowserBotException" message="Bot encountered a timeout while waiting for a condition,  Timed out after 30 seconds waiting for element to be clickable: By.name: username
Build info: version: &amp;apos;2.44.0&amp;apos;, revision: &amp;apos;76d78cf&amp;apos;, time: &amp;apos;2014-10-23 20:02:37&amp;apos;
System info: host: &amp;apos;PC220578&amp;apos;, ip: &amp;apos;10.102.6.129&amp;apos;, os.name: &amp;apos;Windows 7&amp;apos;, os.arch: &amp;apos;x86&amp;apos;, os.version: &amp;apos;6.1&amp;apos;, java.version: &amp;apos;1.7.0_21&amp;apos;
Driver info: driver.version: unknown">
      <![CDATA[com.cognizant.framework.exception.BrowserBotException: Bot encountered a timeout while waiting for a condition,  Timed out after 30 seconds waiting for element to be clickable: By.name: username
Build info: version: '2.44.0', revision: '76d78cf', time: '2014-10-23 20:02:37'
System info: host: 'PC220578', ip: '10.102.6.129', os.name: 'Windows 7', os.arch: 'x86', os.version: '6.1', java.version: '1.7.0_21'
Driver info: driver.version: unknown
	at com.cognizant.framework.core.WebDriverBase.wait(WebDriverBase.java:76)
	at com.cognizant.framework.core.WebDriverBase.type(WebDriverBase.java:197)
	at com.charter.page.HomePage.login(HomePage.java:105)
	at com.charter.test.MyAccount.TC21_Validate_BillingAndTransactionPage_MakeAPaymentLink_NavigateTo_PaymentOptionPage_HOHUser(MyAccount.java:451)
... Removed 24 stack frames]]>
    </failure>
  </testcase> <!-- TC21_Validate_BillingAndTransactionPage_MakeAPaymentLink_NavigateTo_PaymentOptionPage_HOHUser -->
  <testcase name="TC22_Validate_BillingAndTransactionPage_ViewCurrentBillLink_NavigateTo_CurrentBillPage_HOHUser" time="38.947" classname="com.charter.test.MyAccount"/>
  <testcase name="TC23_Validate_BillingAndTransactionPage_BillDeliveryOptionsLink_NavigateTo_BilldeliveryOptionsPage_HOHUser" time="46.443" classname="com.charter.test.MyAccount"/>
  <testcase name="TC24_Validate_BillingAndTransPage_ViewImportantBillMessageLink_NavigateTo_ViewImportantBillMessagePage_HOHUser" time="48.617" classname="com.charter.test.MyAccount"/>
  <testcase name="TCC_01_Validate_UserPreferences_add_Promote_demote_deleteUser_HOH" time="186.701" classname="com.charter.test.MyAccount1"/>
  <testcase name="TCC_02_Validate_UserPreferences_add_Promote_StandardUser_to_Admin_by_Admin" time="138.707" classname="com.charter.test.MyAccount1">
    <failure type="com.cognizant.framework.exception.BrowserBotException" message="Bot encountered a timeout while waiting for a condition,  Timed out after 30 seconds waiting for element to be clickable: By.name: username
Build info: version: &amp;apos;2.44.0&amp;apos;, revision: &amp;apos;76d78cf&amp;apos;, time: &amp;apos;2014-10-23 20:02:37&amp;apos;
System info: host: &amp;apos;PC220578&amp;apos;, ip: &amp;apos;10.102.6.129&amp;apos;, os.name: &amp;apos;Windows 7&amp;apos;, os.arch: &amp;apos;x86&amp;apos;, os.version: &amp;apos;6.1&amp;apos;, java.version: &amp;apos;1.7.0_21&amp;apos;
Driver info: driver.version: unknown">
      <![CDATA[com.cognizant.framework.exception.BrowserBotException: Bot encountered a timeout while waiting for a condition,  Timed out after 30 seconds waiting for element to be clickable: By.name: username
Build info: version: '2.44.0', revision: '76d78cf', time: '2014-10-23 20:02:37'
System info: host: 'PC220578', ip: '10.102.6.129', os.name: 'Windows 7', os.arch: 'x86', os.version: '6.1', java.version: '1.7.0_21'
Driver info: driver.version: unknown
	at com.cognizant.framework.core.WebDriverBase.wait(WebDriverBase.java:76)
	at com.cognizant.framework.core.WebDriverBase.type(WebDriverBase.java:197)
	at com.charter.page.HomePage.login(HomePage.java:105)
	at com.charter.test.MyAccount1.TCC_02_Validate_UserPreferences_add_Promote_StandardUser_to_Admin_by_Admin(MyAccount1.java:448)
... Removed 24 stack frames]]>
    </failure>
  </testcase> <!-- TCC_02_Validate_UserPreferences_add_Promote_StandardUser_to_Admin_by_Admin -->
  <testcase name="TD01_Validate_MyServicesPage_FindAndProgramYourRemoteLink_NavigateTo_SupportArticle" time="127.264" classname="com.charter.test.MyServices">
    <failure type="com.cognizant.framework.exception.BrowserBotException" message="Bot encountered a timeout while waiting for a condition,  Timed out after 30 seconds waiting for element to be clickable: By.name: username
Build info: version: &amp;apos;2.44.0&amp;apos;, revision: &amp;apos;76d78cf&amp;apos;, time: &amp;apos;2014-10-23 20:02:37&amp;apos;
System info: host: &amp;apos;PC220578&amp;apos;, ip: &amp;apos;10.102.6.129&amp;apos;, os.name: &amp;apos;Windows 7&amp;apos;, os.arch: &amp;apos;x86&amp;apos;, os.version: &amp;apos;6.1&amp;apos;, java.version: &amp;apos;1.7.0_21&amp;apos;
Driver info: driver.version: unknown">
      <![CDATA[com.cognizant.framework.exception.BrowserBotException: Bot encountered a timeout while waiting for a condition,  Timed out after 30 seconds waiting for element to be clickable: By.name: username
Build info: version: '2.44.0', revision: '76d78cf', time: '2014-10-23 20:02:37'
System info: host: 'PC220578', ip: '10.102.6.129', os.name: 'Windows 7', os.arch: 'x86', os.version: '6.1', java.version: '1.7.0_21'
Driver info: driver.version: unknown
	at com.cognizant.framework.core.WebDriverBase.wait(WebDriverBase.java:76)
	at com.cognizant.framework.core.WebDriverBase.type(WebDriverBase.java:197)
	at com.charter.page.HomePage.login(HomePage.java:105)
	at com.charter.test.MyServices.TD01_Validate_MyServicesPage_FindAndProgramYourRemoteLink_NavigateTo_SupportArticle(MyServices.java:31)
... Removed 24 stack frames]]>
    </failure>
  </testcase> <!-- TD01_Validate_MyServicesPage_FindAndProgramYourRemoteLink_NavigateTo_SupportArticle -->
  <testcase name="TD02_Validate_MyServicesPage_DigitalReceiversLink_NavigateTo_SupportArticle" time="53.108" classname="com.charter.test.MyServices"/>
  <testcase name="TD05_Validate_MyServicesPage_UpdateDigitalReciever_LearnMoreLink_NavigateTo_UpdateDigitalRecieverPage" time="55.983" classname="com.charter.test.MyServices"/>
  <testcase name="TD06_Validate_MyServicesPage_UpdateMACAddress_AndMessage" time="39.043" classname="com.charter.test.MyServices"/>
  <testcase name="TD08_Validate_MyservicesPage_NameYourDigitalReceiverLearnMoreLink_NavigateTo_TVServicesPage" time="43.619" classname="com.charter.test.MyServices"/>
  <testcase name="TD09_Validate_MyServicesPage_ActivateNewDigitalReceiverUpdate_AndMessage" time="47.249" classname="com.charter.test.MyServices"/>
  <testcase name="TH01_Validate_PaybillLink_NavigateTo_BillPage_HOHuser" time="34.328" classname="com.charter.test.Home"/>
  <testcase name="TH02_Validate_ViewStatementLink_NavigateTo_StatementPage_HOHUser" time="27.908" classname="com.charter.test.Home"/>
  <testcase name="TH03_Validate_TVGuideLink_NavigateTo_GuidePage_StandardUser" time="31.076" classname="com.charter.test.Home"/>
  <testcase name="TH04_Validate_OnDemandLink_NavigateTo_OnDemandPage_StandardUser" time="37.565" classname="com.charter.test.Home"/>
  <testcase name="TH05_Validate_GetSupportLink_NavigateTo_GetSupportPage_HOHuser" time="125.693" classname="com.charter.test.Home"/>
</testsuite> <!-- Sanity_Test -->
