<?xml version="1.0" encoding="UTF-8"?>
<!-- Generated by org.testng.reporters.JUnitXMLReporter -->
<testsuite hostname="PC273975" name="Sanity_Test_Jan14_RUN03" tests="5" failures="1" timestamp="14 Jan 2015 10:37:22 GMT" time="872.127" errors="0">
  <testcase name="TC04_validate_Upgraderules_TV_Internet_Voice_overviewpage" time="297.357" classname="com.charter.test.MyAccount">
    <failure type="com.cognizant.framework.exception.BrowserBotException" message="Bot encountered a timeout while waiting for a condition,  Timed out after 30 seconds waiting for element to be clickable: By.name: username
Build info: version: &amp;apos;2.44.0&amp;apos;, revision: &amp;apos;76d78cf&amp;apos;, time: &amp;apos;2014-10-23 20:02:37&amp;apos;
System info: host: &amp;apos;PC273975&amp;apos;, ip: &amp;apos;10.249.27.204&amp;apos;, os.name: &amp;apos;Windows 7&amp;apos;, os.arch: &amp;apos;x86&amp;apos;, os.version: &amp;apos;6.1&amp;apos;, java.version: &amp;apos;1.8.0_25&amp;apos;
Driver info: driver.version: unknown">
      <![CDATA[com.cognizant.framework.exception.BrowserBotException: Bot encountered a timeout while waiting for a condition,  Timed out after 30 seconds waiting for element to be clickable: By.name: username
Build info: version: '2.44.0', revision: '76d78cf', time: '2014-10-23 20:02:37'
System info: host: 'PC273975', ip: '10.249.27.204', os.name: 'Windows 7', os.arch: 'x86', os.version: '6.1', java.version: '1.8.0_25'
Driver info: driver.version: unknown
	at com.cognizant.framework.core.WebDriverBase.wait(WebDriverBase.java:76)
	at com.cognizant.framework.core.WebDriverBase.type(WebDriverBase.java:197)
	at com.charter.page.HomePage.login(HomePage.java:101)
	at com.charter.test.MyAccount.TC04_validate_Upgraderules_TV_Internet_Voice_overviewpage(MyAccount.java:131)
... Removed 24 stack frames]]>
    </failure>
  </testcase> <!-- TC04_validate_Upgraderules_TV_Internet_Voice_overviewpage -->
  <testcase name="TC08_Validate_BTSection_Links_OverviewPage_HOH" time="236.738" classname="com.charter.test.MyAccount"/>
  <testcase name="TC21_Validate_MakePayment_Link_HOH" time="138.205" classname="com.charter.test.MyAccount"/>
  <testcase name="TC22_Validate_ViewCurrentBill_HOH" time="91.39" classname="com.charter.test.MyAccount"/>
  <testcase name="TC24_Validate_ViewImportantBillMessage_link_HOH" time="87.817" classname="com.charter.test.MyAccount"/>
</testsuite> <!-- Sanity_Test_Jan14_RUN03 -->
