<html>
<head>
<title>TestNG:  Sanity_Test_Jan14_RUN03</title>
<link href="../testng.css" rel="stylesheet" type="text/css" />
<link href="../my-testng.css" rel="stylesheet" type="text/css" />

<style type="text/css">
.log { display: none;} 
.stack-trace { display: none;} 
</style>
<script type="text/javascript">
<!--
function flip(e) {
  current = e.style.display;
  if (current == 'block') {
    e.style.display = 'none';
    return 0;
  }
  else {
    e.style.display = 'block';
    return 1;
  }
}

function toggleBox(szDivId, elem, msg1, msg2)
{
  var res = -1;  if (document.getElementById) {
    res = flip(document.getElementById(szDivId));
  }
  else if (document.all) {
    // this is the way old msie versions work
    res = flip(document.all[szDivId]);
  }
  if(elem) {
    if(res == 0) elem.innerHTML = msg1; else elem.innerHTML = msg2;
  }

}

function toggleAllBoxes() {
  if (document.getElementsByTagName) {
    d = document.getElementsByTagName('div');
    for (i = 0; i < d.length; i++) {
      if (d[i].className == 'log') {
        flip(d[i]);
      }
    }
  }
}

// -->
</script>

</head>
<body>
<h2 align='center'>Sanity_Test_Jan14_RUN03</h2><table border='1' align="center">
<tr>
<td>Tests passed/Failed/Skipped:</td><td>4/1/0</td>
</tr><tr>
<td>Started on:</td><td>Wed Jan 14 15:52:50 IST 2015</td>
</tr>
<tr><td>Total time:</td><td>872 seconds (872127 ms)</td>
</tr><tr>
<td>Included groups:</td><td></td>
</tr><tr>
<td>Excluded groups:</td><td></td>
</tr>
</table><p/>
<small><i>(Hover the method name to see the test class name)</i></small><p/>
<table width='100%' border='1' class='invocation-failed'>
<tr><td colspan='4' align='center'><b>FAILED TESTS</b></td></tr>
<tr><td><b>Test method</b></td>
<td width="30%"><b>Exception</b></td>
<td width="10%"><b>Time (seconds)</b></td>
<td><b>Instance</b></td>
</tr>
<tr>
<td title='com.charter.test.MyAccount.TC04_validate_Upgraderules_TV_Internet_Voice_overviewpage()'><b>TC04_validate_Upgraderules_TV_Internet_Voice_overviewpage</b><br>Test class: com.charter.test.MyAccount<br>Parameters: {CardNumber=, security_question=, Devicenickname=, ParentalControl_Unratedcontent=, Account_Type=, ParentalControl_Movie=, TestCaseId=TC04_validate_Upgraderules_TV_Internet_Voice_overviewpage, PC_TV=, Password1=, searchkey=, SecurityQuestion=, password=, security_answer=, Account_pom=, ExpDate=, UserID=E2E5031, CardType=, Zipcode=, Relogin_UserID=, Operatingsystem=, email=, SecurityAnswer=, accountnumber=, FutureDate=, couponNumber=, NewRole=, FutureDateformat=, Address2=, UserPassword=Testing01, PC_Movie=, Account_DVRcontrol=, Address1=, City=, selectUser=, PC_Unratedcontent=, Relogin_Password=, charterID=, lastname=, ConfirmPassword=, phone=, routingnumber=, State=, ParentalControl_TV=, ContactEmail=, ExpYear=}<br/>
<a href="#Output-3224450" onClick='toggleBox("Output-3224450", this, "Show output", "Hide output");'>Show output</a>

<a href="#Output-3224450" onClick="toggleAllBoxes();">Show all outputs</a>
<div class='log' id="Output-3224450">
<<<*** END: MyAccount.TC04_validate_Upgraderules_TV_Internet_Voice_overviewpage ***>>> <br/><br/>
=====================================================================================<br/><br/>
Test Failed :com.charter.test.MyAccount.TC04_validate_Upgraderules_TV_Internet_Voice_overviewpage, Took 297 seconds<br/><br/>
<a href='E:\Jenkins_Charter\Charter\test-output\html\screenshots\TC04_validate_Upgraderules_TV_Internet_Voice_overviewpage-1-14Jan15_035751.png'><img src='E:\Jenkins_Charter\Charter\test-output\html\screenshots\TC04_validate_Upgraderules_TV_Internet_Voice_overviewpage-1-14Jan15_035751.png' height='50' width='50'/><br></a><br/>
</div>
</td>
<td><div><pre>com.cognizant.framework.exception.BrowserBotException: Bot encountered a timeout while waiting for a condition,  Timed out after 30 seconds waiting for element to be clickable: By.name: username
Build info: version: &apos;2.44.0&apos;, revision: &apos;76d78cf&apos;, time: &apos;2014-10-23 20:02:37&apos;
System info: host: &apos;PC273975&apos;, ip: &apos;10.249.27.204&apos;, os.name: &apos;Windows 7&apos;, os.arch: &apos;x86&apos;, os.version: &apos;6.1&apos;, java.version: &apos;1.8.0_25&apos;
Driver info: driver.version: unknown
	at com.cognizant.framework.core.WebDriverBase.wait(WebDriverBase.java:76)
	at com.cognizant.framework.core.WebDriverBase.type(WebDriverBase.java:197)
	at com.charter.page.HomePage.login(HomePage.java:101)
	at com.charter.test.MyAccount.TC04_validate_Upgraderules_TV_Internet_Voice_overviewpage(MyAccount.java:131)
... Removed 24 stack frames</pre></div><a href='#' onClick='toggleBox("stack-trace3224450", this, "Click to show all stack frames", "Click to hide stack frames")'>Click to show all stack frames</a>
<div class='stack-trace' id='stack-trace3224450'><pre>com.cognizant.framework.exception.BrowserBotException: Bot encountered a timeout while waiting for a condition,  Timed out after 30 seconds waiting for element to be clickable: By.name: username
Build info: version: &apos;2.44.0&apos;, revision: &apos;76d78cf&apos;, time: &apos;2014-10-23 20:02:37&apos;
System info: host: &apos;PC273975&apos;, ip: &apos;10.249.27.204&apos;, os.name: &apos;Windows 7&apos;, os.arch: &apos;x86&apos;, os.version: &apos;6.1&apos;, java.version: &apos;1.8.0_25&apos;
Driver info: driver.version: unknown
	at com.cognizant.framework.core.WebDriverBase.wait(WebDriverBase.java:76)
	at com.cognizant.framework.core.WebDriverBase.type(WebDriverBase.java:197)
	at com.charter.page.HomePage.login(HomePage.java:101)
	at com.charter.test.MyAccount.TC04_validate_Upgraderules_TV_Internet_Voice_overviewpage(MyAccount.java:131)
	at sun.reflect.NativeMethodAccessorImpl.invoke0(Native Method)
	at sun.reflect.NativeMethodAccessorImpl.invoke(Unknown Source)
	at sun.reflect.DelegatingMethodAccessorImpl.invoke(Unknown Source)
	at java.lang.reflect.Method.invoke(Unknown Source)
	at org.testng.internal.MethodInvocationHelper.invokeMethod(MethodInvocationHelper.java:84)
	at org.testng.internal.Invoker.invokeMethod(Invoker.java:714)
	at org.testng.internal.Invoker.invokeTestMethod(Invoker.java:901)
	at org.testng.internal.Invoker.invokeTestMethods(Invoker.java:1231)
	at org.testng.internal.TestMethodWorker.invokeTestMethods(TestMethodWorker.java:127)
	at org.testng.internal.TestMethodWorker.run(TestMethodWorker.java:111)
	at org.testng.TestRunner.privateRun(TestRunner.java:767)
	at org.testng.TestRunner.run(TestRunner.java:617)
	at org.testng.SuiteRunner.runTest(SuiteRunner.java:334)
	at org.testng.SuiteRunner.runSequentially(SuiteRunner.java:329)
	at org.testng.SuiteRunner.privateRun(SuiteRunner.java:291)
	at org.testng.SuiteRunner.run(SuiteRunner.java:240)
	at org.testng.SuiteRunnerWorker.runSuite(SuiteRunnerWorker.java:52)
	at org.testng.SuiteRunnerWorker.run(SuiteRunnerWorker.java:86)
	at org.testng.TestNG.runSuitesSequentially(TestNG.java:1224)
	at org.testng.TestNG.runSuitesLocally(TestNG.java:1149)
	at org.testng.TestNG.run(TestNG.java:1057)
	at org.testng.remote.RemoteTestNG.run(RemoteTestNG.java:111)
	at org.testng.remote.RemoteTestNG.initAndRun(RemoteTestNG.java:204)
	at org.testng.remote.RemoteTestNG.main(RemoteTestNG.java:175)
</pre></div></td>
<td>297</td>
<td>com.charter.test.MyAccount@171c76a</td></tr>
</table><p>
<table width='100%' border='1' class='invocation-passed'>
<tr><td colspan='4' align='center'><b>PASSED TESTS</b></td></tr>
<tr><td><b>Test method</b></td>
<td width="30%"><b>Exception</b></td>
<td width="10%"><b>Time (seconds)</b></td>
<td><b>Instance</b></td>
</tr>
<tr>
<td title='com.charter.test.MyAccount.TC08_Validate_BTSection_Links_OverviewPage_HOH()'><b>TC08_Validate_BTSection_Links_OverviewPage_HOH</b><br>Test class: com.charter.test.MyAccount<br>Parameters: {CardNumber=, security_question=, Devicenickname=, ParentalControl_Unratedcontent=, Account_Type=, ParentalControl_Movie=, TestCaseId=TC08_Validate_BTSection_Links_OverviewPage_HOH, PC_TV=, Password1=, searchkey=, SecurityQuestion=, password=, security_answer=, Account_pom=, ExpDate=, UserID=E2E5011, CardType=, Zipcode=, Relogin_UserID=, Operatingsystem=, email=, SecurityAnswer=, accountnumber=, FutureDate=, couponNumber=, NewRole=, FutureDateformat=, Address2=, UserPassword=Testing01, PC_Movie=, Account_DVRcontrol=, Address1=, City=, selectUser=, PC_Unratedcontent=, Relogin_Password=, charterID=, lastname=, ConfirmPassword=, phone=, routingnumber=, State=, ParentalControl_TV=, ContactEmail=, ExpYear=}<br/>
<a href="#Output-24487528" onClick='toggleBox("Output-24487528", this, "Show output", "Hide output");'>Show output</a>

<a href="#Output-24487528" onClick="toggleAllBoxes();">Show all outputs</a>
<div class='log' id="Output-24487528">
<<<*** END: MyAccount.TC08_Validate_BTSection_Links_OverviewPage_HOH ***>>> <br/><br/>
=====================================================================================<br/><br/>
Test Passed :com.charter.test.MyAccount.TC08_Validate_BTSection_Links_OverviewPage_HOH, Took 236 seconds<br/><br/>
</div>
</td>
<td></td>
<td>236</td>
<td>com.charter.test.MyAccount@171c76a</td></tr>
<tr>
<td title='com.charter.test.MyAccount.TC21_Validate_MakePayment_Link_HOH()'><b>TC21_Validate_MakePayment_Link_HOH</b><br>Test class: com.charter.test.MyAccount<br>Parameters: {CardNumber=, security_question=, Devicenickname=, ParentalControl_Unratedcontent=, Account_Type=, ParentalControl_Movie=, TestCaseId=TC21_Validate_MakePayment_Link_HOH, PC_TV=, Password1=, searchkey=, SecurityQuestion=, password=, security_answer=, Account_pom=, ExpDate=, UserID=E2E5016, CardType=, Zipcode=, Relogin_UserID=, Operatingsystem=, email=, SecurityAnswer=, accountnumber=, FutureDate=, couponNumber=, NewRole=, FutureDateformat=, Address2=, UserPassword=Testing01, PC_Movie=, Account_DVRcontrol=, Address1=, City=, selectUser=, PC_Unratedcontent=, Relogin_Password=, charterID=, lastname=, ConfirmPassword=, phone=, routingnumber=, State=, ParentalControl_TV=, ContactEmail=, ExpYear=}<br/>
<a href="#Output-883843" onClick='toggleBox("Output-883843", this, "Show output", "Hide output");'>Show output</a>

<a href="#Output-883843" onClick="toggleAllBoxes();">Show all outputs</a>
<div class='log' id="Output-883843">
<<<*** END: MyAccount.TC21_Validate_MakePayment_Link_HOH ***>>> <br/><br/>
=====================================================================================<br/><br/>
Test Passed :com.charter.test.MyAccount.TC21_Validate_MakePayment_Link_HOH, Took 138 seconds<br/><br/>
</div>
</td>
<td></td>
<td>138</td>
<td>com.charter.test.MyAccount@171c76a</td></tr>
<tr>
<td title='com.charter.test.MyAccount.TC22_Validate_ViewCurrentBill_HOH()'><b>TC22_Validate_ViewCurrentBill_HOH</b><br>Test class: com.charter.test.MyAccount<br>Parameters: {CardNumber=, security_question=, Devicenickname=, ParentalControl_Unratedcontent=, Account_Type=, ParentalControl_Movie=, TestCaseId=TC22_Validate_ViewCurrentBill_HOH, PC_TV=, Password1=, searchkey=, SecurityQuestion=, password=, security_answer=, Account_pom=, ExpDate=, UserID=E2E5016, CardType=, Zipcode=, Relogin_UserID=, Operatingsystem=, email=, SecurityAnswer=, accountnumber=, FutureDate=, couponNumber=, NewRole=, FutureDateformat=, Address2=, UserPassword=Testing01, PC_Movie=, Account_DVRcontrol=, Address1=, City=, selectUser=, PC_Unratedcontent=, Relogin_Password=, charterID=, lastname=, ConfirmPassword=, phone=, routingnumber=, State=, ParentalControl_TV=, ContactEmail=, ExpYear=}<br/>
<a href="#Output-18953809" onClick='toggleBox("Output-18953809", this, "Show output", "Hide output");'>Show output</a>

<a href="#Output-18953809" onClick="toggleAllBoxes();">Show all outputs</a>
<div class='log' id="Output-18953809">
<<<*** END: MyAccount.TC22_Validate_ViewCurrentBill_HOH ***>>> <br/><br/>
=====================================================================================<br/><br/>
Test Passed :com.charter.test.MyAccount.TC22_Validate_ViewCurrentBill_HOH, Took 91 seconds<br/><br/>
</div>
</td>
<td></td>
<td>91</td>
<td>com.charter.test.MyAccount@171c76a</td></tr>
<tr>
<td title='com.charter.test.MyAccount.TC24_Validate_ViewImportantBillMessage_link_HOH()'><b>TC24_Validate_ViewImportantBillMessage_link_HOH</b><br>Test class: com.charter.test.MyAccount<br>Parameters: {CardNumber=, security_question=, Devicenickname=, ParentalControl_Unratedcontent=, Account_Type=, ParentalControl_Movie=, TestCaseId=TC24_Validate_ViewImportantBillMessage_link_HOH, PC_TV=, Password1=, searchkey=, SecurityQuestion=, password=, security_answer=, Account_pom=, ExpDate=, UserID=E2E5023, CardType=, Zipcode=, Relogin_UserID=, Operatingsystem=, email=, SecurityAnswer=, accountnumber=, FutureDate=, couponNumber=, NewRole=, FutureDateformat=, Address2=, UserPassword=Testing01, PC_Movie=, Account_DVRcontrol=, Address1=, City=, selectUser=, PC_Unratedcontent=, Relogin_Password=, charterID=, lastname=, ConfirmPassword=, phone=, routingnumber=, State=, ParentalControl_TV=, ContactEmail=, ExpYear=}<br/>
<a href="#Output-25991624" onClick='toggleBox("Output-25991624", this, "Show output", "Hide output");'>Show output</a>

<a href="#Output-25991624" onClick="toggleAllBoxes();">Show all outputs</a>
<div class='log' id="Output-25991624">
<<<*** END: MyAccount.TC24_Validate_ViewImportantBillMessage_link_HOH ***>>> <br/><br/>
=====================================================================================<br/><br/>
Test Passed :com.charter.test.MyAccount.TC24_Validate_ViewImportantBillMessage_link_HOH, Took 87 seconds<br/><br/>
</div>
</td>
<td></td>
<td>87</td>
<td>com.charter.test.MyAccount@171c76a</td></tr>
</table><p>
</body>
</html>