<?xml version="1.0" encoding="utf-8" ?>
<!DOCTYPE html PUBLIC "-//W3C//DTD XHTML 1.0 Strict//EN"
        "http://www.w3.org/TR/xhtml1/DTD/xhtml1-strict.dtd">
<html xmlns="http://www.w3.org/1999/xhtml" xml:lang="" lang="">
<head>
  <title>Test Results Report - Stage</title>
  <meta http-equiv="Content-Type" content="text/html;charset=utf-8" />
  <meta name="description" content="TestNG unit test results." />
  <link href="reportng.css" rel="stylesheet" type="text/css" />
    <script type="text/javascript" src="reportng.js"></script>
</head>
<body>
<h1>Stage</h1>
<p>
  Test duration: 3394.912s
</p>



  <table class="resultsTable">
    <tr><th colspan="3" class="header failed">Failed Tests</th></tr>
          <tr>
        <td colspan="3" class="group">com.charter.test.CharterDotCom</td>
      </tr>
            
<tr>
  <td class="method">
                  TE06_Validate_Navigation_from_charterDotCom_with_Login_option_and_Verify_Business_Customers_Link_inLoginpage
      </td>
  <td class="duration">
    40.960s
  </td>
  <td class="result">
        
          <i>Method arguments: </i><span class="arguments">{CardNumber=, mac_CID=, security_question=, Devicenickname=, zipcode_fID=, Account_Type=, invalidLastname=, invalidPassword=, SecurityQuestion=, lastname_fp=, filterbyPhone=, password=, security_answer=, Account_pom=, invalidMAC=, Zipcode=, Relogin_UserID=, Operatingsystem=, SecurityCode=3397, invalidEmail=, SecurityAnswer=, couponNumber=, NewRole=, UserPassword=Testing01, City=, selectUser=, PC_Unratedcontent=, ACnumber=, Relogin_Password=, charterID=, lastname=, lastname_fID=, Zipcode_fp=, BusinessCharterID=e2eadd600, filterbyRate=, State=, firstname_CID=, zipcode_CID=, ParentalControl_TV=, mac_fID=, invalidSecurityAns=, address_CID=, ParentalControl_Unratedcontent=, Message=, ParentalControl_Movie=, TestCaseId=TE06_Validate_Navigation_from_charterDotCom_with_Login_option_and_Verify_Business_Customers_Link_inLoginpage, PC_TV=, Password1=, searchkey=, invalidZipcode=, lastname_CID=, fLinked_CharterID=, ExpDate=, filterbyType=, UserID=, CardType=, UserID1=, address_fID=, CharterID_fp=, invalidAddress=, email=, AccountNumberVerify=, LegacySiteURL=https://www.charter.com, accountnumber=, FutureDate=, Statement=, Address2=, Mobilephone=, PC_Movie=, Account_DVRcontrol=, Address1=, hohuser=, ConfirmPassword=, routingnumber=, ContactEmail=, SelectDate=, ExpYear=, businessaccountNo=8353700530010058}</span><br />
    
            <div class="testOutput">
                        <<<*** END: CharterDotCom.TE06_Validate_Navigation_from_charterDotCom_with_Login_option_and_Verify_Business_Customers_Link_inLoginpage ***>>> <br/>
                                =====================================================================================<br/>
                                Test Failed :com.charter.test.CharterDotCom.TE06_Validate_Navigation_from_charterDotCom_with_Login_option_and_Verify_Business_Customers_Link_inLoginpage, Took 40 seconds<br/>
                                <a href='D:\Sanity Suite\sanity\target\surefire-reports\html\screenshots\TE06_Validate_Navigation_from_charterDotCom_with_Login_option_and_Verify_Business_Customers_Link_inLoginpage-1-03Feb16_110326.png'><img src='D:\Sanity Suite\sanity\target\surefire-reports\html\screenshots\TE06_Validate_Navigation_from_charterDotCom_with_Login_option_and_Verify_Business_Customers_Link_inLoginpage-1-03Feb16_110326.png' height='50' width='50'/><br></a>
                  </div>
    

        <a href="javascript:toggleElement('exception-0', 'block')" title="Click to expand/collapse"><b>org.openqa.selenium.NoSuchElementException: no such element: Unable to locate element: {&quot;method&quot;:&quot;xpath&quot;,&quot;selector&quot;:&quot;/html/body/div[2]/main/div/div/div[1]/div/div/div[2]/div/a&quot;}<br/>
&nbsp; (Session info: chrome=46.0.2490.71)<br/>
&nbsp; (Driver info: chromedriver=2.19.346078 (6f1f0cde889532d48ce8242342d0b84f94b114a1),platform=Windows NT 6.1 SP1 x86) (WARNING: The server did not provide any stacktrace information)<br/>
Command duration or timeout: 20.05 seconds<br/>
For documentation on this error, please visit: http://seleniumhq.org/exceptions/no_such_element.html<br/>
Build info: version: &apos;2.45.0&apos;, revision: &apos;5017cb8e7ca8e37638dc3091b2440b90a1d8686f&apos;, time: &apos;2015-02-27 09:10:26&apos;<br/>
System info: host: &apos;PC273975&apos;, ip: &apos;10.249.11.67&apos;, os.name: &apos;Windows 7&apos;, os.arch: &apos;x86&apos;, os.version: &apos;6.1&apos;, java.version: &apos;1.8.0_66&apos;<br/>
Driver info: org.openqa.selenium.chrome.ChromeDriver<br/>
Capabilities [{applicationCacheEnabled=false, rotatable=false, mobileEmulationEnabled=false, chrome={userDataDir=C:\Users\401508\AppData\Local\Temp\scoped_dir11312_31923}, takesHeapSnapshot=true, databaseEnabled=false, handlesAlerts=true, hasTouchScreen=false, version=46.0.2490.71, platform=XP, browserConnectionEnabled=false, nativeEvents=true, acceptSslCerts=true, locationContextEnabled=true, webStorageEnabled=true, browserName=chrome, takesScreenshot=true, javascriptEnabled=true, cssSelectorsEnabled=true}]<br/>
Session ID: 19a435df21783e1fbd26814e224db7de<br/>
*** Element info: {Using=xpath, value=/html/body/div[2]/main/div/div/div[1]/div/div/div[2]/div/a}</b></a><br />
    <div class="stackTrace" id="exception-0">
              sun.reflect.NativeConstructorAccessorImpl.newInstance0(Native Method)<br />
              sun.reflect.NativeConstructorAccessorImpl.newInstance(NativeConstructorAccessorImpl.java:62)<br />
              sun.reflect.DelegatingConstructorAccessorImpl.newInstance(DelegatingConstructorAccessorImpl.java:45)<br />
              java.lang.reflect.Constructor.newInstance(Constructor.java:422)<br />
              org.openqa.selenium.remote.ErrorHandler.createThrowable(ErrorHandler.java:204)<br />
              org.openqa.selenium.remote.ErrorHandler.throwIfResponseFailed(ErrorHandler.java:156)<br />
              org.openqa.selenium.remote.RemoteWebDriver.execute(RemoteWebDriver.java:599)<br />
              org.openqa.selenium.remote.RemoteWebDriver.findElement(RemoteWebDriver.java:352)<br />
              org.openqa.selenium.remote.RemoteWebDriver.findElementByXPath(RemoteWebDriver.java:449)<br />
              org.openqa.selenium.By$ByXPath.findElement(By.java:357)<br />
              org.openqa.selenium.remote.RemoteWebDriver.findElement(RemoteWebDriver.java:344)<br />
              com.charter.page.BasicAuthenticaion.Business_Customers_Link(BasicAuthenticaion.java:181)<br />
              com.charter.test.CharterDotCom.TE06_Validate_Navigation_from_charterDotCom_with_Login_option_and_Verify_Business_Customers_Link_inLoginpage(CharterDotCom.java:65)<br />
              sun.reflect.NativeMethodAccessorImpl.invoke0(Native Method)<br />
              sun.reflect.NativeMethodAccessorImpl.invoke(NativeMethodAccessorImpl.java:62)<br />
              sun.reflect.DelegatingMethodAccessorImpl.invoke(DelegatingMethodAccessorImpl.java:43)<br />
              java.lang.reflect.Method.invoke(Method.java:497)<br />
              org.testng.internal.MethodInvocationHelper.invokeMethod(MethodInvocationHelper.java:84)<br />
              org.testng.internal.Invoker.invokeMethod(Invoker.java:714)<br />
              org.testng.internal.Invoker.invokeTestMethod(Invoker.java:901)<br />
              org.testng.internal.Invoker.invokeTestMethods(Invoker.java:1231)<br />
              org.testng.internal.TestMethodWorker.invokeTestMethods(TestMethodWorker.java:127)<br />
              org.testng.internal.TestMethodWorker.run(TestMethodWorker.java:111)<br />
              org.testng.TestRunner.privateRun(TestRunner.java:767)<br />
              org.testng.TestRunner.run(TestRunner.java:617)<br />
              org.testng.SuiteRunner.runTest(SuiteRunner.java:348)<br />
              org.testng.SuiteRunner.runSequentially(SuiteRunner.java:343)<br />
              org.testng.SuiteRunner.privateRun(SuiteRunner.java:305)<br />
              org.testng.SuiteRunner.run(SuiteRunner.java:254)<br />
              org.testng.SuiteRunnerWorker.runSuite(SuiteRunnerWorker.java:52)<br />
              org.testng.SuiteRunnerWorker.run(SuiteRunnerWorker.java:86)<br />
              org.testng.TestNG.runSuitesSequentially(TestNG.java:1224)<br />
              org.testng.TestNG.runSuitesLocally(TestNG.java:1149)<br />
              org.testng.TestNG.run(TestNG.java:1057)<br />
              org.apache.maven.surefire.testng.TestNGExecutor.run(TestNGExecutor.java:122)<br />
              org.apache.maven.surefire.testng.TestNGXmlTestSuite.execute(TestNGXmlTestSuite.java:92)<br />
              org.apache.maven.surefire.testng.TestNGProvider.invoke(TestNGProvider.java:101)<br />
              sun.reflect.NativeMethodAccessorImpl.invoke0(Native Method)<br />
              sun.reflect.NativeMethodAccessorImpl.invoke(NativeMethodAccessorImpl.java:62)<br />
              sun.reflect.DelegatingMethodAccessorImpl.invoke(DelegatingMethodAccessorImpl.java:43)<br />
              java.lang.reflect.Method.invoke(Method.java:497)<br />
              org.apache.maven.surefire.util.ReflectionUtils.invokeMethodWithArray(ReflectionUtils.java:164)<br />
              org.apache.maven.surefire.booter.ProviderFactory$ProviderProxy.invoke(ProviderFactory.java:110)<br />
              org.apache.maven.surefire.booter.SurefireStarter.invokeProvider(SurefireStarter.java:172)<br />
              org.apache.maven.surefire.booter.SurefireStarter.runSuitesInProcessWhenForked(SurefireStarter.java:104)<br />
              org.apache.maven.surefire.booter.ForkedBooter.main(ForkedBooter.java:70)<br />
                </div>
      </td>
</tr>
          <tr>
        <td colspan="3" class="group">com.charter.test.ForgotPassword</td>
      </tr>
            
<tr>
  <td class="method">
                  TA35_Validate_RetrievingPassword_HOHuser
      </td>
  <td class="duration">
    525.371s
  </td>
  <td class="result">
        
          <i>Method arguments: </i><span class="arguments">{CardNumber=, mac_CID=, security_question=, zipcode_fID=, invalidLastname=, invalidPassword=, TestCaseId=TA35_Validate_RetrievingPassword_HOHuser, lastname_fp=, invalidZipcode=, password=, security_answer=red, lastname_CID=, fLinked_CharterID=, ExpDate=, UserID=, CardType=, invalidMAC=, UserID1=, address_fID=, CharterID_fp=e2erel3038, invalidAddress=, invalidEmail=, email=, AccountNumberVerify=, LegacySiteURL=, FutureDate=, UserPassword=Testing01, Mobilephone=, ACnumber=, hohuser=, charterID=, lastname=, lastname_fID=, Zipcode_fp=92307, firstname_CID=, zipcode_CID=, SelectDate=, mac_fID=, invalidSecurityAns=, ExpYear=, address_CID=}</span><br />
    
            <div class="testOutput">
                        <<<*** END: ForgotPassword.TA35_Validate_RetrievingPassword_HOHuser ***>>> <br/>
                                =====================================================================================<br/>
                                Test Failed :com.charter.test.ForgotPassword.TA35_Validate_RetrievingPassword_HOHuser, Took 525 seconds<br/>
                                <a href='D:\Sanity Suite\sanity\target\surefire-reports\html\screenshots\TA35_Validate_RetrievingPassword_HOHuser-1-03Feb16_105614.png'><img src='D:\Sanity Suite\sanity\target\surefire-reports\html\screenshots\TA35_Validate_RetrievingPassword_HOHuser-1-03Feb16_105614.png' height='50' width='50'/><br></a>
                  </div>
    

        <a href="javascript:toggleElement('exception-1', 'block')" title="Click to expand/collapse"><b>com.cognizant.framework.exception.BrowserBotException: Bot encountered a timeout while waiting for a condition,&nbsp; Timed out after 40 seconds waiting for visibility of element located by By.xpath: // button[contains(@id,&apos;logout&apos;) and contains(text(),&apos;Sign Out&apos;)]<br/>
Build info: version: &apos;2.45.0&apos;, revision: &apos;5017cb8e7ca8e37638dc3091b2440b90a1d8686f&apos;, time: &apos;2015-02-27 09:10:26&apos;<br/>
System info: host: &apos;PC273975&apos;, ip: &apos;10.249.11.67&apos;, os.name: &apos;Windows 7&apos;, os.arch: &apos;x86&apos;, os.version: &apos;6.1&apos;, java.version: &apos;1.8.0_66&apos;<br/>
Driver info: driver.version: unknown</b></a><br />
    <div class="stackTrace" id="exception-1">
              com.cognizant.framework.core.WebDriverBase.wait(WebDriverBase.java:76)<br />
              com.charter.page.HomePage.logoutApplication(HomePage.java:282)<br />
              com.charter.page.AuthenticationPage.fp_ValidE2E_HOH(AuthenticationPage.java:297)<br />
              com.charter.test.ForgotPassword.TA35_Validate_RetrievingPassword_HOHuser(ForgotPassword.java:35)<br />
              sun.reflect.NativeMethodAccessorImpl.invoke0(Native Method)<br />
              sun.reflect.NativeMethodAccessorImpl.invoke(NativeMethodAccessorImpl.java:62)<br />
              sun.reflect.DelegatingMethodAccessorImpl.invoke(DelegatingMethodAccessorImpl.java:43)<br />
              java.lang.reflect.Method.invoke(Method.java:497)<br />
              org.testng.internal.MethodInvocationHelper.invokeMethod(MethodInvocationHelper.java:84)<br />
              org.testng.internal.Invoker.invokeMethod(Invoker.java:714)<br />
              org.testng.internal.Invoker.invokeTestMethod(Invoker.java:901)<br />
              org.testng.internal.Invoker.invokeTestMethods(Invoker.java:1231)<br />
              org.testng.internal.TestMethodWorker.invokeTestMethods(TestMethodWorker.java:127)<br />
              org.testng.internal.TestMethodWorker.run(TestMethodWorker.java:111)<br />
              org.testng.TestRunner.privateRun(TestRunner.java:767)<br />
              org.testng.TestRunner.run(TestRunner.java:617)<br />
              org.testng.SuiteRunner.runTest(SuiteRunner.java:348)<br />
              org.testng.SuiteRunner.runSequentially(SuiteRunner.java:343)<br />
              org.testng.SuiteRunner.privateRun(SuiteRunner.java:305)<br />
              org.testng.SuiteRunner.run(SuiteRunner.java:254)<br />
              org.testng.SuiteRunnerWorker.runSuite(SuiteRunnerWorker.java:52)<br />
              org.testng.SuiteRunnerWorker.run(SuiteRunnerWorker.java:86)<br />
              org.testng.TestNG.runSuitesSequentially(TestNG.java:1224)<br />
              org.testng.TestNG.runSuitesLocally(TestNG.java:1149)<br />
              org.testng.TestNG.run(TestNG.java:1057)<br />
              org.apache.maven.surefire.testng.TestNGExecutor.run(TestNGExecutor.java:122)<br />
              org.apache.maven.surefire.testng.TestNGXmlTestSuite.execute(TestNGXmlTestSuite.java:92)<br />
              org.apache.maven.surefire.testng.TestNGProvider.invoke(TestNGProvider.java:101)<br />
              sun.reflect.NativeMethodAccessorImpl.invoke0(Native Method)<br />
              sun.reflect.NativeMethodAccessorImpl.invoke(NativeMethodAccessorImpl.java:62)<br />
              sun.reflect.DelegatingMethodAccessorImpl.invoke(DelegatingMethodAccessorImpl.java:43)<br />
              java.lang.reflect.Method.invoke(Method.java:497)<br />
              org.apache.maven.surefire.util.ReflectionUtils.invokeMethodWithArray(ReflectionUtils.java:164)<br />
              org.apache.maven.surefire.booter.ProviderFactory$ProviderProxy.invoke(ProviderFactory.java:110)<br />
              org.apache.maven.surefire.booter.SurefireStarter.invokeProvider(SurefireStarter.java:172)<br />
              org.apache.maven.surefire.booter.SurefireStarter.runSuitesInProcessWhenForked(SurefireStarter.java:104)<br />
              org.apache.maven.surefire.booter.ForkedBooter.main(ForkedBooter.java:70)<br />
                </div>
      </td>
</tr>
          <tr>
        <td colspan="3" class="group">com.charter.test.Home</td>
      </tr>
            
<tr>
  <td class="method">
                  TH06_Validate_FindACharterStoreLink_NavigateTo_LocationPage_HOHuser
      </td>
  <td class="duration">
    260.984s
  </td>
  <td class="result">
        
          <i>Method arguments: </i><span class="arguments">{CardNumber=, mac_CID=, security_question=, Devicenickname=, zipcode_fID=, Account_Type=, invalidLastname=, invalidPassword=, SecurityQuestion=, lastname_fp=, password=, security_answer=, Account_pom=, invalidMAC=, Zipcode=, Relogin_UserID=, Operatingsystem=, invalidEmail=, SecurityAnswer=, couponNumber=, NewRole=, UserPassword=Testing01, City=, selectUser=, PC_Unratedcontent=, ACnumber=, Relogin_Password=, charterID=, lastname=, lastname_fID=, Zipcode_fp=, State=, firstname_CID=, zipcode_CID=, ParentalControl_TV=, mac_fID=, invalidSecurityAns=, address_CID=, ParentalControl_Unratedcontent=, Message=, ParentalControl_Movie=, TestCaseId=TH06_Validate_FindACharterStoreLink_NavigateTo_LocationPage_HOHuser, PC_TV=, Password1=, searchkey=, invalidZipcode=, lastname_CID=, fLinked_CharterID=, ExpDate=, UserID=e2e5002, CardType=, UserID1=, address_fID=, CharterID_fp=, invalidAddress=, email=, AccountNumberVerify=, LegacySiteURL=, accountnumber=, FutureDate=, Address2=, Mobilephone=, PC_Movie=, Account_DVRcontrol=, Address1=, hohuser=, ConfirmPassword=, routingnumber=, ContactEmail=, SelectDate=, ExpYear=}</span><br />
    
            <div class="testOutput">
                        <<<*** END: Home.TH06_Validate_FindACharterStoreLink_NavigateTo_LocationPage_HOHuser ***>>> <br/>
                                =====================================================================================<br/>
                                Test Failed :com.charter.test.Home.TH06_Validate_FindACharterStoreLink_NavigateTo_LocationPage_HOHuser, Took 260 seconds<br/>
                                <a href='D:\Sanity Suite\sanity\target\surefire-reports\html\screenshots\TH06_Validate_FindACharterStoreLink_NavigateTo_LocationPage_HOHuser-1-03Feb16_110944.png'><img src='D:\Sanity Suite\sanity\target\surefire-reports\html\screenshots\TH06_Validate_FindACharterStoreLink_NavigateTo_LocationPage_HOHuser-1-03Feb16_110944.png' height='50' width='50'/><br></a>
                  </div>
    

        <a href="javascript:toggleElement('exception-2', 'block')" title="Click to expand/collapse"><b>com.cognizant.framework.exception.BrowserBotException: Bot encountered a timeout while waiting for a condition,&nbsp; Timed out after 40 seconds waiting for element to be clickable: By.xpath: //a[contains(@class,&apos;text&apos;)]/h4[contains(text(),&apos;Charter Locations&apos;)]<br/>
Build info: version: &apos;2.45.0&apos;, revision: &apos;5017cb8e7ca8e37638dc3091b2440b90a1d8686f&apos;, time: &apos;2015-02-27 09:10:26&apos;<br/>
System info: host: &apos;PC273975&apos;, ip: &apos;10.249.11.67&apos;, os.name: &apos;Windows 7&apos;, os.arch: &apos;x86&apos;, os.version: &apos;6.1&apos;, java.version: &apos;1.8.0_66&apos;<br/>
Driver info: driver.version: unknown</b></a><br />
    <div class="stackTrace" id="exception-2">
              com.cognizant.framework.core.WebDriverBase.wait(WebDriverBase.java:76)<br />
              com.charter.page.HomePage.FindCharterStore(HomePage.java:189)<br />
              com.charter.test.Home.TH06_Validate_FindACharterStoreLink_NavigateTo_LocationPage_HOHuser(Home.java:117)<br />
              sun.reflect.NativeMethodAccessorImpl.invoke0(Native Method)<br />
              sun.reflect.NativeMethodAccessorImpl.invoke(NativeMethodAccessorImpl.java:62)<br />
              sun.reflect.DelegatingMethodAccessorImpl.invoke(DelegatingMethodAccessorImpl.java:43)<br />
              java.lang.reflect.Method.invoke(Method.java:497)<br />
              org.testng.internal.MethodInvocationHelper.invokeMethod(MethodInvocationHelper.java:84)<br />
              org.testng.internal.Invoker.invokeMethod(Invoker.java:714)<br />
              org.testng.internal.Invoker.invokeTestMethod(Invoker.java:901)<br />
              org.testng.internal.Invoker.invokeTestMethods(Invoker.java:1231)<br />
              org.testng.internal.TestMethodWorker.invokeTestMethods(TestMethodWorker.java:127)<br />
              org.testng.internal.TestMethodWorker.run(TestMethodWorker.java:111)<br />
              org.testng.TestRunner.privateRun(TestRunner.java:767)<br />
              org.testng.TestRunner.run(TestRunner.java:617)<br />
              org.testng.SuiteRunner.runTest(SuiteRunner.java:348)<br />
              org.testng.SuiteRunner.runSequentially(SuiteRunner.java:343)<br />
              org.testng.SuiteRunner.privateRun(SuiteRunner.java:305)<br />
              org.testng.SuiteRunner.run(SuiteRunner.java:254)<br />
              org.testng.SuiteRunnerWorker.runSuite(SuiteRunnerWorker.java:52)<br />
              org.testng.SuiteRunnerWorker.run(SuiteRunnerWorker.java:86)<br />
              org.testng.TestNG.runSuitesSequentially(TestNG.java:1224)<br />
              org.testng.TestNG.runSuitesLocally(TestNG.java:1149)<br />
              org.testng.TestNG.run(TestNG.java:1057)<br />
              org.apache.maven.surefire.testng.TestNGExecutor.run(TestNGExecutor.java:122)<br />
              org.apache.maven.surefire.testng.TestNGXmlTestSuite.execute(TestNGXmlTestSuite.java:92)<br />
              org.apache.maven.surefire.testng.TestNGProvider.invoke(TestNGProvider.java:101)<br />
              sun.reflect.NativeMethodAccessorImpl.invoke0(Native Method)<br />
              sun.reflect.NativeMethodAccessorImpl.invoke(NativeMethodAccessorImpl.java:62)<br />
              sun.reflect.DelegatingMethodAccessorImpl.invoke(DelegatingMethodAccessorImpl.java:43)<br />
              java.lang.reflect.Method.invoke(Method.java:497)<br />
              org.apache.maven.surefire.util.ReflectionUtils.invokeMethodWithArray(ReflectionUtils.java:164)<br />
              org.apache.maven.surefire.booter.ProviderFactory$ProviderProxy.invoke(ProviderFactory.java:110)<br />
              org.apache.maven.surefire.booter.SurefireStarter.invokeProvider(SurefireStarter.java:172)<br />
              org.apache.maven.surefire.booter.SurefireStarter.runSuitesInProcessWhenForked(SurefireStarter.java:104)<br />
              org.apache.maven.surefire.booter.ForkedBooter.main(ForkedBooter.java:70)<br />
                </div>
      </td>
</tr>
<tr>
  <td class="method">
                  TH18_Validate_MyAccount_NavigateTo_OverviewPage_HOHUser
      </td>
  <td class="duration">
    482.385s
  </td>
  <td class="result">
        
          <i>Method arguments: </i><span class="arguments">{LegacySiteURL=, UserID=e2e5024, UserID1=, TestCaseId=TH18_Validate_MyAccount_NavigateTo_OverviewPage_HOHUser, UserPassword=Testing01}</span><br />
    
            <div class="testOutput">
                        <<<*** END: Home.TH18_Validate_MyAccount_NavigateTo_OverviewPage_HOHUser ***>>> <br/>
                                =====================================================================================<br/>
                                Test Failed :com.charter.test.Home.TH18_Validate_MyAccount_NavigateTo_OverviewPage_HOHUser, Took 482 seconds<br/>
                                <a href='D:\Sanity Suite\sanity\target\surefire-reports\html\screenshots\TH18_Validate_MyAccount_NavigateTo_OverviewPage_HOHUser-1-03Feb16_112046.png'><img src='D:\Sanity Suite\sanity\target\surefire-reports\html\screenshots\TH18_Validate_MyAccount_NavigateTo_OverviewPage_HOHUser-1-03Feb16_112046.png' height='50' width='50'/><br></a>
                  </div>
    

        <a href="javascript:toggleElement('exception-3', 'block')" title="Click to expand/collapse"><b>com.cognizant.framework.exception.BrowserBotException: Bot encountered a timeout while waiting for a condition,&nbsp; Timed out after 40 seconds waiting for visibility of element located by By.xpath: // button[contains(@id,&apos;logout&apos;) and contains(text(),&apos;Sign Out&apos;)]<br/>
Build info: version: &apos;2.45.0&apos;, revision: &apos;5017cb8e7ca8e37638dc3091b2440b90a1d8686f&apos;, time: &apos;2015-02-27 09:10:26&apos;<br/>
System info: host: &apos;PC273975&apos;, ip: &apos;10.249.11.67&apos;, os.name: &apos;Windows 7&apos;, os.arch: &apos;x86&apos;, os.version: &apos;6.1&apos;, java.version: &apos;1.8.0_66&apos;<br/>
Driver info: driver.version: unknown</b></a><br />
    <div class="stackTrace" id="exception-3">
              com.cognizant.framework.core.WebDriverBase.wait(WebDriverBase.java:76)<br />
              com.charter.page.HomePage.logoutApplication(HomePage.java:282)<br />
              com.charter.test.Home.TH18_Validate_MyAccount_NavigateTo_OverviewPage_HOHUser(Home.java:316)<br />
              sun.reflect.NativeMethodAccessorImpl.invoke0(Native Method)<br />
              sun.reflect.NativeMethodAccessorImpl.invoke(NativeMethodAccessorImpl.java:62)<br />
              sun.reflect.DelegatingMethodAccessorImpl.invoke(DelegatingMethodAccessorImpl.java:43)<br />
              java.lang.reflect.Method.invoke(Method.java:497)<br />
              org.testng.internal.MethodInvocationHelper.invokeMethod(MethodInvocationHelper.java:84)<br />
              org.testng.internal.Invoker.invokeMethod(Invoker.java:714)<br />
              org.testng.internal.Invoker.invokeTestMethod(Invoker.java:901)<br />
              org.testng.internal.Invoker.invokeTestMethods(Invoker.java:1231)<br />
              org.testng.internal.TestMethodWorker.invokeTestMethods(TestMethodWorker.java:127)<br />
              org.testng.internal.TestMethodWorker.run(TestMethodWorker.java:111)<br />
              org.testng.TestRunner.privateRun(TestRunner.java:767)<br />
              org.testng.TestRunner.run(TestRunner.java:617)<br />
              org.testng.SuiteRunner.runTest(SuiteRunner.java:348)<br />
              org.testng.SuiteRunner.runSequentially(SuiteRunner.java:343)<br />
              org.testng.SuiteRunner.privateRun(SuiteRunner.java:305)<br />
              org.testng.SuiteRunner.run(SuiteRunner.java:254)<br />
              org.testng.SuiteRunnerWorker.runSuite(SuiteRunnerWorker.java:52)<br />
              org.testng.SuiteRunnerWorker.run(SuiteRunnerWorker.java:86)<br />
              org.testng.TestNG.runSuitesSequentially(TestNG.java:1224)<br />
              org.testng.TestNG.runSuitesLocally(TestNG.java:1149)<br />
              org.testng.TestNG.run(TestNG.java:1057)<br />
              org.apache.maven.surefire.testng.TestNGExecutor.run(TestNGExecutor.java:122)<br />
              org.apache.maven.surefire.testng.TestNGXmlTestSuite.execute(TestNGXmlTestSuite.java:92)<br />
              org.apache.maven.surefire.testng.TestNGProvider.invoke(TestNGProvider.java:101)<br />
              sun.reflect.NativeMethodAccessorImpl.invoke0(Native Method)<br />
              sun.reflect.NativeMethodAccessorImpl.invoke(NativeMethodAccessorImpl.java:62)<br />
              sun.reflect.DelegatingMethodAccessorImpl.invoke(DelegatingMethodAccessorImpl.java:43)<br />
              java.lang.reflect.Method.invoke(Method.java:497)<br />
              org.apache.maven.surefire.util.ReflectionUtils.invokeMethodWithArray(ReflectionUtils.java:164)<br />
              org.apache.maven.surefire.booter.ProviderFactory$ProviderProxy.invoke(ProviderFactory.java:110)<br />
              org.apache.maven.surefire.booter.SurefireStarter.invokeProvider(SurefireStarter.java:172)<br />
              org.apache.maven.surefire.booter.SurefireStarter.runSuitesInProcessWhenForked(SurefireStarter.java:104)<br />
              org.apache.maven.surefire.booter.ForkedBooter.main(ForkedBooter.java:70)<br />
                </div>
      </td>
</tr>
          <tr>
        <td colspan="3" class="group">com.charter.test.Login</td>
      </tr>
            
<tr>
  <td class="method">
                  TL01_Validate_ChaterValidLogin
      </td>
  <td class="duration">
    84.773s
  </td>
  <td class="result">
        
          <i>Method arguments: </i><span class="arguments">{CardNumber=, mac_CID=, security_question=, Devicenickname=, zipcode_fID=, Account_Type=, invalidLastname=, invalidPassword=, SecurityQuestion=, lastname_fp=, password=, security_answer=, Account_pom=, invalidMAC=, Zipcode=, Relogin_UserID=, Operatingsystem=, invalidEmail=, SecurityAnswer=, couponNumber=, NewRole=, UserPassword=Testing01, City=, selectUser=, PC_Unratedcontent=, ACnumber=, Relogin_Password=, charterID=, lastname=, lastname_fID=, Zipcode_fp=, State=, firstname_CID=, zipcode_CID=, ParentalControl_TV=, mac_fID=, invalidSecurityAns=, address_CID=, ParentalControl_Unratedcontent=, Message=, ParentalControl_Movie=, TestCaseId=TL01_Validate_ChaterValidLogin, PC_TV=, Password1=, searchkey=, invalidZipcode=, lastname_CID=, fLinked_CharterID=, ExpDate=, UserID=tdr33001, CardType=, UserID1=, address_fID=, CharterID_fp=, invalidAddress=, email=, AccountNumberVerify=, LegacySiteURL=, accountnumber=, FutureDate=, Statement=, Address2=, Mobilephone=, PC_Movie=, Account_DVRcontrol=, Address1=, hohuser=, ConfirmPassword=, routingnumber=, ContactEmail=, SelectDate=, ExpYear=}</span><br />
    
            <div class="testOutput">
                        <<<*** END: Login.TL01_Validate_ChaterValidLogin ***>>> <br/>
                                =====================================================================================<br/>
                                Test Failed :com.charter.test.Login.TL01_Validate_ChaterValidLogin, Took 84 seconds<br/>
                                <a href='D:\Sanity Suite\sanity\target\surefire-reports\html\screenshots\TL01_Validate_ChaterValidLogin-1-03Feb16_113842.png'><img src='D:\Sanity Suite\sanity\target\surefire-reports\html\screenshots\TL01_Validate_ChaterValidLogin-1-03Feb16_113842.png' height='50' width='50'/><br></a>
                  </div>
    

        <a href="javascript:toggleElement('exception-4', 'block')" title="Click to expand/collapse"><b>org.openqa.selenium.StaleElementReferenceException: stale element reference: element is not attached to the page document<br/>
&nbsp; (Session info: chrome=46.0.2490.71)<br/>
&nbsp; (Driver info: chromedriver=2.19.346078 (6f1f0cde889532d48ce8242342d0b84f94b114a1),platform=Windows NT 6.1 SP1 x86) (WARNING: The server did not provide any stacktrace information)<br/>
Command duration or timeout: 3.72 seconds<br/>
For documentation on this error, please visit: http://seleniumhq.org/exceptions/stale_element_reference.html<br/>
Build info: version: &apos;2.45.0&apos;, revision: &apos;5017cb8e7ca8e37638dc3091b2440b90a1d8686f&apos;, time: &apos;2015-02-27 09:10:26&apos;<br/>
System info: host: &apos;PC273975&apos;, ip: &apos;10.249.11.67&apos;, os.name: &apos;Windows 7&apos;, os.arch: &apos;x86&apos;, os.version: &apos;6.1&apos;, java.version: &apos;1.8.0_66&apos;<br/>
Driver info: org.openqa.selenium.chrome.ChromeDriver<br/>
Capabilities [{applicationCacheEnabled=false, rotatable=false, mobileEmulationEnabled=false, chrome={userDataDir=C:\Users\401508\AppData\Local\Temp\scoped_dir11444_2709}, takesHeapSnapshot=true, databaseEnabled=false, handlesAlerts=true, hasTouchScreen=false, version=46.0.2490.71, platform=XP, browserConnectionEnabled=false, nativeEvents=true, acceptSslCerts=true, locationContextEnabled=true, webStorageEnabled=true, browserName=chrome, takesScreenshot=true, javascriptEnabled=true, cssSelectorsEnabled=true}]<br/>
Session ID: 03920f76df4f3b2531f124bf4c8c1a0f</b></a><br />
    <div class="stackTrace" id="exception-4">
              sun.reflect.NativeConstructorAccessorImpl.newInstance0(Native Method)<br />
              sun.reflect.NativeConstructorAccessorImpl.newInstance(NativeConstructorAccessorImpl.java:62)<br />
              sun.reflect.DelegatingConstructorAccessorImpl.newInstance(DelegatingConstructorAccessorImpl.java:45)<br />
              java.lang.reflect.Constructor.newInstance(Constructor.java:422)<br />
              org.openqa.selenium.remote.ErrorHandler.createThrowable(ErrorHandler.java:204)<br />
              org.openqa.selenium.remote.ErrorHandler.throwIfResponseFailed(ErrorHandler.java:156)<br />
              org.openqa.selenium.remote.RemoteWebDriver.execute(RemoteWebDriver.java:599)<br />
              org.openqa.selenium.remote.RemoteWebElement.execute(RemoteWebElement.java:268)<br />
              org.openqa.selenium.remote.RemoteWebElement.getText(RemoteWebElement.java:152)<br />
              com.charter.page.AuthenticationPage.ValidLogin(AuthenticationPage.java:1338)<br />
              com.charter.test.Login.TL01_Validate_ChaterValidLogin(Login.java:27)<br />
              sun.reflect.NativeMethodAccessorImpl.invoke0(Native Method)<br />
              sun.reflect.NativeMethodAccessorImpl.invoke(NativeMethodAccessorImpl.java:62)<br />
              sun.reflect.DelegatingMethodAccessorImpl.invoke(DelegatingMethodAccessorImpl.java:43)<br />
              java.lang.reflect.Method.invoke(Method.java:497)<br />
              org.testng.internal.MethodInvocationHelper.invokeMethod(MethodInvocationHelper.java:84)<br />
              org.testng.internal.Invoker.invokeMethod(Invoker.java:714)<br />
              org.testng.internal.Invoker.invokeTestMethod(Invoker.java:901)<br />
              org.testng.internal.Invoker.invokeTestMethods(Invoker.java:1231)<br />
              org.testng.internal.TestMethodWorker.invokeTestMethods(TestMethodWorker.java:127)<br />
              org.testng.internal.TestMethodWorker.run(TestMethodWorker.java:111)<br />
              org.testng.TestRunner.privateRun(TestRunner.java:767)<br />
              org.testng.TestRunner.run(TestRunner.java:617)<br />
              org.testng.SuiteRunner.runTest(SuiteRunner.java:348)<br />
              org.testng.SuiteRunner.runSequentially(SuiteRunner.java:343)<br />
              org.testng.SuiteRunner.privateRun(SuiteRunner.java:305)<br />
              org.testng.SuiteRunner.run(SuiteRunner.java:254)<br />
              org.testng.SuiteRunnerWorker.runSuite(SuiteRunnerWorker.java:52)<br />
              org.testng.SuiteRunnerWorker.run(SuiteRunnerWorker.java:86)<br />
              org.testng.TestNG.runSuitesSequentially(TestNG.java:1224)<br />
              org.testng.TestNG.runSuitesLocally(TestNG.java:1149)<br />
              org.testng.TestNG.run(TestNG.java:1057)<br />
              org.apache.maven.surefire.testng.TestNGExecutor.run(TestNGExecutor.java:122)<br />
              org.apache.maven.surefire.testng.TestNGXmlTestSuite.execute(TestNGXmlTestSuite.java:92)<br />
              org.apache.maven.surefire.testng.TestNGProvider.invoke(TestNGProvider.java:101)<br />
              sun.reflect.NativeMethodAccessorImpl.invoke0(Native Method)<br />
              sun.reflect.NativeMethodAccessorImpl.invoke(NativeMethodAccessorImpl.java:62)<br />
              sun.reflect.DelegatingMethodAccessorImpl.invoke(DelegatingMethodAccessorImpl.java:43)<br />
              java.lang.reflect.Method.invoke(Method.java:497)<br />
              org.apache.maven.surefire.util.ReflectionUtils.invokeMethodWithArray(ReflectionUtils.java:164)<br />
              org.apache.maven.surefire.booter.ProviderFactory$ProviderProxy.invoke(ProviderFactory.java:110)<br />
              org.apache.maven.surefire.booter.SurefireStarter.invokeProvider(SurefireStarter.java:172)<br />
              org.apache.maven.surefire.booter.SurefireStarter.runSuitesInProcessWhenForked(SurefireStarter.java:104)<br />
              org.apache.maven.surefire.booter.ForkedBooter.main(ForkedBooter.java:70)<br />
                </div>
      </td>
</tr>
      </table>


  <table class="resultsTable">
    <tr><th colspan="3" class="header passed">Passed Tests</th></tr>
          <tr>
        <td colspan="3" class="group">com.charter.test.CharterDotCom</td>
      </tr>
            
<tr>
  <td class="method">
                  TE01_Validate_Navigation_from_charterDotCom_with_Login_option_and_Verify_CreateIDbutton_inLoginpage
      </td>
  <td class="duration">
    27.096s
  </td>
  <td class="result">
        
          <i>Method arguments: </i><span class="arguments">{CardNumber=, mac_CID=, security_question=, Devicenickname=, zipcode_fID=, Account_Type=, invalidLastname=, invalidPassword=, SecurityQuestion=, lastname_fp=, password=, security_answer=, Account_pom=, invalidMAC=, Zipcode=, Relogin_UserID=, Operatingsystem=, invalidEmail=, SecurityAnswer=, couponNumber=, NewRole=, UserPassword=, City=, selectUser=, PC_Unratedcontent=, ACnumber=, Relogin_Password=, charterID=, lastname=, lastname_fID=, Zipcode_fp=, State=, firstname_CID=, zipcode_CID=, ParentalControl_TV=, mac_fID=, invalidSecurityAns=, address_CID=, ParentalControl_Unratedcontent=, Message=, ParentalControl_Movie=, TestCaseId=TE01_Validate_Navigation_from_charterDotCom_with_Login_option_and_Verify_CreateIDbutton_inLoginpage, PC_TV=, Password1=, searchkey=, invalidZipcode=, lastname_CID=, fLinked_CharterID=, ExpDate=, UserID=, CardType=, UserID1=, address_fID=, CharterID_fp=, invalidAddress=, email=, AccountNumberVerify=, LegacySiteURL=https://www.charter.com, accountnumber=, FutureDate=, Statement=, Address2=, Mobilephone=, PC_Movie=, Account_DVRcontrol=, Address1=, hohuser=, ConfirmPassword=, routingnumber=, ContactEmail=, SelectDate=, ExpYear=}</span><br />
    
            <div class="testOutput">
                        <<<*** END: CharterDotCom.TE01_Validate_Navigation_from_charterDotCom_with_Login_option_and_Verify_CreateIDbutton_inLoginpage ***>>> <br/>
                                =====================================================================================<br/>
                                Test Passed :com.charter.test.CharterDotCom.TE01_Validate_Navigation_from_charterDotCom_with_Login_option_and_Verify_CreateIDbutton_inLoginpage, Took 27 seconds<br/>
                  </div>
    

      </td>
</tr>
<tr>
  <td class="method">
                  TE02_Validate_Navigation_from_charterDotCom_with_Login_option_and_Verify_ForgotUsername_Link_inLoginpage
      </td>
  <td class="duration">
    21.969s
  </td>
  <td class="result">
        
          <i>Method arguments: </i><span class="arguments">{CardNumber=, mac_CID=, security_question=, Devicenickname=, zipcode_fID=, Account_Type=, invalidLastname=, invalidPassword=, SecurityQuestion=, lastname_fp=, password=, security_answer=, Account_pom=, invalidMAC=, Zipcode=, Relogin_UserID=, Operatingsystem=, invalidEmail=, SecurityAnswer=, couponNumber=, NewRole=, UserPassword=, City=, selectUser=, PC_Unratedcontent=, ACnumber=, Relogin_Password=, charterID=, lastname=, lastname_fID=, Zipcode_fp=, State=, firstname_CID=, zipcode_CID=, ParentalControl_TV=, mac_fID=, invalidSecurityAns=, address_CID=, ParentalControl_Unratedcontent=, Message=, ParentalControl_Movie=, TestCaseId=TE02_Validate_Navigation_from_charterDotCom_with_Login_option_and_Verify_ForgotUsername_Link_inLoginpage, PC_TV=, Password1=, searchkey=, invalidZipcode=, lastname_CID=, fLinked_CharterID=, ExpDate=, UserID=, CardType=, UserID1=, address_fID=, CharterID_fp=, invalidAddress=, email=, AccountNumberVerify=, LegacySiteURL=https://www.charter.com, accountnumber=, FutureDate=, Statement=, Address2=, Mobilephone=, PC_Movie=, Account_DVRcontrol=, Address1=, hohuser=, ConfirmPassword=, routingnumber=, ContactEmail=, SelectDate=, ExpYear=}</span><br />
    
            <div class="testOutput">
                        <<<*** END: CharterDotCom.TE02_Validate_Navigation_from_charterDotCom_with_Login_option_and_Verify_ForgotUsername_Link_inLoginpage ***>>> <br/>
                                =====================================================================================<br/>
                                Test Passed :com.charter.test.CharterDotCom.TE02_Validate_Navigation_from_charterDotCom_with_Login_option_and_Verify_ForgotUsername_Link_inLoginpage, Took 21 seconds<br/>
                  </div>
    

      </td>
</tr>
<tr>
  <td class="method">
                  TE03_Validate_Navigation_from_charterDotCom_with_Login_option_and_Verify_ForgotPassword_Link_inLoginpage
      </td>
  <td class="duration">
    21.913s
  </td>
  <td class="result">
        
          <i>Method arguments: </i><span class="arguments">{CardNumber=, mac_CID=, security_question=, Devicenickname=, zipcode_fID=, Account_Type=, invalidLastname=, invalidPassword=, SecurityQuestion=, lastname_fp=, password=, security_answer=, Account_pom=, invalidMAC=, Zipcode=, Relogin_UserID=, Operatingsystem=, invalidEmail=, SecurityAnswer=, couponNumber=, NewRole=, UserPassword=, City=, selectUser=, PC_Unratedcontent=, ACnumber=, Relogin_Password=, charterID=, lastname=, lastname_fID=, Zipcode_fp=, State=, firstname_CID=, zipcode_CID=, ParentalControl_TV=, mac_fID=, invalidSecurityAns=, address_CID=, ParentalControl_Unratedcontent=, Message=, ParentalControl_Movie=, TestCaseId=TE03_Validate_Navigation_from_charterDotCom_with_Login_option_and_Verify_ForgotPassword_Link_inLoginpage, PC_TV=, Password1=, searchkey=, invalidZipcode=, lastname_CID=, fLinked_CharterID=, ExpDate=, UserID=, CardType=, UserID1=, address_fID=, CharterID_fp=, invalidAddress=, email=, AccountNumberVerify=, LegacySiteURL=https://www.charter.com, accountnumber=, FutureDate=, Statement=, Address2=, Mobilephone=, PC_Movie=, Account_DVRcontrol=, Address1=, hohuser=, ConfirmPassword=, routingnumber=, ContactEmail=, SelectDate=, ExpYear=}</span><br />
    
            <div class="testOutput">
                        <<<*** END: CharterDotCom.TE03_Validate_Navigation_from_charterDotCom_with_Login_option_and_Verify_ForgotPassword_Link_inLoginpage ***>>> <br/>
                                =====================================================================================<br/>
                                Test Passed :com.charter.test.CharterDotCom.TE03_Validate_Navigation_from_charterDotCom_with_Login_option_and_Verify_ForgotPassword_Link_inLoginpage, Took 21 seconds<br/>
                  </div>
    

      </td>
</tr>
<tr>
  <td class="method">
                  TE05_Validate_CharterDotCom_LoginOption
      </td>
  <td class="duration">
    21.674s
  </td>
  <td class="result">
        
          <i>Method arguments: </i><span class="arguments">{CardNumber=, mac_CID=, security_question=, Devicenickname=, zipcode_fID=, Account_Type=, invalidLastname=, invalidPassword=, SecurityQuestion=, lastname_fp=, password=, security_answer=, Account_pom=, invalidMAC=, Zipcode=, Relogin_UserID=, Operatingsystem=, invalidEmail=, SecurityAnswer=, couponNumber=, NewRole=, UserPassword=, City=, selectUser=, PC_Unratedcontent=, ACnumber=, Relogin_Password=, charterID=, lastname=, lastname_fID=, Zipcode_fp=, State=, firstname_CID=, zipcode_CID=, ParentalControl_TV=, mac_fID=, invalidSecurityAns=, address_CID=, ParentalControl_Unratedcontent=, Message=, ParentalControl_Movie=, TestCaseId=TE05_Validate_CharterDotCom_LoginOption, PC_TV=, Password1=, searchkey=, invalidZipcode=, lastname_CID=, fLinked_CharterID=, ExpDate=, UserID=, CardType=, UserID1=, address_fID=, CharterID_fp=, invalidAddress=, email=, AccountNumberVerify=, LegacySiteURL=https://www.charter.com, accountnumber=, FutureDate=, Statement=, Address2=, Mobilephone=, PC_Movie=, Account_DVRcontrol=, Address1=, hohuser=, ConfirmPassword=, routingnumber=, ContactEmail=, SelectDate=, ExpYear=}</span><br />
    
            <div class="testOutput">
                        <<<*** END: CharterDotCom.TE05_Validate_CharterDotCom_LoginOption ***>>> <br/>
                                =====================================================================================<br/>
                                Test Passed :com.charter.test.CharterDotCom.TE05_Validate_CharterDotCom_LoginOption, Took 21 seconds<br/>
                  </div>
    

      </td>
</tr>
          <tr>
        <td colspan="3" class="group">com.charter.test.ForgotPassword</td>
      </tr>
            
<tr>
  <td class="method">
                  TA37_Validate_RetrievingPassword_AdminUser
      </td>
  <td class="duration">
    33.886s
  </td>
  <td class="result">
        
          <i>Method arguments: </i><span class="arguments">{CardNumber=, mac_CID=, security_question=, zipcode_fID=, invalidLastname=, invalidPassword=, TestCaseId=TA37_Validate_RetrievingPassword_AdminUser, lastname_fp=, invalidZipcode=, password=, security_answer=red, lastname_CID=, fLinked_CharterID=, ExpDate=, UserID=, CardType=, invalidMAC=, UserID1=, address_fID=, CharterID_fp=e2erel3038_admin, invalidAddress=, invalidEmail=, email=, AccountNumberVerify=, LegacySiteURL=, FutureDate=, UserPassword=Testing01, Mobilephone=, ACnumber=, hohuser=, charterID=, lastname=, lastname_fID=, Zipcode_fp=92307, firstname_CID=, zipcode_CID=, SelectDate=, mac_fID=, invalidSecurityAns=, ExpYear=, address_CID=}</span><br />
    
            <div class="testOutput">
                        <<<*** END: ForgotPassword.TA37_Validate_RetrievingPassword_AdminUser ***>>> <br/>
                                =====================================================================================<br/>
                                Test Passed :com.charter.test.ForgotPassword.TA37_Validate_RetrievingPassword_AdminUser, Took 33 seconds<br/>
                  </div>
    

      </td>
</tr>
<tr>
  <td class="method">
                  TA38_Validate_RetrievingPassword_StandardUser
      </td>
  <td class="duration">
    31.851s
  </td>
  <td class="result">
        
          <i>Method arguments: </i><span class="arguments">{CardNumber=, mac_CID=, security_question=, zipcode_fID=, invalidLastname=, invalidPassword=, TestCaseId=TA38_Validate_RetrievingPassword_StandardUser, lastname_fp=, invalidZipcode=, password=, security_answer=red, lastname_CID=, fLinked_CharterID=, ExpDate=, UserID=, CardType=, invalidMAC=, UserID1=, address_fID=, CharterID_fp=e2erel3038_std , invalidAddress=, invalidEmail=, email=, AccountNumberVerify=, LegacySiteURL=, FutureDate=, UserPassword=Testing01, Mobilephone=, ACnumber=, hohuser=, charterID=, lastname=, lastname_fID=, Zipcode_fp=92307, firstname_CID=, zipcode_CID=, SelectDate=, mac_fID=, invalidSecurityAns=, ExpYear=, address_CID=}</span><br />
    
            <div class="testOutput">
                        <<<*** END: ForgotPassword.TA38_Validate_RetrievingPassword_StandardUser ***>>> <br/>
                                =====================================================================================<br/>
                                Test Passed :com.charter.test.ForgotPassword.TA38_Validate_RetrievingPassword_StandardUser, Took 31 seconds<br/>
                  </div>
    

      </td>
</tr>
<tr>
  <td class="method">
                  TA52_Validate_ForgotPassword_Non_Converted_MS_Login
      </td>
  <td class="duration">
    58.647s
  </td>
  <td class="result">
        
          <i>Method arguments: </i><span class="arguments">{CardNumber=, mac_CID=, security_question=, Devicenickname=, zipcode_fID=, Account_Type=, invalidLastname=, invalidPassword=, SecurityQuestion=, lastname_fp=, password=, security_answer=red, Account_pom=, invalidMAC=, Zipcode=, Relogin_UserID=, Operatingsystem=, invalidEmail=, SecurityAnswer=, couponNumber=, NewRole=, UserPassword=Testing01, City=, selectUser=, PC_Unratedcontent=, ACnumber=, Relogin_Password=, charterID=, lastname=, lastname_fID=, Zipcode_fp=63129, State=, firstname_CID=, zipcode_CID=, ParentalControl_TV=, mac_fID=, invalidSecurityAns=, address_CID=, ParentalControl_Unratedcontent=, Message=, ParentalControl_Movie=, TestCaseId=TA52_Validate_ForgotPassword_Non_Converted_MS_Login, PC_TV=, Password1=, searchkey=, invalidZipcode=, lastname_CID=, fLinked_CharterID=, ExpDate=, UserID=, CardType=, UserID1=, address_fID=, CharterID_fp=tdr33017a, invalidAddress=, email=, AccountNumberVerify=, LegacySiteURL=, accountnumber=, FutureDate=, Statement=, Address2=, Mobilephone=, PC_Movie=, Account_DVRcontrol=, Address1=, hohuser=, ConfirmPassword=, routingnumber=, ContactEmail=, SelectDate=, ExpYear=}</span><br />
    
            <div class="testOutput">
                        <<<*** END: ForgotPassword.TA52_Validate_ForgotPassword_Non_Converted_MS_Login ***>>> <br/>
                                =====================================================================================<br/>
                                Test Passed :com.charter.test.ForgotPassword.TA52_Validate_ForgotPassword_Non_Converted_MS_Login, Took 58 seconds<br/>
                  </div>
    

      </td>
</tr>
<tr>
  <td class="method">
                  TA53_Validate_ForgotPassword_Non_Converted_CharterID
      </td>
  <td class="duration">
    32.355s
  </td>
  <td class="result">
        
          <i>Method arguments: </i><span class="arguments">{CardNumber=, mac_CID=, security_question=, Devicenickname=, zipcode_fID=, Account_Type=, invalidLastname=, invalidPassword=, SecurityQuestion=, lastname_fp=, password=, security_answer=bcci, Account_pom=, invalidMAC=, Zipcode=, Relogin_UserID=, Operatingsystem=, invalidEmail=, SecurityAnswer=, couponNumber=, NewRole=, UserPassword=Testing01, City=, selectUser=, PC_Unratedcontent=, ACnumber=, Relogin_Password=, charterID=, lastname=, lastname_fID=, Zipcode_fp=63129, State=, firstname_CID=, zipcode_CID=, ParentalControl_TV=, mac_fID=, invalidSecurityAns=, address_CID=, ParentalControl_Unratedcontent=, Message=, ParentalControl_Movie=, TestCaseId=TA53_Validate_ForgotPassword_Non_Converted_CharterID, PC_TV=, Password1=, searchkey=, invalidZipcode=, lastname_CID=, fLinked_CharterID=, ExpDate=, UserID=, CardType=, UserID1=, address_fID=, CharterID_fp=uatadd205, invalidAddress=, email=, AccountNumberVerify=, LegacySiteURL=, accountnumber=, FutureDate=, Statement=, Address2=, Mobilephone=, PC_Movie=, Account_DVRcontrol=, Address1=, hohuser=, ConfirmPassword=, routingnumber=, ContactEmail=, SelectDate=, ExpYear=}</span><br />
    
            <div class="testOutput">
                        <<<*** END: ForgotPassword.TA53_Validate_ForgotPassword_Non_Converted_CharterID ***>>> <br/>
                                =====================================================================================<br/>
                                Test Passed :com.charter.test.ForgotPassword.TA53_Validate_ForgotPassword_Non_Converted_CharterID, Took 32 seconds<br/>
                  </div>
    

      </td>
</tr>
<tr>
  <td class="method">
                  TA54_Validate_ForgotPassword_Converted_CharterID
      </td>
  <td class="duration">
    34.751s
  </td>
  <td class="result">
        
          <i>Method arguments: </i><span class="arguments">{CardNumber=, mac_CID=, security_question=, Devicenickname=, zipcode_fID=, Account_Type=, invalidLastname=, invalidPassword=, SecurityQuestion=, lastname_fp=, password=, security_answer=red, Account_pom=, invalidMAC=, Zipcode=, Relogin_UserID=, Operatingsystem=, invalidEmail=, SecurityAnswer=, couponNumber=, NewRole=, UserPassword=Testing01, City=, selectUser=, PC_Unratedcontent=, ACnumber=, Relogin_Password=, charterID=, lastname=, lastname_fID=, Zipcode_fp=90815, State=, firstname_CID=, zipcode_CID=, ParentalControl_TV=, mac_fID=, invalidSecurityAns=, address_CID=, ParentalControl_Unratedcontent=, Message=, ParentalControl_Movie=, TestCaseId=TA54_Validate_ForgotPassword_Converted_CharterID, PC_TV=, Password1=, searchkey=, invalidZipcode=, lastname_CID=, fLinked_CharterID=, ExpDate=, UserID=, CardType=, UserID1=, address_fID=, CharterID_fp=TDR33005, invalidAddress=, email=, AccountNumberVerify=, LegacySiteURL=, accountnumber=, FutureDate=, Statement=, Address2=, Mobilephone=, PC_Movie=, Account_DVRcontrol=, Address1=, hohuser=, ConfirmPassword=, routingnumber=, ContactEmail=, SelectDate=, ExpYear=}</span><br />
    
            <div class="testOutput">
                        <<<*** END: ForgotPassword.TA54_Validate_ForgotPassword_Converted_CharterID ***>>> <br/>
                                =====================================================================================<br/>
                                Test Passed :com.charter.test.ForgotPassword.TA54_Validate_ForgotPassword_Converted_CharterID, Took 34 seconds<br/>
                  </div>
    

      </td>
</tr>
          <tr>
        <td colspan="3" class="group">com.charter.test.ForgotUsername</td>
      </tr>
            
<tr>
  <td class="method">
                  TA051_Validate_ForgotUsername_Non_Converted_CharterID
      </td>
  <td class="duration">
    22.076s
  </td>
  <td class="result">
        
          <i>Method arguments: </i><span class="arguments">{CardNumber=, mac_CID=, security_question=, zipcode_fID=63129, invalidLastname=, invalidPassword=, TestCaseId=TA051_Validate_ForgotUsername_Non_Converted_CharterID, lastname_fp=, invalidZipcode=, password=, security_answer=red, lastname_CID=, fLinked_CharterID=rel3302, ExpDate=, UserID=, CardType=, invalidMAC=, UserID1=, address_fID=, CharterID_fp=, invalidAddress=, invalidEmail=, email=, AccountNumberVerify=Account Number, LegacySiteURL=, FutureDate=, UserPassword=Testing01, Mobilephone=, ACnumber=8345780014611846 , hohuser=, charterID=, lastname=, lastname_fID=, Zipcode_fp=, firstname_CID=, zipcode_CID=, SelectDate=, mac_fID=, invalidSecurityAns=, ExpYear=, address_CID=}</span><br />
    
            <div class="testOutput">
                        <<<*** END: ForgotUsername.TA051_Validate_ForgotUsername_Non_Converted_CharterID ***>>> <br/>
                                =====================================================================================<br/>
                                Test Passed :com.charter.test.ForgotUsername.TA051_Validate_ForgotUsername_Non_Converted_CharterID, Took 22 seconds<br/>
                  </div>
    

      </td>
</tr>
<tr>
  <td class="method">
                  TA20_Validate_RetrievingChaterID_HOHuser
      </td>
  <td class="duration">
    29.304s
  </td>
  <td class="result">
        
          <i>Method arguments: </i><span class="arguments">{CardNumber=, mac_CID=, security_question=, zipcode_fID=63129, invalidLastname=, invalidPassword=, TestCaseId=TA20_Validate_RetrievingChaterID_HOHuser, lastname_fp=, invalidZipcode=, password=, security_answer=red, lastname_CID=, fLinked_CharterID=e2erel3012 , ExpDate=, UserID=, CardType=, invalidMAC=, UserID1=, address_fID=, CharterID_fp=, invalidAddress=, invalidEmail=, email=, AccountNumberVerify=Account Number, LegacySiteURL=, FutureDate=, UserPassword=Testing01, Mobilephone=, ACnumber=8345780014518470, hohuser=, charterID=, lastname=, lastname_fID=, Zipcode_fp=, firstname_CID=, zipcode_CID=, SelectDate=, mac_fID=, invalidSecurityAns=, ExpYear=, address_CID=}</span><br />
    
            <div class="testOutput">
                        <<<*** END: ForgotUsername.TA20_Validate_RetrievingChaterID_HOHuser ***>>> <br/>
                                =====================================================================================<br/>
                                Test Passed :com.charter.test.ForgotUsername.TA20_Validate_RetrievingChaterID_HOHuser, Took 29 seconds<br/>
                  </div>
    

      </td>
</tr>
<tr>
  <td class="method">
                  TA21_Validate_RetrievingChaterID_AdminUser
      </td>
  <td class="duration">
    27.556s
  </td>
  <td class="result">
        
          <i>Method arguments: </i><span class="arguments">{CardNumber=, mac_CID=, security_question=, zipcode_fID=63129, invalidLastname=, invalidPassword=, TestCaseId=TA21_Validate_RetrievingChaterID_AdminUser, lastname_fp=, invalidZipcode=, password=, security_answer=red, lastname_CID=, fLinked_CharterID=admin_e2erel3012, ExpDate=, UserID=, CardType=, invalidMAC=, UserID1=, address_fID=, CharterID_fp=, invalidAddress=, invalidEmail=, email=, AccountNumberVerify=Account Number, LegacySiteURL=, FutureDate=, UserPassword=Testing01, Mobilephone=, ACnumber=8345780014518470, hohuser=, charterID=, lastname=, lastname_fID=, Zipcode_fp=, firstname_CID=, zipcode_CID=, SelectDate=, mac_fID=, invalidSecurityAns=, ExpYear=, address_CID=}</span><br />
    
            <div class="testOutput">
                        <<<*** END: ForgotUsername.TA21_Validate_RetrievingChaterID_AdminUser ***>>> <br/>
                                =====================================================================================<br/>
                                Test Passed :com.charter.test.ForgotUsername.TA21_Validate_RetrievingChaterID_AdminUser, Took 27 seconds<br/>
                  </div>
    

      </td>
</tr>
<tr>
  <td class="method">
                  TA22_Validate_RetrievingChaterID_StandardUser
      </td>
  <td class="duration">
    21.939s
  </td>
  <td class="result">
        
          <i>Method arguments: </i><span class="arguments">{CardNumber=, mac_CID=, security_question=, zipcode_fID=63129, invalidLastname=, invalidPassword=, TestCaseId=TA22_Validate_RetrievingChaterID_StandardUser, lastname_fp=, invalidZipcode=, password=, security_answer=red, lastname_CID=, fLinked_CharterID=standard_e2erel3012 , ExpDate=, UserID=, CardType=, invalidMAC=, UserID1=, address_fID=, CharterID_fp=, invalidAddress=, invalidEmail=, email=, AccountNumberVerify=Account Number, LegacySiteURL=, FutureDate=, UserPassword=Testing01, Mobilephone=, ACnumber=8345780014518470, hohuser=, charterID=, lastname=, lastname_fID=, Zipcode_fp=, firstname_CID=, zipcode_CID=, SelectDate=, mac_fID=, invalidSecurityAns=, ExpYear=, address_CID=}</span><br />
    
            <div class="testOutput">
                        <<<*** END: ForgotUsername.TA22_Validate_RetrievingChaterID_StandardUser ***>>> <br/>
                                =====================================================================================<br/>
                                Test Passed :com.charter.test.ForgotUsername.TA22_Validate_RetrievingChaterID_StandardUser, Took 21 seconds<br/>
                  </div>
    

      </td>
</tr>
<tr>
  <td class="method">
                  TA50_Validate_ForgotUsername_Non_Converted_MS_Login
      </td>
  <td class="duration">
    20.639s
  </td>
  <td class="result">
        
          <i>Method arguments: </i><span class="arguments">{CardNumber=, mac_CID=, security_question=, Devicenickname=, zipcode_fID=63129, Account_Type=, invalidLastname=, invalidPassword=, SecurityQuestion=, lastname_fp=, password=, security_answer=red, Account_pom=, invalidMAC=, Zipcode=, Relogin_UserID=, Operatingsystem=, invalidEmail=, SecurityAnswer=, couponNumber=, NewRole=, UserPassword=Testing01, City=, selectUser=, PC_Unratedcontent=, ACnumber=8345780014596393, Relogin_Password=, charterID=, lastname=, lastname_fID=, Zipcode_fp=, State=, firstname_CID=, zipcode_CID=, ParentalControl_TV=, mac_fID=, invalidSecurityAns=, address_CID=, ParentalControl_Unratedcontent=, Message=, ParentalControl_Movie=, TestCaseId=TA50_Validate_ForgotUsername_Non_Converted_MS_Login, PC_TV=, Password1=, searchkey=, invalidZipcode=, lastname_CID=, fLinked_CharterID=enge2e007, ExpDate=, UserID=, CardType=, UserID1=, address_fID=, CharterID_fp=, invalidAddress=, email=, AccountNumberVerify=Account Number, LegacySiteURL=, accountnumber=, FutureDate=, Statement=, Address2=, Mobilephone=, PC_Movie=, Account_DVRcontrol=, Address1=, hohuser=, ConfirmPassword=, routingnumber=, ContactEmail=, SelectDate=, ExpYear=}</span><br />
    
            <div class="testOutput">
                        <<<*** END: ForgotUsername.TA50_Validate_ForgotUsername_Non_Converted_MS_Login ***>>> <br/>
                                =====================================================================================<br/>
                                Test Passed :com.charter.test.ForgotUsername.TA50_Validate_ForgotUsername_Non_Converted_MS_Login, Took 20 seconds<br/>
                  </div>
    

      </td>
</tr>
          <tr>
        <td colspan="3" class="group">com.charter.test.Home</td>
      </tr>
            
<tr>
  <td class="method">
                  TH03_Validate_TVGuideLink_NavigateTo_GuidePage_StandardUser
      </td>
  <td class="duration">
    27.335s
  </td>
  <td class="result">
        
          <i>Method arguments: </i><span class="arguments">{CardNumber=, mac_CID=, security_question=, Devicenickname=, zipcode_fID=, Account_Type=, invalidLastname=, invalidPassword=, SecurityQuestion=, lastname_fp=, password=, security_answer=, Account_pom=, invalidMAC=, Zipcode=, Relogin_UserID=, Operatingsystem=, invalidEmail=, SecurityAnswer=, couponNumber=, NewRole=, UserPassword=Testing01, City=, selectUser=, PC_Unratedcontent=, ACnumber=, Relogin_Password=, charterID=, lastname=, lastname_fID=, Zipcode_fp=, State=, firstname_CID=, zipcode_CID=, ParentalControl_TV=, mac_fID=, invalidSecurityAns=, address_CID=, ParentalControl_Unratedcontent=, Message=, ParentalControl_Movie=, TestCaseId=TH03_Validate_TVGuideLink_NavigateTo_GuidePage_StandardUser, PC_TV=, Password1=, searchkey=, invalidZipcode=, lastname_CID=, fLinked_CharterID=, ExpDate=, UserID=tdr33011, CardType=, UserID1=, address_fID=, CharterID_fp=, invalidAddress=, email=, AccountNumberVerify=, LegacySiteURL=, accountnumber=, FutureDate=, Address2=, Mobilephone=, PC_Movie=, Account_DVRcontrol=, Address1=, hohuser=, ConfirmPassword=, routingnumber=, ContactEmail=, SelectDate=, ExpYear=}</span><br />
    
            <div class="testOutput">
                        <<<*** END: Home.TH03_Validate_TVGuideLink_NavigateTo_GuidePage_StandardUser ***>>> <br/>
                                =====================================================================================<br/>
                                Test Passed :com.charter.test.Home.TH03_Validate_TVGuideLink_NavigateTo_GuidePage_StandardUser, Took 27 seconds<br/>
                  </div>
    

      </td>
</tr>
<tr>
  <td class="method">
                  TH04_Validate_OnDemandLink_NavigateTo_OnDemandPage_StandardUser
      </td>
  <td class="duration">
    30.897s
  </td>
  <td class="result">
        
          <i>Method arguments: </i><span class="arguments">{CardNumber=, mac_CID=, security_question=, Devicenickname=, zipcode_fID=, Account_Type=, invalidLastname=, invalidPassword=, SecurityQuestion=, lastname_fp=, password=, security_answer=, Account_pom=, invalidMAC=, Zipcode=, Relogin_UserID=, Operatingsystem=, invalidEmail=, SecurityAnswer=, couponNumber=, NewRole=, UserPassword=Testing01, City=, selectUser=, PC_Unratedcontent=, ACnumber=, Relogin_Password=, charterID=, lastname=, lastname_fID=, Zipcode_fp=, State=, firstname_CID=, zipcode_CID=, ParentalControl_TV=, mac_fID=, invalidSecurityAns=, address_CID=, ParentalControl_Unratedcontent=, Message=, ParentalControl_Movie=, TestCaseId=TH04_Validate_OnDemandLink_NavigateTo_OnDemandPage_StandardUser, PC_TV=, Password1=, searchkey=, invalidZipcode=, lastname_CID=, fLinked_CharterID=, ExpDate=, UserID=tdr33011, CardType=, UserID1=, address_fID=, CharterID_fp=, invalidAddress=, email=, AccountNumberVerify=, LegacySiteURL=, accountnumber=, FutureDate=, Address2=, Mobilephone=, PC_Movie=, Account_DVRcontrol=, Address1=, hohuser=, ConfirmPassword=, routingnumber=, ContactEmail=, SelectDate=, ExpYear=}</span><br />
    
            <div class="testOutput">
                        <<<*** END: Home.TH04_Validate_OnDemandLink_NavigateTo_OnDemandPage_StandardUser ***>>> <br/>
                                =====================================================================================<br/>
                                Test Passed :com.charter.test.Home.TH04_Validate_OnDemandLink_NavigateTo_OnDemandPage_StandardUser, Took 30 seconds<br/>
                  </div>
    

      </td>
</tr>
<tr>
  <td class="method">
                  TH05_Validate_GetSupportLink_NavigateTo_GetSupportPage_HOHuser
      </td>
  <td class="duration">
    41.991s
  </td>
  <td class="result">
        
          <i>Method arguments: </i><span class="arguments">{CardNumber=, mac_CID=, security_question=, Devicenickname=, zipcode_fID=, Account_Type=, invalidLastname=, invalidPassword=, SecurityQuestion=, lastname_fp=, password=, security_answer=, Account_pom=, invalidMAC=, Zipcode=, Relogin_UserID=, Operatingsystem=, invalidEmail=, SecurityAnswer=, couponNumber=, NewRole=, UserPassword=Testing01, City=, selectUser=, PC_Unratedcontent=, ACnumber=, Relogin_Password=, charterID=, lastname=, lastname_fID=, Zipcode_fp=, State=, firstname_CID=, zipcode_CID=, ParentalControl_TV=, mac_fID=, invalidSecurityAns=, address_CID=, ParentalControl_Unratedcontent=, Message=, ParentalControl_Movie=, TestCaseId=TH05_Validate_GetSupportLink_NavigateTo_GetSupportPage_HOHuser, PC_TV=, Password1=, searchkey=, invalidZipcode=, lastname_CID=, fLinked_CharterID=, ExpDate=, UserID=e2e5004, CardType=, UserID1=, address_fID=, CharterID_fp=, invalidAddress=, email=, AccountNumberVerify=, LegacySiteURL=, accountnumber=, FutureDate=, Address2=, Mobilephone=, PC_Movie=, Account_DVRcontrol=, Address1=, hohuser=, ConfirmPassword=, routingnumber=, ContactEmail=, SelectDate=, ExpYear=}</span><br />
    
            <div class="testOutput">
                        <<<*** END: Home.TH05_Validate_GetSupportLink_NavigateTo_GetSupportPage_HOHuser ***>>> <br/>
                                =====================================================================================<br/>
                                Test Passed :com.charter.test.Home.TH05_Validate_GetSupportLink_NavigateTo_GetSupportPage_HOHuser, Took 41 seconds<br/>
                  </div>
    

      </td>
</tr>
<tr>
  <td class="method">
                  TH07_Validate_WatchAnywhere_LiveTVTab_HOHuser
      </td>
  <td class="duration">
    21.369s
  </td>
  <td class="result">
        
          <i>Method arguments: </i><span class="arguments">{CardNumber=, mac_CID=, security_question=, Devicenickname=, zipcode_fID=, Account_Type=, invalidLastname=, invalidPassword=, SecurityQuestion=, lastname_fp=, password=, security_answer=, Account_pom=, invalidMAC=, Zipcode=, Relogin_UserID=, Operatingsystem=, invalidEmail=, SecurityAnswer=, couponNumber=, NewRole=, UserPassword=Testing01, City=, selectUser=, PC_Unratedcontent=, ACnumber=, Relogin_Password=, charterID=, lastname=, lastname_fID=, Zipcode_fp=, State=, firstname_CID=, zipcode_CID=, ParentalControl_TV=, mac_fID=, invalidSecurityAns=, address_CID=, ParentalControl_Unratedcontent=, Message=, ParentalControl_Movie=, TestCaseId=TH07_Validate_WatchAnywhere_LiveTVTab_HOHuser, PC_TV=, Password1=, searchkey=, invalidZipcode=, lastname_CID=, fLinked_CharterID=, ExpDate=, UserID=e2e5004, CardType=, UserID1=, address_fID=, CharterID_fp=, invalidAddress=, email=, AccountNumberVerify=, LegacySiteURL=, accountnumber=, FutureDate=, Address2=, Mobilephone=, PC_Movie=, Account_DVRcontrol=, Address1=, hohuser=, ConfirmPassword=, routingnumber=, ContactEmail=, SelectDate=, ExpYear=}</span><br />
    
            <div class="testOutput">
                        Expected value: Watch Anywhere Actual value: Watch Anywhere - PASSED : Watch Anywhere Option for Live TV Tab<br/>
                                <<<*** END: Home.TH07_Validate_WatchAnywhere_LiveTVTab_HOHuser ***>>> <br/>
                                =====================================================================================<br/>
                                Test Passed :com.charter.test.Home.TH07_Validate_WatchAnywhere_LiveTVTab_HOHuser, Took 21 seconds<br/>
                  </div>
    

      </td>
</tr>
<tr>
  <td class="method">
                  TH08_Validate_WatchAnywhere_OnDemandTab_HOHuser
      </td>
  <td class="duration">
    21.263s
  </td>
  <td class="result">
        
          <i>Method arguments: </i><span class="arguments">{CardNumber=, mac_CID=, security_question=, Devicenickname=, zipcode_fID=, Account_Type=, invalidLastname=, invalidPassword=, SecurityQuestion=, lastname_fp=, password=, security_answer=, Account_pom=, invalidMAC=, Zipcode=, Relogin_UserID=, Operatingsystem=, invalidEmail=, SecurityAnswer=, couponNumber=, NewRole=, UserPassword=Testing01, City=, selectUser=, PC_Unratedcontent=, ACnumber=, Relogin_Password=, charterID=, lastname=, lastname_fID=, Zipcode_fp=, State=, firstname_CID=, zipcode_CID=, ParentalControl_TV=, mac_fID=, invalidSecurityAns=, address_CID=, ParentalControl_Unratedcontent=, Message=, ParentalControl_Movie=, TestCaseId=TH08_Validate_WatchAnywhere_OnDemandTab_HOHuser, PC_TV=, Password1=, searchkey=, invalidZipcode=, lastname_CID=, fLinked_CharterID=, ExpDate=, UserID=e2e5004, CardType=, UserID1=, address_fID=, CharterID_fp=, invalidAddress=, email=, AccountNumberVerify=, LegacySiteURL=, accountnumber=, FutureDate=, Address2=, Mobilephone=, PC_Movie=, Account_DVRcontrol=, Address1=, hohuser=, ConfirmPassword=, routingnumber=, ContactEmail=, SelectDate=, ExpYear=}</span><br />
    
            <div class="testOutput">
                        Expected value: Watch Anywhere Actual value: Watch Anywhere - PASSED : Watch Anywhere Option for OnDemand Tab<br/>
                                <<<*** END: Home.TH08_Validate_WatchAnywhere_OnDemandTab_HOHuser ***>>> <br/>
                                =====================================================================================<br/>
                                Test Passed :com.charter.test.Home.TH08_Validate_WatchAnywhere_OnDemandTab_HOHuser, Took 21 seconds<br/>
                  </div>
    

      </td>
</tr>
<tr>
  <td class="method">
                  TH09_Validate_WatchAnywhere_NetworkTab_HOHuser
      </td>
  <td class="duration">
    20.543s
  </td>
  <td class="result">
        
          <i>Method arguments: </i><span class="arguments">{CardNumber=, mac_CID=, security_question=, Devicenickname=, zipcode_fID=, Account_Type=, invalidLastname=, invalidPassword=, SecurityQuestion=, lastname_fp=, password=, security_answer=, Account_pom=, invalidMAC=, Zipcode=, Relogin_UserID=, Operatingsystem=, invalidEmail=, SecurityAnswer=, couponNumber=, NewRole=, UserPassword=Testing01, City=, selectUser=, PC_Unratedcontent=, ACnumber=, Relogin_Password=, charterID=, lastname=, lastname_fID=, Zipcode_fp=, State=, firstname_CID=, zipcode_CID=, ParentalControl_TV=, mac_fID=, invalidSecurityAns=, address_CID=, ParentalControl_Unratedcontent=, Message=, ParentalControl_Movie=, TestCaseId=TH09_Validate_WatchAnywhere_NetworkTab_HOHuser, PC_TV=, Password1=, searchkey=, invalidZipcode=, lastname_CID=, fLinked_CharterID=, ExpDate=, UserID=e2e5004, CardType=, UserID1=, address_fID=, CharterID_fp=, invalidAddress=, email=, AccountNumberVerify=, LegacySiteURL=, accountnumber=, FutureDate=, Address2=, Mobilephone=, PC_Movie=, Account_DVRcontrol=, Address1=, hohuser=, ConfirmPassword=, routingnumber=, ContactEmail=, SelectDate=, ExpYear=}</span><br />
    
            <div class="testOutput">
                        Expected value: Watch Anywhere Actual value: Watch Anywhere - PASSED : Watch Anywhere Option for OnDemand Tab<br/>
                                <<<*** END: Home.TH09_Validate_WatchAnywhere_NetworkTab_HOHuser ***>>> <br/>
                                =====================================================================================<br/>
                                Test Passed :com.charter.test.Home.TH09_Validate_WatchAnywhere_NetworkTab_HOHuser, Took 20 seconds<br/>
                  </div>
    

      </td>
</tr>
<tr>
  <td class="method">
                  TH12_Validate_HomePage_EmailIcon_HOHuser
      </td>
  <td class="duration">
    32.311s
  </td>
  <td class="result">
        
          <i>Method arguments: </i><span class="arguments">{LegacySiteURL=, UserID=e2e5033, UserID1=, TestCaseId=TH12_Validate_HomePage_EmailIcon_HOHuser, UserPassword=Testing01}</span><br />
    
            <div class="testOutput">
                        <<<*** END: Home.TH12_Validate_HomePage_EmailIcon_HOHuser ***>>> <br/>
                                =====================================================================================<br/>
                                Test Passed :com.charter.test.Home.TH12_Validate_HomePage_EmailIcon_HOHuser, Took 32 seconds<br/>
                  </div>
    

      </td>
</tr>
<tr>
  <td class="method">
                  TH13_Validate_HomePage_VoicemailIcon_HOHuser
      </td>
  <td class="duration">
    20.464s
  </td>
  <td class="result">
        
          <i>Method arguments: </i><span class="arguments">{LegacySiteURL=, UserID=TDR33001, UserID1=, TestCaseId=TH13_Validate_HomePage_VoicemailIcon_HOHuser, UserPassword=Testing01}</span><br />
    
            <div class="testOutput">
                        <<<*** END: Home.TH13_Validate_HomePage_VoicemailIcon_HOHuser ***>>> <br/>
                                =====================================================================================<br/>
                                Test Passed :com.charter.test.Home.TH13_Validate_HomePage_VoicemailIcon_HOHuser, Took 20 seconds<br/>
                  </div>
    

      </td>
</tr>
<tr>
  <td class="method">
                  TH17_Validate_WatchTV_NavigateTo_WatchTVOverviewPage_HOHUser
      </td>
  <td class="duration">
    36.823s
  </td>
  <td class="result">
        
          <i>Method arguments: </i><span class="arguments">{LegacySiteURL=, UserID=e2e5024, UserID1=, TestCaseId=TH17_Validate_WatchTV_NavigateTo_WatchTVOverviewPage_HOHUser, UserPassword=Testing01}</span><br />
    
            <div class="testOutput">
                        <<<*** END: Home.TH17_Validate_WatchTV_NavigateTo_WatchTVOverviewPage_HOHUser ***>>> <br/>
                                =====================================================================================<br/>
                                Test Passed :com.charter.test.Home.TH17_Validate_WatchTV_NavigateTo_WatchTVOverviewPage_HOHUser, Took 36 seconds<br/>
                  </div>
    

      </td>
</tr>
<tr>
  <td class="method">
                  TH19_Validate_Support_NavigateTo_SupportPage_HOHUser
      </td>
  <td class="duration">
    26.328s
  </td>
  <td class="result">
        
          <i>Method arguments: </i><span class="arguments">{LegacySiteURL=, UserID=e2e5024, UserID1=, TestCaseId=TH19_Validate_Support_NavigateTo_SupportPage_HOHUser, UserPassword=Testing01}</span><br />
    
            <div class="testOutput">
                        <<<*** END: Home.TH19_Validate_Support_NavigateTo_SupportPage_HOHUser ***>>> <br/>
                                =====================================================================================<br/>
                                Test Passed :com.charter.test.Home.TH19_Validate_Support_NavigateTo_SupportPage_HOHUser, Took 26 seconds<br/>
                  </div>
    

      </td>
</tr>
<tr>
  <td class="method">
                  TH20_Validate_HomePage_StaticBanner_HOHuser
      </td>
  <td class="duration">
    22.642s
  </td>
  <td class="result">
        
          <i>Method arguments: </i><span class="arguments">{LegacySiteURL=, UserID=e2e5004, UserID1=, TestCaseId=TH20_Validate_HomePage_StaticBanner_HOHuser, UserPassword=Testing01}</span><br />
    
            <div class="testOutput">
                        <<<*** END: Home.TH20_Validate_HomePage_StaticBanner_HOHuser ***>>> <br/>
                                =====================================================================================<br/>
                                Test Passed :com.charter.test.Home.TH20_Validate_HomePage_StaticBanner_HOHuser, Took 22 seconds<br/>
                  </div>
    

      </td>
</tr>
<tr>
  <td class="method">
                  TH22_Validate_HomePage_Without_Login
      </td>
  <td class="duration">
    3.518s
  </td>
  <td class="result">
        
    
            <div class="testOutput">
                        <<<*** END: Home.TH22_Validate_HomePage_Without_Login ***>>> <br/>
                                =====================================================================================<br/>
                                Test Passed :com.charter.test.Home.TH22_Validate_HomePage_Without_Login, Took 3 seconds<br/>
                  </div>
    

      </td>
</tr>
          <tr>
        <td colspan="3" class="group">com.charter.test.Login</td>
      </tr>
            
<tr>
  <td class="method">
                  TL02_Validate_ChaterInvalidLogin
      </td>
  <td class="duration">
    33.031s
  </td>
  <td class="result">
        
          <i>Method arguments: </i><span class="arguments">{CardNumber=, mac_CID=, security_question=, Devicenickname=, zipcode_fID=, Account_Type=, invalidLastname=, invalidPassword=, SecurityQuestion=, lastname_fp=, password=, security_answer=, Account_pom=, invalidMAC=, Zipcode=, Relogin_UserID=, Operatingsystem=, invalidEmail=, SecurityAnswer=, couponNumber=, NewRole=, UserPassword=feff, City=, selectUser=, PC_Unratedcontent=, ACnumber=, Relogin_Password=, charterID=, lastname=, lastname_fID=, Zipcode_fp=, State=, firstname_CID=, zipcode_CID=, ParentalControl_TV=, mac_fID=, invalidSecurityAns=, address_CID=, ParentalControl_Unratedcontent=, Message=, ParentalControl_Movie=, TestCaseId=TL02_Validate_ChaterInvalidLogin, PC_TV=, Password1=, searchkey=, invalidZipcode=, lastname_CID=, fLinked_CharterID=, ExpDate=, UserID=fef, CardType=, UserID1=, address_fID=, CharterID_fp=, invalidAddress=, email=, AccountNumberVerify=, LegacySiteURL=, accountnumber=, FutureDate=, Statement=, Address2=, Mobilephone=, PC_Movie=, Account_DVRcontrol=, Address1=, hohuser=, ConfirmPassword=, routingnumber=, ContactEmail=, SelectDate=, ExpYear=}</span><br />
    
            <div class="testOutput">
                        <<<*** END: Login.TL02_Validate_ChaterInvalidLogin ***>>> <br/>
                                =====================================================================================<br/>
                                Test Passed :com.charter.test.Login.TL02_Validate_ChaterInvalidLogin, Took 33 seconds<br/>
                  </div>
    

      </td>
</tr>
          <tr>
        <td colspan="3" class="group">com.charter.test.MyAccount</td>
      </tr>
            
<tr>
  <td class="method">
                  TC01_Validate_OverviewPageHeaders_HOHUser
      </td>
  <td class="duration">
    27.586s
  </td>
  <td class="result">
        
          <i>Method arguments: </i><span class="arguments">{UserID=e2e5020, UserID1=, TestCaseId=TC01_Validate_OverviewPageHeaders_HOHUser, UserPassword=Testing01}</span><br />
    
            <div class="testOutput">
                        Expected value: Billing Actual value: Billing - PASSED : BTSection<br/>
                                <<<*** END: MyAccount.TC01_Validate_OverviewPageHeaders_HOHUser ***>>> <br/>
                                =====================================================================================<br/>
                                Test Passed :com.charter.test.MyAccount.TC01_Validate_OverviewPageHeaders_HOHUser, Took 27 seconds<br/>
                  </div>
    

      </td>
</tr>
<tr>
  <td class="method">
                  TC02_Validate_BillingandTransactionSection_HOHUser
      </td>
  <td class="duration">
    39.026s
  </td>
  <td class="result">
        
          <i>Method arguments: </i><span class="arguments">{UserID=e2e5016, UserID1=, TestCaseId=TC02_Validate_BillingandTransactionSection_HOHUser, UserPassword=Testing01}</span><br />
    
            <div class="testOutput">
                        <<<*** END: MyAccount.TC02_Validate_BillingandTransactionSection_HOHUser ***>>> <br/>
                                =====================================================================================<br/>
                                Test Passed :com.charter.test.MyAccount.TC02_Validate_BillingandTransactionSection_HOHUser, Took 39 seconds<br/>
                  </div>
    

      </td>
</tr>
<tr>
  <td class="method">
                  TC03_Validate_AskCharterWidget_HOHUser
      </td>
  <td class="duration">
    32.126s
  </td>
  <td class="result">
        
          <i>Method arguments: </i><span class="arguments">{CardNumber=, mac_CID=, zipcode_fID=, invalidLastname=, invalidPassword=, TestCaseId=TC03_Validate_AskCharterWidget_HOHUser, lastname_fp=, invalidZipcode=, lastname_CID=, fLinked_CharterID=, ExpDate=, UserID=e2e5023, CardType=, invalidMAC=, UserID1=, address_fID=, CharterID_fp=, invalidAddress=, invalidEmail=, AccountNumberVerify=, LegacySiteURL=, FutureDate=, UserPassword=Testing01, ACnumber=, hohuser=, lastname=, lastname_fID=, Zipcode_fp=, firstname_CID=, zipcode_CID=, SelectDate=, mac_fID=, invalidSecurityAns=, ExpYear=, address_CID=}</span><br />
    
            <div class="testOutput">
                        <<<*** END: MyAccount.TC03_Validate_AskCharterWidget_HOHUser ***>>> <br/>
                                =====================================================================================<br/>
                                Test Passed :com.charter.test.MyAccount.TC03_Validate_AskCharterWidget_HOHUser, Took 32 seconds<br/>
                  </div>
    

      </td>
</tr>
<tr>
  <td class="method">
                  TC13_Validate_OverviewPage_AvatarImagesViewProfile_HOHUser
      </td>
  <td class="duration">
    37.832s
  </td>
  <td class="result">
        
          <i>Method arguments: </i><span class="arguments">{CardNumber=, mac_CID=, zipcode_fID=, invalidPassword=, TestCaseId=TC13_Validate_OverviewPage_AvatarImagesViewProfile_HOHUser, lastname_fp=, invalidZipcode=, lastname_CID=, fLinked_CharterID=, ExpDate=, UserID=e2e5023, CardType=, UserID1=, address_fID=, CharterID_fp=, AccountNumberVerify=, LegacySiteURL=, FutureDate=, UserPassword=Testing01, ACnumber=, hohuser=, lastname_fID=, Zipcode_fp=, firstname_CID=, zipcode_CID=, SelectDate=, mac_fID=, ExpYear=, address_CID=}</span><br />
    
            <div class="testOutput">
                        <<<*** END: MyAccount.TC13_Validate_OverviewPage_AvatarImagesViewProfile_HOHUser ***>>> <br/>
                                =====================================================================================<br/>
                                Test Passed :com.charter.test.MyAccount.TC13_Validate_OverviewPage_AvatarImagesViewProfile_HOHUser, Took 37 seconds<br/>
                  </div>
    

      </td>
</tr>
<tr>
  <td class="method">
                  TC14_Validate_OverviewPage_NickNameLink_NavigationTo_TVServices
      </td>
  <td class="duration">
    42.077s
  </td>
  <td class="result">
        
          <i>Method arguments: </i><span class="arguments">{CardNumber=, mac_CID=, security_question=, zipcode_fID=, Account_Type=, invalidLastname=, invalidPassword=, lastname_fp=, password=, security_answer=, Account_pom=, invalidMAC=, Zipcode=, invalidEmail=, NewRole=, UserPassword=Testing01, City=, selectUser=, ACnumber=, charterID=, lastname=, lastname_fID=, Zipcode_fp=, State=, firstname_CID=, zipcode_CID=, ParentalControl_TV=, mac_fID=, invalidSecurityAns=, address_CID=, ParentalControl_Unratedcontent=, ParentalControl_Movie=, TestCaseId=TC14_Validate_OverviewPage_NickNameLink_NavigationTo_TVServices, PC_TV=, invalidZipcode=, lastname_CID=, fLinked_CharterID=, ExpDate=, UserID=e2e5020, CardType=, UserID1=, address_fID=, CharterID_fp=, invalidAddress=, email=, AccountNumberVerify=, LegacySiteURL=, FutureDate=, Address2=, Mobilephone=, Account_DVRcontrol=, Address1=, hohuser=, SelectDate=, ExpYear=}</span><br />
    
            <div class="testOutput">
                        <<<*** END: MyAccount.TC14_Validate_OverviewPage_NickNameLink_NavigationTo_TVServices ***>>> <br/>
                                =====================================================================================<br/>
                                Test Passed :com.charter.test.MyAccount.TC14_Validate_OverviewPage_NickNameLink_NavigationTo_TVServices, Took 42 seconds<br/>
                  </div>
    

      </td>
</tr>
<tr>
  <td class="method">
                  TC16_Validate_OverviewPage_CheckEmailLink_NavigationTo_Webmail
      </td>
  <td class="duration">
    28.705s
  </td>
  <td class="result">
        
          <i>Method arguments: </i><span class="arguments">{CardNumber=, mac_CID=, security_question=, Devicenickname=, zipcode_fID=, Account_Type=, invalidLastname=, invalidPassword=, SecurityQuestion=, lastname_fp=, password=, security_answer=, Account_pom=, invalidMAC=, Zipcode=, Relogin_UserID=, Operatingsystem=, invalidEmail=, SecurityAnswer=, couponNumber=, NewRole=, UserPassword=Testing01, City=, selectUser=, PC_Unratedcontent=, ACnumber=, Relogin_Password=, charterID=, lastname=, lastname_fID=, Zipcode_fp=, State=, firstname_CID=, zipcode_CID=, ParentalControl_TV=, mac_fID=, invalidSecurityAns=, address_CID=, ParentalControl_Unratedcontent=, Message=, ParentalControl_Movie=, TestCaseId=TC16_Validate_OverviewPage_CheckEmailLink_NavigationTo_Webmail, PC_TV=, Password1=, searchkey=, invalidZipcode=, lastname_CID=, fLinked_CharterID=, ExpDate=, UserID=e2e5020, CardType=, UserID1=, address_fID=, CharterID_fp=, invalidAddress=, email=, AccountNumberVerify=, LegacySiteURL=, accountnumber=, FutureDate=, Address2=, Mobilephone=, PC_Movie=, Account_DVRcontrol=, Address1=, hohuser=, ConfirmPassword=, routingnumber=, ContactEmail=, SelectDate=, ExpYear=}</span><br />
    
            <div class="testOutput">
                        <<<*** END: MyAccount.TC16_Validate_OverviewPage_CheckEmailLink_NavigationTo_Webmail ***>>> <br/>
                                =====================================================================================<br/>
                                Test Passed :com.charter.test.MyAccount.TC16_Validate_OverviewPage_CheckEmailLink_NavigationTo_Webmail, Took 28 seconds<br/>
                  </div>
    

      </td>
</tr>
<tr>
  <td class="method">
                  TC18_Validate_OverviewPage_ServiceEquipmentPanel_Stduser
      </td>
  <td class="duration">
    31.439s
  </td>
  <td class="result">
        
          <i>Method arguments: </i><span class="arguments">{CardNumber=, mac_CID=, security_question=, zipcode_fID=, invalidLastname=, invalidPassword=, lastname_fp=, password=, security_answer=, invalidMAC=, Zipcode=, invalidEmail=, UserPassword=Testing01, City=, ACnumber=, charterID=, lastname=, lastname_fID=, Zipcode_fp=, State=, firstname_CID=, zipcode_CID=, ParentalControl_TV=, mac_fID=, invalidSecurityAns=, address_CID=, ParentalControl_Unratedcontent=, ParentalControl_Movie=, TestCaseId=TC18_Validate_OverviewPage_ServiceEquipmentPanel_Stduser, invalidZipcode=, lastname_CID=, fLinked_CharterID=, ExpDate=, UserID=e2e5002, CardType=, UserID1=, address_fID=, CharterID_fp=, invalidAddress=, email=, AccountNumberVerify=, LegacySiteURL=, FutureDate=, Address2=, Mobilephone=, Address1=, hohuser=, SelectDate=, ExpYear=}</span><br />
    
            <div class="testOutput">
                        <<<*** END: MyAccount.TC18_Validate_OverviewPage_ServiceEquipmentPanel_Stduser ***>>> <br/>
                                =====================================================================================<br/>
                                Test Passed :com.charter.test.MyAccount.TC18_Validate_OverviewPage_ServiceEquipmentPanel_Stduser, Took 31 seconds<br/>
                  </div>
    

      </td>
</tr>
<tr>
  <td class="method">
                  TC39_Validate_BillingAndTransactionPage_AskCharterWidget_HOHUser
      </td>
  <td class="duration">
    36.366s
  </td>
  <td class="result">
        
          <i>Method arguments: </i><span class="arguments">{CardNumber=, mac_CID=, zipcode_fID=, invalidLastname=, invalidPassword=, TestCaseId=TC39_Validate_BillingAndTransactionPage_AskCharterWidget_HOHUser, lastname_fp=, invalidZipcode=, lastname_CID=, fLinked_CharterID=, ExpDate=, UserID=e2e5020, CardType=, invalidMAC=, UserID1=, address_fID=, CharterID_fp=, invalidAddress=, invalidEmail=, AccountNumberVerify=, LegacySiteURL=, FutureDate=, UserPassword=Testing01, ACnumber=, hohuser=, lastname=, lastname_fID=, Zipcode_fp=, firstname_CID=, zipcode_CID=, SelectDate=, mac_fID=, invalidSecurityAns=, ExpYear=, address_CID=}</span><br />
    
            <div class="testOutput">
                        <<<*** END: MyAccount.TC39_Validate_BillingAndTransactionPage_AskCharterWidget_HOHUser ***>>> <br/>
                                =====================================================================================<br/>
                                Test Passed :com.charter.test.MyAccount.TC39_Validate_BillingAndTransactionPage_AskCharterWidget_HOHUser, Took 36 seconds<br/>
                  </div>
    

      </td>
</tr>
<tr>
  <td class="method">
                  TC43_Validate_TVServicesPage_AskCharterWidget_HOHUser
      </td>
  <td class="duration">
    31.352s
  </td>
  <td class="result">
        
          <i>Method arguments: </i><span class="arguments">{CardNumber=, mac_CID=, zipcode_fID=, invalidLastname=, invalidPassword=, TestCaseId=TC43_Validate_TVServicesPage_AskCharterWidget_HOHUser, lastname_fp=, invalidZipcode=, lastname_CID=, fLinked_CharterID=, ExpDate=, UserID=e2e5020, CardType=, invalidMAC=, UserID1=, address_fID=, CharterID_fp=, invalidAddress=, invalidEmail=, AccountNumberVerify=, LegacySiteURL=, FutureDate=, UserPassword=Testing01, ACnumber=, hohuser=, lastname=, lastname_fID=, Zipcode_fp=, firstname_CID=, zipcode_CID=, SelectDate=, mac_fID=, invalidSecurityAns=, ExpYear=, address_CID=}</span><br />
    
            <div class="testOutput">
                        <<<*** END: MyAccount.TC43_Validate_TVServicesPage_AskCharterWidget_HOHUser ***>>> <br/>
                                =====================================================================================<br/>
                                Test Passed :com.charter.test.MyAccount.TC43_Validate_TVServicesPage_AskCharterWidget_HOHUser, Took 31 seconds<br/>
                  </div>
    

      </td>
</tr>
<tr>
  <td class="method">
                  TC49_Validate_InternetServicesPage_AskCharterWidget_HOHUser
      </td>
  <td class="duration">
    29.972s
  </td>
  <td class="result">
        
          <i>Method arguments: </i><span class="arguments">{CardNumber=, mac_CID=, zipcode_fID=, invalidLastname=, invalidPassword=, TestCaseId=TC49_Validate_InternetServicesPage_AskCharterWidget_HOHUser, lastname_fp=, invalidZipcode=, lastname_CID=, fLinked_CharterID=, ExpDate=, UserID=e2e5020, CardType=, invalidMAC=, UserID1=, address_fID=, CharterID_fp=, invalidAddress=, invalidEmail=, AccountNumberVerify=, LegacySiteURL=, FutureDate=, UserPassword=Testing01, ACnumber=, hohuser=, lastname=, lastname_fID=, Zipcode_fp=, firstname_CID=, zipcode_CID=, SelectDate=, mac_fID=, invalidSecurityAns=, ExpYear=, address_CID=}</span><br />
    
            <div class="testOutput">
                        <<<*** END: MyAccount.TC49_Validate_InternetServicesPage_AskCharterWidget_HOHUser ***>>> <br/>
                                =====================================================================================<br/>
                                Test Passed :com.charter.test.MyAccount.TC49_Validate_InternetServicesPage_AskCharterWidget_HOHUser, Took 29 seconds<br/>
                  </div>
    

      </td>
</tr>
<tr>
  <td class="method">
                  TC51_Validate_InternetServicesPage_CharterEmailLink_NavigateTo_ChaterEmail_HOHUser
      </td>
  <td class="duration">
    28.915s
  </td>
  <td class="result">
        
          <i>Method arguments: </i><span class="arguments">{LegacySiteURL=, UserID=e2e5016, UserID1=, TestCaseId=TC51_Validate_InternetServicesPage_CharterEmailLink_NavigateTo_ChaterEmail_HOHUser, UserPassword=Testing01}</span><br />
    
            <div class="testOutput">
                        <<<*** END: MyAccount.TC51_Validate_InternetServicesPage_CharterEmailLink_NavigateTo_ChaterEmail_HOHUser ***>>> <br/>
                                =====================================================================================<br/>
                                Test Passed :com.charter.test.MyAccount.TC51_Validate_InternetServicesPage_CharterEmailLink_NavigateTo_ChaterEmail_HOHUser, Took 28 seconds<br/>
                  </div>
    

      </td>
</tr>
<tr>
  <td class="method">
                  TC52_Validate_InternetServicesPage_CharterSecurityLink_NavigateTo_CharterSecurityPage_HOHUser
      </td>
  <td class="duration">
    25.572s
  </td>
  <td class="result">
        
          <i>Method arguments: </i><span class="arguments">{LegacySiteURL=, UserID=e2e5023, UserID1=, TestCaseId=TC52_Validate_InternetServicesPage_CharterSecurityLink_NavigateTo_CharterSecurityPage_HOHUser, UserPassword=Testing01}</span><br />
    
            <div class="testOutput">
                        <<<*** END: MyAccount.TC52_Validate_InternetServicesPage_CharterSecurityLink_NavigateTo_CharterSecurityPage_HOHUser ***>>> <br/>
                                =====================================================================================<br/>
                                Test Passed :com.charter.test.MyAccount.TC52_Validate_InternetServicesPage_CharterSecurityLink_NavigateTo_CharterSecurityPage_HOHUser, Took 25 seconds<br/>
                  </div>
    

      </td>
</tr>
<tr>
  <td class="method">
                  TC54_Validate_VoiceServicesPage_Navigation_AndVerifyHeaderLinks
      </td>
  <td class="duration">
    32.410s
  </td>
  <td class="result">
        
          <i>Method arguments: </i><span class="arguments">{CardNumber=, mac_CID=, security_question=, Devicenickname=, zipcode_fID=, Account_Type=, invalidLastname=, invalidPassword=, SecurityQuestion=, lastname_fp=, password=, security_answer=, Account_pom=, invalidMAC=, Zipcode=, Relogin_UserID=, Operatingsystem=, invalidEmail=, SecurityAnswer=, couponNumber=, NewRole=, UserPassword=Testing01, City=, selectUser=, PC_Unratedcontent=, ACnumber=, Relogin_Password=, charterID=, lastname=, lastname_fID=, Zipcode_fp=, State=, firstname_CID=, zipcode_CID=, ParentalControl_TV=, mac_fID=, invalidSecurityAns=, address_CID=, ParentalControl_Unratedcontent=, Message=, ParentalControl_Movie=, TestCaseId=TC54_Validate_VoiceServicesPage_Navigation_AndVerifyHeaderLinks, PC_TV=, Password1=, searchkey=, invalidZipcode=, lastname_CID=, fLinked_CharterID=, ExpDate=, UserID=e2e5020, CardType=, UserID1=, address_fID=, CharterID_fp=, invalidAddress=, email=, AccountNumberVerify=, LegacySiteURL=, accountnumber=, FutureDate=, Address2=, Mobilephone=, PC_Movie=, Account_DVRcontrol=, Address1=, hohuser=, ConfirmPassword=, routingnumber=, ContactEmail=, SelectDate=, ExpYear=}</span><br />
    
            <div class="testOutput">
                        <<<*** END: MyAccount.TC54_Validate_VoiceServicesPage_Navigation_AndVerifyHeaderLinks ***>>> <br/>
                                =====================================================================================<br/>
                                Test Passed :com.charter.test.MyAccount.TC54_Validate_VoiceServicesPage_Navigation_AndVerifyHeaderLinks, Took 32 seconds<br/>
                  </div>
    

      </td>
</tr>
<tr>
  <td class="method">
                  TC57_Validate_VoiceServicesPage_AskCharterWidget_HOHUser
      </td>
  <td class="duration">
    31.722s
  </td>
  <td class="result">
        
          <i>Method arguments: </i><span class="arguments">{CardNumber=, mac_CID=, security_question=, Devicenickname=, zipcode_fID=, Account_Type=, invalidLastname=, invalidPassword=, SecurityQuestion=, lastname_fp=, password=, security_answer=, Account_pom=, invalidMAC=, Zipcode=, Relogin_UserID=, Operatingsystem=, invalidEmail=, SecurityAnswer=, couponNumber=, NewRole=, UserPassword=Testing01, City=, selectUser=, PC_Unratedcontent=, ACnumber=, Relogin_Password=, charterID=, lastname=, lastname_fID=, Zipcode_fp=, State=, firstname_CID=, zipcode_CID=, ParentalControl_TV=, mac_fID=, invalidSecurityAns=, address_CID=, ParentalControl_Unratedcontent=, Message=, ParentalControl_Movie=, TestCaseId=TC57_Validate_VoiceServicesPage_AskCharterWidget_HOHUser, PC_TV=, Password1=, searchkey=, invalidZipcode=, lastname_CID=, fLinked_CharterID=, ExpDate=, UserID=e2e5023, CardType=, UserID1=, address_fID=, CharterID_fp=, invalidAddress=, email=, AccountNumberVerify=, LegacySiteURL=, accountnumber=, FutureDate=, Statement=, Address2=, Mobilephone=, PC_Movie=, Account_DVRcontrol=, Address1=, hohuser=, ConfirmPassword=, routingnumber=, ContactEmail=, SelectDate=, ExpYear=}</span><br />
    
            <div class="testOutput">
                        <<<*** END: MyAccount.TC57_Validate_VoiceServicesPage_AskCharterWidget_HOHUser ***>>> <br/>
                                =====================================================================================<br/>
                                Test Passed :com.charter.test.MyAccount.TC57_Validate_VoiceServicesPage_AskCharterWidget_HOHUser, Took 31 seconds<br/>
                  </div>
    

      </td>
</tr>
          <tr>
        <td colspan="3" class="group">com.charter.test.MyServices</td>
      </tr>
            
<tr>
  <td class="method">
                  TD03_Validate_MyServicesPage_TVNonSubscribedUser_AbleToView_BannerAndSupportVideo
      </td>
  <td class="duration">
    46.974s
  </td>
  <td class="result">
        
          <i>Method arguments: </i><span class="arguments">{CardNumber=, mac_CID=, security_question=, Devicenickname=, zipcode_fID=, Account_Type=, invalidLastname=, invalidPassword=, SecurityQuestion=, lastname_fp=, password=, security_answer=, Account_pom=, invalidMAC=, Zipcode=, Relogin_UserID=, Operatingsystem=, invalidEmail=, SecurityAnswer=, couponNumber=, NewRole=, UserPassword=Testing01, City=, selectUser=, PC_Unratedcontent=, ACnumber=, Relogin_Password=, charterID=, lastname=, lastname_fID=, Zipcode_fp=, State=, firstname_CID=, zipcode_CID=, ParentalControl_TV=, mac_fID=, invalidSecurityAns=, address_CID=, ParentalControl_Unratedcontent=, Message=, ParentalControl_Movie=, TestCaseId=TD03_Validate_MyServicesPage_TVNonSubscribedUser_AbleToView_BannerAndSupportVideo, PC_TV=, Password1=, searchkey=, invalidZipcode=, lastname_CID=, fLinked_CharterID=, ExpDate=, UserID=e2e5002, CardType=, UserID1=, address_fID=, CharterID_fp=, invalidAddress=, email=, AccountNumberVerify=, LegacySiteURL=, accountnumber=, FutureDate=, Address2=, Mobilephone=, PC_Movie=, Account_DVRcontrol=, Address1=, hohuser=, ConfirmPassword=, routingnumber=, ContactEmail=, SelectDate=, ExpYear=}</span><br />
    
            <div class="testOutput">
                        <<<*** END: MyServices.TD03_Validate_MyServicesPage_TVNonSubscribedUser_AbleToView_BannerAndSupportVideo ***>>> <br/>
                                =====================================================================================<br/>
                                Test Passed :com.charter.test.MyServices.TD03_Validate_MyServicesPage_TVNonSubscribedUser_AbleToView_BannerAndSupportVideo, Took 46 seconds<br/>
                  </div>
    

      </td>
</tr>
<tr>
  <td class="method">
                  TD06_Validate_MyServices_TV_Page_UpdateNickname
      </td>
  <td class="duration">
    26.843s
  </td>
  <td class="result">
        
          <i>Method arguments: </i><span class="arguments">{CardNumber=, mac_CID=, security_question=, Devicenickname=STP143, zipcode_fID=, Account_Type=, invalidLastname=, invalidPassword=, SecurityQuestion=, lastname_fp=, password=, security_answer=, Account_pom=, invalidMAC=, Zipcode=, Relogin_UserID=, Operatingsystem=, invalidEmail=, SecurityAnswer=, couponNumber=, NewRole=, UserPassword=Testing01, City=, selectUser=, PC_Unratedcontent=, ACnumber=, Relogin_Password=, charterID=, lastname=, lastname_fID=, Zipcode_fp=, State=, firstname_CID=, zipcode_CID=, ParentalControl_TV=, mac_fID=, invalidSecurityAns=, address_CID=, ParentalControl_Unratedcontent=, Message=, ParentalControl_Movie=, TestCaseId=TD06_Validate_MyServices_TV_Page_UpdateNickname, PC_TV=, Password1=, searchkey=, invalidZipcode=, lastname_CID=, fLinked_CharterID=, ExpDate=, UserID=e2e5023, CardType=, UserID1=, address_fID=, CharterID_fp=, invalidAddress=, email=, AccountNumberVerify=, LegacySiteURL=, accountnumber=, FutureDate=, Address2=, Mobilephone=, PC_Movie=, Account_DVRcontrol=, Address1=, hohuser=, ConfirmPassword=, routingnumber=, ContactEmail=, SelectDate=, ExpYear=}</span><br />
    
            <div class="testOutput">
                        Expected value: STP143 Actual value: STP143 - PASSED : Nick name is not updated in the tv services page<br/>
                                <<<*** END: MyServices.TD06_Validate_MyServices_TV_Page_UpdateNickname ***>>> <br/>
                                =====================================================================================<br/>
                                Test Passed :com.charter.test.MyServices.TD06_Validate_MyServices_TV_Page_UpdateNickname, Took 26 seconds<br/>
                  </div>
    

      </td>
</tr>
<tr>
  <td class="method">
                  TD13_Validate_MyServicesPage_InternetNonSubscribedUser_AbleToView_BannerAndSupportVideo
      </td>
  <td class="duration">
    52.022s
  </td>
  <td class="result">
        
          <i>Method arguments: </i><span class="arguments">{CardNumber=, mac_CID=, security_question=, Devicenickname=, zipcode_fID=, Account_Type=, invalidLastname=, invalidPassword=, SecurityQuestion=, lastname_fp=, password=, security_answer=, Account_pom=, invalidMAC=, Zipcode=, Relogin_UserID=, Operatingsystem=, invalidEmail=, SecurityAnswer=, couponNumber=, NewRole=, UserPassword=Testing01, City=, selectUser=, PC_Unratedcontent=, ACnumber=, Relogin_Password=, charterID=, lastname=, lastname_fID=, Zipcode_fp=, State=, firstname_CID=, zipcode_CID=, ParentalControl_TV=, mac_fID=, invalidSecurityAns=, address_CID=, ParentalControl_Unratedcontent=, Message=, ParentalControl_Movie=, TestCaseId=TD13_Validate_MyServicesPage_InternetNonSubscribedUser_AbleToView_BannerAndSupportVideo, PC_TV=, Password1=, searchkey=, invalidZipcode=, lastname_CID=, fLinked_CharterID=, ExpDate=, UserID=e2e5004, CardType=, UserID1=, address_fID=, CharterID_fp=, invalidAddress=, email=, AccountNumberVerify=, LegacySiteURL=, accountnumber=, FutureDate=, Address2=, Mobilephone=, PC_Movie=, Account_DVRcontrol=, Address1=, hohuser=, ConfirmPassword=, routingnumber=, ContactEmail=, SelectDate=, ExpYear=}</span><br />
    
            <div class="testOutput">
                        <<<*** END: MyServices.TD13_Validate_MyServicesPage_InternetNonSubscribedUser_AbleToView_BannerAndSupportVideo ***>>> <br/>
                                =====================================================================================<br/>
                                Test Passed :com.charter.test.MyServices.TD13_Validate_MyServicesPage_InternetNonSubscribedUser_AbleToView_BannerAndSupportVideo, Took 52 seconds<br/>
                  </div>
    

      </td>
</tr>
<tr>
  <td class="method">
                  TD14_Validate_MyServicesPage_ChaterEmail_NavigateTo_EmailInbox
      </td>
  <td class="duration">
    31.420s
  </td>
  <td class="result">
        
          <i>Method arguments: </i><span class="arguments">{CardNumber=, mac_CID=, zipcode_fID=, invalidPassword=, TestCaseId=TD14_Validate_MyServicesPage_ChaterEmail_NavigateTo_EmailInbox, lastname_fp=, invalidZipcode=, lastname_CID=, fLinked_CharterID=, ExpDate=, UserID=e2e5002, CardType=, UserID1=, address_fID=, CharterID_fp=, AccountNumberVerify=, LegacySiteURL=, FutureDate=, UserPassword=Testing01, ACnumber=, hohuser=, lastname_fID=, Zipcode_fp=, firstname_CID=, zipcode_CID=, SelectDate=, mac_fID=, ExpYear=, address_CID=}</span><br />
    
            <div class="testOutput">
                        <<<*** END: MyServices.TD14_Validate_MyServicesPage_ChaterEmail_NavigateTo_EmailInbox ***>>> <br/>
                                =====================================================================================<br/>
                                Test Passed :com.charter.test.MyServices.TD14_Validate_MyServicesPage_ChaterEmail_NavigateTo_EmailInbox, Took 31 seconds<br/>
                  </div>
    

      </td>
</tr>
<tr>
  <td class="method">
                  TD16_Validate_MyservicesPage_SecuritySuite_NavigateTo_ChaterSecuritySuite
      </td>
  <td class="duration">
    28.295s
  </td>
  <td class="result">
        
          <i>Method arguments: </i><span class="arguments">{CardNumber=, mac_CID=, zipcode_fID=, invalidPassword=, TestCaseId=TD16_Validate_MyservicesPage_SecuritySuite_NavigateTo_ChaterSecuritySuite, lastname_fp=, invalidZipcode=, lastname_CID=, fLinked_CharterID=, ExpDate=, UserID=e2e5002, CardType=, UserID1=, address_fID=, CharterID_fp=, AccountNumberVerify=, LegacySiteURL=, FutureDate=, UserPassword=Testing01, ACnumber=, hohuser=, lastname_fID=, Zipcode_fp=, firstname_CID=, zipcode_CID=, SelectDate=, mac_fID=, ExpYear=, address_CID=}</span><br />
    
            <div class="testOutput">
                        <<<*** END: MyServices.TD16_Validate_MyservicesPage_SecuritySuite_NavigateTo_ChaterSecuritySuite ***>>> <br/>
                                =====================================================================================<br/>
                                Test Passed :com.charter.test.MyServices.TD16_Validate_MyservicesPage_SecuritySuite_NavigateTo_ChaterSecuritySuite, Took 28 seconds<br/>
                  </div>
    

      </td>
</tr>
<tr>
  <td class="method">
                  TD22_Validate_MyServicesPage_VoiceNonSubscribedUser_AbleToView_BannerAndSupportVideo
      </td>
  <td class="duration">
    46.001s
  </td>
  <td class="result">
        
          <i>Method arguments: </i><span class="arguments">{CardNumber=, mac_CID=, security_question=, Devicenickname=, zipcode_fID=, Account_Type=, invalidLastname=, invalidPassword=, SecurityQuestion=, lastname_fp=, password=, security_answer=, Account_pom=, invalidMAC=, Zipcode=, Relogin_UserID=, Operatingsystem=, invalidEmail=, SecurityAnswer=, couponNumber=, NewRole=, UserPassword=Testing01, City=, selectUser=, PC_Unratedcontent=, ACnumber=, Relogin_Password=, charterID=, lastname=, lastname_fID=, Zipcode_fp=, State=, firstname_CID=, zipcode_CID=, ParentalControl_TV=, mac_fID=, invalidSecurityAns=, address_CID=, ParentalControl_Unratedcontent=, Message=, ParentalControl_Movie=, TestCaseId=TD22_Validate_MyServicesPage_VoiceNonSubscribedUser_AbleToView_BannerAndSupportVideo, PC_TV=, Password1=, searchkey=, invalidZipcode=, lastname_CID=, fLinked_CharterID=, ExpDate=, UserID=e2e5002, CardType=, UserID1=, address_fID=, CharterID_fp=, invalidAddress=, email=, AccountNumberVerify=, LegacySiteURL=, accountnumber=, FutureDate=, Address2=, Mobilephone=, PC_Movie=, Account_DVRcontrol=, Address1=, hohuser=, ConfirmPassword=, routingnumber=, ContactEmail=, SelectDate=, ExpYear=}</span><br />
    
            <div class="testOutput">
                        <<<*** END: MyServices.TD22_Validate_MyServicesPage_VoiceNonSubscribedUser_AbleToView_BannerAndSupportVideo ***>>> <br/>
                                =====================================================================================<br/>
                                Test Passed :com.charter.test.MyServices.TD22_Validate_MyServicesPage_VoiceNonSubscribedUser_AbleToView_BannerAndSupportVideo, Took 46 seconds<br/>
                  </div>
    

      </td>
</tr>
<tr>
  <td class="method">
                  TD23_Validate_MyServicesPage_CharterPhoneLink_NavigateTo_PhoneOnlineManagerPage
      </td>
  <td class="duration">
    32.007s
  </td>
  <td class="result">
        
          <i>Method arguments: </i><span class="arguments">{CardNumber=, mac_CID=, zipcode_fID=, invalidPassword=, TestCaseId=TD23_Validate_MyServicesPage_CharterPhoneLink_NavigateTo_PhoneOnlineManagerPage, lastname_fp=, invalidZipcode=, lastname_CID=, fLinked_CharterID=, ExpDate=, UserID=e2e5023, CardType=, UserID1=, address_fID=, CharterID_fp=, AccountNumberVerify=, LegacySiteURL=, FutureDate=, UserPassword=Testing01, ACnumber=, hohuser=, lastname_fID=, Zipcode_fp=, firstname_CID=, zipcode_CID=, SelectDate=, mac_fID=, ExpYear=, address_CID=}</span><br />
    
            <div class="testOutput">
                        <<<*** END: MyServices.TD23_Validate_MyServicesPage_CharterPhoneLink_NavigateTo_PhoneOnlineManagerPage ***>>> <br/>
                                =====================================================================================<br/>
                                Test Passed :com.charter.test.MyServices.TD23_Validate_MyServicesPage_CharterPhoneLink_NavigateTo_PhoneOnlineManagerPage, Took 32 seconds<br/>
                  </div>
    

      </td>
</tr>
<tr>
  <td class="method">
                  TD25_Validate_MyServicesPage_LinksWithLogin
      </td>
  <td class="duration">
    35.652s
  </td>
  <td class="result">
        
          <i>Method arguments: </i><span class="arguments">{CardNumber=, mac_CID=, security_question=, Devicenickname=, zipcode_fID=, Account_Type=, invalidLastname=, invalidPassword=, SecurityQuestion=, lastname_fp=, password=, security_answer=, Account_pom=, invalidMAC=, Zipcode=, Relogin_UserID=, Operatingsystem=, invalidEmail=, SecurityAnswer=, couponNumber=, NewRole=, UserPassword=Testing01, City=, selectUser=, PC_Unratedcontent=, ACnumber=, Relogin_Password=, charterID=, lastname=, lastname_fID=, Zipcode_fp=, State=, firstname_CID=, zipcode_CID=, ParentalControl_TV=, mac_fID=, invalidSecurityAns=, address_CID=, ParentalControl_Unratedcontent=, Message=, ParentalControl_Movie=, TestCaseId=TD25_Validate_MyServicesPage_LinksWithLogin, PC_TV=, Password1=, searchkey=, invalidZipcode=, lastname_CID=, fLinked_CharterID=, ExpDate=, UserID=e2e5023, CardType=, UserID1=, address_fID=, CharterID_fp=, invalidAddress=, email=, AccountNumberVerify=, LegacySiteURL=, accountnumber=, FutureDate=, Address2=, Mobilephone=, PC_Movie=, Account_DVRcontrol=, Address1=, hohuser=, ConfirmPassword=, routingnumber=, ContactEmail=, SelectDate=, ExpYear=}</span><br />
    
            <div class="testOutput">
                        <<<*** END: MyServices.TD25_Validate_MyServicesPage_LinksWithLogin ***>>> <br/>
                                =====================================================================================<br/>
                                Test Passed :com.charter.test.MyServices.TD25_Validate_MyServicesPage_LinksWithLogin, Took 35 seconds<br/>
                  </div>
    

      </td>
</tr>
<tr>
  <td class="method">
                  TD26_Validate_MyServicesPage_LinksWithOutLogin
      </td>
  <td class="duration">
    22.602s
  </td>
  <td class="result">
        
    
            <div class="testOutput">
                        <<<*** END: MyServices.TD26_Validate_MyServicesPage_LinksWithOutLogin ***>>> <br/>
                                =====================================================================================<br/>
                                Test Passed :com.charter.test.MyServices.TD26_Validate_MyServicesPage_LinksWithOutLogin, Took 22 seconds<br/>
                  </div>
    

      </td>
</tr>
      </table>
  
</body>
</html>
