<?xml version="1.0" encoding="UTF-8"?>
<!-- Generated by org.testng.reporters.JUnitXMLReporter -->
<testsuite hostname="PC273975" name="EngProd_Test_june4th2015" tests="22" failures="13" timestamp="10 Jun 2015 07:09:21 GMT" time="1948.402" errors="0">
  <testcase name="TB01_Validate_OTPSchedule_ByDebitCard_HOHUser" time="55.007" classname="com.charter.test.Billpay"/>
  <testcase name="TB02_Validate_OTPSchedule_ByCreditCard_HOHUser" time="57.091" classname="com.charter.test.Billpay"/>
  <testcase name="TB06_Validate_OTPayment_ByCreditCard_AdminUser" time="63.486" classname="com.charter.test.Billpay"/>
  <testcase name="TB06_Validate_OTPayment_ByCreditCard_AdminUser" time="50.916" classname="com.charter.test.Billpay">
    <failure type="org.openqa.selenium.StaleElementReferenceException" message="stale element reference: element is not attached to the page document
  (Session info: chrome=43.0.2357.124)
  (Driver info: chromedriver=2.10.267521,platform=Windows NT 6.1 SP1 x86) (WARNING: The server did not provide any stacktrace information)
Command duration or timeout: 318 milliseconds
For documentation on this error, please visit: http://seleniumhq.org/exceptions/stale_element_reference.html
Build info: version: &amp;apos;2.45.0&amp;apos;, revision: &amp;apos;5017cb8&amp;apos;, time: &amp;apos;2015-02-26 23:59:50&amp;apos;
System info: host: &amp;apos;PC273975&amp;apos;, ip: &amp;apos;10.249.27.217&amp;apos;, os.name: &amp;apos;Windows 7&amp;apos;, os.arch: &amp;apos;x86&amp;apos;, os.version: &amp;apos;6.1&amp;apos;, java.version: &amp;apos;1.7.0&amp;apos;
Session ID: bba818a35f18fb45222ef27db7ca32eb
Driver info: org.openqa.selenium.chrome.ChromeDriver
Capabilities [{platform=XP, acceptSslCerts=true, javascriptEnabled=true, browserName=chrome, chrome={userDataDir=C:\Users\401508\AppData\Local\Temp\scoped_dir3996_30150}, rotatable=false, locationContextEnabled=true, version=43.0.2357.124, takesHeapSnapshot=true, cssSelectorsEnabled=true, databaseEnabled=false, handlesAlerts=true, browserConnectionEnabled=false, webStorageEnabled=true, nativeEvents=true, applicationCacheEnabled=false, takesScreenshot=true}]">
      <![CDATA[org.openqa.selenium.StaleElementReferenceException: stale element reference: element is not attached to the page document
  (Session info: chrome=43.0.2357.124)
  (Driver info: chromedriver=2.10.267521,platform=Windows NT 6.1 SP1 x86) (WARNING: The server did not provide any stacktrace information)
Command duration or timeout: 318 milliseconds
For documentation on this error, please visit: http://seleniumhq.org/exceptions/stale_element_reference.html
Build info: version: '2.45.0', revision: '5017cb8', time: '2015-02-26 23:59:50'
System info: host: 'PC273975', ip: '10.249.27.217', os.name: 'Windows 7', os.arch: 'x86', os.version: '6.1', java.version: '1.7.0'
Session ID: bba818a35f18fb45222ef27db7ca32eb
Driver info: org.openqa.selenium.chrome.ChromeDriver
Capabilities [{platform=XP, acceptSslCerts=true, javascriptEnabled=true, browserName=chrome, chrome={userDataDir=C:\Users\401508\AppData\Local\Temp\scoped_dir3996_30150}, rotatable=false, locationContextEnabled=true, version=43.0.2357.124, takesHeapSnapshot=true, cssSelectorsEnabled=true, databaseEnabled=false, handlesAlerts=true, browserConnectionEnabled=false, webStorageEnabled=true, nativeEvents=true, applicationCacheEnabled=false, takesScreenshot=true}]
	at org.openqa.selenium.remote.ErrorHandler.createThrowable(ErrorHandler.java:204)
	at org.openqa.selenium.remote.ErrorHandler.throwIfResponseFailed(ErrorHandler.java:156)
	at org.openqa.selenium.remote.RemoteWebDriver.execute(RemoteWebDriver.java:599)
	at org.openqa.selenium.remote.RemoteWebElement.execute(RemoteWebElement.java:268)
	at org.openqa.selenium.remote.RemoteWebElement.isDisplayed(RemoteWebElement.java:320)
	at com.cognizant.framework.core.WebDriverBase.clickOnElement(WebDriverBase.java:135)
	at com.charter.page.HomePage.logoutApplication(HomePage.java:268)
	at com.charter.test.Billpay.TB06_Validate_OTPayment_ByCreditCard_AdminUser(Billpay.java:215)
... Removed 28 stack frames]]>
    </failure>
  </testcase> <!-- TB06_Validate_OTPayment_ByCreditCard_AdminUser -->
  <testcase name="TB07_Validate_ScheduleOTP_ByDebitCard_AdminUser" time="57.805" classname="com.charter.test.Billpay"/>
  <testcase name="TB07_Validate_ScheduleOTP_ByDebitCard_AdminUser" time="31.139" classname="com.charter.test.Billpay">
    <failure type="org.openqa.selenium.StaleElementReferenceException" message="stale element reference: element is not attached to the page document
  (Session info: chrome=43.0.2357.124)
  (Driver info: chromedriver=2.10.267521,platform=Windows NT 6.1 SP1 x86) (WARNING: The server did not provide any stacktrace information)
Command duration or timeout: 4.55 seconds
For documentation on this error, please visit: http://seleniumhq.org/exceptions/stale_element_reference.html
Build info: version: &amp;apos;2.45.0&amp;apos;, revision: &amp;apos;5017cb8&amp;apos;, time: &amp;apos;2015-02-26 23:59:50&amp;apos;
System info: host: &amp;apos;PC273975&amp;apos;, ip: &amp;apos;10.249.27.217&amp;apos;, os.name: &amp;apos;Windows 7&amp;apos;, os.arch: &amp;apos;x86&amp;apos;, os.version: &amp;apos;6.1&amp;apos;, java.version: &amp;apos;1.7.0&amp;apos;
Session ID: f9b7ae61f7fd628d78ff6f00b77e83bf
Driver info: org.openqa.selenium.chrome.ChromeDriver
Capabilities [{platform=XP, acceptSslCerts=true, javascriptEnabled=true, browserName=chrome, chrome={userDataDir=C:\Users\401508\AppData\Local\Temp\scoped_dir12236_17907}, rotatable=false, locationContextEnabled=true, version=43.0.2357.124, takesHeapSnapshot=true, cssSelectorsEnabled=true, databaseEnabled=false, handlesAlerts=true, browserConnectionEnabled=false, webStorageEnabled=true, nativeEvents=true, applicationCacheEnabled=false, takesScreenshot=true}]">
      <![CDATA[org.openqa.selenium.StaleElementReferenceException: stale element reference: element is not attached to the page document
  (Session info: chrome=43.0.2357.124)
  (Driver info: chromedriver=2.10.267521,platform=Windows NT 6.1 SP1 x86) (WARNING: The server did not provide any stacktrace information)
Command duration or timeout: 4.55 seconds
For documentation on this error, please visit: http://seleniumhq.org/exceptions/stale_element_reference.html
Build info: version: '2.45.0', revision: '5017cb8', time: '2015-02-26 23:59:50'
System info: host: 'PC273975', ip: '10.249.27.217', os.name: 'Windows 7', os.arch: 'x86', os.version: '6.1', java.version: '1.7.0'
Session ID: f9b7ae61f7fd628d78ff6f00b77e83bf
Driver info: org.openqa.selenium.chrome.ChromeDriver
Capabilities [{platform=XP, acceptSslCerts=true, javascriptEnabled=true, browserName=chrome, chrome={userDataDir=C:\Users\401508\AppData\Local\Temp\scoped_dir12236_17907}, rotatable=false, locationContextEnabled=true, version=43.0.2357.124, takesHeapSnapshot=true, cssSelectorsEnabled=true, databaseEnabled=false, handlesAlerts=true, browserConnectionEnabled=false, webStorageEnabled=true, nativeEvents=true, applicationCacheEnabled=false, takesScreenshot=true}]
	at org.openqa.selenium.remote.ErrorHandler.createThrowable(ErrorHandler.java:204)
	at org.openqa.selenium.remote.ErrorHandler.throwIfResponseFailed(ErrorHandler.java:156)
	at org.openqa.selenium.remote.RemoteWebDriver.execute(RemoteWebDriver.java:599)
	at org.openqa.selenium.remote.RemoteWebElement.execute(RemoteWebElement.java:268)
	at org.openqa.selenium.remote.RemoteWebElement.isDisplayed(RemoteWebElement.java:320)
	at com.cognizant.framework.core.WebDriverBase.clickOnElement(WebDriverBase.java:135)
	at com.charter.page.MyAccountPage.loadBillingAndTransactionSection(MyAccountPage.java:44)
	at com.charter.test.Billpay.TB07_Validate_ScheduleOTP_ByDebitCard_AdminUser(Billpay.java:240)
... Removed 28 stack frames]]>
    </failure>
  </testcase> <!-- TB07_Validate_ScheduleOTP_ByDebitCard_AdminUser -->
  <testcase name="TB08_Validate_ScheduleOTP_ByCreditCard_AdminUser" time="46.566" classname="com.charter.test.Billpay"/>
  <testcase name="TB09_Validate_CancelFuturePayment_ScheduledByDebitCard_AdminUser" time="26.383" classname="com.charter.test.Billpay"/>
  <testcase name="TB09_Validate_CancelFuturePayment_ScheduledByDebitCard_AdminUser" time="287.593" classname="com.charter.test.Billpay">
    <failure type="org.openqa.selenium.NoSuchElementException" message="no such element
  (Session info: chrome=43.0.2357.124)
  (Driver info: chromedriver=2.10.267521,platform=Windows NT 6.1 SP1 x86) (WARNING: The server did not provide any stacktrace information)
Command duration or timeout: 240.06 seconds
For documentation on this error, please visit: http://seleniumhq.org/exceptions/no_such_element.html
Build info: version: &amp;apos;2.45.0&amp;apos;, revision: &amp;apos;5017cb8&amp;apos;, time: &amp;apos;2015-02-26 23:59:50&amp;apos;
System info: host: &amp;apos;PC273975&amp;apos;, ip: &amp;apos;10.249.27.217&amp;apos;, os.name: &amp;apos;Windows 7&amp;apos;, os.arch: &amp;apos;x86&amp;apos;, os.version: &amp;apos;6.1&amp;apos;, java.version: &amp;apos;1.7.0&amp;apos;
*** Element info: {Using=xpath, value=//button[text()=&amp;apos;Cancel Payment&amp;apos;]}
Session ID: 827aa556dea3f6ce13ce3cf875450207
Driver info: org.openqa.selenium.chrome.ChromeDriver
Capabilities [{platform=XP, acceptSslCerts=true, javascriptEnabled=true, browserName=chrome, chrome={userDataDir=C:\Users\401508\AppData\Local\Temp\scoped_dir14040_26527}, rotatable=false, locationContextEnabled=true, version=43.0.2357.124, takesHeapSnapshot=true, cssSelectorsEnabled=true, databaseEnabled=false, handlesAlerts=true, browserConnectionEnabled=false, webStorageEnabled=true, nativeEvents=true, applicationCacheEnabled=false, takesScreenshot=true}]">
      <![CDATA[org.openqa.selenium.NoSuchElementException: no such element
  (Session info: chrome=43.0.2357.124)
  (Driver info: chromedriver=2.10.267521,platform=Windows NT 6.1 SP1 x86) (WARNING: The server did not provide any stacktrace information)
Command duration or timeout: 240.06 seconds
For documentation on this error, please visit: http://seleniumhq.org/exceptions/no_such_element.html
Build info: version: '2.45.0', revision: '5017cb8', time: '2015-02-26 23:59:50'
System info: host: 'PC273975', ip: '10.249.27.217', os.name: 'Windows 7', os.arch: 'x86', os.version: '6.1', java.version: '1.7.0'
*** Element info: {Using=xpath, value=//button[text()='Cancel Payment']}
Session ID: 827aa556dea3f6ce13ce3cf875450207
Driver info: org.openqa.selenium.chrome.ChromeDriver
Capabilities [{platform=XP, acceptSslCerts=true, javascriptEnabled=true, browserName=chrome, chrome={userDataDir=C:\Users\401508\AppData\Local\Temp\scoped_dir14040_26527}, rotatable=false, locationContextEnabled=true, version=43.0.2357.124, takesHeapSnapshot=true, cssSelectorsEnabled=true, databaseEnabled=false, handlesAlerts=true, browserConnectionEnabled=false, webStorageEnabled=true, nativeEvents=true, applicationCacheEnabled=false, takesScreenshot=true}]
	at org.openqa.selenium.remote.ErrorHandler.createThrowable(ErrorHandler.java:204)
	at org.openqa.selenium.remote.ErrorHandler.throwIfResponseFailed(ErrorHandler.java:156)
	at org.openqa.selenium.remote.RemoteWebDriver.execute(RemoteWebDriver.java:599)
	at org.openqa.selenium.remote.RemoteWebDriver.findElement(RemoteWebDriver.java:352)
	at org.openqa.selenium.remote.RemoteWebDriver.findElementByXPath(RemoteWebDriver.java:449)
	at org.openqa.selenium.By$ByXPath.findElement(By.java:357)
	at org.openqa.selenium.remote.RemoteWebDriver.findElement(RemoteWebDriver.java:344)
	at com.cognizant.framework.core.WebDriverBase.clickOnElement(WebDriverBase.java:134)
	at com.charter.page.BTPage1.CancelUpcomingPayments(BTPage1.java:142)
	at com.charter.test.Billpay.TB09_Validate_CancelFuturePayment_ScheduledByDebitCard_AdminUser(Billpay.java:314)
... Removed 28 stack frames]]>
    </failure>
  </testcase> <!-- TB09_Validate_CancelFuturePayment_ScheduledByDebitCard_AdminUser -->
  <testcase name="TB10_Validate_CancelFuturePayment_ScheduledByCreditCard_AdminUser" time="324.654" classname="com.charter.test.Billpay"/>
  <testcase name="TB10_Validate_CancelFuturePayment_ScheduledByCreditCard_AdminUser" time="52.87" classname="com.charter.test.Billpay">
    <failure type="org.openqa.selenium.StaleElementReferenceException" message="stale element reference: element is not attached to the page document
  (Session info: chrome=43.0.2357.124)
  (Driver info: chromedriver=2.10.267521,platform=Windows NT 6.1 SP1 x86) (WARNING: The server did not provide any stacktrace information)
Command duration or timeout: 210 milliseconds
For documentation on this error, please visit: http://seleniumhq.org/exceptions/stale_element_reference.html
Build info: version: &amp;apos;2.45.0&amp;apos;, revision: &amp;apos;5017cb8&amp;apos;, time: &amp;apos;2015-02-26 23:59:50&amp;apos;
System info: host: &amp;apos;PC273975&amp;apos;, ip: &amp;apos;10.249.27.217&amp;apos;, os.name: &amp;apos;Windows 7&amp;apos;, os.arch: &amp;apos;x86&amp;apos;, os.version: &amp;apos;6.1&amp;apos;, java.version: &amp;apos;1.7.0&amp;apos;
Session ID: 2ba64543c23fc422861a4027f973b398
Driver info: org.openqa.selenium.chrome.ChromeDriver
Capabilities [{platform=XP, acceptSslCerts=true, javascriptEnabled=true, browserName=chrome, chrome={userDataDir=C:\Users\401508\AppData\Local\Temp\scoped_dir6624_22063}, rotatable=false, locationContextEnabled=true, version=43.0.2357.124, takesHeapSnapshot=true, cssSelectorsEnabled=true, databaseEnabled=false, handlesAlerts=true, browserConnectionEnabled=false, webStorageEnabled=true, nativeEvents=true, applicationCacheEnabled=false, takesScreenshot=true}]">
      <![CDATA[org.openqa.selenium.StaleElementReferenceException: stale element reference: element is not attached to the page document
  (Session info: chrome=43.0.2357.124)
  (Driver info: chromedriver=2.10.267521,platform=Windows NT 6.1 SP1 x86) (WARNING: The server did not provide any stacktrace information)
Command duration or timeout: 210 milliseconds
For documentation on this error, please visit: http://seleniumhq.org/exceptions/stale_element_reference.html
Build info: version: '2.45.0', revision: '5017cb8', time: '2015-02-26 23:59:50'
System info: host: 'PC273975', ip: '10.249.27.217', os.name: 'Windows 7', os.arch: 'x86', os.version: '6.1', java.version: '1.7.0'
Session ID: 2ba64543c23fc422861a4027f973b398
Driver info: org.openqa.selenium.chrome.ChromeDriver
Capabilities [{platform=XP, acceptSslCerts=true, javascriptEnabled=true, browserName=chrome, chrome={userDataDir=C:\Users\401508\AppData\Local\Temp\scoped_dir6624_22063}, rotatable=false, locationContextEnabled=true, version=43.0.2357.124, takesHeapSnapshot=true, cssSelectorsEnabled=true, databaseEnabled=false, handlesAlerts=true, browserConnectionEnabled=false, webStorageEnabled=true, nativeEvents=true, applicationCacheEnabled=false, takesScreenshot=true}]
	at org.openqa.selenium.remote.ErrorHandler.createThrowable(ErrorHandler.java:204)
	at org.openqa.selenium.remote.ErrorHandler.throwIfResponseFailed(ErrorHandler.java:156)
	at org.openqa.selenium.remote.RemoteWebDriver.execute(RemoteWebDriver.java:599)
	at org.openqa.selenium.remote.RemoteWebElement.execute(RemoteWebElement.java:268)
	at org.openqa.selenium.remote.RemoteWebElement.isDisplayed(RemoteWebElement.java:320)
	at com.cognizant.framework.core.WebDriverBase.clickOnElement(WebDriverBase.java:135)
	at com.charter.page.BTPage1.CancelUpcomingPayments(BTPage1.java:141)
	at com.charter.test.Billpay.TB10_Validate_CancelFuturePayment_ScheduledByCreditCard_AdminUser(Billpay.java:347)
... Removed 28 stack frames]]>
    </failure>
  </testcase> <!-- TB10_Validate_CancelFuturePayment_ScheduledByCreditCard_AdminUser -->
  <testcase name="TB15_Validate_ModifyOTPayment_ByDebitCard_VerificationPage" time="182.175" classname="com.charter.test.Billpay"/>
  <testcase name="TB15_Validate_ModifyOTPayment_ByDebitCard_VerificationPage" time="44.086" classname="com.charter.test.Billpay"/>
  <testcase name="TB16_Validate_ModifyOTPayment_ByCreditCard_VerificationPage" time="42.888" classname="com.charter.test.Billpay"/>
  <testcase name="TB19_Validate_ViewCurrentBillLink_NavigateTo_PFDStatement_HOHUser" time="40.296" classname="com.charter.test.Billpay"/>
  <testcase name="TB20_Validate_ViewCurrentBillLink_NavigateTo_PFDStatement_AdminUser" time="49.238" classname="com.charter.test.Billpay"/>
  <testcase name="TB24_Validate_ViewImportantBillMessagesLink_NavigateTo_BillMessagesPage_AdminUser" time="65.355" classname="com.charter.test.Billpay"/>
  <testcase name="TB26_Validate_UpcomingPaymentsLink_NavigateTo_UpcomingPaymentsPage_AdminUser" time="46.487" classname="com.charter.test.Billpay"/>
  <testcase name="TB29_Validate_Duplicate_OTP_Message_ByDebitCard" time="75.098" classname="com.charter.test.Billpay"/>
  <testcase name="TB29_Validate_Duplicate_OTP_Message_ByDebitCard" time="62.574" classname="com.charter.test.Billpay">
    <failure type="org.openqa.selenium.StaleElementReferenceException" message="stale element reference: element is not attached to the page document
  (Session info: chrome=43.0.2357.124)
  (Driver info: chromedriver=2.10.267521,platform=Windows NT 6.1 SP1 x86) (WARNING: The server did not provide any stacktrace information)
Command duration or timeout: 13.79 seconds
For documentation on this error, please visit: http://seleniumhq.org/exceptions/stale_element_reference.html
Build info: version: &amp;apos;2.45.0&amp;apos;, revision: &amp;apos;5017cb8&amp;apos;, time: &amp;apos;2015-02-26 23:59:50&amp;apos;
System info: host: &amp;apos;PC273975&amp;apos;, ip: &amp;apos;10.249.27.217&amp;apos;, os.name: &amp;apos;Windows 7&amp;apos;, os.arch: &amp;apos;x86&amp;apos;, os.version: &amp;apos;6.1&amp;apos;, java.version: &amp;apos;1.7.0&amp;apos;
Session ID: ec83514405634e881a2c2d6fe38ae272
Driver info: org.openqa.selenium.chrome.ChromeDriver
Capabilities [{platform=XP, acceptSslCerts=true, javascriptEnabled=true, browserName=chrome, chrome={userDataDir=C:\Users\401508\AppData\Local\Temp\scoped_dir12712_3672}, rotatable=false, locationContextEnabled=true, version=43.0.2357.124, takesHeapSnapshot=true, cssSelectorsEnabled=true, databaseEnabled=false, handlesAlerts=true, browserConnectionEnabled=false, webStorageEnabled=true, nativeEvents=true, applicationCacheEnabled=false, takesScreenshot=true}]">
      <![CDATA[org.openqa.selenium.StaleElementReferenceException: stale element reference: element is not attached to the page document
  (Session info: chrome=43.0.2357.124)
  (Driver info: chromedriver=2.10.267521,platform=Windows NT 6.1 SP1 x86) (WARNING: The server did not provide any stacktrace information)
Command duration or timeout: 13.79 seconds
For documentation on this error, please visit: http://seleniumhq.org/exceptions/stale_element_reference.html
Build info: version: '2.45.0', revision: '5017cb8', time: '2015-02-26 23:59:50'
System info: host: 'PC273975', ip: '10.249.27.217', os.name: 'Windows 7', os.arch: 'x86', os.version: '6.1', java.version: '1.7.0'
Session ID: ec83514405634e881a2c2d6fe38ae272
Driver info: org.openqa.selenium.chrome.ChromeDriver
Capabilities [{platform=XP, acceptSslCerts=true, javascriptEnabled=true, browserName=chrome, chrome={userDataDir=C:\Users\401508\AppData\Local\Temp\scoped_dir12712_3672}, rotatable=false, locationContextEnabled=true, version=43.0.2357.124, takesHeapSnapshot=true, cssSelectorsEnabled=true, databaseEnabled=false, handlesAlerts=true, browserConnectionEnabled=false, webStorageEnabled=true, nativeEvents=true, applicationCacheEnabled=false, takesScreenshot=true}]
	at org.openqa.selenium.remote.ErrorHandler.createThrowable(ErrorHandler.java:204)
	at org.openqa.selenium.remote.ErrorHandler.throwIfResponseFailed(ErrorHandler.java:156)
	at org.openqa.selenium.remote.RemoteWebDriver.execute(RemoteWebDriver.java:599)
	at org.openqa.selenium.remote.RemoteWebElement.execute(RemoteWebElement.java:268)
	at org.openqa.selenium.remote.RemoteWebElement.isDisplayed(RemoteWebElement.java:320)
	at com.cognizant.framework.core.WebDriverBase.clickOnElement(WebDriverBase.java:135)
	at com.charter.page.MyAccountPage.loadBillingAndTransactionSection(MyAccountPage.java:44)
	at com.charter.test.Billpay.TB29_Validate_Duplicate_OTP_Message_ByDebitCard(Billpay.java:763)
... Removed 28 stack frames]]>
    </failure>
  </testcase> <!-- TB29_Validate_Duplicate_OTP_Message_ByDebitCard -->
  <testcase name="TB30_Validate_Duplicate_OTP_Message_ByCreditCard" time="81.314" classname="com.charter.test.Billpay"/>
  <testcase name="TB30_Validate_Duplicate_OTP_Message_ByCreditCard" time="33.87" classname="com.charter.test.Billpay">
    <failure type="org.openqa.selenium.StaleElementReferenceException" message="stale element reference: element is not attached to the page document
  (Session info: chrome=43.0.2357.124)
  (Driver info: chromedriver=2.10.267521,platform=Windows NT 6.1 SP1 x86) (WARNING: The server did not provide any stacktrace information)
Command duration or timeout: 10.05 seconds
For documentation on this error, please visit: http://seleniumhq.org/exceptions/stale_element_reference.html
Build info: version: &amp;apos;2.45.0&amp;apos;, revision: &amp;apos;5017cb8&amp;apos;, time: &amp;apos;2015-02-26 23:59:50&amp;apos;
System info: host: &amp;apos;PC273975&amp;apos;, ip: &amp;apos;10.249.27.217&amp;apos;, os.name: &amp;apos;Windows 7&amp;apos;, os.arch: &amp;apos;x86&amp;apos;, os.version: &amp;apos;6.1&amp;apos;, java.version: &amp;apos;1.7.0&amp;apos;
Session ID: e86d8423f482a370042e0317cbd0f4ee
Driver info: org.openqa.selenium.chrome.ChromeDriver
Capabilities [{platform=XP, acceptSslCerts=true, javascriptEnabled=true, browserName=chrome, chrome={userDataDir=C:\Users\401508\AppData\Local\Temp\scoped_dir13200_27639}, rotatable=false, locationContextEnabled=true, version=43.0.2357.124, takesHeapSnapshot=true, cssSelectorsEnabled=true, databaseEnabled=false, handlesAlerts=true, browserConnectionEnabled=false, webStorageEnabled=true, nativeEvents=true, applicationCacheEnabled=false, takesScreenshot=true}]">
      <![CDATA[org.openqa.selenium.StaleElementReferenceException: stale element reference: element is not attached to the page document
  (Session info: chrome=43.0.2357.124)
  (Driver info: chromedriver=2.10.267521,platform=Windows NT 6.1 SP1 x86) (WARNING: The server did not provide any stacktrace information)
Command duration or timeout: 10.05 seconds
For documentation on this error, please visit: http://seleniumhq.org/exceptions/stale_element_reference.html
Build info: version: '2.45.0', revision: '5017cb8', time: '2015-02-26 23:59:50'
System info: host: 'PC273975', ip: '10.249.27.217', os.name: 'Windows 7', os.arch: 'x86', os.version: '6.1', java.version: '1.7.0'
Session ID: e86d8423f482a370042e0317cbd0f4ee
Driver info: org.openqa.selenium.chrome.ChromeDriver
Capabilities [{platform=XP, acceptSslCerts=true, javascriptEnabled=true, browserName=chrome, chrome={userDataDir=C:\Users\401508\AppData\Local\Temp\scoped_dir13200_27639}, rotatable=false, locationContextEnabled=true, version=43.0.2357.124, takesHeapSnapshot=true, cssSelectorsEnabled=true, databaseEnabled=false, handlesAlerts=true, browserConnectionEnabled=false, webStorageEnabled=true, nativeEvents=true, applicationCacheEnabled=false, takesScreenshot=true}]
	at org.openqa.selenium.remote.ErrorHandler.createThrowable(ErrorHandler.java:204)
	at org.openqa.selenium.remote.ErrorHandler.throwIfResponseFailed(ErrorHandler.java:156)
	at org.openqa.selenium.remote.RemoteWebDriver.execute(RemoteWebDriver.java:599)
	at org.openqa.selenium.remote.RemoteWebElement.execute(RemoteWebElement.java:268)
	at org.openqa.selenium.remote.RemoteWebElement.isDisplayed(RemoteWebElement.java:320)
	at com.cognizant.framework.core.WebDriverBase.clickOnElement(WebDriverBase.java:135)
	at com.charter.page.MyAccountPage.loadBillingAndTransactionSection(MyAccountPage.java:44)
	at com.charter.test.Billpay.TB30_Validate_Duplicate_OTP_Message_ByCreditCard(Billpay.java:799)
... Removed 28 stack frames]]>
    </failure>
  </testcase> <!-- TB30_Validate_Duplicate_OTP_Message_ByCreditCard -->
</testsuite> <!-- EngProd_Test_june4th2015 -->
