<?xml version="1.0" encoding="UTF-8"?>
<testng-results skipped="0" failed="1" total="1" passed="0">
  <reporter-output>
  </reporter-output>
  <suite name="Default suite" duration-ms="591231" started-at="2016-02-03T10:17:58Z" finished-at="2016-02-03T10:27:49Z">
    <groups>
    </groups>
    <test name="Default test" duration-ms="591231" started-at="2016-02-03T10:17:58Z" finished-at="2016-02-03T10:27:49Z">
      <class name="com.charter.test.Sample">
        <test-method status="PASS" signature="suiteConfig(java.lang.String)[pri:0, instance:com.charter.test.Sample@d25987]" name="suiteConfig" is-config="true" duration-ms="7" started-at="2016-02-03T15:47:58Z" finished-at="2016-02-03T15:47:58Z">
          <params>
            <param index="0">
              <value is-null="true"/>
            </param>
          </params>
          <reporter-output>
          </reporter-output>
        </test-method> <!-- suiteConfig -->
        <test-method status="PASS" signature="testSetup(java.lang.String)[pri:0, instance:com.charter.test.Sample@d25987]" name="testSetup" is-config="true" duration-ms="3594" started-at="2016-02-03T15:47:58Z" finished-at="2016-02-03T15:48:02Z">
          <params>
            <param index="0">
              <value is-null="true"/>
            </param>
          </params>
          <reporter-output>
          </reporter-output>
        </test-method> <!-- testSetup -->
        <test-method status="FAIL" signature="TA77_Validate_StdUser_CreateID(java.util.Map)[pri:0, instance:com.charter.test.Sample@d25987]" name="TA77_Validate_StdUser_CreateID" duration-ms="586037" started-at="2016-02-03T15:48:02Z" data-provider="TestDataCharter" finished-at="2016-02-03T15:57:48Z">
          <params>
            <param index="0">
              <value>
                <![CDATA[{CardNumber=, mac_CID=4392, security_question=Color or make of your first car?, Devicenickname=, zipcode_fID=, Account_Type=, invalidLastname=, invalidPassword=, SecurityQuestion=, lastname_fp=, filterbyPhone=, email2=, password=, security_answer=red, Account_pom=, invalidMAC=, Zipcode=, Relogin_UserID=, Operatingsystem=, SecurityCode=, invalidEmail=, SecurityAnswer=, couponNumber=, NewRole=, MSLogin=, UserPassword=Testing01, City=, selectUser=, PC_Unratedcontent=, ACnumber=8783401100117072, Relogin_Password=, charterID=e2esprt3test06, lastname=, lastname_fID=, Zipcode_fp=, BusinessCharterID=, filterbyRate=, State=, firstname_CID=Testing, zipcode_CID=31901, ParentalControl_TV=, mac_fID=, invalidSecurityAns=, address_CID=18 7TH ST # E21, ParentalControl_Unratedcontent=, Message=, adminuser=, ParentalControl_Movie=, TestCaseId=TA77_Validate_StdUser_CreateID, PC_TV=, Password1=, searchkey=, invalidZipcode=, lastname_CID=102815, fLinked_CharterID=, ExpDate=, filterbyType=, UserID=, CardType=, UserID1=tdwl02, address_fID=, CharterID_fp=, invalidAddress=, MSLoginPassword=, email=tdwl02@charter.net, AccountNumberVerify=, LegacySiteURL=, accountnumber=, FutureDate=, Statement=, Gmailpw=Relaunch2.0, Address2=, Mobilephone=9999999999, PC_Movie=, Account_DVRcontrol=, Address1=, hohuser=E2ESPRT3TEST06, ConfirmPassword=, routingnumber=, ContactEmail=, GmailID=charter.net2014@gmail.com, SelectDate=, ExpYear=, businessaccountNo=}]]>
              </value>
            </param>
          </params>
          <exception class="org.openqa.selenium.TimeoutException">
            <message>
              <![CDATA[timeout: Timed out receiving message from renderer: 278.967
  (Session info: chrome=46.0.2490.71)
  (Driver info: chromedriver=2.19.346078 (6f1f0cde889532d48ce8242342d0b84f94b114a1),platform=Windows NT 6.1 SP1 x86) (WARNING: The server did not provide any stacktrace information)
Command duration or timeout: 300.08 seconds
Build info: version: '2.45.0', revision: '5017cb8', time: '2015-02-26 23:59:50'
System info: host: 'PC273975', ip: '192.168.175.91', os.name: 'Windows 7', os.arch: 'x86', os.version: '6.1', java.version: '1.8.0_66'
Driver info: org.openqa.selenium.chrome.ChromeDriver
Capabilities [{applicationCacheEnabled=false, rotatable=false, mobileEmulationEnabled=false, chrome={userDataDir=C:\Users\401508\AppData\Local\Temp\scoped_dir7680_18922}, takesHeapSnapshot=true, databaseEnabled=false, handlesAlerts=true, hasTouchScreen=false, version=46.0.2490.71, platform=XP, browserConnectionEnabled=false, nativeEvents=true, acceptSslCerts=true, locationContextEnabled=true, webStorageEnabled=true, browserName=chrome, takesScreenshot=true, javascriptEnabled=true, cssSelectorsEnabled=true}]
Session ID: 586890c61104fd787d0575b2426b5085]]>
            </message>
            <full-stacktrace>
              <![CDATA[org.openqa.selenium.TimeoutException: timeout: Timed out receiving message from renderer: 278.967
  (Session info: chrome=46.0.2490.71)
  (Driver info: chromedriver=2.19.346078 (6f1f0cde889532d48ce8242342d0b84f94b114a1),platform=Windows NT 6.1 SP1 x86) (WARNING: The server did not provide any stacktrace information)
Command duration or timeout: 300.08 seconds
Build info: version: '2.45.0', revision: '5017cb8', time: '2015-02-26 23:59:50'
System info: host: 'PC273975', ip: '192.168.175.91', os.name: 'Windows 7', os.arch: 'x86', os.version: '6.1', java.version: '1.8.0_66'
Driver info: org.openqa.selenium.chrome.ChromeDriver
Capabilities [{applicationCacheEnabled=false, rotatable=false, mobileEmulationEnabled=false, chrome={userDataDir=C:\Users\401508\AppData\Local\Temp\scoped_dir7680_18922}, takesHeapSnapshot=true, databaseEnabled=false, handlesAlerts=true, hasTouchScreen=false, version=46.0.2490.71, platform=XP, browserConnectionEnabled=false, nativeEvents=true, acceptSslCerts=true, locationContextEnabled=true, webStorageEnabled=true, browserName=chrome, takesScreenshot=true, javascriptEnabled=true, cssSelectorsEnabled=true}]
Session ID: 586890c61104fd787d0575b2426b5085
	at sun.reflect.NativeConstructorAccessorImpl.newInstance0(Native Method)
	at sun.reflect.NativeConstructorAccessorImpl.newInstance(NativeConstructorAccessorImpl.java:62)
	at sun.reflect.DelegatingConstructorAccessorImpl.newInstance(DelegatingConstructorAccessorImpl.java:45)
	at java.lang.reflect.Constructor.newInstance(Constructor.java:422)
	at org.openqa.selenium.remote.ErrorHandler.createThrowable(ErrorHandler.java:204)
	at org.openqa.selenium.remote.ErrorHandler.throwIfResponseFailed(ErrorHandler.java:156)
	at org.openqa.selenium.remote.RemoteWebDriver.execute(RemoteWebDriver.java:599)
	at org.openqa.selenium.remote.RemoteWebElement.execute(RemoteWebElement.java:268)
	at org.openqa.selenium.remote.RemoteWebElement.click(RemoteWebElement.java:79)
	at com.cognizant.framework.core.WebDriverBase.clickOnElement(WebDriverBase.java:136)
	at com.charter.page.AuthenticationPage.mailLogin(AuthenticationPage.java:2612)
	at com.charter.test.Sample.TA77_Validate_StdUser_CreateID(Sample.java:75)
	at sun.reflect.NativeMethodAccessorImpl.invoke0(Native Method)
	at sun.reflect.NativeMethodAccessorImpl.invoke(NativeMethodAccessorImpl.java:62)
	at sun.reflect.DelegatingMethodAccessorImpl.invoke(DelegatingMethodAccessorImpl.java:43)
	at java.lang.reflect.Method.invoke(Method.java:497)
	at org.testng.internal.MethodInvocationHelper.invokeMethod(MethodInvocationHelper.java:84)
	at org.testng.internal.Invoker.invokeMethod(Invoker.java:714)
	at org.testng.internal.Invoker.invokeTestMethod(Invoker.java:901)
	at org.testng.internal.Invoker.invokeTestMethods(Invoker.java:1231)
	at org.testng.internal.TestMethodWorker.invokeTestMethods(TestMethodWorker.java:127)
	at org.testng.internal.TestMethodWorker.run(TestMethodWorker.java:111)
	at org.testng.TestRunner.privateRun(TestRunner.java:767)
	at org.testng.TestRunner.run(TestRunner.java:617)
	at org.testng.SuiteRunner.runTest(SuiteRunner.java:334)
	at org.testng.SuiteRunner.runSequentially(SuiteRunner.java:329)
	at org.testng.SuiteRunner.privateRun(SuiteRunner.java:291)
	at org.testng.SuiteRunner.run(SuiteRunner.java:240)
	at org.testng.SuiteRunnerWorker.runSuite(SuiteRunnerWorker.java:52)
	at org.testng.SuiteRunnerWorker.run(SuiteRunnerWorker.java:86)
	at org.testng.TestNG.runSuitesSequentially(TestNG.java:1224)
	at org.testng.TestNG.runSuitesLocally(TestNG.java:1149)
	at org.testng.TestNG.run(TestNG.java:1057)
	at org.testng.remote.RemoteTestNG.run(RemoteTestNG.java:115)
	at org.testng.remote.RemoteTestNG.initAndRun(RemoteTestNG.java:207)
	at org.testng.remote.RemoteTestNG.main(RemoteTestNG.java:178)
]]>
            </full-stacktrace>
          </exception> <!-- org.openqa.selenium.TimeoutException -->
          <reporter-output>
          </reporter-output>
        </test-method> <!-- TA77_Validate_StdUser_CreateID -->
        <test-method status="PASS" signature="postTestCase(org.testng.ITestResult)[pri:0, instance:com.charter.test.Sample@d25987]" name="postTestCase" is-config="true" duration-ms="1443" started-at="2016-02-03T15:57:48Z" finished-at="2016-02-03T15:57:49Z">
          <params>
            <param index="0">
              <value>
                <![CDATA[[TestResult name=TA77_Validate_StdUser_CreateID status=FAILURE method=Sample.TA77_Validate_StdUser_CreateID(java.util.Map)[pri:0, instance:com.charter.test.Sample@d25987] output={null}]]]>
              </value>
            </param>
          </params>
          <reporter-output>
          </reporter-output>
        </test-method> <!-- postTestCase -->
        <test-method status="PASS" signature="tearDown()[pri:0, instance:com.charter.test.Sample@d25987]" name="tearDown" is-config="true" duration-ms="491" started-at="2016-02-03T15:57:50Z" finished-at="2016-02-03T15:57:50Z">
          <reporter-output>
          </reporter-output>
        </test-method> <!-- tearDown -->
      </class> <!-- com.charter.test.Sample -->
    </test> <!-- Default test -->
  </suite> <!-- Default suite -->
</testng-results>
