<?xml version="1.0" encoding="UTF-8"?>
<!-- Generated by org.testng.reporters.JUnitReportReporter -->
<testsuite hostname="PC273975" name="com.charter.test.Support" tests="41" failures="3" timestamp="29 Jul 2015 12:54:42 GMT" time="5597.948" errors="0">
  <testcase name="TS01_Validate_TV_Voice_Internet_MyAccount_Links_SupportOverview" time="178.310" classname="com.charter.test.Support"/>
  <testcase name="TS24_Validate_InternetSupport_NetworkingLink" time="284.394" classname="com.charter.test.Support">
    <failure type="com.cognizant.framework.exception.BrowserBotException" message="Bot encountered a timeout while waiting for a condition,  Timed out after 40 seconds waiting for visibility of element located by By.xpath: //div/h5[contains(text(),&quot;Networking / Wireless&quot;)]
Build info: version: &#039;2.45.0&#039;, revision: &#039;5017cb8e7ca8e37638dc3091b2440b90a1d8686f&#039;, time: &#039;2015-02-27 09:10:26&#039;
System info: host: &#039;PC273975&#039;, ip: &#039;10.249.11.67&#039;, os.name: &#039;Windows 7&#039;, os.arch: &#039;x86&#039;, os.version: &#039;6.1&#039;, java.version: &#039;1.7.0&#039;
Driver info: driver.version: unknown">
      <![CDATA[com.cognizant.framework.exception.BrowserBotException: Bot encountered a timeout while waiting for a condition,  Timed out after 40 seconds waiting for visibility of element located by By.xpath: //div/h5[contains(text(),"Networking / Wireless")]
Build info: version: '2.45.0', revision: '5017cb8e7ca8e37638dc3091b2440b90a1d8686f', time: '2015-02-27 09:10:26'
System info: host: 'PC273975', ip: '10.249.11.67', os.name: 'Windows 7', os.arch: 'x86', os.version: '6.1', java.version: '1.7.0'
Driver info: driver.version: unknown
	at com.cognizant.framework.core.WebDriverBase.wait(WebDriverBase.java:76)
	at com.charter.page.InternetSupportPage.Networking(InternetSupportPage.java:114)
	at com.charter.test.Support.TS24_Validate_InternetSupport_NetworkingLink(Support.java:482)
	at sun.reflect.NativeMethodAccessorImpl.invoke0(Native Method)
	at sun.reflect.NativeMethodAccessorImpl.invoke(Unknown Source)
	at sun.reflect.DelegatingMethodAccessorImpl.invoke(Unknown Source)
	at java.lang.reflect.Method.invoke(Unknown Source)
	at org.testng.internal.MethodInvocationHelper.invokeMethod(MethodInvocationHelper.java:84)
	at org.testng.internal.Invoker.invokeMethod(Invoker.java:714)
	at org.testng.internal.Invoker.retryFailed(Invoker.java:1049)
	at org.testng.internal.Invoker.invokeTestMethods(Invoker.java:1254)
	at org.testng.internal.TestMethodWorker.invokeTestMethods(TestMethodWorker.java:127)
	at org.testng.internal.TestMethodWorker.run(TestMethodWorker.java:111)
	at org.testng.TestRunner.privateRun(TestRunner.java:767)
	at org.testng.TestRunner.run(TestRunner.java:617)
	at org.testng.SuiteRunner.runTest(SuiteRunner.java:348)
	at org.testng.SuiteRunner.runSequentially(SuiteRunner.java:343)
	at org.testng.SuiteRunner.privateRun(SuiteRunner.java:305)
	at org.testng.SuiteRunner.run(SuiteRunner.java:254)
	at org.testng.SuiteRunnerWorker.runSuite(SuiteRunnerWorker.java:52)
	at org.testng.SuiteRunnerWorker.run(SuiteRunnerWorker.java:86)
	at org.testng.TestNG.runSuitesSequentially(TestNG.java:1224)
	at org.testng.TestNG.runSuitesLocally(TestNG.java:1149)
	at org.testng.TestNG.run(TestNG.java:1057)
	at org.apache.maven.surefire.testng.TestNGExecutor.run(TestNGExecutor.java:122)
	at org.apache.maven.surefire.testng.TestNGXmlTestSuite.execute(TestNGXmlTestSuite.java:92)
	at org.apache.maven.surefire.testng.TestNGProvider.invoke(TestNGProvider.java:101)
	at sun.reflect.NativeMethodAccessorImpl.invoke0(Native Method)
	at sun.reflect.NativeMethodAccessorImpl.invoke(Unknown Source)
	at sun.reflect.DelegatingMethodAccessorImpl.invoke(Unknown Source)
	at java.lang.reflect.Method.invoke(Unknown Source)
	at org.apache.maven.surefire.util.ReflectionUtils.invokeMethodWithArray(ReflectionUtils.java:164)
	at org.apache.maven.surefire.booter.ProviderFactory$ProviderProxy.invoke(ProviderFactory.java:110)
	at org.apache.maven.surefire.booter.SurefireStarter.invokeProvider(SurefireStarter.java:172)
	at org.apache.maven.surefire.booter.SurefireStarter.runSuitesInProcessWhenForked(SurefireStarter.java:104)
	at org.apache.maven.surefire.booter.ForkedBooter.main(ForkedBooter.java:70)
]]>
    </failure>
  </testcase> <!-- TS24_Validate_InternetSupport_NetworkingLink -->
  <testcase name="TS23_Validate_InternetSupport_InstallationLink" time="166.673" classname="com.charter.test.Support"/>
  <testcase name="TS22_Validate_InternetSupport_SecuritySuiteLink" time="56.721" classname="com.charter.test.Support"/>
  <testcase name="TS15_Validate_TVSupport_PayPerViewLink" time="65.039" classname="com.charter.test.Support"/>
  <testcase name="TS17_Validate_SupportInternetPage_AskCharterWidget_HOHUser" time="69.427" classname="com.charter.test.Support"/>
  <testcase name="TS04_Validate_VoiceSupport_ArticleLinks" time="146.913" classname="com.charter.test.Support"/>
  <testcase name="TS36_Validate_MyAccountSupport_BillingLink" time="71.983" classname="com.charter.test.Support"/>
  <testcase name="TS32_Validate_VoiceSupport_InternationalCallingLink" time="62.358" classname="com.charter.test.Support"/>
  <testcase name="TS27_Validate_InternetSupport_TVOnlineLink" time="285.864" classname="com.charter.test.Support">
    <failure type="org.openqa.selenium.NoSuchElementException" message="Unable to locate element: {&quot;method&quot;:&quot;xpath&quot;,&quot;selector&quot;:&quot;//a[contains(text(),\&quot;Charter TV App\&quot;)]&quot;}
Command duration or timeout: 240.24 seconds
For documentation on this error, please visit: http://seleniumhq.org/exceptions/no_such_element.html
Build info: version: &#039;2.45.0&#039;, revision: &#039;5017cb8e7ca8e37638dc3091b2440b90a1d8686f&#039;, time: &#039;2015-02-27 09:10:26&#039;
System info: host: &#039;PC273975&#039;, ip: &#039;10.249.11.67&#039;, os.name: &#039;Windows 7&#039;, os.arch: &#039;x86&#039;, os.version: &#039;6.1&#039;, java.version: &#039;1.7.0&#039;
*** Element info: {Using=xpath, value=//a[contains(text(),&quot;Charter TV App&quot;)]}
Session ID: d707bb59-f694-4483-99b2-dccd1f7d8c56
Driver info: org.openqa.selenium.firefox.FirefoxDriver
Capabilities [{platform=WINDOWS, acceptSslCerts=true, javascriptEnabled=true, browserName=firefox, rotatable=false, locationContextEnabled=true, version=37.0.1, cssSelectorsEnabled=true, databaseEnabled=true, handlesAlerts=true, nativeEvents=false, webStorageEnabled=true, applicationCacheEnabled=true, takesScreenshot=true}]">
      <![CDATA[org.openqa.selenium.NoSuchElementException: Unable to locate element: {"method":"xpath","selector":"//a[contains(text(),\"Charter TV App\")]"}
Command duration or timeout: 240.24 seconds
For documentation on this error, please visit: http://seleniumhq.org/exceptions/no_such_element.html
Build info: version: '2.45.0', revision: '5017cb8e7ca8e37638dc3091b2440b90a1d8686f', time: '2015-02-27 09:10:26'
System info: host: 'PC273975', ip: '10.249.11.67', os.name: 'Windows 7', os.arch: 'x86', os.version: '6.1', java.version: '1.7.0'
*** Element info: {Using=xpath, value=//a[contains(text(),"Charter TV App")]}
Session ID: d707bb59-f694-4483-99b2-dccd1f7d8c56
Driver info: org.openqa.selenium.firefox.FirefoxDriver
Capabilities [{platform=WINDOWS, acceptSslCerts=true, javascriptEnabled=true, browserName=firefox, rotatable=false, locationContextEnabled=true, version=37.0.1, cssSelectorsEnabled=true, databaseEnabled=true, handlesAlerts=true, nativeEvents=false, webStorageEnabled=true, applicationCacheEnabled=true, takesScreenshot=true}]
	at sun.reflect.NativeConstructorAccessorImpl.newInstance0(Native Method)
	at sun.reflect.NativeConstructorAccessorImpl.newInstance(Unknown Source)
	at sun.reflect.DelegatingConstructorAccessorImpl.newInstance(Unknown Source)
	at java.lang.reflect.Constructor.newInstance(Unknown Source)
	at org.openqa.selenium.remote.ErrorHandler.createThrowable(ErrorHandler.java:204)
	at org.openqa.selenium.remote.ErrorHandler.throwIfResponseFailed(ErrorHandler.java:156)
	at org.openqa.selenium.remote.RemoteWebDriver.execute(RemoteWebDriver.java:599)
	at org.openqa.selenium.remote.RemoteWebDriver.findElement(RemoteWebDriver.java:352)
	at org.openqa.selenium.remote.RemoteWebDriver.findElementByXPath(RemoteWebDriver.java:449)
	at org.openqa.selenium.By$ByXPath.findElement(By.java:357)
	at org.openqa.selenium.remote.RemoteWebDriver.findElement(RemoteWebDriver.java:344)
	at com.cognizant.framework.core.WebDriverBase.clickOnElement(WebDriverBase.java:134)
	at com.charter.page.InternetSupportPage.TVOnline(InternetSupportPage.java:152)
	at com.charter.test.Support.TS27_Validate_InternetSupport_TVOnlineLink(Support.java:539)
	at sun.reflect.NativeMethodAccessorImpl.invoke0(Native Method)
	at sun.reflect.NativeMethodAccessorImpl.invoke(Unknown Source)
	at sun.reflect.DelegatingMethodAccessorImpl.invoke(Unknown Source)
	at java.lang.reflect.Method.invoke(Unknown Source)
	at org.testng.internal.MethodInvocationHelper.invokeMethod(MethodInvocationHelper.java:84)
	at org.testng.internal.Invoker.invokeMethod(Invoker.java:714)
	at org.testng.internal.Invoker.retryFailed(Invoker.java:1049)
	at org.testng.internal.Invoker.invokeTestMethods(Invoker.java:1254)
	at org.testng.internal.TestMethodWorker.invokeTestMethods(TestMethodWorker.java:127)
	at org.testng.internal.TestMethodWorker.run(TestMethodWorker.java:111)
	at org.testng.TestRunner.privateRun(TestRunner.java:767)
	at org.testng.TestRunner.run(TestRunner.java:617)
	at org.testng.SuiteRunner.runTest(SuiteRunner.java:348)
	at org.testng.SuiteRunner.runSequentially(SuiteRunner.java:343)
	at org.testng.SuiteRunner.privateRun(SuiteRunner.java:305)
	at org.testng.SuiteRunner.run(SuiteRunner.java:254)
	at org.testng.SuiteRunnerWorker.runSuite(SuiteRunnerWorker.java:52)
	at org.testng.SuiteRunnerWorker.run(SuiteRunnerWorker.java:86)
	at org.testng.TestNG.runSuitesSequentially(TestNG.java:1224)
	at org.testng.TestNG.runSuitesLocally(TestNG.java:1149)
	at org.testng.TestNG.run(TestNG.java:1057)
	at org.apache.maven.surefire.testng.TestNGExecutor.run(TestNGExecutor.java:122)
	at org.apache.maven.surefire.testng.TestNGXmlTestSuite.execute(TestNGXmlTestSuite.java:92)
	at org.apache.maven.surefire.testng.TestNGProvider.invoke(TestNGProvider.java:101)
	at sun.reflect.NativeMethodAccessorImpl.invoke0(Native Method)
	at sun.reflect.NativeMethodAccessorImpl.invoke(Unknown Source)
	at sun.reflect.DelegatingMethodAccessorImpl.invoke(Unknown Source)
	at java.lang.reflect.Method.invoke(Unknown Source)
	at org.apache.maven.surefire.util.ReflectionUtils.invokeMethodWithArray(ReflectionUtils.java:164)
	at org.apache.maven.surefire.booter.ProviderFactory$ProviderProxy.invoke(ProviderFactory.java:110)
	at org.apache.maven.surefire.booter.SurefireStarter.invokeProvider(SurefireStarter.java:172)
	at org.apache.maven.surefire.booter.SurefireStarter.runSuitesInProcessWhenForked(SurefireStarter.java:104)
	at org.apache.maven.surefire.booter.ForkedBooter.main(ForkedBooter.java:70)
Caused by: org.openqa.selenium.NoSuchElementException: Unable to locate element: {"method":"xpath","selector":"//a[contains(text(),\"Charter TV App\")]"}
For documentation on this error, please visit: http://seleniumhq.org/exceptions/no_such_element.html
Build info: version: '2.45.0', revision: '5017cb8e7ca8e37638dc3091b2440b90a1d8686f', time: '2015-02-27 09:10:26'
System info: host: 'PC273975', ip: '10.249.11.67', os.name: 'Windows 7', os.arch: 'x86', os.version: '6.1', java.version: '1.7.0'
Driver info: driver.version: unknown
	at <anonymous class>.FirefoxDriver.prototype.findElementInternal_(file:///C:/Users/401508/AppData/Local/Temp/anonymous8621723132755504621webdriver-profile/extensions/fxdriver@googlecode.com/components/driver-component.js:10271)
	at <anonymous class>.fxdriver.Timer.prototype.setTimeout/<.notify(file:///C:/Users/401508/AppData/Local/Temp/anonymous8621723132755504621webdriver-profile/extensions/fxdriver@googlecode.com/components/driver-component.js:603)
]]>
    </failure>
  </testcase> <!-- TS27_Validate_InternetSupport_TVOnlineLink -->
  <testcase name="TS31_Validate_VoiceSupport_VoiceEquipmentLink" time="46.461" classname="com.charter.test.Support"/>
  <testcase name="TS08_Validate_TVSupportPage_AskCharterWidget_HOHUser" time="85.699" classname="com.charter.test.Support"/>
  <testcase name="TV37_Validate_SupportOverview_Search" time="195.678" classname="com.charter.test.Support"/>
  <testcase name="TV38_Validate_SupportOverview_WatchOnline_SearchResults" time="115.863" classname="com.charter.test.Support"/>
  <testcase name="TS35_Validate_MyAccountSupport_MyAccountLink" time="90.567" classname="com.charter.test.Support"/>
  <testcase name="TS18_Validate_SupportInternetVideo_browsing" time="74.892" classname="com.charter.test.Support"/>
  <testcase name="TS07_Validate_SupportVideo_browsing" time="276.206" classname="com.charter.test.Support"/>
  <testcase name="TS28_Validate_InternetSupport_WifiLink" time="152.667" classname="com.charter.test.Support"/>
  <testcase name="TS03_Validate_TVSupport_ArticleLinks" time="94.966" classname="com.charter.test.Support"/>
  <testcase name="TS20_Validate_InternetSupport_InternetEquipmentLink" time="110.118" classname="com.charter.test.Support"/>
  <testcase name="TS11_Validate_TVSupport_TVEquipmentLink" time="77.981" classname="com.charter.test.Support"/>
  <testcase name="TS19_Validate_InternetSupport_CharterDotNetLink" time="61.014" classname="com.charter.test.Support"/>
  <testcase name="TS26_Validate_InternetSupport_TroubleshootingLink" time="231.340" classname="com.charter.test.Support"/>
  <testcase name="TV40_Validate_SupportOverview_Support_SearchResults" time="116.387" classname="com.charter.test.Support"/>
  <testcase name="TS14_Validate_TVSupport_HDLink" time="57.680" classname="com.charter.test.Support"/>
  <testcase name="TS05_Validate_InternetSupport_ArticleLinks" time="94.854" classname="com.charter.test.Support"/>
  <testcase name="TS10_Validate_TVSupport_CharterTVServiceLink" time="162.940" classname="com.charter.test.Support"/>
  <testcase name="TS25_Validate_InternetSupport_OnlineSecurityLink" time="174.626" classname="com.charter.test.Support"/>
  <testcase name="TV39_Validate_SupportOverview_WatchOnTV_SearchResults" time="167.042" classname="com.charter.test.Support"/>
  <testcase name="TS06_Validate_MyAccountSupport_ArticleLinks" time="293.648" classname="com.charter.test.Support">
    <failure type="com.cognizant.framework.exception.BrowserBotException" message="Bot encountered a timeout while waiting for a condition,  Timed out after 40 seconds waiting for element to be clickable: By.xpath: //a[contains(text(),&#039;Charter.net Username (Sign In)&#039;)]
Build info: version: &#039;2.45.0&#039;, revision: &#039;5017cb8e7ca8e37638dc3091b2440b90a1d8686f&#039;, time: &#039;2015-02-27 09:10:26&#039;
System info: host: &#039;PC273975&#039;, ip: &#039;10.249.11.67&#039;, os.name: &#039;Windows 7&#039;, os.arch: &#039;x86&#039;, os.version: &#039;6.1&#039;, java.version: &#039;1.7.0&#039;
Driver info: driver.version: unknown">
      <![CDATA[com.cognizant.framework.exception.BrowserBotException: Bot encountered a timeout while waiting for a condition,  Timed out after 40 seconds waiting for element to be clickable: By.xpath: //a[contains(text(),'Charter.net Username (Sign In)')]
Build info: version: '2.45.0', revision: '5017cb8e7ca8e37638dc3091b2440b90a1d8686f', time: '2015-02-27 09:10:26'
System info: host: 'PC273975', ip: '10.249.11.67', os.name: 'Windows 7', os.arch: 'x86', os.version: '6.1', java.version: '1.7.0'
Driver info: driver.version: unknown
	at com.cognizant.framework.core.WebDriverBase.wait(WebDriverBase.java:76)
	at com.charter.page.SupportPage.MyAccountSupport_Article(SupportPage.java:126)
	at com.charter.test.Support.TS06_Validate_MyAccountSupport_ArticleLinks(Support.java:134)
	at sun.reflect.NativeMethodAccessorImpl.invoke0(Native Method)
	at sun.reflect.NativeMethodAccessorImpl.invoke(Unknown Source)
	at sun.reflect.DelegatingMethodAccessorImpl.invoke(Unknown Source)
	at java.lang.reflect.Method.invoke(Unknown Source)
	at org.testng.internal.MethodInvocationHelper.invokeMethod(MethodInvocationHelper.java:84)
	at org.testng.internal.Invoker.invokeMethod(Invoker.java:714)
	at org.testng.internal.Invoker.retryFailed(Invoker.java:1049)
	at org.testng.internal.Invoker.invokeTestMethods(Invoker.java:1254)
	at org.testng.internal.TestMethodWorker.invokeTestMethods(TestMethodWorker.java:127)
	at org.testng.internal.TestMethodWorker.run(TestMethodWorker.java:111)
	at org.testng.TestRunner.privateRun(TestRunner.java:767)
	at org.testng.TestRunner.run(TestRunner.java:617)
	at org.testng.SuiteRunner.runTest(SuiteRunner.java:348)
	at org.testng.SuiteRunner.runSequentially(SuiteRunner.java:343)
	at org.testng.SuiteRunner.privateRun(SuiteRunner.java:305)
	at org.testng.SuiteRunner.run(SuiteRunner.java:254)
	at org.testng.SuiteRunnerWorker.runSuite(SuiteRunnerWorker.java:52)
	at org.testng.SuiteRunnerWorker.run(SuiteRunnerWorker.java:86)
	at org.testng.TestNG.runSuitesSequentially(TestNG.java:1224)
	at org.testng.TestNG.runSuitesLocally(TestNG.java:1149)
	at org.testng.TestNG.run(TestNG.java:1057)
	at org.apache.maven.surefire.testng.TestNGExecutor.run(TestNGExecutor.java:122)
	at org.apache.maven.surefire.testng.TestNGXmlTestSuite.execute(TestNGXmlTestSuite.java:92)
	at org.apache.maven.surefire.testng.TestNGProvider.invoke(TestNGProvider.java:101)
	at sun.reflect.NativeMethodAccessorImpl.invoke0(Native Method)
	at sun.reflect.NativeMethodAccessorImpl.invoke(Unknown Source)
	at sun.reflect.DelegatingMethodAccessorImpl.invoke(Unknown Source)
	at java.lang.reflect.Method.invoke(Unknown Source)
	at org.apache.maven.surefire.util.ReflectionUtils.invokeMethodWithArray(ReflectionUtils.java:164)
	at org.apache.maven.surefire.booter.ProviderFactory$ProviderProxy.invoke(ProviderFactory.java:110)
	at org.apache.maven.surefire.booter.SurefireStarter.invokeProvider(SurefireStarter.java:172)
	at org.apache.maven.surefire.booter.SurefireStarter.runSuitesInProcessWhenForked(SurefireStarter.java:104)
	at org.apache.maven.surefire.booter.ForkedBooter.main(ForkedBooter.java:70)
]]>
    </failure>
  </testcase> <!-- TS06_Validate_MyAccountSupport_ArticleLinks -->
  <testcase name="TS09_Validate_TVSupportVideo_browsing" time="70.958" classname="com.charter.test.Support"/>
  <testcase name="TS29_Validate_VoiceSupportPage_AskCharterWidget_HOHUser" time="51.801" classname="com.charter.test.Support"/>
  <testcase name="TS34_Validate_MyAccountSupportPage_AskCharterWidget_HOHUser" time="386.356" classname="com.charter.test.Support"/>
  <testcase name="TS16_Validate_TVSupport_TroubleshootingLink" time="74.971" classname="com.charter.test.Support"/>
  <testcase name="TS02_Validate_SupportPage_AskCharterWidget_HOHUser" time="176.278" classname="com.charter.test.Support"/>
  <testcase name="TS30_Validate_VoiceSupport_FeaturesLink" time="50.899" classname="com.charter.test.Support"/>
  <testcase name="TS21_Validate_InternetSupport_EmailLink" time="61.109" classname="com.charter.test.Support"/>
  <testcase name="TS13_Validate_TVSupport_ProgramGuidesLink" time="250.446" classname="com.charter.test.Support"/>
  <testcase name="TS12_Validate_TVSupport_TVOnlineLink" time="219.212" classname="com.charter.test.Support"/>
  <testcase name="TS33_Validate_VoiceSupport_TroubleshootingLink" time="54.320" classname="com.charter.test.Support"/>
  <testcase name="TV41_Validate_SupportOverview_Google_SearchResults" time="133.287" classname="com.charter.test.Support"/>
</testsuite> <!-- com.charter.test.Support -->
