<?xml version="1.0" encoding="UTF-8"?>
<!-- Generated by org.testng.reporters.JUnitReportReporter -->
<testsuite hostname="PC273975" name="com.charter.test.ForgotPassword" tests="6" failures="1" timestamp="3 Feb 2016 06:10:53 GMT" time="820.331" errors="0">
  <testcase name="TA53_Validate_ForgotPassword_Non_Converted_CharterID" time="41.209" classname="com.charter.test.ForgotPassword"/>
  <testcase name="TA38_Validate_RetrievingPassword_StandardUser" time="81.822" classname="com.charter.test.ForgotPassword"/>
  <testcase name="TA52_Validate_ForgotPassword_Non_Converted_MS_Login" time="65.518" classname="com.charter.test.ForgotPassword"/>
  <testcase name="TA54_Validate_ForgotPassword_Converted_CharterID" time="56.380" classname="com.charter.test.ForgotPassword"/>
  <testcase name="TA35_Validate_RetrievingPassword_HOHuser" time="533.385" classname="com.charter.test.ForgotPassword">
    <failure type="com.cognizant.framework.exception.BrowserBotException" message="Bot encountered a timeout while waiting for a condition,  Timed out after 40 seconds waiting for visibility of element located by By.xpath: // button[contains(@id,&#039;logout&#039;) and contains(text(),&#039;Sign Out&#039;)]
Build info: version: &#039;2.45.0&#039;, revision: &#039;5017cb8e7ca8e37638dc3091b2440b90a1d8686f&#039;, time: &#039;2015-02-27 09:10:26&#039;
System info: host: &#039;PC273975&#039;, ip: &#039;10.249.11.67&#039;, os.name: &#039;Windows 7&#039;, os.arch: &#039;x86&#039;, os.version: &#039;6.1&#039;, java.version: &#039;1.8.0_66&#039;
Driver info: driver.version: unknown">
      <![CDATA[com.cognizant.framework.exception.BrowserBotException: Bot encountered a timeout while waiting for a condition,  Timed out after 40 seconds waiting for visibility of element located by By.xpath: // button[contains(@id,'logout') and contains(text(),'Sign Out')]
Build info: version: '2.45.0', revision: '5017cb8e7ca8e37638dc3091b2440b90a1d8686f', time: '2015-02-27 09:10:26'
System info: host: 'PC273975', ip: '10.249.11.67', os.name: 'Windows 7', os.arch: 'x86', os.version: '6.1', java.version: '1.8.0_66'
Driver info: driver.version: unknown
	at com.cognizant.framework.core.WebDriverBase.wait(WebDriverBase.java:76)
	at com.charter.page.HomePage.logoutApplication(HomePage.java:282)
	at com.charter.page.AuthenticationPage.fp_ValidE2E_HOH(AuthenticationPage.java:297)
	at com.charter.test.ForgotPassword.TA35_Validate_RetrievingPassword_HOHuser(ForgotPassword.java:35)
	at sun.reflect.NativeMethodAccessorImpl.invoke0(Native Method)
	at sun.reflect.NativeMethodAccessorImpl.invoke(NativeMethodAccessorImpl.java:62)
	at sun.reflect.DelegatingMethodAccessorImpl.invoke(DelegatingMethodAccessorImpl.java:43)
	at java.lang.reflect.Method.invoke(Method.java:497)
	at org.testng.internal.MethodInvocationHelper.invokeMethod(MethodInvocationHelper.java:84)
	at org.testng.internal.Invoker.invokeMethod(Invoker.java:714)
	at org.testng.internal.Invoker.invokeTestMethod(Invoker.java:901)
	at org.testng.internal.Invoker.invokeTestMethods(Invoker.java:1231)
	at org.testng.internal.TestMethodWorker.invokeTestMethods(TestMethodWorker.java:127)
	at org.testng.internal.TestMethodWorker.run(TestMethodWorker.java:111)
	at org.testng.TestRunner.privateRun(TestRunner.java:767)
	at org.testng.TestRunner.run(TestRunner.java:617)
	at org.testng.SuiteRunner.runTest(SuiteRunner.java:348)
	at org.testng.SuiteRunner.runSequentially(SuiteRunner.java:343)
	at org.testng.SuiteRunner.privateRun(SuiteRunner.java:305)
	at org.testng.SuiteRunner.run(SuiteRunner.java:254)
	at org.testng.SuiteRunnerWorker.runSuite(SuiteRunnerWorker.java:52)
	at org.testng.SuiteRunnerWorker.run(SuiteRunnerWorker.java:86)
	at org.testng.TestNG.runSuitesSequentially(TestNG.java:1224)
	at org.testng.TestNG.runSuitesLocally(TestNG.java:1149)
	at org.testng.TestNG.run(TestNG.java:1057)
	at org.apache.maven.surefire.testng.TestNGExecutor.run(TestNGExecutor.java:122)
	at org.apache.maven.surefire.testng.TestNGXmlTestSuite.execute(TestNGXmlTestSuite.java:92)
	at org.apache.maven.surefire.testng.TestNGProvider.invoke(TestNGProvider.java:101)
	at sun.reflect.NativeMethodAccessorImpl.invoke0(Native Method)
	at sun.reflect.NativeMethodAccessorImpl.invoke(NativeMethodAccessorImpl.java:62)
	at sun.reflect.DelegatingMethodAccessorImpl.invoke(DelegatingMethodAccessorImpl.java:43)
	at java.lang.reflect.Method.invoke(Method.java:497)
	at org.apache.maven.surefire.util.ReflectionUtils.invokeMethodWithArray(ReflectionUtils.java:164)
	at org.apache.maven.surefire.booter.ProviderFactory$ProviderProxy.invoke(ProviderFactory.java:110)
	at org.apache.maven.surefire.booter.SurefireStarter.invokeProvider(SurefireStarter.java:172)
	at org.apache.maven.surefire.booter.SurefireStarter.runSuitesInProcessWhenForked(SurefireStarter.java:104)
	at org.apache.maven.surefire.booter.ForkedBooter.main(ForkedBooter.java:70)
]]>
    </failure>
  </testcase> <!-- TA35_Validate_RetrievingPassword_HOHuser -->
  <testcase name="TA37_Validate_RetrievingPassword_AdminUser" time="42.017" classname="com.charter.test.ForgotPassword"/>
</testsuite> <!-- com.charter.test.ForgotPassword -->
