<html>
<head>
<title>TestNG:  Stage</title>
<link href="../testng.css" rel="stylesheet" type="text/css" />
<link href="../my-testng.css" rel="stylesheet" type="text/css" />

<style type="text/css">
.log { display: none;} 
.stack-trace { display: none;} 
</style>
<script type="text/javascript">
<!--
function flip(e) {
  current = e.style.display;
  if (current == 'block') {
    e.style.display = 'none';
    return 0;
  }
  else {
    e.style.display = 'block';
    return 1;
  }
}

function toggleBox(szDivId, elem, msg1, msg2)
{
  var res = -1;  if (document.getElementById) {
    res = flip(document.getElementById(szDivId));
  }
  else if (document.all) {
    // this is the way old msie versions work
    res = flip(document.all[szDivId]);
  }
  if(elem) {
    if(res == 0) elem.innerHTML = msg1; else elem.innerHTML = msg2;
  }

}

function toggleAllBoxes() {
  if (document.getElementsByTagName) {
    d = document.getElementsByTagName('div');
    for (i = 0; i < d.length; i++) {
      if (d[i].className == 'log') {
        flip(d[i]);
      }
    }
  }
}

// -->
</script>

</head>
<body>
<h2 align='center'>Stage</h2><table border='1' align="center">
<tr>
<td>Tests passed/Failed/Skipped:</td><td>4/1/0</td>
</tr><tr>
<td>Started on:</td><td>Tue Feb 02 16:27:08 IST 2016</td>
</tr>
<tr><td>Total time:</td><td>208 seconds (208096 ms)</td>
</tr><tr>
<td>Included groups:</td><td></td>
</tr><tr>
<td>Excluded groups:</td><td></td>
</tr>
</table><p/>
<small><i>(Hover the method name to see the test class name)</i></small><p/>
<table width='100%' border='1' class='invocation-failed'>
<tr><td colspan='4' align='center'><b>FAILED TESTS</b></td></tr>
<tr><td><b>Test method</b></td>
<td width="30%"><b>Exception</b></td>
<td width="10%"><b>Time (seconds)</b></td>
<td><b>Instance</b></td>
</tr>
<tr>
<td title='com.charter.test.CharterDotCom.TE06_Validate_Navigation_from_charterDotCom_with_Login_option_and_Verify_Business_Customers_Link_inLoginpage()'><b>TE06_Validate_Navigation_from_charterDotCom_with_Login_option_and_Verify_Business_Customers_Link_inLoginpage</b><br>Test class: com.charter.test.CharterDotCom<br>Parameters: {CardNumber=, mac_CID=, security_question=, Devicenickname=, zipcode_fID=, Account_Type=, invalidLastname=, invalidPassword=, SecurityQuestion=, lastname_fp=, filterbyPhone=, password=, security_answer=, Account_pom=, invalidMAC=, Zipcode=, Relogin_UserID=, Operatingsystem=, SecurityCode=3397, invalidEmail=, SecurityAnswer=, couponNumber=, NewRole=, UserPassword=Testing01, City=, selectUser=, PC_Unratedcontent=, ACnumber=, Relogin_Password=, charterID=, lastname=, lastname_fID=, Zipcode_fp=, BusinessCharterID=e2eadd600, filterbyRate=, State=, firstname_CID=, zipcode_CID=, ParentalControl_TV=, mac_fID=, invalidSecurityAns=, address_CID=, ParentalControl_Unratedcontent=, Message=, ParentalControl_Movie=, TestCaseId=TE06_Validate_Navigation_from_charterDotCom_with_Login_option_and_Verify_Business_Customers_Link_inLoginpage, PC_TV=, Password1=, searchkey=, invalidZipcode=, lastname_CID=, fLinked_CharterID=, ExpDate=, filterbyType=, UserID=, CardType=, UserID1=, address_fID=, CharterID_fp=, invalidAddress=, email=, AccountNumberVerify=, LegacySiteURL=https://www.charter.com, accountnumber=, FutureDate=, Statement=, Address2=, Mobilephone=, PC_Movie=, Account_DVRcontrol=, Address1=, hohuser=, ConfirmPassword=, routingnumber=, ContactEmail=, SelectDate=, ExpYear=, businessaccountNo=8353700530010058}<br/>
<a href="#Output-7290664" onClick='toggleBox("Output-7290664", this, "Show output", "Hide output");'>Show output</a>

<a href="#Output-7290664" onClick="toggleAllBoxes();">Show all outputs</a>
<div class='log' id="Output-7290664">
<<<*** END: CharterDotCom.TE06_Validate_Navigation_from_charterDotCom_with_Login_option_and_Verify_Business_Customers_Link_inLoginpage ***>>> <br/><br/>
=====================================================================================<br/><br/>
Test Failed :com.charter.test.CharterDotCom.TE06_Validate_Navigation_from_charterDotCom_with_Login_option_and_Verify_Business_Customers_Link_inLoginpage, Took 31 seconds<br/><br/>
<a href='D:\Sanity Suite\sanity\test-output\html\screenshots\TE06_Validate_Navigation_from_charterDotCom_with_Login_option_and_Verify_Business_Customers_Link_inLoginpage-1-02Feb16_043033.png'><img src='D:\Sanity Suite\sanity\test-output\html\screenshots\TE06_Validate_Navigation_from_charterDotCom_with_Login_option_and_Verify_Business_Customers_Link_inLoginpage-1-02Feb16_043033.png' height='50' width='50'/><br></a><br/>
</div>
</td>
<td><div><pre>org.openqa.selenium.NoSuchElementException: no such element: Unable to locate element: {&quot;method&quot;:&quot;xpath&quot;,&quot;selector&quot;:&quot;/html/body/div[2]/main/div/div/div[1]/div/div/div[2]/div/a&quot;}
  (Session info: chrome=46.0.2490.71)
  (Driver info: chromedriver=2.19.346078 (6f1f0cde889532d48ce8242342d0b84f94b114a1),platform=Windows NT 6.1 SP1 x86) (WARNING: The server did not provide any stacktrace information)
Command duration or timeout: 20.02 seconds
For documentation on this error, please visit: http://seleniumhq.org/exceptions/no_such_element.html
Build info: version: &apos;2.45.0&apos;, revision: &apos;5017cb8&apos;, time: &apos;2015-02-26 23:59:50&apos;
System info: host: &apos;PC273975&apos;, ip: &apos;10.249.11.67&apos;, os.name: &apos;Windows 7&apos;, os.arch: &apos;x86&apos;, os.version: &apos;6.1&apos;, java.version: &apos;1.8.0_66&apos;
Driver info: org.openqa.selenium.chrome.ChromeDriver
Capabilities [{applicationCacheEnabled=false, rotatable=false, mobileEmulationEnabled=false, chrome={userDataDir=C:\Users\401508\AppData\Local\Temp\scoped_dir12772_2803}, takesHeapSnapshot=true, databaseEnabled=false, handlesAlerts=true, hasTouchScreen=false, version=46.0.2490.71, platform=XP, browserConnectionEnabled=false, nativeEvents=true, acceptSslCerts=true, locationContextEnabled=true, webStorageEnabled=true, browserName=chrome, takesScreenshot=true, javascriptEnabled=true, cssSelectorsEnabled=true}]
Session ID: 8d1e91ad7a8011ab2ab7066e5bb15165
*** Element info: {Using=xpath, value=/html/body/div[2]/main/div/div/div[1]/div/div/div[2]/div/a}
	at org.openqa.selenium.remote.ErrorHandler.createThrowable(ErrorHandler.java:204)
	at org.openqa.selenium.remote.ErrorHandler.throwIfResponseFailed(ErrorHandler.java:156)
	at org.openqa.selenium.remote.RemoteWebDriver.execute(RemoteWebDriver.java:599)
	at org.openqa.selenium.remote.RemoteWebDriver.findElement(RemoteWebDriver.java:352)
	at org.openqa.selenium.remote.RemoteWebDriver.findElementByXPath(RemoteWebDriver.java:449)
	at org.openqa.selenium.By$ByXPath.findElement(By.java:357)
	at org.openqa.selenium.remote.RemoteWebDriver.findElement(RemoteWebDriver.java:344)
	at com.charter.page.BasicAuthenticaion.Business_Customers_Link(BasicAuthenticaion.java:170)
	at com.charter.test.CharterDotCom.TE06_Validate_Navigation_from_charterDotCom_with_Login_option_and_Verify_Business_Customers_Link_inLoginpage(CharterDotCom.java:64)
... Removed 28 stack frames</pre></div><a href='#' onClick='toggleBox("stack-trace7290664", this, "Click to show all stack frames", "Click to hide stack frames")'>Click to show all stack frames</a>
<div class='stack-trace' id='stack-trace7290664'><pre>org.openqa.selenium.NoSuchElementException: no such element: Unable to locate element: {&quot;method&quot;:&quot;xpath&quot;,&quot;selector&quot;:&quot;/html/body/div[2]/main/div/div/div[1]/div/div/div[2]/div/a&quot;}
  (Session info: chrome=46.0.2490.71)
  (Driver info: chromedriver=2.19.346078 (6f1f0cde889532d48ce8242342d0b84f94b114a1),platform=Windows NT 6.1 SP1 x86) (WARNING: The server did not provide any stacktrace information)
Command duration or timeout: 20.02 seconds
For documentation on this error, please visit: http://seleniumhq.org/exceptions/no_such_element.html
Build info: version: &apos;2.45.0&apos;, revision: &apos;5017cb8&apos;, time: &apos;2015-02-26 23:59:50&apos;
System info: host: &apos;PC273975&apos;, ip: &apos;10.249.11.67&apos;, os.name: &apos;Windows 7&apos;, os.arch: &apos;x86&apos;, os.version: &apos;6.1&apos;, java.version: &apos;1.8.0_66&apos;
Driver info: org.openqa.selenium.chrome.ChromeDriver
Capabilities [{applicationCacheEnabled=false, rotatable=false, mobileEmulationEnabled=false, chrome={userDataDir=C:\Users\401508\AppData\Local\Temp\scoped_dir12772_2803}, takesHeapSnapshot=true, databaseEnabled=false, handlesAlerts=true, hasTouchScreen=false, version=46.0.2490.71, platform=XP, browserConnectionEnabled=false, nativeEvents=true, acceptSslCerts=true, locationContextEnabled=true, webStorageEnabled=true, browserName=chrome, takesScreenshot=true, javascriptEnabled=true, cssSelectorsEnabled=true}]
Session ID: 8d1e91ad7a8011ab2ab7066e5bb15165
*** Element info: {Using=xpath, value=/html/body/div[2]/main/div/div/div[1]/div/div/div[2]/div/a}
	at sun.reflect.NativeConstructorAccessorImpl.newInstance0(Native Method)
	at sun.reflect.NativeConstructorAccessorImpl.newInstance(NativeConstructorAccessorImpl.java:62)
	at sun.reflect.DelegatingConstructorAccessorImpl.newInstance(DelegatingConstructorAccessorImpl.java:45)
	at java.lang.reflect.Constructor.newInstance(Constructor.java:422)
	at org.openqa.selenium.remote.ErrorHandler.createThrowable(ErrorHandler.java:204)
	at org.openqa.selenium.remote.ErrorHandler.throwIfResponseFailed(ErrorHandler.java:156)
	at org.openqa.selenium.remote.RemoteWebDriver.execute(RemoteWebDriver.java:599)
	at org.openqa.selenium.remote.RemoteWebDriver.findElement(RemoteWebDriver.java:352)
	at org.openqa.selenium.remote.RemoteWebDriver.findElementByXPath(RemoteWebDriver.java:449)
	at org.openqa.selenium.By$ByXPath.findElement(By.java:357)
	at org.openqa.selenium.remote.RemoteWebDriver.findElement(RemoteWebDriver.java:344)
	at com.charter.page.BasicAuthenticaion.Business_Customers_Link(BasicAuthenticaion.java:170)
	at com.charter.test.CharterDotCom.TE06_Validate_Navigation_from_charterDotCom_with_Login_option_and_Verify_Business_Customers_Link_inLoginpage(CharterDotCom.java:64)
	at sun.reflect.NativeMethodAccessorImpl.invoke0(Native Method)
	at sun.reflect.NativeMethodAccessorImpl.invoke(NativeMethodAccessorImpl.java:62)
	at sun.reflect.DelegatingMethodAccessorImpl.invoke(DelegatingMethodAccessorImpl.java:43)
	at java.lang.reflect.Method.invoke(Method.java:497)
	at org.testng.internal.MethodInvocationHelper.invokeMethod(MethodInvocationHelper.java:84)
	at org.testng.internal.Invoker.invokeMethod(Invoker.java:714)
	at org.testng.internal.Invoker.invokeTestMethod(Invoker.java:901)
	at org.testng.internal.Invoker.invokeTestMethods(Invoker.java:1231)
	at org.testng.internal.TestMethodWorker.invokeTestMethods(TestMethodWorker.java:127)
	at org.testng.internal.TestMethodWorker.run(TestMethodWorker.java:111)
	at org.testng.TestRunner.privateRun(TestRunner.java:767)
	at org.testng.TestRunner.run(TestRunner.java:617)
	at org.testng.SuiteRunner.runTest(SuiteRunner.java:334)
	at org.testng.SuiteRunner.runSequentially(SuiteRunner.java:329)
	at org.testng.SuiteRunner.privateRun(SuiteRunner.java:291)
	at org.testng.SuiteRunner.run(SuiteRunner.java:240)
	at org.testng.SuiteRunnerWorker.runSuite(SuiteRunnerWorker.java:52)
	at org.testng.SuiteRunnerWorker.run(SuiteRunnerWorker.java:86)
	at org.testng.TestNG.runSuitesSequentially(TestNG.java:1224)
	at org.testng.TestNG.runSuitesLocally(TestNG.java:1149)
	at org.testng.TestNG.run(TestNG.java:1057)
	at org.testng.remote.RemoteTestNG.run(RemoteTestNG.java:115)
	at org.testng.remote.RemoteTestNG.initAndRun(RemoteTestNG.java:207)
	at org.testng.remote.RemoteTestNG.main(RemoteTestNG.java:178)
</pre></div></td>
<td>31</td>
<td>com.charter.test.CharterDotCom@19651f3</td></tr>
</table><p>
<table width='100%' border='1' class='invocation-passed'>
<tr><td colspan='4' align='center'><b>PASSED TESTS</b></td></tr>
<tr><td><b>Test method</b></td>
<td width="30%"><b>Exception</b></td>
<td width="10%"><b>Time (seconds)</b></td>
<td><b>Instance</b></td>
</tr>
<tr>
<td title='com.charter.test.CharterDotCom.TE01_Validate_Navigation_from_charterDotCom_with_Login_option_and_Verify_CreateIDbutton_inLoginpage()'><b>TE01_Validate_Navigation_from_charterDotCom_with_Login_option_and_Verify_CreateIDbutton_inLoginpage</b><br>Test class: com.charter.test.CharterDotCom<br>Parameters: {CardNumber=, mac_CID=, security_question=, Devicenickname=, zipcode_fID=, Account_Type=, invalidLastname=, invalidPassword=, SecurityQuestion=, lastname_fp=, password=, security_answer=, Account_pom=, invalidMAC=, Zipcode=, Relogin_UserID=, Operatingsystem=, invalidEmail=, SecurityAnswer=, couponNumber=, NewRole=, UserPassword=, City=, selectUser=, PC_Unratedcontent=, ACnumber=, Relogin_Password=, charterID=, lastname=, lastname_fID=, Zipcode_fp=, State=, firstname_CID=, zipcode_CID=, ParentalControl_TV=, mac_fID=, invalidSecurityAns=, address_CID=, ParentalControl_Unratedcontent=, Message=, ParentalControl_Movie=, TestCaseId=TE01_Validate_Navigation_from_charterDotCom_with_Login_option_and_Verify_CreateIDbutton_inLoginpage, PC_TV=, Password1=, searchkey=, invalidZipcode=, lastname_CID=, fLinked_CharterID=, ExpDate=, UserID=, CardType=, UserID1=, address_fID=, CharterID_fp=, invalidAddress=, email=, AccountNumberVerify=, LegacySiteURL=https://www.charter.com, accountnumber=, FutureDate=, Statement=, Address2=, Mobilephone=, PC_Movie=, Account_DVRcontrol=, Address1=, hohuser=, ConfirmPassword=, routingnumber=, ContactEmail=, SelectDate=, ExpYear=}<br/>
<a href="#Output-32277839" onClick='toggleBox("Output-32277839", this, "Show output", "Hide output");'>Show output</a>

<a href="#Output-32277839" onClick="toggleAllBoxes();">Show all outputs</a>
<div class='log' id="Output-32277839">
<<<*** END: CharterDotCom.TE01_Validate_Navigation_from_charterDotCom_with_Login_option_and_Verify_CreateIDbutton_inLoginpage ***>>> <br/><br/>
=====================================================================================<br/><br/>
Test Passed :com.charter.test.CharterDotCom.TE01_Validate_Navigation_from_charterDotCom_with_Login_option_and_Verify_CreateIDbutton_inLoginpage, Took 26 seconds<br/><br/>
</div>
</td>
<td></td>
<td>26</td>
<td>com.charter.test.CharterDotCom@19651f3</td></tr>
<tr>
<td title='com.charter.test.CharterDotCom.TE02_Validate_Navigation_from_charterDotCom_with_Login_option_and_Verify_ForgotUsername_Link_inLoginpage()'><b>TE02_Validate_Navigation_from_charterDotCom_with_Login_option_and_Verify_ForgotUsername_Link_inLoginpage</b><br>Test class: com.charter.test.CharterDotCom<br>Parameters: {CardNumber=, mac_CID=, security_question=, Devicenickname=, zipcode_fID=, Account_Type=, invalidLastname=, invalidPassword=, SecurityQuestion=, lastname_fp=, password=, security_answer=, Account_pom=, invalidMAC=, Zipcode=, Relogin_UserID=, Operatingsystem=, invalidEmail=, SecurityAnswer=, couponNumber=, NewRole=, UserPassword=, City=, selectUser=, PC_Unratedcontent=, ACnumber=, Relogin_Password=, charterID=, lastname=, lastname_fID=, Zipcode_fp=, State=, firstname_CID=, zipcode_CID=, ParentalControl_TV=, mac_fID=, invalidSecurityAns=, address_CID=, ParentalControl_Unratedcontent=, Message=, ParentalControl_Movie=, TestCaseId=TE02_Validate_Navigation_from_charterDotCom_with_Login_option_and_Verify_ForgotUsername_Link_inLoginpage, PC_TV=, Password1=, searchkey=, invalidZipcode=, lastname_CID=, fLinked_CharterID=, ExpDate=, UserID=, CardType=, UserID1=, address_fID=, CharterID_fp=, invalidAddress=, email=, AccountNumberVerify=, LegacySiteURL=https://www.charter.com, accountnumber=, FutureDate=, Statement=, Address2=, Mobilephone=, PC_Movie=, Account_DVRcontrol=, Address1=, hohuser=, ConfirmPassword=, routingnumber=, ContactEmail=, SelectDate=, ExpYear=}<br/>
<a href="#Output-30895285" onClick='toggleBox("Output-30895285", this, "Show output", "Hide output");'>Show output</a>

<a href="#Output-30895285" onClick="toggleAllBoxes();">Show all outputs</a>
<div class='log' id="Output-30895285">
<<<*** END: CharterDotCom.TE02_Validate_Navigation_from_charterDotCom_with_Login_option_and_Verify_ForgotUsername_Link_inLoginpage ***>>> <br/><br/>
=====================================================================================<br/><br/>
Test Passed :com.charter.test.CharterDotCom.TE02_Validate_Navigation_from_charterDotCom_with_Login_option_and_Verify_ForgotUsername_Link_inLoginpage, Took 34 seconds<br/><br/>
</div>
</td>
<td></td>
<td>34</td>
<td>com.charter.test.CharterDotCom@19651f3</td></tr>
<tr>
<td title='com.charter.test.CharterDotCom.TE03_Validate_Navigation_from_charterDotCom_with_Login_option_and_Verify_ForgotPassword_Link_inLoginpage()'><b>TE03_Validate_Navigation_from_charterDotCom_with_Login_option_and_Verify_ForgotPassword_Link_inLoginpage</b><br>Test class: com.charter.test.CharterDotCom<br>Parameters: {CardNumber=, mac_CID=, security_question=, Devicenickname=, zipcode_fID=, Account_Type=, invalidLastname=, invalidPassword=, SecurityQuestion=, lastname_fp=, password=, security_answer=, Account_pom=, invalidMAC=, Zipcode=, Relogin_UserID=, Operatingsystem=, invalidEmail=, SecurityAnswer=, couponNumber=, NewRole=, UserPassword=, City=, selectUser=, PC_Unratedcontent=, ACnumber=, Relogin_Password=, charterID=, lastname=, lastname_fID=, Zipcode_fp=, State=, firstname_CID=, zipcode_CID=, ParentalControl_TV=, mac_fID=, invalidSecurityAns=, address_CID=, ParentalControl_Unratedcontent=, Message=, ParentalControl_Movie=, TestCaseId=TE03_Validate_Navigation_from_charterDotCom_with_Login_option_and_Verify_ForgotPassword_Link_inLoginpage, PC_TV=, Password1=, searchkey=, invalidZipcode=, lastname_CID=, fLinked_CharterID=, ExpDate=, UserID=, CardType=, UserID1=, address_fID=, CharterID_fp=, invalidAddress=, email=, AccountNumberVerify=, LegacySiteURL=https://www.charter.com, accountnumber=, FutureDate=, Statement=, Address2=, Mobilephone=, PC_Movie=, Account_DVRcontrol=, Address1=, hohuser=, ConfirmPassword=, routingnumber=, ContactEmail=, SelectDate=, ExpYear=}<br/>
<a href="#Output-27039691" onClick='toggleBox("Output-27039691", this, "Show output", "Hide output");'>Show output</a>

<a href="#Output-27039691" onClick="toggleAllBoxes();">Show all outputs</a>
<div class='log' id="Output-27039691">
<<<*** END: CharterDotCom.TE03_Validate_Navigation_from_charterDotCom_with_Login_option_and_Verify_ForgotPassword_Link_inLoginpage ***>>> <br/><br/>
=====================================================================================<br/><br/>
Test Passed :com.charter.test.CharterDotCom.TE03_Validate_Navigation_from_charterDotCom_with_Login_option_and_Verify_ForgotPassword_Link_inLoginpage, Took 16 seconds<br/><br/>
</div>
</td>
<td></td>
<td>16</td>
<td>com.charter.test.CharterDotCom@19651f3</td></tr>
<tr>
<td title='com.charter.test.CharterDotCom.TE05_Validate_CharterDotCom_LoginOption()'><b>TE05_Validate_CharterDotCom_LoginOption</b><br>Test class: com.charter.test.CharterDotCom<br>Parameters: {CardNumber=, mac_CID=, security_question=, Devicenickname=, zipcode_fID=, Account_Type=, invalidLastname=, invalidPassword=, SecurityQuestion=, lastname_fp=, password=, security_answer=, Account_pom=, invalidMAC=, Zipcode=, Relogin_UserID=, Operatingsystem=, invalidEmail=, SecurityAnswer=, couponNumber=, NewRole=, UserPassword=, City=, selectUser=, PC_Unratedcontent=, ACnumber=, Relogin_Password=, charterID=, lastname=, lastname_fID=, Zipcode_fp=, State=, firstname_CID=, zipcode_CID=, ParentalControl_TV=, mac_fID=, invalidSecurityAns=, address_CID=, ParentalControl_Unratedcontent=, Message=, ParentalControl_Movie=, TestCaseId=TE05_Validate_CharterDotCom_LoginOption, PC_TV=, Password1=, searchkey=, invalidZipcode=, lastname_CID=, fLinked_CharterID=, ExpDate=, UserID=, CardType=, UserID1=, address_fID=, CharterID_fp=, invalidAddress=, email=, AccountNumberVerify=, LegacySiteURL=https://www.charter.com, accountnumber=, FutureDate=, Statement=, Address2=, Mobilephone=, PC_Movie=, Account_DVRcontrol=, Address1=, hohuser=, ConfirmPassword=, routingnumber=, ContactEmail=, SelectDate=, ExpYear=}<br/>
<a href="#Output-30101548" onClick='toggleBox("Output-30101548", this, "Show output", "Hide output");'>Show output</a>

<a href="#Output-30101548" onClick="toggleAllBoxes();">Show all outputs</a>
<div class='log' id="Output-30101548">
<<<*** END: CharterDotCom.TE05_Validate_CharterDotCom_LoginOption ***>>> <br/><br/>
=====================================================================================<br/><br/>
Test Passed :com.charter.test.CharterDotCom.TE05_Validate_CharterDotCom_LoginOption, Took 14 seconds<br/><br/>
</div>
</td>
<td></td>
<td>14</td>
<td>com.charter.test.CharterDotCom@19651f3</td></tr>
</table><p>
</body>
</html>