<?xml version="1.0" encoding="UTF-8"?>
<!-- Generated by org.testng.reporters.JUnitXMLReporter -->
<testsuite hostname="PC273975" name="Prod_Test_July29th2015" tests="45" failures="7" timestamp="29 Jul 2015 12:54:40 GMT" time="6862.029" errors="0">
  <testcase name="TS01_Validate_TV_Voice_Internet_MyAccount_Links_SupportOverview" time="169.563" classname="com.charter.test.Support"/>
  <testcase name="TS02_Validate_SupportPage_AskCharterWidget_HOHUser" time="159.491" classname="com.charter.test.Support"/>
  <testcase name="TS03_Validate_TVSupport_ArticleLinks" time="84.075" classname="com.charter.test.Support"/>
  <testcase name="TS04_Validate_VoiceSupport_ArticleLinks" time="138.325" classname="com.charter.test.Support"/>
  <testcase name="TS05_Validate_InternetSupport_ArticleLinks" time="86.548" classname="com.charter.test.Support"/>
  <testcase name="TS06_Validate_MyAccountSupport_ArticleLinks" time="288.79" classname="com.charter.test.Support"/>
  <testcase name="TS06_Validate_MyAccountSupport_ArticleLinks" time="284.06" classname="com.charter.test.Support">
    <failure type="com.cognizant.framework.exception.BrowserBotException" message="Bot encountered a timeout while waiting for a condition,  Timed out after 40 seconds waiting for element to be clickable: By.xpath: //a[contains(text(),&amp;apos;Charter.net Username (Sign In)&amp;apos;)]
Build info: version: &amp;apos;2.45.0&amp;apos;, revision: &amp;apos;5017cb8e7ca8e37638dc3091b2440b90a1d8686f&amp;apos;, time: &amp;apos;2015-02-27 09:10:26&amp;apos;
System info: host: &amp;apos;PC273975&amp;apos;, ip: &amp;apos;10.249.11.67&amp;apos;, os.name: &amp;apos;Windows 7&amp;apos;, os.arch: &amp;apos;x86&amp;apos;, os.version: &amp;apos;6.1&amp;apos;, java.version: &amp;apos;1.7.0&amp;apos;
Driver info: driver.version: unknown">
      <![CDATA[com.cognizant.framework.exception.BrowserBotException: Bot encountered a timeout while waiting for a condition,  Timed out after 40 seconds waiting for element to be clickable: By.xpath: //a[contains(text(),'Charter.net Username (Sign In)')]
Build info: version: '2.45.0', revision: '5017cb8e7ca8e37638dc3091b2440b90a1d8686f', time: '2015-02-27 09:10:26'
System info: host: 'PC273975', ip: '10.249.11.67', os.name: 'Windows 7', os.arch: 'x86', os.version: '6.1', java.version: '1.7.0'
Driver info: driver.version: unknown
	at com.cognizant.framework.core.WebDriverBase.wait(WebDriverBase.java:76)
	at com.charter.page.SupportPage.MyAccountSupport_Article(SupportPage.java:126)
	at com.charter.test.Support.TS06_Validate_MyAccountSupport_ArticleLinks(Support.java:134)
... Removed 33 stack frames]]>
    </failure>
  </testcase> <!-- TS06_Validate_MyAccountSupport_ArticleLinks -->
  <testcase name="TS07_Validate_SupportVideo_browsing" time="267.866" classname="com.charter.test.Support"/>
  <testcase name="TS08_Validate_TVSupportPage_AskCharterWidget_HOHUser" time="68.849" classname="com.charter.test.Support"/>
  <testcase name="TS09_Validate_TVSupportVideo_browsing" time="62.468" classname="com.charter.test.Support"/>
  <testcase name="TS10_Validate_TVSupport_CharterTVServiceLink" time="154.051" classname="com.charter.test.Support"/>
  <testcase name="TS11_Validate_TVSupport_TVEquipmentLink" time="69.631" classname="com.charter.test.Support"/>
  <testcase name="TS12_Validate_TVSupport_TVOnlineLink" time="283.805" classname="com.charter.test.Support"/>
  <testcase name="TS12_Validate_TVSupport_TVOnlineLink" time="210.083" classname="com.charter.test.Support"/>
  <testcase name="TS13_Validate_TVSupport_ProgramGuidesLink" time="241.928" classname="com.charter.test.Support"/>
  <testcase name="TS14_Validate_TVSupport_HDLink" time="49.56" classname="com.charter.test.Support"/>
  <testcase name="TS15_Validate_TVSupport_PayPerViewLink" time="54.087" classname="com.charter.test.Support"/>
  <testcase name="TS16_Validate_TVSupport_TroubleshootingLink" time="58.1" classname="com.charter.test.Support"/>
  <testcase name="TS17_Validate_SupportInternetPage_AskCharterWidget_HOHUser" time="60.135" classname="com.charter.test.Support"/>
  <testcase name="TS18_Validate_SupportInternetVideo_browsing" time="59.39" classname="com.charter.test.Support"/>
  <testcase name="TS19_Validate_InternetSupport_CharterDotNetLink" time="44.584" classname="com.charter.test.Support"/>
  <testcase name="TS20_Validate_InternetSupport_InternetEquipmentLink" time="101.948" classname="com.charter.test.Support"/>
  <testcase name="TS21_Validate_InternetSupport_EmailLink" time="52.951" classname="com.charter.test.Support"/>
  <testcase name="TS22_Validate_InternetSupport_SecuritySuiteLink" time="45.6" classname="com.charter.test.Support"/>
  <testcase name="TS23_Validate_InternetSupport_InstallationLink" time="151.525" classname="com.charter.test.Support"/>
  <testcase name="TS24_Validate_InternetSupport_NetworkingLink" time="279.134" classname="com.charter.test.Support"/>
  <testcase name="TS24_Validate_InternetSupport_NetworkingLink" time="275.531" classname="com.charter.test.Support">
    <failure type="com.cognizant.framework.exception.BrowserBotException" message="Bot encountered a timeout while waiting for a condition,  Timed out after 40 seconds waiting for visibility of element located by By.xpath: //div/h5[contains(text(),&amp;quot;Networking / Wireless&amp;quot;)]
Build info: version: &amp;apos;2.45.0&amp;apos;, revision: &amp;apos;5017cb8e7ca8e37638dc3091b2440b90a1d8686f&amp;apos;, time: &amp;apos;2015-02-27 09:10:26&amp;apos;
System info: host: &amp;apos;PC273975&amp;apos;, ip: &amp;apos;10.249.11.67&amp;apos;, os.name: &amp;apos;Windows 7&amp;apos;, os.arch: &amp;apos;x86&amp;apos;, os.version: &amp;apos;6.1&amp;apos;, java.version: &amp;apos;1.7.0&amp;apos;
Driver info: driver.version: unknown">
      <![CDATA[com.cognizant.framework.exception.BrowserBotException: Bot encountered a timeout while waiting for a condition,  Timed out after 40 seconds waiting for visibility of element located by By.xpath: //div/h5[contains(text(),"Networking / Wireless")]
Build info: version: '2.45.0', revision: '5017cb8e7ca8e37638dc3091b2440b90a1d8686f', time: '2015-02-27 09:10:26'
System info: host: 'PC273975', ip: '10.249.11.67', os.name: 'Windows 7', os.arch: 'x86', os.version: '6.1', java.version: '1.7.0'
Driver info: driver.version: unknown
	at com.cognizant.framework.core.WebDriverBase.wait(WebDriverBase.java:76)
	at com.charter.page.InternetSupportPage.Networking(InternetSupportPage.java:114)
	at com.charter.test.Support.TS24_Validate_InternetSupport_NetworkingLink(Support.java:482)
... Removed 33 stack frames]]>
    </failure>
  </testcase> <!-- TS24_Validate_InternetSupport_NetworkingLink -->
  <testcase name="TS25_Validate_InternetSupport_OnlineSecurityLink" time="156.982" classname="com.charter.test.Support"/>
  <testcase name="TS26_Validate_InternetSupport_TroubleshootingLink" time="222.625" classname="com.charter.test.Support"/>
  <testcase name="TS27_Validate_InternetSupport_TVOnlineLink" time="275.019" classname="com.charter.test.Support"/>
  <testcase name="TS27_Validate_InternetSupport_TVOnlineLink" time="277.715" classname="com.charter.test.Support">
    <failure type="org.openqa.selenium.NoSuchElementException" message="Unable to locate element: {&amp;quot;method&amp;quot;:&amp;quot;xpath&amp;quot;,&amp;quot;selector&amp;quot;:&amp;quot;//a[contains(text(),\&amp;quot;Charter TV App\&amp;quot;)]&amp;quot;}
Command duration or timeout: 240.24 seconds
For documentation on this error, please visit: http://seleniumhq.org/exceptions/no_such_element.html
Build info: version: &amp;apos;2.45.0&amp;apos;, revision: &amp;apos;5017cb8e7ca8e37638dc3091b2440b90a1d8686f&amp;apos;, time: &amp;apos;2015-02-27 09:10:26&amp;apos;
System info: host: &amp;apos;PC273975&amp;apos;, ip: &amp;apos;10.249.11.67&amp;apos;, os.name: &amp;apos;Windows 7&amp;apos;, os.arch: &amp;apos;x86&amp;apos;, os.version: &amp;apos;6.1&amp;apos;, java.version: &amp;apos;1.7.0&amp;apos;
*** Element info: {Using=xpath, value=//a[contains(text(),&amp;quot;Charter TV App&amp;quot;)]}
Session ID: d707bb59-f694-4483-99b2-dccd1f7d8c56
Driver info: org.openqa.selenium.firefox.FirefoxDriver
Capabilities [{platform=WINDOWS, acceptSslCerts=true, javascriptEnabled=true, browserName=firefox, rotatable=false, locationContextEnabled=true, version=37.0.1, cssSelectorsEnabled=true, databaseEnabled=true, handlesAlerts=true, nativeEvents=false, webStorageEnabled=true, applicationCacheEnabled=true, takesScreenshot=true}]">
      <![CDATA[org.openqa.selenium.NoSuchElementException: Unable to locate element: {"method":"xpath","selector":"//a[contains(text(),\"Charter TV App\")]"}
Command duration or timeout: 240.24 seconds
For documentation on this error, please visit: http://seleniumhq.org/exceptions/no_such_element.html
Build info: version: '2.45.0', revision: '5017cb8e7ca8e37638dc3091b2440b90a1d8686f', time: '2015-02-27 09:10:26'
System info: host: 'PC273975', ip: '10.249.11.67', os.name: 'Windows 7', os.arch: 'x86', os.version: '6.1', java.version: '1.7.0'
*** Element info: {Using=xpath, value=//a[contains(text(),"Charter TV App")]}
Session ID: d707bb59-f694-4483-99b2-dccd1f7d8c56
Driver info: org.openqa.selenium.firefox.FirefoxDriver
Capabilities [{platform=WINDOWS, acceptSslCerts=true, javascriptEnabled=true, browserName=firefox, rotatable=false, locationContextEnabled=true, version=37.0.1, cssSelectorsEnabled=true, databaseEnabled=true, handlesAlerts=true, nativeEvents=false, webStorageEnabled=true, applicationCacheEnabled=true, takesScreenshot=true}]
	at org.openqa.selenium.remote.ErrorHandler.createThrowable(ErrorHandler.java:204)
	at org.openqa.selenium.remote.ErrorHandler.throwIfResponseFailed(ErrorHandler.java:156)
	at org.openqa.selenium.remote.RemoteWebDriver.execute(RemoteWebDriver.java:599)
	at org.openqa.selenium.remote.RemoteWebDriver.findElement(RemoteWebDriver.java:352)
	at org.openqa.selenium.remote.RemoteWebDriver.findElementByXPath(RemoteWebDriver.java:449)
	at org.openqa.selenium.By$ByXPath.findElement(By.java:357)
	at org.openqa.selenium.remote.RemoteWebDriver.findElement(RemoteWebDriver.java:344)
	at com.cognizant.framework.core.WebDriverBase.clickOnElement(WebDriverBase.java:134)
	at com.charter.page.InternetSupportPage.TVOnline(InternetSupportPage.java:152)
	at com.charter.test.Support.TS27_Validate_InternetSupport_TVOnlineLink(Support.java:539)
Caused by: org.openqa.selenium.NoSuchElementException: Unable to locate element: {"method":"xpath","selector":"//a[contains(text(),\"Charter TV App\")]"}
For documentation on this error, please visit: http://seleniumhq.org/exceptions/no_such_element.html
Build info: version: '2.45.0', revision: '5017cb8e7ca8e37638dc3091b2440b90a1d8686f', time: '2015-02-27 09:10:26'
System info: host: 'PC273975', ip: '10.249.11.67', os.name: 'Windows 7', os.arch: 'x86', os.version: '6.1', java.version: '1.7.0'
Driver info: driver.version: unknown
	at <anonymous class>.FirefoxDriver.prototype.findElementInternal_(file:///C:/Users/401508/AppData/Local/Temp/anonymous8621723132755504621webdriver-profile/extensions/fxdriver@googlecode.com/components/driver-component.js:10271)
	at <anonymous class>.fxdriver.Timer.prototype.setTimeout/<.notify(file:///C:/Users/401508/AppData/Local/Temp/anonymous8621723132755504621webdriver-profile/extensions/fxdriver@googlecode.com/components/driver-component.js:603)
... Removed 37 stack frames]]>
    </failure>
  </testcase> <!-- TS27_Validate_InternetSupport_TVOnlineLink -->
  <testcase name="TS28_Validate_InternetSupport_WifiLink" time="144.085" classname="com.charter.test.Support"/>
  <testcase name="TS29_Validate_VoiceSupportPage_AskCharterWidget_HOHUser" time="43.068" classname="com.charter.test.Support"/>
  <testcase name="TS30_Validate_VoiceSupport_FeaturesLink" time="41.83" classname="com.charter.test.Support"/>
  <testcase name="TS31_Validate_VoiceSupport_VoiceEquipmentLink" time="38.103" classname="com.charter.test.Support"/>
  <testcase name="TS32_Validate_VoiceSupport_InternationalCallingLink" time="54.084" classname="com.charter.test.Support"/>
  <testcase name="TS33_Validate_VoiceSupport_TroubleshootingLink" time="45.339" classname="com.charter.test.Support"/>
  <testcase name="TS34_Validate_MyAccountSupportPage_AskCharterWidget_HOHUser" time="377.067" classname="com.charter.test.Support"/>
  <testcase name="TS35_Validate_MyAccountSupport_MyAccountLink" time="81.849" classname="com.charter.test.Support"/>
  <testcase name="TS36_Validate_MyAccountSupport_BillingLink" time="53.03" classname="com.charter.test.Support"/>
  <testcase name="TV37_Validate_SupportOverview_Search" time="187.303" classname="com.charter.test.Support"/>
  <testcase name="TV38_Validate_SupportOverview_WatchOnline_SearchResults" time="107.343" classname="com.charter.test.Support"/>
  <testcase name="TV39_Validate_SupportOverview_WatchOnTV_SearchResults" time="158.5" classname="com.charter.test.Support"/>
  <testcase name="TV40_Validate_SupportOverview_Support_SearchResults" time="108.202" classname="com.charter.test.Support"/>
  <testcase name="TV41_Validate_SupportOverview_Google_SearchResults" time="124.426" classname="com.charter.test.Support"/>
</testsuite> <!-- Prod_Test_July29th2015 -->
